           66  8.21775e-11
          155  1.25849e-10
          146  3.76757e-10
           61  3.83631e-10
          103  3.87182e-10
          126  3.90542e-10
           15  4.49193e-10
           34  6.48791e-10
          156  6.52316e-10
          153  8.03876e-10
          162  1.07531e-09
          137   1.4112e-09
          148  1.49615e-09
           57  1.80319e-09
          150  1.86335e-09
           63  1.91224e-09
           25  2.08215e-09
           73  2.16063e-09
          152  2.17128e-09
           64  2.42196e-09
           59  2.47237e-09
           60  2.53382e-09
           21   2.7648e-09
          121  2.89423e-09
            5  2.90596e-09
           58  2.92015e-09
          151  2.95617e-09
          163   3.1108e-09
           43  3.21735e-09
          112  3.35844e-09
           45  3.36689e-09
          122  3.74237e-09
          157  3.94552e-09
            2  4.21281e-09
          147  4.40038e-09
          106  4.45285e-09
          131  4.62055e-09
          123  4.98179e-09
           97  5.41625e-09
           26  5.49189e-09
          149  5.52956e-09
          114  5.66911e-09
          144  5.72187e-09
          108  5.75793e-09
          139  5.88764e-09
          136  5.96489e-09
          111  6.04309e-09
          115  6.09619e-09
           31  6.33183e-09
          140  6.81938e-09
          133  7.03134e-09
          102  7.16526e-09
           62  7.17874e-09
           69  7.25617e-09
          128  7.30763e-09
          129  7.35597e-09
          113  7.49871e-09
          118  7.61973e-09
          135  7.77088e-09
          107  7.96213e-09
           74  7.97873e-09
          124  8.08691e-09
           94  8.10418e-09
          104  8.26236e-09
           14  8.33518e-09
          105  8.35058e-09
          117   8.4718e-09
          141  8.50973e-09
          120  8.51959e-09
          145  8.74202e-09
          119   8.8125e-09
          134  8.83995e-09
          130  8.85442e-09
          109  9.24678e-09
           85  9.74842e-09
           50  9.80802e-09
          132  1.02017e-08
          116  1.03237e-08
           83  1.09111e-08
          154  1.12359e-08
          138  1.12726e-08
          142  1.13943e-08
          127  1.14464e-08
          125  1.16088e-08
           71  1.21488e-08
           92  1.28681e-08
           27  1.29969e-08
          143  1.39345e-08
          164   1.4032e-08
           54   1.4416e-08
           72  1.48892e-08
           44  1.53613e-08
           18  1.54947e-08
           75  1.55223e-08
           29  1.55883e-08
            3  1.56595e-08
           24   1.6028e-08
           56  1.62847e-08
          110  1.65231e-08
           87  1.76926e-08
           98  1.80238e-08
           35  1.88548e-08
          161  1.97236e-08
           93  2.10775e-08
            7  2.22618e-08
           65  2.40428e-08
          159  2.43776e-08
           36  2.44299e-08
           99  2.70229e-08
           37  2.92222e-08
           82  3.03696e-08
           17  3.17827e-08
            9  3.24081e-08
          165  3.39622e-08
           79  3.41388e-08
           28  3.49099e-08
           42     3.52e-08
          158  3.58393e-08
            6  3.61867e-08
           40  3.73914e-08
           77  3.76066e-08
           91  4.08046e-08
           84  4.08626e-08
           12  4.10584e-08
           20  4.11098e-08
           78  4.59864e-08
           30  4.91343e-08
           39  5.06542e-08
           11  5.07695e-08
           55  5.24682e-08
           13  5.29858e-08
           51  6.13298e-08
            8  6.40829e-08
          160  6.54281e-08
           47  7.04549e-08
           52   7.1357e-08
           95  8.19863e-08
           10  8.38514e-08
           86  9.12205e-08
           53  9.36919e-08
           96  9.55482e-08
           80  9.84353e-08
           68  9.86433e-08
           38  9.88106e-08
           88  9.95038e-08
           90  9.96677e-08
          100  1.02927e-07
           16  1.10151e-07
           76  1.22638e-07
           67  1.24131e-07
           33  1.33439e-07
           81  1.52794e-07
           48  1.53347e-07
           19   1.5338e-07
           46  1.60854e-07
           41  1.62514e-07
           32  1.75124e-07
            1  1.82664e-07
           23  1.87461e-07
           89  2.07053e-07
            4  2.17485e-07
           22  2.19746e-07
           49  2.32761e-07
          101  2.68758e-07
           70  2.82352e-07
