            7  1.97182e-12
          137  1.16374e-10
           32  1.45795e-10
          150  3.61092e-10
           18  4.05004e-10
            6  4.05307e-10
          120  4.40109e-10
          127  4.62163e-10
           24  5.04221e-10
          110   5.7915e-10
            9  5.97087e-10
          156   6.0994e-10
          149  6.59729e-10
          131  6.78568e-10
           84  8.46186e-10
           42  1.03011e-09
            5  1.13189e-09
          145  1.18342e-09
          129  1.20491e-09
          151  1.22542e-09
          112  1.27564e-09
          123  1.28663e-09
          136  1.31357e-09
          144    1.338e-09
          155  1.35617e-09
          132  1.44828e-09
           97  1.47682e-09
          128   1.5057e-09
          140   1.5516e-09
          114  1.57067e-09
           62  1.62164e-09
           50  1.70508e-09
          146  1.76976e-09
          130  1.84944e-09
           14  1.89469e-09
          158  1.99563e-09
          124  2.05792e-09
          113  2.10284e-09
           89  2.13518e-09
          111  2.18829e-09
           31  2.20868e-09
            2  2.34783e-09
          157  2.35231e-09
          160  2.40547e-09
           86  2.47747e-09
          138  2.54462e-09
          126  2.54632e-09
           80  2.63961e-09
          142  2.82387e-09
           39  2.97061e-09
          103  2.97541e-09
           30  3.01205e-09
          139  3.02586e-09
          152  3.19468e-09
          118    3.213e-09
           15  3.22839e-09
           65  3.33923e-09
          122  3.35211e-09
          147  3.49276e-09
          119  3.56716e-09
          133  3.70126e-09
           61  3.71266e-09
          143  3.74197e-09
           57  3.90165e-09
           36  4.02225e-09
          125  4.04872e-09
          121  4.04941e-09
            3  4.22697e-09
          135  4.28698e-09
           77  4.39622e-09
          148  4.60647e-09
           40  4.67548e-09
           64   4.7004e-09
          141  4.70072e-09
           35  4.76116e-09
           34  4.88102e-09
          153  4.90461e-09
          154  5.01557e-09
          104  5.42893e-09
          117  5.68779e-09
           45  5.77315e-09
           91  5.79979e-09
          108  5.91943e-09
          116  6.04499e-09
            8   6.8195e-09
           90  7.19656e-09
           60  7.34441e-09
           27   7.4315e-09
           88   7.4344e-09
          134  7.93669e-09
           33  8.10104e-09
          115  8.36925e-09
          107  8.80507e-09
          109  8.88296e-09
           58    9.016e-09
           99  9.45169e-09
          106  1.04724e-08
          161  1.07457e-08
           25  1.13261e-08
           98  1.18414e-08
           43  1.19603e-08
           72  1.19844e-08
           29  1.28567e-08
          159  1.35295e-08
           78  1.49067e-08
          102  1.55334e-08
          105  1.66053e-08
           63  1.71383e-08
           26   1.7206e-08
           74  1.74124e-08
           73  1.78626e-08
           59  1.90287e-08
           94  1.91932e-08
           95  2.07045e-08
           93  2.23399e-08
           79  2.34933e-08
           55  2.40113e-08
           16  2.59042e-08
           69  2.66799e-08
           46  3.07882e-08
           22  3.14413e-08
          162   3.2311e-08
           81  3.35185e-08
           21  3.52674e-08
          101  3.53596e-08
           13    3.833e-08
           44  3.92479e-08
            4  3.93925e-08
           75  3.94243e-08
           56  3.99997e-08
           66  4.26881e-08
           85  4.56699e-08
           54  4.77331e-08
          100  4.82572e-08
           92  4.85667e-08
           37  5.11594e-08
           52  5.33897e-08
           17  5.68329e-08
           96  5.73511e-08
           48  5.75898e-08
           68  6.55136e-08
           11   7.5415e-08
           41  7.60063e-08
           82  9.19941e-08
            1  9.27093e-08
           76  9.57219e-08
           70  1.33179e-07
           51  1.38871e-07
           28  1.61397e-07
           83  1.62864e-07
           19  1.65564e-07
           23   1.8607e-07
           38  2.06023e-07
           71  2.43636e-07
           53   2.6698e-07
           67  2.87289e-07
           12  2.93687e-07
           47  3.13865e-07
          163  3.89562e-07
          164   4.2018e-07
           20  4.34472e-07
           49  4.47676e-07
           87  4.80339e-07
           10  7.56883e-07
          165  2.48463e-06
