165
 3.40397e-07 3.03345e-08 -1.32666e-08 8.04708e-09 2.24157e-08 -2.09257e-08 -5.33299e-08 1.5286e-07 3.12561e-07 1.27847e-07 5.15417e-09 5.70793e-08 1.10939e-08 -2.39688e-07 -5.73879e-09 6.82437e-09 2.12801e-07 -1.00521e-08 4.96906e-08 2.88919e-07 -1.39439e-07 -3.74374e-09 1.88867e-07 -7.3794e-08 1.46916e-08 3.09405e-08 -1.98746e-08 4.13906e-07 -1.79122e-08 2.36201e-08 2.77767e-09 4.03869e-09 -3.09203e-08 7.76097e-09 1.97151e-08 -2.13947e-08 -1.87953e-09 -1.5119e-07 3.66771e-09 1.06704e-07 2.71939e-07 -2.76821e-09 6.57001e-08 1.08387e-07 -1.93431e-08 6.21236e-08 1.26244e-07 -1.84369e-07 2.76114e-10 1.3632e-08 2.33031e-08 -2.50732e-08 -4.81143e-07 -4.14079e-08 -6.33699e-08 8.52153e-08 3.41159e-08 6.95781e-09 1.26019e-08 -1.77365e-08 -3.63791e-09 -4.83921e-09 -8.4496e-09 -2.71501e-09 1.59455e-08 -7.01744e-09 4.28962e-07 -5.97156e-08 1.25277e-08 -2.65605e-08 4.27189e-07 -1.05395e-07 -7.06455e-07 -2.60059e-08 8.02894e-07 -4.36402e-07 7.68495e-09 -1.98482e-07 1.42097e-07 4.52828e-08 -1.12464e-07 -1.13161e-07 -2.94182e-08 -1.20277e-08 1.0307e-08 -1.11826e-09 8.62495e-08 -1.03272e-08 1.05638e-08 -6.94805e-09 1.86615e-08 -2.6916e-08 1.81827e-08 6.19699e-08 1.20513e-07 -2.88543e-07 -3.32056e-09 1.37806e-08 -2.57062e-08 5.08955e-07 -9.32694e-07 2.78145e-08 9.31682e-09 1.61678e-08 1.61754e-08 1.22965e-08 7.0719e-09 1.10914e-08 -3.87177e-09 2.16446e-08 2.52066e-09 8.6765e-09 8.62959e-09 6.76209e-09 7.49844e-09 1.27617e-08 1.17229e-08 4.26815e-09 5.32298e-09 -2.44961e-09 3.35633e-09 1.87669e-08 8.97264e-09 1.25809e-08 6.18245e-09 1.15196e-08 1.0933e-08 1.1879e-08 3.52966e-09 1.75134e-08 9.90595e-09 6.99885e-09 5.229e-10 4.42679e-09 9.40033e-09 1.70928e-08 1.74489e-08 1.30181e-08 1.58237e-08 8.98979e-09 -5.85441e-10 1.09625e-08 1.10767e-08 6.45125e-09 6.90258e-09 9.40831e-09 8.63549e-09 5.1277e-09 9.9426e-09 3.73013e-09 1.03226e-08 1.02114e-08 4.40997e-09 7.45443e-09 1.04037e-08 1.02689e-08 1.78611e-08 6.32527e-08 1.60406e-08 3.09712e-11 3.11217e-09 1.23414e-08 5.85111e-08 -4.6653e-08 -2.37234e-07

         1  3.40397e-07
         2  3.03345e-08
         3 -1.32666e-08
         4  8.04708e-09
         5  2.24157e-08
         6 -2.09257e-08
         7 -5.33299e-08
         8   1.5286e-07
         9  3.12561e-07
        10  1.27847e-07
        11  5.15417e-09
        12  5.70793e-08
        13  1.10939e-08
        14 -2.39688e-07
        15 -5.73879e-09
        16  6.82437e-09
        17  2.12801e-07
        18 -1.00521e-08
        19  4.96906e-08
        20  2.88919e-07
        21 -1.39439e-07
        22 -3.74374e-09
        23  1.88867e-07
        24  -7.3794e-08
        25  1.46916e-08
        26  3.09405e-08
        27 -1.98746e-08
        28  4.13906e-07
        29 -1.79122e-08
        30  2.36201e-08
        31  2.77767e-09
        32  4.03869e-09
        33 -3.09203e-08
        34  7.76097e-09
        35  1.97151e-08
        36 -2.13947e-08
        37 -1.87953e-09
        38  -1.5119e-07
        39  3.66771e-09
        40  1.06704e-07
        41  2.71939e-07
        42 -2.76821e-09
        43  6.57001e-08
        44  1.08387e-07
        45 -1.93431e-08
        46  6.21236e-08
        47  1.26244e-07
        48 -1.84369e-07
        49  2.76114e-10
        50   1.3632e-08
        51  2.33031e-08
        52 -2.50732e-08
        53 -4.81143e-07
        54 -4.14079e-08
        55 -6.33699e-08
        56  8.52153e-08
        57  3.41159e-08
        58  6.95781e-09
        59  1.26019e-08
        60 -1.77365e-08
        61 -3.63791e-09
        62 -4.83921e-09
        63  -8.4496e-09
        64 -2.71501e-09
        65  1.59455e-08
        66 -7.01744e-09
        67  4.28962e-07
        68 -5.97156e-08
        69  1.25277e-08
        70 -2.65605e-08
        71  4.27189e-07
        72 -1.05395e-07
        73 -7.06455e-07
        74 -2.60059e-08
        75  8.02894e-07
        76 -4.36402e-07
        77  7.68495e-09
        78 -1.98482e-07
        79  1.42097e-07
        80  4.52828e-08
        81 -1.12464e-07
        82 -1.13161e-07
        83 -2.94182e-08
        84 -1.20277e-08
        85   1.0307e-08
        86 -1.11826e-09
        87  8.62495e-08
        88 -1.03272e-08
        89  1.05638e-08
        90 -6.94805e-09
        91  1.86615e-08
        92  -2.6916e-08
        93  1.81827e-08
        94  6.19699e-08
        95  1.20513e-07
        96 -2.88543e-07
        97 -3.32056e-09
        98  1.37806e-08
        99 -2.57062e-08
       100  5.08955e-07
       101 -9.32694e-07
       102  2.78145e-08
       103  9.31682e-09
       104  1.61678e-08
       105  1.61754e-08
       106  1.22965e-08
       107   7.0719e-09
       108  1.10914e-08
       109 -3.87177e-09
       110  2.16446e-08
       111  2.52066e-09
       112   8.6765e-09
       113  8.62959e-09
       114  6.76209e-09
       115  7.49844e-09
       116  1.27617e-08
       117  1.17229e-08
       118  4.26815e-09
       119  5.32298e-09
       120 -2.44961e-09
       121  3.35633e-09
       122  1.87669e-08
       123  8.97264e-09
       124  1.25809e-08
       125  6.18245e-09
       126  1.15196e-08
       127   1.0933e-08
       128   1.1879e-08
       129  3.52966e-09
       130  1.75134e-08
       131  9.90595e-09
       132  6.99885e-09
       133    5.229e-10
       134  4.42679e-09
       135  9.40033e-09
       136  1.70928e-08
       137  1.74489e-08
       138  1.30181e-08
       139  1.58237e-08
       140  8.98979e-09
       141 -5.85441e-10
       142  1.09625e-08
       143  1.10767e-08
       144  6.45125e-09
       145  6.90258e-09
       146  9.40831e-09
       147  8.63549e-09
       148   5.1277e-09
       149   9.9426e-09
       150  3.73013e-09
       151  1.03226e-08
       152  1.02114e-08
       153  4.40997e-09
       154  7.45443e-09
       155  1.04037e-08
       156  1.02689e-08
       157  1.78611e-08
       158  6.32527e-08
       159  1.60406e-08
       160  3.09712e-11
       161  3.11217e-09
       162  1.23414e-08
       163  5.85111e-08
       164  -4.6653e-08
       165 -2.37234e-07
