165
 -2.18927e-07 2.74483e-08 1.71838e-08 2.23583e-07 -8.5606e-09 6.62123e-08 -2.37547e-09 -1.10653e-07 2.128e-08 -1.3077e-07 3.03171e-08 -3.05502e-08 5.39122e-08 -7.03372e-08 -1.69882e-07 1.12571e-07 2.87531e-07 -6.46121e-08 1.38328e-07 -3.82685e-08 -1.33119e-07 2.22406e-07 8.4434e-07 -5.92601e-08 -7.74646e-10 1.40484e-08 3.66959e-09 3.21737e-07 6.80115e-08 1.42245e-08 -9.33651e-09 6.47605e-08 6.63929e-08 1.19248e-08 5.2849e-08 1.11527e-07 9.76064e-08 7.82715e-08 -6.77797e-09 -6.06904e-08 -4.25652e-07 2.10363e-07 4.72999e-08 8.67513e-08 -1.30062e-09 4.88601e-07 3.71357e-07 -1.7309e-07 1.03465e-06 -2.15095e-08 2.64255e-07 -1.82909e-07 -1.80268e-07 -3.33311e-08 -2.00976e-07 -9.16258e-08 2.62386e-08 -4.319e-08 -5.50506e-08 -8.73146e-08 -3.95827e-09 2.33082e-09 -2.59553e-08 1.77538e-08 1.15847e-08 4.16617e-09 4.40331e-07 -8.99868e-07 4.52196e-08 2.84572e-07 4.62408e-08 -1.15e-07 -4.75319e-07 -4.18143e-07 1.25205e-06 8.45716e-07 -1.24124e-08 3.36398e-07 -1.66329e-07 7.53883e-07 2.71027e-07 2.89991e-08 7.16984e-09 1.07552e-07 -7.07876e-09 -5.71842e-09 -6.36401e-08 -1.47186e-07 1.26472e-07 1.68051e-08 1.34782e-07 3.57395e-07 -8.2426e-07 4.79561e-07 -1.62817e-07 7.25216e-08 6.75682e-08 9.37616e-08 1.10702e-07 -2.54331e-07 5.30254e-07 2.83284e-08 1.39622e-08 1.34496e-08 -1.11585e-09 -9.95851e-09 -1.85726e-08 8.05825e-11 -2.49895e-08 -2.69271e-08 -2.38433e-08 -1.51865e-08 -1.02081e-08 -2.31965e-09 -1.46163e-08 -6.86249e-09 -9.34595e-09 -1.94017e-09 -1.01567e-08 -1.19681e-08 3.11373e-09 -3.66754e-09 -8.99458e-09 -1.59871e-08 -2.35128e-08 9.60174e-09 -1.74713e-09 -1.30935e-08 -1.36695e-09 -2.33752e-08 -2.10115e-08 -1.09689e-08 -3.85248e-08 -2.02697e-08 -4.76689e-08 6.19175e-09 -3.13184e-08 -1.06074e-08 3.59935e-08 -9.77037e-09 4.43097e-08 -2.97687e-08 -7.12115e-08 -3.71341e-08 -1.22976e-08 -1.91454e-08 -1.25243e-08 -1.60267e-08 -3.27577e-08 -2.58591e-08 -4.11061e-08 -7.81213e-09 -2.21894e-09 2.90931e-09 2.74431e-09 9.45494e-09 1.99839e-08 -1.20354e-06 1.41416e-07 -4.34828e-09 1.53113e-08 -1.19036e-08 2.50462e-08 7.06764e-09 -1.58732e-07

         1 -2.18927e-07
         2  2.74483e-08
         3  1.71838e-08
         4  2.23583e-07
         5  -8.5606e-09
         6  6.62123e-08
         7 -2.37547e-09
         8 -1.10653e-07
         9    2.128e-08
        10  -1.3077e-07
        11  3.03171e-08
        12 -3.05502e-08
        13  5.39122e-08
        14 -7.03372e-08
        15 -1.69882e-07
        16  1.12571e-07
        17  2.87531e-07
        18 -6.46121e-08
        19  1.38328e-07
        20 -3.82685e-08
        21 -1.33119e-07
        22  2.22406e-07
        23   8.4434e-07
        24 -5.92601e-08
        25 -7.74646e-10
        26  1.40484e-08
        27  3.66959e-09
        28  3.21737e-07
        29  6.80115e-08
        30  1.42245e-08
        31 -9.33651e-09
        32  6.47605e-08
        33  6.63929e-08
        34  1.19248e-08
        35   5.2849e-08
        36  1.11527e-07
        37  9.76064e-08
        38  7.82715e-08
        39 -6.77797e-09
        40 -6.06904e-08
        41 -4.25652e-07
        42  2.10363e-07
        43  4.72999e-08
        44  8.67513e-08
        45 -1.30062e-09
        46  4.88601e-07
        47  3.71357e-07
        48  -1.7309e-07
        49  1.03465e-06
        50 -2.15095e-08
        51  2.64255e-07
        52 -1.82909e-07
        53 -1.80268e-07
        54 -3.33311e-08
        55 -2.00976e-07
        56 -9.16258e-08
        57  2.62386e-08
        58   -4.319e-08
        59 -5.50506e-08
        60 -8.73146e-08
        61 -3.95827e-09
        62  2.33082e-09
        63 -2.59553e-08
        64  1.77538e-08
        65  1.15847e-08
        66  4.16617e-09
        67  4.40331e-07
        68 -8.99868e-07
        69  4.52196e-08
        70  2.84572e-07
        71  4.62408e-08
        72    -1.15e-07
        73 -4.75319e-07
        74 -4.18143e-07
        75  1.25205e-06
        76  8.45716e-07
        77 -1.24124e-08
        78  3.36398e-07
        79 -1.66329e-07
        80  7.53883e-07
        81  2.71027e-07
        82  2.89991e-08
        83  7.16984e-09
        84  1.07552e-07
        85 -7.07876e-09
        86 -5.71842e-09
        87 -6.36401e-08
        88 -1.47186e-07
        89  1.26472e-07
        90  1.68051e-08
        91  1.34782e-07
        92  3.57395e-07
        93  -8.2426e-07
        94  4.79561e-07
        95 -1.62817e-07
        96  7.25216e-08
        97  6.75682e-08
        98  9.37616e-08
        99  1.10702e-07
       100 -2.54331e-07
       101  5.30254e-07
       102  2.83284e-08
       103  1.39622e-08
       104  1.34496e-08
       105 -1.11585e-09
       106 -9.95851e-09
       107 -1.85726e-08
       108  8.05825e-11
       109 -2.49895e-08
       110 -2.69271e-08
       111 -2.38433e-08
       112 -1.51865e-08
       113 -1.02081e-08
       114 -2.31965e-09
       115 -1.46163e-08
       116 -6.86249e-09
       117 -9.34595e-09
       118 -1.94017e-09
       119 -1.01567e-08
       120 -1.19681e-08
       121  3.11373e-09
       122 -3.66754e-09
       123 -8.99458e-09
       124 -1.59871e-08
       125 -2.35128e-08
       126  9.60174e-09
       127 -1.74713e-09
       128 -1.30935e-08
       129 -1.36695e-09
       130 -2.33752e-08
       131 -2.10115e-08
       132 -1.09689e-08
       133 -3.85248e-08
       134 -2.02697e-08
       135 -4.76689e-08
       136  6.19175e-09
       137 -3.13184e-08
       138 -1.06074e-08
       139  3.59935e-08
       140 -9.77037e-09
       141  4.43097e-08
       142 -2.97687e-08
       143 -7.12115e-08
       144 -3.71341e-08
       145 -1.22976e-08
       146 -1.91454e-08
       147 -1.25243e-08
       148 -1.60267e-08
       149 -3.27577e-08
       150 -2.58591e-08
       151 -4.11061e-08
       152 -7.81213e-09
       153 -2.21894e-09
       154  2.90931e-09
       155  2.74431e-09
       156  9.45494e-09
       157  1.99839e-08
       158 -1.20354e-06
       159  1.41416e-07
       160 -4.34828e-09
       161  1.53113e-08
       162 -1.19036e-08
       163  2.50462e-08
       164  7.06764e-09
       165 -1.58732e-07
