          132  1.13754e-10
           89  1.33933e-10
          131  1.54439e-10
          148  2.12215e-10
          112  2.39245e-10
          123  2.73246e-10
          120  2.90276e-10
          147  3.29685e-10
           62  3.54342e-10
          105  4.35802e-10
          152  4.89851e-10
           58  6.24041e-10
          104  6.62877e-10
          139  6.79591e-10
           68  7.43511e-10
          140  7.86012e-10
          150  7.88586e-10
          115  9.14889e-10
          111  1.10466e-09
            7  1.15712e-09
           65  1.31809e-09
          143  1.31996e-09
          118  1.32285e-09
           54  1.39761e-09
          138  1.55599e-09
           91  1.66529e-09
          144  1.78305e-09
          125  1.91772e-09
          133  2.05651e-09
           86  2.15756e-09
          153   2.1878e-09
           60  2.29462e-09
           72  2.51326e-09
          137  2.57146e-09
          151  2.80521e-09
           88   2.8061e-09
          124  2.93223e-09
          149  2.95562e-09
          122  3.04957e-09
          126  3.17372e-09
          106  3.22702e-09
          135  3.25078e-09
           53  3.44339e-09
           69  3.63348e-09
          146  3.80643e-09
           61  4.14557e-09
          145  4.21957e-09
          130  4.24748e-09
          162  4.27192e-09
          114  4.80772e-09
          154   4.8116e-09
          155  4.81408e-09
          117  4.84498e-09
          128   5.1673e-09
           90  5.18037e-09
          121  5.35721e-09
           59  5.67062e-09
          113  5.93503e-09
            3  5.98705e-09
          107  6.14342e-09
          142  6.27066e-09
          156  6.32128e-09
           64     6.71e-09
           77   6.7236e-09
          127   6.7784e-09
           15  6.83329e-09
           84  7.03305e-09
          141  7.21902e-09
          119  7.27975e-09
           42  7.70333e-09
          134  8.06111e-09
           34  8.10005e-09
           18  8.28553e-09
          158  8.88502e-09
           55  8.92148e-09
          109  9.03608e-09
          129  9.04679e-09
           25  9.07362e-09
          108  9.17377e-09
           31   9.2193e-09
          136  9.29006e-09
            8  9.47931e-09
          159  9.77005e-09
           26  1.00111e-08
          161  1.01152e-08
          102  1.03395e-08
           63  1.05299e-08
           27  1.08345e-08
          116  1.09581e-08
           66  1.09735e-08
          103  1.15501e-08
          157  1.16185e-08
           56  1.18694e-08
           30  1.26343e-08
           24  1.41972e-08
           39  1.48852e-08
           43  1.50321e-08
           32  1.55648e-08
            6  1.57619e-08
           67  1.59403e-08
           45  1.60333e-08
           57  1.62791e-08
           36  1.63352e-08
          110  1.68224e-08
           11  1.74574e-08
          165  1.80626e-08
           85  2.20957e-08
           35  2.21764e-08
           50  2.26803e-08
           99  2.67025e-08
            5  3.22472e-08
           98  3.36105e-08
           29  3.38202e-08
           33  3.58528e-08
          160  3.63046e-08
            2  3.81468e-08
           13  3.87957e-08
          164  3.88605e-08
           80  3.90987e-08
           74  3.95252e-08
           19  3.96453e-08
            1  4.50671e-08
           16  4.93242e-08
           71  5.13324e-08
           52  5.41748e-08
           83  5.53262e-08
          163  5.73481e-08
           97  5.98284e-08
           51  6.02507e-08
           37  6.40374e-08
           96   7.3917e-08
           92  7.57512e-08
           44  7.74754e-08
           78  8.01563e-08
            4  8.74139e-08
            9  9.07747e-08
           22  9.48818e-08
           40  9.60927e-08
           14   1.1369e-07
           87  1.14996e-07
           79  1.15262e-07
           70   1.3243e-07
           21  1.47219e-07
           81  1.74665e-07
          100  1.90191e-07
           73  2.07175e-07
           38  2.15716e-07
           12  2.41177e-07
           48  2.56593e-07
           94  2.62121e-07
           95  2.91018e-07
           76    3.086e-07
           47  3.12646e-07
           75  3.29823e-07
           82  3.34921e-07
           93  3.52022e-07
           23  3.71374e-07
          101  3.71988e-07
           49  3.97643e-07
           28   4.5062e-07
           41   4.5829e-07
           10  4.93626e-07
           17  5.72215e-07
           20  9.48127e-07
           46   1.0146e-06
