           64  2.58989e-10
           58   1.0104e-09
           61   1.1173e-09
          137  1.37954e-09
          105   1.6633e-09
           34  1.71259e-09
          128  1.80459e-09
           84  2.00961e-09
          108  2.32221e-09
          120   2.4357e-09
          106  2.58242e-09
          107  2.62228e-09
           90     2.63e-09
          125  2.65595e-09
          118  3.69119e-09
          112   4.0889e-09
           33  4.65786e-09
           29  4.72154e-09
          154  4.74198e-09
          140  5.45116e-09
           83  5.96983e-09
           88  6.03115e-09
          149  6.15958e-09
          114  6.53318e-09
           65   6.6365e-09
          111  7.39188e-09
           62  7.44858e-09
           86  7.68353e-09
          160  8.04249e-09
          138  8.45421e-09
           45  8.62039e-09
          103  9.08723e-09
          139  9.16538e-09
          116  9.71989e-09
           39  1.02554e-08
          130  1.08905e-08
          141  1.09118e-08
          119  1.10943e-08
          150  1.11146e-08
          113  1.12595e-08
            6  1.14879e-08
          152  1.18365e-08
           89  1.20512e-08
           42  1.21522e-08
          133  1.25691e-08
           91  1.26152e-08
          124  1.30972e-08
          151  1.31918e-08
          110  1.37766e-08
           18   1.3845e-08
           25  1.38905e-08
          135   1.3995e-08
            3  1.40708e-08
           27  1.44446e-08
          132  1.44589e-08
          115  1.44695e-08
           80  1.44794e-08
          144  1.45056e-08
          122  1.45117e-08
          157  1.58454e-08
          131  1.60535e-08
          142  1.61027e-08
          117  1.64347e-08
          155  1.64465e-08
          143  1.69687e-08
          156  1.71469e-08
          109  1.75251e-08
          127   1.8129e-08
           31  1.82647e-08
          123  1.83076e-08
          104  1.85115e-08
          153  1.87411e-08
            5  1.88089e-08
           30  1.89166e-08
          126  1.90344e-08
           36  1.92983e-08
          148  1.93697e-08
           72  1.96621e-08
           15  2.05969e-08
          146  2.08994e-08
          147  2.09295e-08
          145  2.15629e-08
           98  2.19208e-08
          134  2.24933e-08
           60  2.31156e-08
          121  2.33967e-08
           55  2.40056e-08
           50  2.48683e-08
           35  2.48717e-08
          163  2.50895e-08
           59  2.56207e-08
           26   2.5925e-08
          129  2.62863e-08
           77  2.71312e-08
           24  2.87738e-08
          136  2.95951e-08
           21  3.25705e-08
            2  3.32813e-08
           11  3.40244e-08
            7  3.56417e-08
          162  3.68688e-08
          161  3.86427e-08
           32  4.38541e-08
           99  4.63354e-08
          102  4.91944e-08
           56  4.97555e-08
           85  5.00904e-08
           13  5.39347e-08
           92  5.90176e-08
           52  6.07197e-08
           14  6.26289e-08
           66   6.8001e-08
           43  6.82154e-08
           54  6.89189e-08
           69  7.99537e-08
           79  8.03862e-08
           38  8.44819e-08
          158  8.85469e-08
           51  9.18666e-08
           20  9.31847e-08
           44  1.07337e-07
          164  1.08801e-07
           63  1.10944e-07
           16  1.11448e-07
           40  1.15963e-07
           81  1.21757e-07
           68  1.33225e-07
           57  1.40084e-07
           19   1.4321e-07
           48  1.61756e-07
            8  1.68727e-07
           97   1.8275e-07
           82  1.83165e-07
          159  1.83705e-07
            1  1.91609e-07
           94  1.93659e-07
           95  1.94644e-07
            4  2.19939e-07
           22  2.20805e-07
           46  2.25824e-07
           12  2.28899e-07
           73   2.4751e-07
           74  2.67525e-07
           49  2.76287e-07
           70  2.79125e-07
           93  2.82084e-07
           78  2.85502e-07
           17  3.17509e-07
           53  3.17586e-07
           23  3.50812e-07
           67  3.59469e-07
           28  4.06639e-07
          165  4.64667e-07
          100  5.05072e-07
           47  5.33617e-07
           71  5.61157e-07
           41  5.80973e-07
           87   6.0418e-07
           37   6.0571e-07
           10  6.43334e-07
           96  7.13158e-07
          101  8.29699e-07
           76  9.02449e-07
            9  9.15168e-07
           75  9.81337e-07
