          123  1.73436e-10
          159  2.63573e-10
          136  4.36816e-10
            7  6.15172e-10
           22  1.28145e-09
            4  1.31323e-09
            3   1.5431e-09
           18  2.09639e-09
           70  2.38778e-09
           69  2.60458e-09
          111  3.29119e-09
          161  3.38993e-09
           61  4.01724e-09
          153  5.03862e-09
           16  5.11107e-09
           86  5.46046e-09
           42  6.38109e-09
          122  7.30243e-09
          143  8.75033e-09
          114  1.11364e-08
          152  1.14974e-08
          124  1.16131e-08
           58  1.21658e-08
           59   1.2229e-08
           65  1.22655e-08
          157  1.23711e-08
           60  1.25413e-08
           25  1.25703e-08
          156  1.27459e-08
          151  1.29525e-08
          142  1.30717e-08
          155   1.3347e-08
          113  1.42039e-08
          115   1.4278e-08
           15  1.50561e-08
           57  1.51423e-08
          147  1.54606e-08
          125  1.59568e-08
          150  1.64434e-08
           34  1.66128e-08
           13  1.66508e-08
          149  1.70969e-08
          121   1.8324e-08
          107  1.92867e-08
          135  2.04178e-08
          154   2.0672e-08
           88  2.08208e-08
          139  2.10644e-08
           52  2.13125e-08
          120  2.14325e-08
          104  2.25244e-08
          137  2.28519e-08
           26  2.39577e-08
            9  2.43844e-08
          148  2.52337e-08
          126  2.53208e-08
           32  2.67462e-08
           91  2.72821e-08
          130  2.73728e-08
          106  2.75731e-08
          138  2.80129e-08
           89   2.9465e-08
          144  2.95691e-08
          145  2.97427e-08
           51  2.99028e-08
           29  3.08664e-08
           77   3.1457e-08
           84   3.1615e-08
          112  3.25402e-08
          108  3.25503e-08
          140  3.38194e-08
          162  3.49659e-08
           62  3.52227e-08
          132  3.52917e-08
           64  3.56171e-08
          128  3.56673e-08
          117  3.59612e-08
           66   3.6247e-08
           50  3.63215e-08
           63  3.69359e-08
          118  3.83869e-08
          116  3.96689e-08
           40  4.08386e-08
           90  4.18095e-08
          133  4.29882e-08
          127  4.34494e-08
          131  4.55471e-08
           31  4.61327e-08
          105  4.98431e-08
          134  4.99989e-08
          146  5.07962e-08
           30  5.10202e-08
           99  5.16811e-08
          119  5.48541e-08
          141  5.55349e-08
           39  5.68458e-08
           12  5.69524e-08
           35  6.24377e-08
          129  6.29858e-08
           19  6.50981e-08
           36  6.60433e-08
            5  6.74784e-08
          109  7.57748e-08
           11  7.72536e-08
           85  8.06753e-08
           27  8.17262e-08
           55   8.3474e-08
            1   8.4707e-08
          110  8.84218e-08
           54  8.97311e-08
           56  9.92696e-08
          164  1.05842e-07
           78  1.06463e-07
            2  1.15798e-07
           74   1.1611e-07
          103  1.18308e-07
           80  1.28331e-07
           76  1.29814e-07
          158  1.32295e-07
           97  1.34827e-07
          102  1.44526e-07
          160  1.48155e-07
            8  1.59147e-07
            6   1.6071e-07
           68  1.61817e-07
           49   1.7224e-07
           45  1.79578e-07
           72    2.086e-07
           83  2.17733e-07
          163  2.22264e-07
           98  2.28342e-07
           33  2.52209e-07
           95  2.67519e-07
           46  2.96256e-07
           24  3.20786e-07
           79  3.78918e-07
          165  3.81145e-07
           28  3.95469e-07
           10  4.31657e-07
           87  4.31702e-07
           21  4.69611e-07
           92   4.8803e-07
           43  5.36408e-07
           41  5.48674e-07
           14  5.82669e-07
           37  5.94176e-07
           67  7.09438e-07
           47  7.16287e-07
           20  8.77038e-07
           71  9.19938e-07
           82  9.24066e-07
           48  9.57213e-07
           53  9.60574e-07
           44  1.00672e-06
           73  1.07499e-06
           81  1.10841e-06
           23  1.23752e-06
           17  1.26977e-06
           96  1.33608e-06
           75  1.44359e-06
           38  1.63563e-06
          100  1.79424e-06
           94  2.23536e-06
           93   3.0402e-06
          101  3.15985e-06
