165
 1.80664e-07 1.65941e-08 -5.45545e-09 -2.10396e-09 -2.17941e-08 1.26839e-08 -1.37001e-07 -3.25983e-08 9.06777e-07 7.02882e-07 -1.64988e-08 4.49745e-07 7.18928e-09 4.8098e-07 -5.63792e-09 1.7488e-09 9.05723e-08 3.49958e-10 6.95319e-08 5.72001e-07 -2.55671e-07 2.17795e-09 -5.7082e-07 1.07252e-07 5.97066e-08 1.48507e-08 -7.99414e-09 -2.59862e-07 2.49398e-08 -2.7606e-08 2.96675e-08 -2.05277e-09 6.16297e-08 3.06686e-08 3.02997e-09 9.19538e-09 2.12637e-07 5.8694e-07 -2.32178e-08 -2.30887e-07 -1.12827e-06 1.70768e-08 -1.66686e-08 -1.02324e-07 1.46934e-08 -5.51813e-08 -4.4956e-08 9.24231e-08 8.48516e-07 -3.56106e-08 1.73893e-07 -1.54113e-07 -2.59444e-07 4.60554e-10 -4.50898e-08 6.72603e-08 -3.0801e-09 4.52758e-08 -8.5943e-09 -2.4033e-08 1.26301e-08 1.00381e-09 1.0569e-08 2.64201e-08 1.88548e-09 1.12912e-08 -9.47065e-07 2.95035e-07 -1.67755e-08 1.72091e-09 8.04704e-07 -2.00675e-07 -3.8859e-08 -5.61051e-09 6.23715e-08 -1.52667e-07 -2.0461e-09 2.30286e-08 -1.58399e-07 -5.95645e-08 4.07918e-07 -2.62895e-07 -2.97491e-08 8.96203e-09 -1.78489e-08 8.31125e-10 -3.40427e-08 -1.89572e-08 2.21823e-08 -5.42263e-09 1.23305e-08 1.33151e-07 -2.38149e-07 -3.33775e-07 7.48748e-07 1.65748e-07 -4.37834e-08 -8.23738e-09 -5.00637e-09 -2.51477e-07 3.59246e-07 -3.78736e-08 -8.14437e-09 -2.16256e-08 -8.53652e-09 4.55604e-10 1.94439e-08 2.515e-08 -2.08881e-08 -5.93421e-09 -8.13033e-09 3.1462e-09 -3.80975e-09 -1.10932e-08 -1.41924e-08 -5.73655e-09 -1.37216e-09 3.16008e-09 1.92216e-09 3.88614e-09 1.92379e-09 -1.70023e-08 -7.47286e-09 -2.14015e-08 -1.49799e-08 -7.93018e-09 -8.11326e-09 -8.95166e-09 -1.579e-08 2.5941e-09 -1.84789e-08 -5.72959e-09 -8.80043e-09 -3.83208e-09 -1.08528e-08 -4.26391e-08 -9.6015e-09 -6.31319e-09 -7.30298e-09 -1.01605e-08 -1.13393e-08 -5.36249e-09 -1.31502e-08 -5.93639e-09 -7.60772e-09 -1.25282e-08 -3.48867e-09 -1.50987e-08 -5.86992e-09 -1.11438e-08 -1.73554e-08 -6.27041e-09 -1.6117e-08 -1.73091e-08 -1.79791e-08 -2.14778e-08 -3.94769e-08 1.35084e-07 -1.02868e-08 -1.85674e-09 1.98213e-08 4.0491e-09 -1.24107e-07 -1.31582e-08 9.8244e-08

         1  1.80664e-07
         2  1.65941e-08
         3 -5.45545e-09
         4 -2.10396e-09
         5 -2.17941e-08
         6  1.26839e-08
         7 -1.37001e-07
         8 -3.25983e-08
         9  9.06777e-07
        10  7.02882e-07
        11 -1.64988e-08
        12  4.49745e-07
        13  7.18928e-09
        14   4.8098e-07
        15 -5.63792e-09
        16   1.7488e-09
        17  9.05723e-08
        18  3.49958e-10
        19  6.95319e-08
        20  5.72001e-07
        21 -2.55671e-07
        22  2.17795e-09
        23  -5.7082e-07
        24  1.07252e-07
        25  5.97066e-08
        26  1.48507e-08
        27 -7.99414e-09
        28 -2.59862e-07
        29  2.49398e-08
        30  -2.7606e-08
        31  2.96675e-08
        32 -2.05277e-09
        33  6.16297e-08
        34  3.06686e-08
        35  3.02997e-09
        36  9.19538e-09
        37  2.12637e-07
        38   5.8694e-07
        39 -2.32178e-08
        40 -2.30887e-07
        41 -1.12827e-06
        42  1.70768e-08
        43 -1.66686e-08
        44 -1.02324e-07
        45  1.46934e-08
        46 -5.51813e-08
        47  -4.4956e-08
        48  9.24231e-08
        49  8.48516e-07
        50 -3.56106e-08
        51  1.73893e-07
        52 -1.54113e-07
        53 -2.59444e-07
        54  4.60554e-10
        55 -4.50898e-08
        56  6.72603e-08
        57  -3.0801e-09
        58  4.52758e-08
        59  -8.5943e-09
        60  -2.4033e-08
        61  1.26301e-08
        62  1.00381e-09
        63   1.0569e-08
        64  2.64201e-08
        65  1.88548e-09
        66  1.12912e-08
        67 -9.47065e-07
        68  2.95035e-07
        69 -1.67755e-08
        70  1.72091e-09
        71  8.04704e-07
        72 -2.00675e-07
        73  -3.8859e-08
        74 -5.61051e-09
        75  6.23715e-08
        76 -1.52667e-07
        77  -2.0461e-09
        78  2.30286e-08
        79 -1.58399e-07
        80 -5.95645e-08
        81  4.07918e-07
        82 -2.62895e-07
        83 -2.97491e-08
        84  8.96203e-09
        85 -1.78489e-08
        86  8.31125e-10
        87 -3.40427e-08
        88 -1.89572e-08
        89  2.21823e-08
        90 -5.42263e-09
        91  1.23305e-08
        92  1.33151e-07
        93 -2.38149e-07
        94 -3.33775e-07
        95  7.48748e-07
        96  1.65748e-07
        97 -4.37834e-08
        98 -8.23738e-09
        99 -5.00637e-09
       100 -2.51477e-07
       101  3.59246e-07
       102 -3.78736e-08
       103 -8.14437e-09
       104 -2.16256e-08
       105 -8.53652e-09
       106  4.55604e-10
       107  1.94439e-08
       108    2.515e-08
       109 -2.08881e-08
       110 -5.93421e-09
       111 -8.13033e-09
       112   3.1462e-09
       113 -3.80975e-09
       114 -1.10932e-08
       115 -1.41924e-08
       116 -5.73655e-09
       117 -1.37216e-09
       118  3.16008e-09
       119  1.92216e-09
       120  3.88614e-09
       121  1.92379e-09
       122 -1.70023e-08
       123 -7.47286e-09
       124 -2.14015e-08
       125 -1.49799e-08
       126 -7.93018e-09
       127 -8.11326e-09
       128 -8.95166e-09
       129   -1.579e-08
       130   2.5941e-09
       131 -1.84789e-08
       132 -5.72959e-09
       133 -8.80043e-09
       134 -3.83208e-09
       135 -1.08528e-08
       136 -4.26391e-08
       137  -9.6015e-09
       138 -6.31319e-09
       139 -7.30298e-09
       140 -1.01605e-08
       141 -1.13393e-08
       142 -5.36249e-09
       143 -1.31502e-08
       144 -5.93639e-09
       145 -7.60772e-09
       146 -1.25282e-08
       147 -3.48867e-09
       148 -1.50987e-08
       149 -5.86992e-09
       150 -1.11438e-08
       151 -1.73554e-08
       152 -6.27041e-09
       153  -1.6117e-08
       154 -1.73091e-08
       155 -1.79791e-08
       156 -2.14778e-08
       157 -3.94769e-08
       158  1.35084e-07
       159 -1.02868e-08
       160 -1.85674e-09
       161  1.98213e-08
       162   4.0491e-09
       163 -1.24107e-07
       164 -1.31582e-08
       165   9.8244e-08
