           18  3.49958e-10
          106  4.55604e-10
           54  4.60554e-10
           86  8.31125e-10
           62  1.00381e-09
          117  1.37216e-09
           70  1.72091e-09
           16   1.7488e-09
          160  1.85674e-09
           65  1.88548e-09
          119  1.92216e-09
          121  1.92379e-09
           77   2.0461e-09
           32  2.05277e-09
            4  2.10396e-09
           22  2.17795e-09
          130   2.5941e-09
           35  3.02997e-09
           57   3.0801e-09
          112   3.1462e-09
          118  3.16008e-09
          147  3.48867e-09
          113  3.80975e-09
          134  3.83208e-09
          120  3.88614e-09
          162   4.0491e-09
           99  5.00637e-09
          142  5.36249e-09
           90  5.42263e-09
            3  5.45545e-09
           74  5.61051e-09
           15  5.63792e-09
          132  5.72959e-09
          116  5.73655e-09
          149  5.86992e-09
          110  5.93421e-09
          144  5.93639e-09
          152  6.27041e-09
          138  6.31319e-09
           13  7.18928e-09
          139  7.30298e-09
          123  7.47286e-09
          145  7.60772e-09
          126  7.93018e-09
           27  7.99414e-09
          127  8.11326e-09
          111  8.13033e-09
          103  8.14437e-09
           98  8.23738e-09
          105  8.53652e-09
           59   8.5943e-09
          133  8.80043e-09
          128  8.95166e-09
           84  8.96203e-09
           36  9.19538e-09
          137   9.6015e-09
          140  1.01605e-08
          159  1.02868e-08
           63   1.0569e-08
          135  1.08528e-08
          114  1.10932e-08
          150  1.11438e-08
           66  1.12912e-08
          141  1.13393e-08
           91  1.23305e-08
          146  1.25282e-08
           61  1.26301e-08
            6  1.26839e-08
          143  1.31502e-08
          164  1.31582e-08
          115  1.41924e-08
           45  1.46934e-08
           26  1.48507e-08
          125  1.49799e-08
          148  1.50987e-08
          129    1.579e-08
          153   1.6117e-08
           11  1.64988e-08
            2  1.65941e-08
           43  1.66686e-08
           69  1.67755e-08
          122  1.70023e-08
           42  1.70768e-08
          154  1.73091e-08
          151  1.73554e-08
           85  1.78489e-08
          155  1.79791e-08
          131  1.84789e-08
           88  1.89572e-08
          107  1.94439e-08
          161  1.98213e-08
          109  2.08881e-08
          124  2.14015e-08
          156  2.14778e-08
          104  2.16256e-08
            5  2.17941e-08
           89  2.21823e-08
           78  2.30286e-08
           39  2.32178e-08
           60   2.4033e-08
           29  2.49398e-08
          108    2.515e-08
           64  2.64201e-08
           30   2.7606e-08
           31  2.96675e-08
           83  2.97491e-08
           34  3.06686e-08
            8  3.25983e-08
           87  3.40427e-08
           50  3.56106e-08
          102  3.78736e-08
           73   3.8859e-08
          157  3.94769e-08
          136  4.26391e-08
           97  4.37834e-08
           47   4.4956e-08
           55  4.50898e-08
           58  4.52758e-08
           46  5.51813e-08
           80  5.95645e-08
           25  5.97066e-08
           33  6.16297e-08
           75  6.23715e-08
           56  6.72603e-08
           19  6.95319e-08
           17  9.05723e-08
           48  9.24231e-08
          165   9.8244e-08
           44  1.02324e-07
           24  1.07252e-07
          163  1.24107e-07
           92  1.33151e-07
          158  1.35084e-07
            7  1.37001e-07
           76  1.52667e-07
           52  1.54113e-07
           79  1.58399e-07
           96  1.65748e-07
           51  1.73893e-07
            1  1.80664e-07
           72  2.00675e-07
           37  2.12637e-07
           40  2.30887e-07
           93  2.38149e-07
          100  2.51477e-07
           21  2.55671e-07
           53  2.59444e-07
           28  2.59862e-07
           82  2.62895e-07
           68  2.95035e-07
           94  3.33775e-07
          101  3.59246e-07
           81  4.07918e-07
           12  4.49745e-07
           14   4.8098e-07
           23   5.7082e-07
           20  5.72001e-07
           38   5.8694e-07
           10  7.02882e-07
           95  7.48748e-07
           71  8.04704e-07
           49  8.48516e-07
            9  9.06777e-07
           67  9.47065e-07
           41  1.12827e-06
