          123  3.07992e-10
           19  3.87681e-10
           77  5.79188e-10
          119  8.02657e-10
           98  1.11172e-09
          134  2.12493e-09
          110  2.32127e-09
          138  3.09849e-09
           97  3.25067e-09
            7  3.68314e-09
           99  3.75407e-09
          121  3.83849e-09
          152  4.03639e-09
           96  4.96177e-09
          112  5.79172e-09
          136  6.45505e-09
          125  6.72954e-09
          156  7.10309e-09
           72  7.11623e-09
          117  7.71402e-09
          154  7.86359e-09
           15  7.95214e-09
          122   7.9548e-09
          139  8.63439e-09
          149  9.10284e-09
           22  9.12503e-09
           59  9.47823e-09
           69  9.83678e-09
            4  1.00378e-08
           64  1.01205e-08
          157  1.01951e-08
          104  1.09243e-08
           85  1.15746e-08
           39  1.16153e-08
          118  1.34553e-08
          113  1.39543e-08
          150  1.40073e-08
            3  1.40519e-08
          153  1.43169e-08
           60  1.46841e-08
          140  1.60036e-08
          109  1.68699e-08
          129  1.73289e-08
           61  1.78999e-08
          108  1.94754e-08
           49  2.04345e-08
          155  2.10191e-08
           62  2.14026e-08
           88  2.16048e-08
          102  2.18319e-08
          107  2.20497e-08
           95  2.23574e-08
          114  2.30915e-08
            9   2.3364e-08
          141  2.34997e-08
           57  2.36793e-08
           58  2.48254e-08
           51  2.50481e-08
          160  2.53842e-08
          105  2.76888e-08
           35  2.80578e-08
          144   2.8463e-08
           94  2.88884e-08
           93  3.03148e-08
          116  3.03509e-08
          106  3.07949e-08
          151  3.11932e-08
           31  3.12891e-08
          132  3.17849e-08
          103  3.21974e-08
          128  3.22692e-08
           17  3.23552e-08
           52  3.39056e-08
           14  3.40576e-08
          133  3.46433e-08
          111  3.46817e-08
          126  3.51161e-08
           50  3.56253e-08
          137  3.59137e-08
          148  3.61539e-08
           25  3.74733e-08
          147  3.80587e-08
          115  3.83386e-08
           89  3.85396e-08
          131  4.18389e-08
            6  4.26182e-08
          127  4.28215e-08
          130  4.32531e-08
          135  4.38728e-08
          124  4.69803e-08
           30  4.79134e-08
           91  4.97198e-08
           26  5.04074e-08
           36  5.05326e-08
           66   5.1257e-08
           34  5.21145e-08
          162  5.23129e-08
           87  5.34491e-08
           70  5.50623e-08
           86  5.53859e-08
           82  5.89287e-08
           18  5.97495e-08
           28  6.10715e-08
          145  6.13789e-08
          120  6.20164e-08
           81  6.28638e-08
          146  6.87473e-08
           92  7.29983e-08
          100  7.37374e-08
           27  8.46544e-08
          159  8.60076e-08
           68  8.65439e-08
            1  8.93927e-08
           71  9.19435e-08
          143  9.30784e-08
          164  9.42213e-08
           84  9.78953e-08
           63  1.00157e-07
            8  1.04959e-07
          142  1.08889e-07
           16  1.16938e-07
           90  1.35499e-07
           29  1.37886e-07
           40  1.40963e-07
           32   1.4285e-07
          101  1.43014e-07
            2   1.4821e-07
          161  1.51784e-07
           79  1.59564e-07
           11  1.73791e-07
            5  1.75543e-07
           45  1.82545e-07
           33  2.00971e-07
           56  2.17168e-07
           83   2.2674e-07
           42  2.31527e-07
          158  2.40701e-07
           13  2.44423e-07
           48  2.55814e-07
          163  2.56453e-07
           76  2.79025e-07
           54   2.9033e-07
           47   2.9273e-07
           67  3.50338e-07
           74  3.62699e-07
           24  3.72269e-07
           43  3.94491e-07
           20  4.14931e-07
           80  4.15344e-07
           21  4.25527e-07
           55  4.56124e-07
           78  4.89849e-07
           65  5.30601e-07
           41  5.69511e-07
           37  7.46213e-07
           44  8.33277e-07
           12  9.87815e-07
           73  1.09409e-06
           75  1.29725e-06
           46  1.48483e-06
          165  1.57874e-06
           53  1.62228e-06
           38  1.71898e-06
           10  1.89865e-06
           23  2.03736e-06
