          128  8.62862e-11
           56   2.8855e-10
          144  6.51191e-10
          119  9.86013e-10
          129  9.94881e-10
          142  1.01708e-09
          152  1.05608e-09
          126  1.14766e-09
          100  1.26042e-09
           50  2.02822e-09
           58  2.15563e-09
          104  2.19963e-09
          113  2.41759e-09
           52   2.5088e-09
          155  2.74018e-09
          105  2.83212e-09
          123  2.86424e-09
           29  2.88321e-09
          120  2.99909e-09
          112  3.14996e-09
           51  3.29442e-09
           85    3.386e-09
           42  3.57363e-09
          143  3.60155e-09
          137  3.62152e-09
           99  3.87193e-09
          134  3.92183e-09
           34   3.9219e-09
          139  4.12062e-09
           70  4.42082e-09
           63  4.45406e-09
          147  4.72848e-09
          118  4.92071e-09
          161  5.06574e-09
           22  5.24322e-09
            5  5.75898e-09
           69  6.22071e-09
          117  6.26543e-09
           45  6.43838e-09
           27  6.54627e-09
          136   6.7364e-09
           86  6.74957e-09
          121  6.76639e-09
          122   6.8683e-09
          127     6.94e-09
          138   7.1621e-09
           59  7.27216e-09
          106  7.29433e-09
          146  7.34069e-09
          114  7.63067e-09
          130  7.73713e-09
          108  8.90088e-09
          109   9.3479e-09
           64  9.38067e-09
          157  9.45497e-09
          133  9.93714e-09
          156  1.05169e-08
          102  1.05652e-08
          103  1.08985e-08
          101  1.10482e-08
          154  1.16924e-08
           66  1.19272e-08
           61  1.23288e-08
           40  1.23468e-08
           25  1.26138e-08
          111  1.29996e-08
           57  1.30501e-08
          116  1.32131e-08
          115  1.38877e-08
           49  1.39516e-08
          148  1.53202e-08
           80  1.54603e-08
           13  1.55036e-08
          107  1.55291e-08
          140  1.60676e-08
          149  1.61438e-08
            4  1.63898e-08
           60  1.70089e-08
           19   1.7211e-08
          132  1.73685e-08
          141  1.76274e-08
          124  1.77565e-08
          153  1.79721e-08
           76  1.91368e-08
           31  1.94322e-08
          131  2.02477e-08
           16  2.30504e-08
           62  2.32825e-08
           24  2.37016e-08
           65  2.38032e-08
          125  2.38207e-08
           91  2.41295e-08
           78    2.442e-08
          150  2.49518e-08
           54  2.50587e-08
          158  2.51407e-08
          151  2.58078e-08
           97   2.5864e-08
          145  2.69004e-08
           36  2.78867e-08
           83  2.79243e-08
            3  2.83998e-08
           11  2.86933e-08
           74  3.09246e-08
           26  3.22896e-08
          162  3.42152e-08
           98   3.4601e-08
           15  3.75728e-08
          110  3.88672e-08
           79  4.17808e-08
            2  4.25953e-08
           35  4.66421e-08
           46  4.94372e-08
          135  5.01611e-08
           88  5.06388e-08
           87  5.72441e-08
           77  5.78668e-08
           55  6.06164e-08
           81  6.33678e-08
           84  6.61024e-08
            7  6.77291e-08
           47  7.00458e-08
           18  7.15148e-08
           90  7.43532e-08
           32  7.67457e-08
          164  7.79956e-08
           37  7.89945e-08
           67  7.90286e-08
           39  7.91281e-08
           33  7.91789e-08
           20  8.07978e-08
           68  9.12207e-08
            6  9.31181e-08
           43  9.41283e-08
           89  1.09348e-07
           48   1.1187e-07
           92   1.1814e-07
           41  1.19617e-07
           21   1.1974e-07
           38  1.26733e-07
           10  1.27581e-07
           30  1.30907e-07
          163  1.34457e-07
           17   1.3798e-07
           53  1.59431e-07
           12  1.61242e-07
           94  1.68592e-07
           23  1.74901e-07
           72  1.77463e-07
           95  1.80734e-07
           44  2.27796e-07
            8  2.47987e-07
           73   2.4946e-07
           75  2.56631e-07
           71  2.88269e-07
          159  3.25048e-07
          165  3.34291e-07
           28  3.45091e-07
           82  3.52334e-07
           93   3.5806e-07
           96  3.73478e-07
            9  4.22412e-07
            1  4.29993e-07
           14   4.9632e-07
          160  6.40254e-07
