165
 4.41307e-07 -1.50226e-07 2.99288e-07 1.78571e-08 -5.07882e-07 -1.32411e-07 -6.34416e-08 -2.02255e-06 1.94923e-07 1.12138e-06 1.91637e-07 1.37785e-06 1.26901e-08 1.33413e-07 -2.85071e-07 2.58359e-08 -5.94352e-08 -6.76383e-07 8.661e-09 1.85818e-06 1.18993e-06 -8.65665e-09 1.05644e-06 -8.61118e-08 3.97562e-09 -4.75159e-08 -6.48445e-08 7.68125e-07 -3.96409e-07 -6.99711e-08 -1.36729e-07 8.93838e-08 -7.03728e-08 1.53286e-08 1.34801e-07 2.21541e-07 8.12221e-07 1.52413e-06 -2.86616e-07 1.88678e-07 2.50573e-07 1.80242e-07 -4.81648e-07 -1.21149e-06 -2.79019e-08 4.2785e-07 1.35295e-06 -1.18989e-06 -2.63904e-07 2.27231e-09 -2.949e-08 -6.02329e-08 5.04121e-07 6.19463e-08 1.00129e-09 -2.10306e-07 -1.33126e-06 1.08544e-07 -2.16136e-07 4.14012e-07 -3.50057e-08 -2.12022e-07 2.62073e-07 -1.75172e-08 -5.82914e-07 8.99529e-08 1.48809e-06 -1.40479e-06 1.97117e-08 -1.11191e-08 1.73947e-06 -4.20057e-07 -2.70375e-06 2.63746e-08 2.67823e-06 -1.43578e-06 -7.97844e-09 -2.74302e-07 -3.37111e-07 4.91228e-07 7.64475e-07 1.64179e-06 -3.76469e-08 5.59179e-07 8.23935e-08 -6.64224e-08 1.34868e-06 -4.66079e-07 -1.24609e-07 3.73758e-07 8.6619e-08 -8.34121e-07 2.37156e-06 -4.20676e-07 -7.12279e-07 -1.76599e-07 5.23116e-08 1.98665e-07 5.86313e-08 -3.27482e-07 1.05478e-06 -1.62394e-08 4.09185e-08 3.4853e-08 7.02413e-08 1.67987e-08 -2.63551e-08 -2.77732e-08 -2.93527e-08 1.0916e-07 -3.78744e-09 -2.72948e-08 -3.49803e-09 3.13927e-08 7.63115e-08 1.565e-07 1.06523e-07 1.58541e-08 5.04129e-08 1.723e-08 -4.94494e-09 7.71614e-09 3.8998e-08 5.70594e-08 -4.19033e-09 4.30791e-08 -7.72655e-09 1.57229e-08 -2.44428e-08 2.84179e-08 -1.31357e-09 3.56298e-08 -4.70363e-08 -4.44666e-08 -1.89245e-07 -5.05078e-08 5.88835e-08 -1.48024e-07 -2.09175e-07 -1.70764e-07 -1.28999e-07 2.5494e-08 -2.79787e-07 -1.4669e-07 -9.72175e-08 -2.87636e-07 1.74621e-08 -6.21727e-08 -3.80969e-08 -8.08775e-08 -1.37319e-07 -2.93441e-08 -1.03613e-07 -1.37509e-07 3.87252e-09 7.10583e-08 7.50563e-08 -3.17518e-06 -1.38601e-06 1.92119e-06 1.34495e-08 -2.68809e-08 -3.00981e-07 3.46836e-07 6.33527e-07

         1  4.41307e-07
         2 -1.50226e-07
         3  2.99288e-07
         4  1.78571e-08
         5 -5.07882e-07
         6 -1.32411e-07
         7 -6.34416e-08
         8 -2.02255e-06
         9  1.94923e-07
        10  1.12138e-06
        11  1.91637e-07
        12  1.37785e-06
        13  1.26901e-08
        14  1.33413e-07
        15 -2.85071e-07
        16  2.58359e-08
        17 -5.94352e-08
        18 -6.76383e-07
        19    8.661e-09
        20  1.85818e-06
        21  1.18993e-06
        22 -8.65665e-09
        23  1.05644e-06
        24 -8.61118e-08
        25  3.97562e-09
        26 -4.75159e-08
        27 -6.48445e-08
        28  7.68125e-07
        29 -3.96409e-07
        30 -6.99711e-08
        31 -1.36729e-07
        32  8.93838e-08
        33 -7.03728e-08
        34  1.53286e-08
        35  1.34801e-07
        36  2.21541e-07
        37  8.12221e-07
        38  1.52413e-06
        39 -2.86616e-07
        40  1.88678e-07
        41  2.50573e-07
        42  1.80242e-07
        43 -4.81648e-07
        44 -1.21149e-06
        45 -2.79019e-08
        46   4.2785e-07
        47  1.35295e-06
        48 -1.18989e-06
        49 -2.63904e-07
        50  2.27231e-09
        51   -2.949e-08
        52 -6.02329e-08
        53  5.04121e-07
        54  6.19463e-08
        55  1.00129e-09
        56 -2.10306e-07
        57 -1.33126e-06
        58  1.08544e-07
        59 -2.16136e-07
        60  4.14012e-07
        61 -3.50057e-08
        62 -2.12022e-07
        63  2.62073e-07
        64 -1.75172e-08
        65 -5.82914e-07
        66  8.99529e-08
        67  1.48809e-06
        68 -1.40479e-06
        69  1.97117e-08
        70 -1.11191e-08
        71  1.73947e-06
        72 -4.20057e-07
        73 -2.70375e-06
        74  2.63746e-08
        75  2.67823e-06
        76 -1.43578e-06
        77 -7.97844e-09
        78 -2.74302e-07
        79 -3.37111e-07
        80  4.91228e-07
        81  7.64475e-07
        82  1.64179e-06
        83 -3.76469e-08
        84  5.59179e-07
        85  8.23935e-08
        86 -6.64224e-08
        87  1.34868e-06
        88 -4.66079e-07
        89 -1.24609e-07
        90  3.73758e-07
        91   8.6619e-08
        92 -8.34121e-07
        93  2.37156e-06
        94 -4.20676e-07
        95 -7.12279e-07
        96 -1.76599e-07
        97  5.23116e-08
        98  1.98665e-07
        99  5.86313e-08
       100 -3.27482e-07
       101  1.05478e-06
       102 -1.62394e-08
       103  4.09185e-08
       104   3.4853e-08
       105  7.02413e-08
       106  1.67987e-08
       107 -2.63551e-08
       108 -2.77732e-08
       109 -2.93527e-08
       110   1.0916e-07
       111 -3.78744e-09
       112 -2.72948e-08
       113 -3.49803e-09
       114  3.13927e-08
       115  7.63115e-08
       116    1.565e-07
       117  1.06523e-07
       118  1.58541e-08
       119  5.04129e-08
       120    1.723e-08
       121 -4.94494e-09
       122  7.71614e-09
       123   3.8998e-08
       124  5.70594e-08
       125 -4.19033e-09
       126  4.30791e-08
       127 -7.72655e-09
       128  1.57229e-08
       129 -2.44428e-08
       130  2.84179e-08
       131 -1.31357e-09
       132  3.56298e-08
       133 -4.70363e-08
       134 -4.44666e-08
       135 -1.89245e-07
       136 -5.05078e-08
       137  5.88835e-08
       138 -1.48024e-07
       139 -2.09175e-07
       140 -1.70764e-07
       141 -1.28999e-07
       142   2.5494e-08
       143 -2.79787e-07
       144  -1.4669e-07
       145 -9.72175e-08
       146 -2.87636e-07
       147  1.74621e-08
       148 -6.21727e-08
       149 -3.80969e-08
       150 -8.08775e-08
       151 -1.37319e-07
       152 -2.93441e-08
       153 -1.03613e-07
       154 -1.37509e-07
       155  3.87252e-09
       156  7.10583e-08
       157  7.50563e-08
       158 -3.17518e-06
       159 -1.38601e-06
       160  1.92119e-06
       161  1.34495e-08
       162 -2.68809e-08
       163 -3.00981e-07
       164  3.46836e-07
       165  6.33527e-07
