           55  1.00129e-09
          131  1.31357e-09
           50  2.27231e-09
          113  3.49803e-09
          111  3.78744e-09
          155  3.87252e-09
           25  3.97562e-09
          125  4.19033e-09
          121  4.94494e-09
          122  7.71614e-09
          127  7.72655e-09
           77  7.97844e-09
           22  8.65665e-09
           19    8.661e-09
           70  1.11191e-08
           13  1.26901e-08
          161  1.34495e-08
           34  1.53286e-08
          128  1.57229e-08
          118  1.58541e-08
          102  1.62394e-08
          106  1.67987e-08
          120    1.723e-08
          147  1.74621e-08
           64  1.75172e-08
            4  1.78571e-08
           69  1.97117e-08
          129  2.44428e-08
          142   2.5494e-08
           16  2.58359e-08
          107  2.63551e-08
           74  2.63746e-08
          162  2.68809e-08
          112  2.72948e-08
          108  2.77732e-08
           45  2.79019e-08
          130  2.84179e-08
          152  2.93441e-08
          109  2.93527e-08
           51    2.949e-08
          114  3.13927e-08
          104   3.4853e-08
           61  3.50057e-08
          132  3.56298e-08
           83  3.76469e-08
          149  3.80969e-08
          123   3.8998e-08
          103  4.09185e-08
          126  4.30791e-08
          134  4.44666e-08
          133  4.70363e-08
           26  4.75159e-08
          119  5.04129e-08
          136  5.05078e-08
           97  5.23116e-08
          124  5.70594e-08
           99  5.86313e-08
          137  5.88835e-08
           17  5.94352e-08
           52  6.02329e-08
           54  6.19463e-08
          148  6.21727e-08
            7  6.34416e-08
           27  6.48445e-08
           86  6.64224e-08
           30  6.99711e-08
          105  7.02413e-08
           33  7.03728e-08
          156  7.10583e-08
          157  7.50563e-08
          115  7.63115e-08
          150  8.08775e-08
           85  8.23935e-08
           24  8.61118e-08
           91   8.6619e-08
           32  8.93838e-08
           66  8.99529e-08
          145  9.72175e-08
          153  1.03613e-07
          117  1.06523e-07
           58  1.08544e-07
          110   1.0916e-07
           89  1.24609e-07
          141  1.28999e-07
            6  1.32411e-07
           14  1.33413e-07
           35  1.34801e-07
           31  1.36729e-07
          151  1.37319e-07
          154  1.37509e-07
          144   1.4669e-07
          138  1.48024e-07
            2  1.50226e-07
          116    1.565e-07
          140  1.70764e-07
           96  1.76599e-07
           42  1.80242e-07
           40  1.88678e-07
          135  1.89245e-07
           11  1.91637e-07
            9  1.94923e-07
           98  1.98665e-07
          139  2.09175e-07
           56  2.10306e-07
           62  2.12022e-07
           59  2.16136e-07
           36  2.21541e-07
           41  2.50573e-07
           63  2.62073e-07
           49  2.63904e-07
           78  2.74302e-07
          143  2.79787e-07
           15  2.85071e-07
           39  2.86616e-07
          146  2.87636e-07
            3  2.99288e-07
          163  3.00981e-07
          100  3.27482e-07
           79  3.37111e-07
          164  3.46836e-07
           90  3.73758e-07
           29  3.96409e-07
           60  4.14012e-07
           72  4.20057e-07
           94  4.20676e-07
           46   4.2785e-07
            1  4.41307e-07
           88  4.66079e-07
           43  4.81648e-07
           80  4.91228e-07
           53  5.04121e-07
            5  5.07882e-07
           84  5.59179e-07
           65  5.82914e-07
          165  6.33527e-07
           18  6.76383e-07
           95  7.12279e-07
           81  7.64475e-07
           28  7.68125e-07
           37  8.12221e-07
           92  8.34121e-07
          101  1.05478e-06
           23  1.05644e-06
           10  1.12138e-06
           48  1.18989e-06
           21  1.18993e-06
           44  1.21149e-06
           57  1.33126e-06
           87  1.34868e-06
           47  1.35295e-06
           12  1.37785e-06
          159  1.38601e-06
           68  1.40479e-06
           76  1.43578e-06
           67  1.48809e-06
           38  1.52413e-06
           82  1.64179e-06
           71  1.73947e-06
           20  1.85818e-06
          160  1.92119e-06
            8  2.02255e-06
           93  2.37156e-06
           75  2.67823e-06
           73  2.70375e-06
          158  3.17518e-06
