165
 3.28934e-07 -1.66647e-08 1.55379e-07 6.19108e-09 -1.86082e-08 9.54817e-08 -1.22502e-07 1.76972e-07 8.05328e-07 1.00951e-08 1.85115e-07 8.55855e-08 1.11702e-08 4.43876e-07 -1.55396e-07 7.05151e-09 -2.78086e-07 -3.48066e-07 4.55193e-08 1.56385e-07 1.29443e-07 -2.51754e-09 -6.18352e-07 8.62875e-07 9.83549e-09 9.64503e-09 2.34051e-07 -3.08662e-07 -7.51308e-08 -7.09328e-08 1.70729e-08 -5.23094e-08 6.17061e-08 -6.91141e-10 -4.32941e-07 -2.0358e-07 6.29538e-08 2.02909e-07 2.03751e-08 -7.52354e-08 -2.88389e-07 7.83649e-08 -1.28353e-07 -3.43766e-07 1.57615e-07 1.56118e-07 -5.59511e-08 -2.5856e-07 -1.83589e-07 -7.04337e-08 -1.63515e-07 -1.75595e-07 -4.29754e-08 -2.52971e-08 -2.21253e-07 -1.94285e-07 4.82517e-08 7.05997e-08 2.13995e-07 2.00656e-07 3.35294e-08 1.17325e-07 1.9343e-08 1.03894e-09 5.01774e-08 1.04796e-08 1.14816e-07 1.61665e-06 9.15443e-09 -1.44601e-08 4.73519e-07 1.29418e-07 3.11792e-07 -1.03863e-07 -3.80237e-07 -8.76319e-07 5.58625e-08 -3.71624e-07 1.79919e-06 -4.37242e-08 5.9374e-07 1.70365e-07 6.89908e-09 2.64699e-07 8.36158e-08 -4.11095e-08 2.65488e-07 -4.69196e-07 -6.86024e-08 -1.72803e-07 -6.00416e-08 -4.30433e-08 2.6248e-07 -1.89943e-08 -3.31351e-07 2.61711e-07 5.36995e-08 9.73431e-08 1.51401e-07 -3.72056e-07 7.16819e-07 3.86931e-08 1.45824e-08 6.64221e-08 3.28561e-08 2.72191e-09 1.31941e-08 1.58054e-08 2.02797e-08 3.33738e-08 1.61286e-08 6.8658e-09 -1.01179e-08 -1.2814e-08 4.31476e-10 1.41425e-08 1.51458e-08 5.67313e-09 8.90006e-09 1.80402e-08 1.64539e-08 -2.84116e-08 2.82389e-08 -4.72308e-08 -3.66884e-08 -3.08753e-08 1.00077e-08 -4.97414e-08 -7.40454e-08 -9.89073e-09 8.54865e-08 9.27664e-09 9.52957e-08 6.51774e-08 5.64259e-08 -4.19752e-08 -2.53085e-08 -4.18483e-08 -2.46541e-07 -7.11651e-08 -3.55475e-08 -7.50943e-08 -8.50667e-08 -5.49161e-08 -6.94042e-08 -1.27474e-07 -1.1079e-07 -1.40054e-07 9.80247e-09 1.03136e-07 -4.46274e-08 -7.3706e-08 2.50332e-08 1.59556e-07 1.12596e-07 -7.05518e-08 -8.64526e-08 -5.18322e-07 -1.15413e-06 -8.30798e-07 1.42777e-07 5.01261e-09 -8.07048e-07 -5.41403e-07 6.02678e-06

         1  3.28934e-07
         2 -1.66647e-08
         3  1.55379e-07
         4  6.19108e-09
         5 -1.86082e-08
         6  9.54817e-08
         7 -1.22502e-07
         8  1.76972e-07
         9  8.05328e-07
        10  1.00951e-08
        11  1.85115e-07
        12  8.55855e-08
        13  1.11702e-08
        14  4.43876e-07
        15 -1.55396e-07
        16  7.05151e-09
        17 -2.78086e-07
        18 -3.48066e-07
        19  4.55193e-08
        20  1.56385e-07
        21  1.29443e-07
        22 -2.51754e-09
        23 -6.18352e-07
        24  8.62875e-07
        25  9.83549e-09
        26  9.64503e-09
        27  2.34051e-07
        28 -3.08662e-07
        29 -7.51308e-08
        30 -7.09328e-08
        31  1.70729e-08
        32 -5.23094e-08
        33  6.17061e-08
        34 -6.91141e-10
        35 -4.32941e-07
        36  -2.0358e-07
        37  6.29538e-08
        38  2.02909e-07
        39  2.03751e-08
        40 -7.52354e-08
        41 -2.88389e-07
        42  7.83649e-08
        43 -1.28353e-07
        44 -3.43766e-07
        45  1.57615e-07
        46  1.56118e-07
        47 -5.59511e-08
        48  -2.5856e-07
        49 -1.83589e-07
        50 -7.04337e-08
        51 -1.63515e-07
        52 -1.75595e-07
        53 -4.29754e-08
        54 -2.52971e-08
        55 -2.21253e-07
        56 -1.94285e-07
        57  4.82517e-08
        58  7.05997e-08
        59  2.13995e-07
        60  2.00656e-07
        61  3.35294e-08
        62  1.17325e-07
        63   1.9343e-08
        64  1.03894e-09
        65  5.01774e-08
        66  1.04796e-08
        67  1.14816e-07
        68  1.61665e-06
        69  9.15443e-09
        70 -1.44601e-08
        71  4.73519e-07
        72  1.29418e-07
        73  3.11792e-07
        74 -1.03863e-07
        75 -3.80237e-07
        76 -8.76319e-07
        77  5.58625e-08
        78 -3.71624e-07
        79  1.79919e-06
        80 -4.37242e-08
        81   5.9374e-07
        82  1.70365e-07
        83  6.89908e-09
        84  2.64699e-07
        85  8.36158e-08
        86 -4.11095e-08
        87  2.65488e-07
        88 -4.69196e-07
        89 -6.86024e-08
        90 -1.72803e-07
        91 -6.00416e-08
        92 -4.30433e-08
        93   2.6248e-07
        94 -1.89943e-08
        95 -3.31351e-07
        96  2.61711e-07
        97  5.36995e-08
        98  9.73431e-08
        99  1.51401e-07
       100 -3.72056e-07
       101  7.16819e-07
       102  3.86931e-08
       103  1.45824e-08
       104  6.64221e-08
       105  3.28561e-08
       106  2.72191e-09
       107  1.31941e-08
       108  1.58054e-08
       109  2.02797e-08
       110  3.33738e-08
       111  1.61286e-08
       112   6.8658e-09
       113 -1.01179e-08
       114  -1.2814e-08
       115  4.31476e-10
       116  1.41425e-08
       117  1.51458e-08
       118  5.67313e-09
       119  8.90006e-09
       120  1.80402e-08
       121  1.64539e-08
       122 -2.84116e-08
       123  2.82389e-08
       124 -4.72308e-08
       125 -3.66884e-08
       126 -3.08753e-08
       127  1.00077e-08
       128 -4.97414e-08
       129 -7.40454e-08
       130 -9.89073e-09
       131  8.54865e-08
       132  9.27664e-09
       133  9.52957e-08
       134  6.51774e-08
       135  5.64259e-08
       136 -4.19752e-08
       137 -2.53085e-08
       138 -4.18483e-08
       139 -2.46541e-07
       140 -7.11651e-08
       141 -3.55475e-08
       142 -7.50943e-08
       143 -8.50667e-08
       144 -5.49161e-08
       145 -6.94042e-08
       146 -1.27474e-07
       147  -1.1079e-07
       148 -1.40054e-07
       149  9.80247e-09
       150  1.03136e-07
       151 -4.46274e-08
       152  -7.3706e-08
       153  2.50332e-08
       154  1.59556e-07
       155  1.12596e-07
       156 -7.05518e-08
       157 -8.64526e-08
       158 -5.18322e-07
       159 -1.15413e-06
       160 -8.30798e-07
       161  1.42777e-07
       162  5.01261e-09
       163 -8.07048e-07
       164 -5.41403e-07
       165  6.02678e-06
