165
 3.81136e-07 1.27132e-07 -1.34284e-09 7.30893e-09 9.35583e-08 -6.78982e-08 2.59855e-07 4.77723e-08 -1.70847e-06 3.67418e-07 -7.04955e-09 9.13326e-08 1.19625e-08 -1.26016e-06 4.29503e-09 7.70587e-09 5.24153e-07 -1.09573e-08 4.78072e-08 -6.58967e-07 2.96518e-07 -3.00926e-09 1.4814e-07 -1.69362e-08 2.78397e-08 3.25195e-08 -4.77336e-09 3.68055e-07 2.89001e-08 -2.88416e-08 -2.24529e-08 4.27362e-08 -1.7368e-07 -7.75461e-09 6.99829e-08 -8.30426e-08 2.05295e-07 4.54149e-07 -1.64672e-08 1.15443e-08 -5.11825e-08 3.37289e-11 7.71517e-08 1.82147e-07 -3.7609e-08 3.03979e-07 6.04275e-07 -8.39904e-07 5.61791e-07 3.43563e-08 1.40232e-07 -1.29483e-07 -1.14624e-07 -4.55011e-10 -3.02558e-09 2.11413e-09 2.99733e-08 -3.44502e-09 3.44614e-08 -2.43938e-08 -3.72299e-09 -1.43072e-08 -5.11139e-08 6.55108e-09 -1.15624e-09 1.07336e-08 1.47887e-06 -3.37236e-07 3.67885e-08 -1.78266e-08 -1.74238e-07 4.74595e-08 -7.34083e-07 -3.45853e-08 8.46523e-07 -8.73742e-07 1.24804e-08 -3.34765e-07 2.42928e-07 2.20987e-08 -2.02772e-07 -9.35872e-08 -7.29406e-08 4.69707e-10 3.25667e-09 2.75347e-10 2.41745e-08 -1.59544e-08 1.49656e-08 5.64597e-09 1.71847e-08 5.64544e-07 -2.45442e-06 1.04474e-06 1.25313e-06 -1.04062e-06 8.96299e-09 -5.26521e-08 -2.88107e-08 5.31706e-07 -7.18938e-07 3.43393e-08 3.15979e-08 1.67998e-08 -1.2771e-08 5.18539e-09 8.87318e-09 1.16297e-08 -6.27351e-09 3.36512e-08 3.65732e-09 1.31731e-08 1.34997e-08 3.37806e-09 -8.74211e-09 -1.66233e-09 1.71483e-08 1.01856e-08 1.18777e-08 -1.07652e-08 1.37426e-08 2.92714e-08 1.33173e-08 1.36788e-08 6.85638e-09 1.927e-08 1.13886e-08 2.59369e-08 -5.54935e-09 3.28324e-08 1.70947e-08 2.04162e-08 2.23512e-08 1.28878e-08 2.39471e-08 3.41906e-08 2.97207e-08 1.82595e-08 2.49668e-08 2.20464e-08 1.42965e-08 1.38739e-08 1.45957e-08 2.01729e-08 2.2409e-08 1.51397e-08 1.53308e-08 2.28973e-08 8.84964e-09 2.11168e-08 1.76354e-08 2.53364e-08 1.71158e-08 2.06194e-08 1.27578e-08 1.98812e-08 2.85575e-08 8.81383e-08 2.7079e-08 5.20959e-11 5.41232e-10 -9.81151e-09 2.89799e-07 -8.83876e-08 -1.0858e-07

         1  3.81136e-07
         2  1.27132e-07
         3 -1.34284e-09
         4  7.30893e-09
         5  9.35583e-08
         6 -6.78982e-08
         7  2.59855e-07
         8  4.77723e-08
         9 -1.70847e-06
        10  3.67418e-07
        11 -7.04955e-09
        12  9.13326e-08
        13  1.19625e-08
        14 -1.26016e-06
        15  4.29503e-09
        16  7.70587e-09
        17  5.24153e-07
        18 -1.09573e-08
        19  4.78072e-08
        20 -6.58967e-07
        21  2.96518e-07
        22 -3.00926e-09
        23   1.4814e-07
        24 -1.69362e-08
        25  2.78397e-08
        26  3.25195e-08
        27 -4.77336e-09
        28  3.68055e-07
        29  2.89001e-08
        30 -2.88416e-08
        31 -2.24529e-08
        32  4.27362e-08
        33  -1.7368e-07
        34 -7.75461e-09
        35  6.99829e-08
        36 -8.30426e-08
        37  2.05295e-07
        38  4.54149e-07
        39 -1.64672e-08
        40  1.15443e-08
        41 -5.11825e-08
        42  3.37289e-11
        43  7.71517e-08
        44  1.82147e-07
        45  -3.7609e-08
        46  3.03979e-07
        47  6.04275e-07
        48 -8.39904e-07
        49  5.61791e-07
        50  3.43563e-08
        51  1.40232e-07
        52 -1.29483e-07
        53 -1.14624e-07
        54 -4.55011e-10
        55 -3.02558e-09
        56  2.11413e-09
        57  2.99733e-08
        58 -3.44502e-09
        59  3.44614e-08
        60 -2.43938e-08
        61 -3.72299e-09
        62 -1.43072e-08
        63 -5.11139e-08
        64  6.55108e-09
        65 -1.15624e-09
        66  1.07336e-08
        67  1.47887e-06
        68 -3.37236e-07
        69  3.67885e-08
        70 -1.78266e-08
        71 -1.74238e-07
        72  4.74595e-08
        73 -7.34083e-07
        74 -3.45853e-08
        75  8.46523e-07
        76 -8.73742e-07
        77  1.24804e-08
        78 -3.34765e-07
        79  2.42928e-07
        80  2.20987e-08
        81 -2.02772e-07
        82 -9.35872e-08
        83 -7.29406e-08
        84  4.69707e-10
        85  3.25667e-09
        86  2.75347e-10
        87  2.41745e-08
        88 -1.59544e-08
        89  1.49656e-08
        90  5.64597e-09
        91  1.71847e-08
        92  5.64544e-07
        93 -2.45442e-06
        94  1.04474e-06
        95  1.25313e-06
        96 -1.04062e-06
        97  8.96299e-09
        98 -5.26521e-08
        99 -2.88107e-08
       100  5.31706e-07
       101 -7.18938e-07
       102  3.43393e-08
       103  3.15979e-08
       104  1.67998e-08
       105  -1.2771e-08
       106  5.18539e-09
       107  8.87318e-09
       108  1.16297e-08
       109 -6.27351e-09
       110  3.36512e-08
       111  3.65732e-09
       112  1.31731e-08
       113  1.34997e-08
       114  3.37806e-09
       115 -8.74211e-09
       116 -1.66233e-09
       117  1.71483e-08
       118  1.01856e-08
       119  1.18777e-08
       120 -1.07652e-08
       121  1.37426e-08
       122  2.92714e-08
       123  1.33173e-08
       124  1.36788e-08
       125  6.85638e-09
       126    1.927e-08
       127  1.13886e-08
       128  2.59369e-08
       129 -5.54935e-09
       130  3.28324e-08
       131  1.70947e-08
       132  2.04162e-08
       133  2.23512e-08
       134  1.28878e-08
       135  2.39471e-08
       136  3.41906e-08
       137  2.97207e-08
       138  1.82595e-08
       139  2.49668e-08
       140  2.20464e-08
       141  1.42965e-08
       142  1.38739e-08
       143  1.45957e-08
       144  2.01729e-08
       145   2.2409e-08
       146  1.51397e-08
       147  1.53308e-08
       148  2.28973e-08
       149  8.84964e-09
       150  2.11168e-08
       151  1.76354e-08
       152  2.53364e-08
       153  1.71158e-08
       154  2.06194e-08
       155  1.27578e-08
       156  1.98812e-08
       157  2.85575e-08
       158  8.81383e-08
       159   2.7079e-08
       160  5.20959e-11
       161  5.41232e-10
       162 -9.81151e-09
       163  2.89799e-07
       164 -8.83876e-08
       165  -1.0858e-07
