           42  3.37289e-11
          160  5.20959e-11
           86  2.75347e-10
           54  4.55011e-10
           84  4.69707e-10
          161  5.41232e-10
           65  1.15624e-09
            3  1.34284e-09
          116  1.66233e-09
           56  2.11413e-09
           22  3.00926e-09
           55  3.02558e-09
           85  3.25667e-09
          114  3.37806e-09
           58  3.44502e-09
          111  3.65732e-09
           61  3.72299e-09
           15  4.29503e-09
           27  4.77336e-09
          106  5.18539e-09
          129  5.54935e-09
           90  5.64597e-09
          109  6.27351e-09
           64  6.55108e-09
          125  6.85638e-09
           11  7.04955e-09
            4  7.30893e-09
           16  7.70587e-09
           34  7.75461e-09
          115  8.74211e-09
          149  8.84964e-09
          107  8.87318e-09
           97  8.96299e-09
          162  9.81151e-09
          118  1.01856e-08
           66  1.07336e-08
          120  1.07652e-08
           18  1.09573e-08
          127  1.13886e-08
           40  1.15443e-08
          108  1.16297e-08
          119  1.18777e-08
           13  1.19625e-08
           77  1.24804e-08
          155  1.27578e-08
          105   1.2771e-08
          134  1.28878e-08
          112  1.31731e-08
          123  1.33173e-08
          113  1.34997e-08
          124  1.36788e-08
          121  1.37426e-08
          142  1.38739e-08
          141  1.42965e-08
           62  1.43072e-08
          143  1.45957e-08
           89  1.49656e-08
          146  1.51397e-08
          147  1.53308e-08
           88  1.59544e-08
           39  1.64672e-08
          104  1.67998e-08
           24  1.69362e-08
          131  1.70947e-08
          153  1.71158e-08
          117  1.71483e-08
           91  1.71847e-08
          151  1.76354e-08
           70  1.78266e-08
          138  1.82595e-08
          126    1.927e-08
          156  1.98812e-08
          144  2.01729e-08
          132  2.04162e-08
          154  2.06194e-08
          150  2.11168e-08
          140  2.20464e-08
           80  2.20987e-08
          133  2.23512e-08
          145   2.2409e-08
           31  2.24529e-08
          148  2.28973e-08
          135  2.39471e-08
           87  2.41745e-08
           60  2.43938e-08
          139  2.49668e-08
          152  2.53364e-08
          128  2.59369e-08
          159   2.7079e-08
           25  2.78397e-08
          157  2.85575e-08
           99  2.88107e-08
           30  2.88416e-08
           29  2.89001e-08
          122  2.92714e-08
          137  2.97207e-08
           57  2.99733e-08
          103  3.15979e-08
           26  3.25195e-08
          130  3.28324e-08
          110  3.36512e-08
          136  3.41906e-08
          102  3.43393e-08
           50  3.43563e-08
           59  3.44614e-08
           74  3.45853e-08
           69  3.67885e-08
           45   3.7609e-08
           32  4.27362e-08
           72  4.74595e-08
            8  4.77723e-08
           19  4.78072e-08
           63  5.11139e-08
           41  5.11825e-08
           98  5.26521e-08
            6  6.78982e-08
           35  6.99829e-08
           83  7.29406e-08
           43  7.71517e-08
           36  8.30426e-08
          158  8.81383e-08
          164  8.83876e-08
           12  9.13326e-08
            5  9.35583e-08
           82  9.35872e-08
          165   1.0858e-07
           53  1.14624e-07
            2  1.27132e-07
           52  1.29483e-07
           51  1.40232e-07
           23   1.4814e-07
           33   1.7368e-07
           71  1.74238e-07
           44  1.82147e-07
           81  2.02772e-07
           37  2.05295e-07
           79  2.42928e-07
            7  2.59855e-07
          163  2.89799e-07
           21  2.96518e-07
           46  3.03979e-07
           78  3.34765e-07
           68  3.37236e-07
           10  3.67418e-07
           28  3.68055e-07
            1  3.81136e-07
           38  4.54149e-07
           17  5.24153e-07
          100  5.31706e-07
           49  5.61791e-07
           92  5.64544e-07
           47  6.04275e-07
           20  6.58967e-07
          101  7.18938e-07
           73  7.34083e-07
           48  8.39904e-07
           75  8.46523e-07
           76  8.73742e-07
           96  1.04062e-06
           94  1.04474e-06
           95  1.25313e-06
           14  1.26016e-06
           67  1.47887e-06
            9  1.70847e-06
           93  2.45442e-06
