165
 4.51085e-07 2.3942e-07 2.93618e-08 1.40133e-08 3.44005e-07 -7.77465e-08 4.29341e-08 1.35071e-06 -2.36431e-07 9.41084e-07 4.38991e-07 5.78444e-07 1.36135e-08 -3.24242e-07 2.58727e-08 2.83568e-08 -1.67627e-07 5.53097e-07 4.44385e-09 2.42832e-07 -6.75598e-07 -7.77183e-09 -2.23552e-07 -8.37228e-07 1.50056e-07 1.14744e-07 4.24959e-07 1.54307e-07 8.07705e-08 -1.76656e-07 1.56094e-07 -5.9849e-08 7.67028e-08 3.58324e-08 9.85763e-08 -1.11115e-07 -1.97964e-07 5.16653e-07 5.69556e-08 1.7602e-07 2.46126e-07 -1.23244e-07 -5.70854e-07 -9.95773e-07 1.73283e-08 3.55912e-07 8.15085e-07 -6.13519e-07 -4.17271e-07 1.84386e-07 -5.15634e-08 2.59355e-07 2.17376e-07 3.31537e-08 1.75961e-08 3.90994e-08 6.48525e-07 3.66748e-08 3.32119e-07 -8.34989e-08 -2.75099e-08 2.08923e-07 1.54564e-08 -1.9381e-08 3.59357e-07 -6.56301e-08 3.41053e-07 -3.95653e-07 6.3316e-09 6.41314e-09 -4.80159e-07 9.76598e-08 -1.40603e-06 -5.72856e-08 1.38049e-06 -1.64335e-06 1.1707e-07 -1.03621e-06 5.66034e-07 1.66051e-07 3.48231e-08 -5.08631e-07 -3.33194e-07 -5.36203e-08 9.45488e-08 -2.04158e-07 7.0376e-07 -2.4329e-07 -4.38255e-07 7.01507e-07 3.26632e-07 2.79093e-07 -1.87708e-06 1.47329e-06 -5.72741e-07 -1.02609e-06 1.02814e-07 -2.9375e-09 2.97779e-10 1.44312e-08 7.20182e-08 -2.0522e-09 3.20849e-08 -2.28417e-08 -4.81944e-08 2.97608e-08 9.82337e-09 1.56076e-08 -5.88867e-08 1.24646e-08 1.04155e-08 3.73993e-08 3.73668e-08 1.52831e-08 2.9642e-08 8.95125e-08 5.04956e-08 4.35717e-08 4.42111e-08 1.65262e-08 9.45767e-08 9.85726e-08 6.93288e-08 4.14607e-08 8.93457e-08 7.71334e-08 -8.62772e-08 2.78407e-08 6.68723e-08 9.38216e-08 4.30557e-08 5.77537e-08 -9.21405e-08 8.22296e-09 -1.04396e-07 6.91853e-08 -1.37322e-07 -5.56632e-09 -1.44079e-08 2.64788e-08 1.12136e-07 -4.09943e-08 -2.7821e-08 8.71664e-08 9.97812e-08 -4.84353e-08 6.3858e-08 1.21439e-07 2.42598e-08 -6.67755e-08 -1.22961e-07 1.80305e-08 -1.02207e-07 9.69163e-08 9.38412e-08 8.14581e-08 1.05046e-07 -3.43034e-06 -1.69436e-06 5.85103e-07 5.47582e-08 9.39067e-08 5.77328e-07 -6.32661e-07 -1.76001e-06

         1  4.51085e-07
         2   2.3942e-07
         3  2.93618e-08
         4  1.40133e-08
         5  3.44005e-07
         6 -7.77465e-08
         7  4.29341e-08
         8  1.35071e-06
         9 -2.36431e-07
        10  9.41084e-07
        11  4.38991e-07
        12  5.78444e-07
        13  1.36135e-08
        14 -3.24242e-07
        15  2.58727e-08
        16  2.83568e-08
        17 -1.67627e-07
        18  5.53097e-07
        19  4.44385e-09
        20  2.42832e-07
        21 -6.75598e-07
        22 -7.77183e-09
        23 -2.23552e-07
        24 -8.37228e-07
        25  1.50056e-07
        26  1.14744e-07
        27  4.24959e-07
        28  1.54307e-07
        29  8.07705e-08
        30 -1.76656e-07
        31  1.56094e-07
        32  -5.9849e-08
        33  7.67028e-08
        34  3.58324e-08
        35  9.85763e-08
        36 -1.11115e-07
        37 -1.97964e-07
        38  5.16653e-07
        39  5.69556e-08
        40   1.7602e-07
        41  2.46126e-07
        42 -1.23244e-07
        43 -5.70854e-07
        44 -9.95773e-07
        45  1.73283e-08
        46  3.55912e-07
        47  8.15085e-07
        48 -6.13519e-07
        49 -4.17271e-07
        50  1.84386e-07
        51 -5.15634e-08
        52  2.59355e-07
        53  2.17376e-07
        54  3.31537e-08
        55  1.75961e-08
        56  3.90994e-08
        57  6.48525e-07
        58  3.66748e-08
        59  3.32119e-07
        60 -8.34989e-08
        61 -2.75099e-08
        62  2.08923e-07
        63  1.54564e-08
        64  -1.9381e-08
        65  3.59357e-07
        66 -6.56301e-08
        67  3.41053e-07
        68 -3.95653e-07
        69   6.3316e-09
        70  6.41314e-09
        71 -4.80159e-07
        72  9.76598e-08
        73 -1.40603e-06
        74 -5.72856e-08
        75  1.38049e-06
        76 -1.64335e-06
        77   1.1707e-07
        78 -1.03621e-06
        79  5.66034e-07
        80  1.66051e-07
        81  3.48231e-08
        82 -5.08631e-07
        83 -3.33194e-07
        84 -5.36203e-08
        85  9.45488e-08
        86 -2.04158e-07
        87   7.0376e-07
        88  -2.4329e-07
        89 -4.38255e-07
        90  7.01507e-07
        91  3.26632e-07
        92  2.79093e-07
        93 -1.87708e-06
        94  1.47329e-06
        95 -5.72741e-07
        96 -1.02609e-06
        97  1.02814e-07
        98  -2.9375e-09
        99  2.97779e-10
       100  1.44312e-08
       101  7.20182e-08
       102  -2.0522e-09
       103  3.20849e-08
       104 -2.28417e-08
       105 -4.81944e-08
       106  2.97608e-08
       107  9.82337e-09
       108  1.56076e-08
       109 -5.88867e-08
       110  1.24646e-08
       111  1.04155e-08
       112  3.73993e-08
       113  3.73668e-08
       114  1.52831e-08
       115   2.9642e-08
       116  8.95125e-08
       117  5.04956e-08
       118  4.35717e-08
       119  4.42111e-08
       120  1.65262e-08
       121  9.45767e-08
       122  9.85726e-08
       123  6.93288e-08
       124  4.14607e-08
       125  8.93457e-08
       126  7.71334e-08
       127 -8.62772e-08
       128  2.78407e-08
       129  6.68723e-08
       130  9.38216e-08
       131  4.30557e-08
       132  5.77537e-08
       133 -9.21405e-08
       134  8.22296e-09
       135 -1.04396e-07
       136  6.91853e-08
       137 -1.37322e-07
       138 -5.56632e-09
       139 -1.44079e-08
       140  2.64788e-08
       141  1.12136e-07
       142 -4.09943e-08
       143  -2.7821e-08
       144  8.71664e-08
       145  9.97812e-08
       146 -4.84353e-08
       147   6.3858e-08
       148  1.21439e-07
       149  2.42598e-08
       150 -6.67755e-08
       151 -1.22961e-07
       152  1.80305e-08
       153 -1.02207e-07
       154  9.69163e-08
       155  9.38412e-08
       156  8.14581e-08
       157  1.05046e-07
       158 -3.43034e-06
       159 -1.69436e-06
       160  5.85103e-07
       161  5.47582e-08
       162  9.39067e-08
       163  5.77328e-07
       164 -6.32661e-07
       165 -1.76001e-06
