          156  7.37104e-11
           61  8.93928e-11
          124  8.97545e-11
           90  1.22524e-10
          115  1.61837e-10
          112  2.23038e-10
          135  3.40463e-10
          109  3.74173e-10
          116  5.25844e-10
          105   6.2195e-10
          141  7.34065e-10
           20  8.04222e-10
          143  8.73356e-10
           26  8.86933e-10
          140  9.15761e-10
           65  9.39867e-10
          134  9.49683e-10
          123  9.77194e-10
           58  9.92014e-10
          117  1.12314e-09
          129  1.22756e-09
           86  1.26813e-09
           11   1.4294e-09
           94  1.64183e-09
          139  1.70308e-09
          130  1.73631e-09
          118  1.74153e-09
          133  2.07081e-09
          146  2.22168e-09
           69  2.34285e-09
           60  2.37531e-09
          157  2.37629e-09
          106  2.37692e-09
          111  2.43055e-09
          144  2.45391e-09
          155  2.59044e-09
           64  2.60556e-09
          145  2.75341e-09
          121  2.81475e-09
          120  3.00057e-09
           89  3.01212e-09
           57    3.019e-09
          131  3.09567e-09
          114  3.10561e-09
           42  3.30283e-09
           62  3.44987e-09
          149  3.54464e-09
          103  3.55898e-09
          119  3.62338e-09
          126  3.71533e-09
          147  3.74509e-09
          110  3.74876e-09
          122  3.77327e-09
           18  3.88779e-09
          132  3.90294e-09
          136  3.92632e-09
          127  3.99421e-09
          125  4.02665e-09
          113  4.03802e-09
           27  4.20073e-09
          148  4.35758e-09
           88  4.40229e-09
           77  4.45337e-09
          107  4.78163e-09
           70  4.80827e-09
          161  4.84216e-09
          128  4.85594e-09
           51  4.91873e-09
           68  5.13218e-09
           59  5.25673e-09
          138  5.40318e-09
          154  5.48707e-09
            3  5.84142e-09
           52  5.89025e-09
          153  5.92375e-09
           34  5.96669e-09
           22   6.1421e-09
           83  6.31686e-09
          162   6.9314e-09
          137  6.94236e-09
          108  6.99634e-09
           97  7.30805e-09
           50  7.58493e-09
           67  8.25345e-09
           25  8.25699e-09
          151  8.37425e-09
           66  8.51506e-09
           39  9.41607e-09
           91  1.02774e-08
           35  1.06917e-08
           45  1.09671e-08
          152  1.12235e-08
          150  1.12511e-08
           40   1.1321e-08
           63  1.14747e-08
           15  1.16569e-08
           32  1.19545e-08
           31  1.22279e-08
           74  1.25169e-08
           36  1.26213e-08
          104  1.26771e-08
           85  1.27129e-08
           19   1.2731e-08
          142  1.35576e-08
           21  1.39637e-08
           84  1.41549e-08
           13  1.51436e-08
           43  1.51554e-08
           41  1.57732e-08
            4  1.61093e-08
            6  1.74226e-08
          102  1.80615e-08
           98  1.81055e-08
           99  1.86663e-08
           29  1.91191e-08
          160  2.08162e-08
           46  2.12613e-08
           92  2.19913e-08
            2  2.24768e-08
           16  2.39305e-08
           55  2.43586e-08
           30  2.50249e-08
           76  2.51154e-08
           24  2.60147e-08
           49  2.79083e-08
           54  2.85885e-08
          159    2.968e-08
           47  3.34297e-08
           78  3.58815e-08
            5  3.58956e-08
           48  3.59896e-08
           96  3.64848e-08
            8  3.87802e-08
           33  3.94825e-08
           56  4.38048e-08
           95  4.43976e-08
          158  4.76395e-08
           80  5.42213e-08
           12  6.03277e-08
           17  6.66042e-08
          164  6.72094e-08
           44  6.97732e-08
           37  7.69011e-08
          163  7.89578e-08
           87  7.99282e-08
           93  8.06347e-08
          165  9.43089e-08
            7  9.99759e-08
           82  1.01799e-07
           28  1.16947e-07
           72  1.26621e-07
           14  1.36623e-07
           10  1.39012e-07
           23  1.49113e-07
           53  1.84471e-07
          100   1.9688e-07
           79  2.08767e-07
           38  2.34476e-07
           73  2.82469e-07
           75  2.92279e-07
           81  3.16787e-07
          101  3.59853e-07
            1  4.25599e-07
           71  4.97871e-07
            9  6.05957e-07
