165
 4.60132e-07 6.42581e-08 -8.12961e-08 1.36869e-08 3.04274e-08 -6.16132e-08 5.40769e-08 -4.00862e-07 -4.04067e-07 1.2857e-06 -6.55846e-08 9.12432e-07 1.62344e-08 -3.00291e-07 1.06392e-07 2.36839e-08 -1.45822e-07 4.4559e-08 1.13397e-08 8.39143e-07 -2.92158e-07 -4.67411e-09 1.9139e-07 -2.20696e-07 6.70283e-08 9.00494e-08 7.62657e-08 2.28304e-07 1.35051e-07 5.89722e-08 -3.09802e-08 6.74949e-08 -1.27014e-07 2.33403e-08 -5.56601e-08 -1.38858e-07 3.32721e-07 9.62276e-07 -1.86598e-07 4.49459e-08 -9.67251e-08 6.53414e-09 2.02572e-07 4.59096e-07 -2.045e-07 -3.72607e-07 -4.32307e-07 6.09126e-07 3.20874e-08 3.3309e-10 -7.16484e-08 -2.38262e-08 1.07717e-07 3.36867e-08 -4.42987e-09 -4.31495e-08 7.01887e-09 1.24857e-08 2.77903e-09 -4.2373e-08 1.2981e-09 -1.52149e-07 4.61356e-08 3.2583e-09 -1.71849e-08 -2.63832e-08 1.38402e-06 -3.48053e-07 1.76139e-08 6.20348e-09 1.04913e-06 -3.12626e-07 -2.34881e-06 -1.19677e-07 2.4162e-06 8.20785e-08 5.75387e-08 -2.73571e-08 -5.0392e-08 -5.58238e-08 6.62e-07 4.38934e-07 -7.72474e-08 -3.44587e-08 9.131e-08 -8.37585e-08 1.15188e-06 -3.26825e-08 -2.64791e-08 7.38434e-08 1.12122e-07 4.26434e-08 -3.46355e-07 3.44148e-07 -3.03109e-07 6.24129e-08 -2.95446e-08 4.63089e-08 3.35773e-08 -2.24749e-07 5.04136e-07 -1.26018e-08 2.91115e-08 -1.59024e-08 -5.3536e-09 5.14924e-09 -6.47991e-09 -1.66268e-09 -8.71913e-08 2.23826e-08 -4.65772e-08 -5.09525e-09 -1.96538e-08 -1.68292e-08 2.49095e-09 2.32928e-08 1.78835e-08 -1.72817e-08 -4.32113e-09 -1.9657e-08 -7.88855e-09 1.0461e-08 -1.83579e-08 3.83531e-08 3.70197e-09 6.37562e-09 7.89125e-09 5.07422e-08 9.76585e-09 4.86837e-08 5.45898e-08 1.88729e-08 4.78685e-09 -1.50215e-09 3.1667e-08 1.54024e-08 -4.09104e-08 -4.22081e-08 -4.07114e-08 9.41053e-09 1.78668e-08 -4.64636e-08 1.90547e-08 -2.23498e-09 7.40403e-09 -6.85984e-09 -1.96441e-08 -3.513e-08 -8.48982e-09 -4.54889e-08 -7.14096e-08 -4.2724e-08 -4.2953e-08 -9.44909e-09 -2.03417e-10 1.69674e-08 1.11636e-08 -1.11544e-06 -4.39348e-07 2.89151e-07 9.52131e-09 -1.73999e-08 2.0477e-07 -2.34292e-07 -7.29208e-07

         1  4.60132e-07
         2  6.42581e-08
         3 -8.12961e-08
         4  1.36869e-08
         5  3.04274e-08
         6 -6.16132e-08
         7  5.40769e-08
         8 -4.00862e-07
         9 -4.04067e-07
        10   1.2857e-06
        11 -6.55846e-08
        12  9.12432e-07
        13  1.62344e-08
        14 -3.00291e-07
        15  1.06392e-07
        16  2.36839e-08
        17 -1.45822e-07
        18   4.4559e-08
        19  1.13397e-08
        20  8.39143e-07
        21 -2.92158e-07
        22 -4.67411e-09
        23   1.9139e-07
        24 -2.20696e-07
        25  6.70283e-08
        26  9.00494e-08
        27  7.62657e-08
        28  2.28304e-07
        29  1.35051e-07
        30  5.89722e-08
        31 -3.09802e-08
        32  6.74949e-08
        33 -1.27014e-07
        34  2.33403e-08
        35 -5.56601e-08
        36 -1.38858e-07
        37  3.32721e-07
        38  9.62276e-07
        39 -1.86598e-07
        40  4.49459e-08
        41 -9.67251e-08
        42  6.53414e-09
        43  2.02572e-07
        44  4.59096e-07
        45   -2.045e-07
        46 -3.72607e-07
        47 -4.32307e-07
        48  6.09126e-07
        49  3.20874e-08
        50   3.3309e-10
        51 -7.16484e-08
        52 -2.38262e-08
        53  1.07717e-07
        54  3.36867e-08
        55 -4.42987e-09
        56 -4.31495e-08
        57  7.01887e-09
        58  1.24857e-08
        59  2.77903e-09
        60  -4.2373e-08
        61   1.2981e-09
        62 -1.52149e-07
        63  4.61356e-08
        64   3.2583e-09
        65 -1.71849e-08
        66 -2.63832e-08
        67  1.38402e-06
        68 -3.48053e-07
        69  1.76139e-08
        70  6.20348e-09
        71  1.04913e-06
        72 -3.12626e-07
        73 -2.34881e-06
        74 -1.19677e-07
        75   2.4162e-06
        76  8.20785e-08
        77  5.75387e-08
        78 -2.73571e-08
        79  -5.0392e-08
        80 -5.58238e-08
        81     6.62e-07
        82  4.38934e-07
        83 -7.72474e-08
        84 -3.44587e-08
        85    9.131e-08
        86 -8.37585e-08
        87  1.15188e-06
        88 -3.26825e-08
        89 -2.64791e-08
        90  7.38434e-08
        91  1.12122e-07
        92  4.26434e-08
        93 -3.46355e-07
        94  3.44148e-07
        95 -3.03109e-07
        96  6.24129e-08
        97 -2.95446e-08
        98  4.63089e-08
        99  3.35773e-08
       100 -2.24749e-07
       101  5.04136e-07
       102 -1.26018e-08
       103  2.91115e-08
       104 -1.59024e-08
       105  -5.3536e-09
       106  5.14924e-09
       107 -6.47991e-09
       108 -1.66268e-09
       109 -8.71913e-08
       110  2.23826e-08
       111 -4.65772e-08
       112 -5.09525e-09
       113 -1.96538e-08
       114 -1.68292e-08
       115  2.49095e-09
       116  2.32928e-08
       117  1.78835e-08
       118 -1.72817e-08
       119 -4.32113e-09
       120  -1.9657e-08
       121 -7.88855e-09
       122   1.0461e-08
       123 -1.83579e-08
       124  3.83531e-08
       125  3.70197e-09
       126  6.37562e-09
       127  7.89125e-09
       128  5.07422e-08
       129  9.76585e-09
       130  4.86837e-08
       131  5.45898e-08
       132  1.88729e-08
       133  4.78685e-09
       134 -1.50215e-09
       135   3.1667e-08
       136  1.54024e-08
       137 -4.09104e-08
       138 -4.22081e-08
       139 -4.07114e-08
       140  9.41053e-09
       141  1.78668e-08
       142 -4.64636e-08
       143  1.90547e-08
       144 -2.23498e-09
       145  7.40403e-09
       146 -6.85984e-09
       147 -1.96441e-08
       148   -3.513e-08
       149 -8.48982e-09
       150 -4.54889e-08
       151 -7.14096e-08
       152  -4.2724e-08
       153  -4.2953e-08
       154 -9.44909e-09
       155 -2.03417e-10
       156  1.69674e-08
       157  1.11636e-08
       158 -1.11544e-06
       159 -4.39348e-07
       160  2.89151e-07
       161  9.52131e-09
       162 -1.73999e-08
       163   2.0477e-07
       164 -2.34292e-07
       165 -7.29208e-07
