165
 4.1892e-07 4.83936e-08 -3.54623e-07 1.7527e-08 -2.26351e-07 -4.45952e-07 2.04975e-07 4.59359e-07 -1.1878e-06 5.72151e-07 -3.12479e-08 3.93362e-07 1.26112e-08 -6.55618e-08 -5.72642e-08 2.62103e-08 -5.31198e-09 1.90699e-07 7.41356e-09 1.22862e-07 -3.37112e-07 -8.71922e-09 -1.22779e-07 4.73232e-07 2.71157e-08 -1.64708e-08 -7.72537e-08 -7.88118e-08 3.48028e-07 2.17005e-07 -5.41746e-09 -2.09612e-07 -1.49248e-07 -6.0928e-09 -1.1319e-07 -1.5074e-07 8.03199e-08 -8.90865e-08 4.44874e-08 2.70673e-08 7.84057e-08 -1.75931e-08 -1.26016e-07 -1.37921e-07 -7.77253e-08 7.52068e-08 8.01525e-07 4.05081e-07 -4.26296e-07 3.96288e-08 -2.06596e-07 4.21097e-09 -2.25845e-07 -4.30655e-08 -1.35225e-07 9.12466e-10 1.76998e-07 -2.00101e-07 -1.33736e-07 -2.99319e-07 2.64005e-08 1.21532e-07 -1.1673e-09 5.87577e-09 -8.90655e-08 -1.20385e-08 1.65161e-07 -2.34988e-07 3.21611e-09 -9.81988e-09 -5.22916e-07 2.70987e-07 -8.37699e-07 8.91218e-09 8.4245e-07 -8.00963e-07 1.63494e-07 -4.68286e-07 2.58558e-07 3.34796e-08 -5.18101e-07 -2.66914e-07 -7.73508e-08 7.18351e-08 4.30906e-08 3.90692e-08 3.60136e-07 5.71237e-08 -5.77e-08 6.3942e-08 -1.89928e-07 2.3237e-07 -1.24061e-06 6.26235e-07 9.96712e-08 -8.05516e-07 2.39426e-08 -2.57713e-09 -3.03843e-08 -1.77214e-07 6.51203e-07 -4.21888e-08 -2.67227e-08 -9.8525e-09 -2.79594e-08 -6.96714e-11 1.01773e-08 2.12764e-08 -3.68659e-09 4.50049e-08 1.65507e-08 8.83909e-09 6.75179e-09 -3.24527e-09 -9.38047e-09 2.07306e-09 3.27208e-09 2.51913e-09 2.35969e-08 2.54446e-08 4.60988e-08 7.63388e-08 6.99441e-08 9.14198e-08 7.70323e-08 1.2732e-08 7.84083e-09 1.3854e-08 -2.11977e-08 -5.44925e-08 -5.90674e-08 -2.62154e-09 8.50113e-09 7.02795e-09 8.14229e-09 6.1899e-08 -1.06649e-07 -8.65988e-08 -1.21663e-07 -9.50804e-08 -9.19519e-08 8.40346e-08 7.73356e-08 9.36484e-08 1.25977e-07 9.77449e-08 9.7828e-08 5.75662e-08 5.53447e-08 6.16003e-08 -5.02842e-08 1.50145e-09 -6.31238e-08 7.98473e-08 1.67046e-08 -2.85831e-08 1.47683e-07 2.02347e-06 -2.39412e-07 -3.43732e-07 4.40312e-08 7.22929e-08 3.92474e-07 1.54771e-09 -1.97482e-06

         1   4.1892e-07
         2  4.83936e-08
         3 -3.54623e-07
         4   1.7527e-08
         5 -2.26351e-07
         6 -4.45952e-07
         7  2.04975e-07
         8  4.59359e-07
         9  -1.1878e-06
        10  5.72151e-07
        11 -3.12479e-08
        12  3.93362e-07
        13  1.26112e-08
        14 -6.55618e-08
        15 -5.72642e-08
        16  2.62103e-08
        17 -5.31198e-09
        18  1.90699e-07
        19  7.41356e-09
        20  1.22862e-07
        21 -3.37112e-07
        22 -8.71922e-09
        23 -1.22779e-07
        24  4.73232e-07
        25  2.71157e-08
        26 -1.64708e-08
        27 -7.72537e-08
        28 -7.88118e-08
        29  3.48028e-07
        30  2.17005e-07
        31 -5.41746e-09
        32 -2.09612e-07
        33 -1.49248e-07
        34  -6.0928e-09
        35  -1.1319e-07
        36  -1.5074e-07
        37  8.03199e-08
        38 -8.90865e-08
        39  4.44874e-08
        40  2.70673e-08
        41  7.84057e-08
        42 -1.75931e-08
        43 -1.26016e-07
        44 -1.37921e-07
        45 -7.77253e-08
        46  7.52068e-08
        47  8.01525e-07
        48  4.05081e-07
        49 -4.26296e-07
        50  3.96288e-08
        51 -2.06596e-07
        52  4.21097e-09
        53 -2.25845e-07
        54 -4.30655e-08
        55 -1.35225e-07
        56  9.12466e-10
        57  1.76998e-07
        58 -2.00101e-07
        59 -1.33736e-07
        60 -2.99319e-07
        61  2.64005e-08
        62  1.21532e-07
        63  -1.1673e-09
        64  5.87577e-09
        65 -8.90655e-08
        66 -1.20385e-08
        67  1.65161e-07
        68 -2.34988e-07
        69  3.21611e-09
        70 -9.81988e-09
        71 -5.22916e-07
        72  2.70987e-07
        73 -8.37699e-07
        74  8.91218e-09
        75   8.4245e-07
        76 -8.00963e-07
        77  1.63494e-07
        78 -4.68286e-07
        79  2.58558e-07
        80  3.34796e-08
        81 -5.18101e-07
        82 -2.66914e-07
        83 -7.73508e-08
        84  7.18351e-08
        85  4.30906e-08
        86  3.90692e-08
        87  3.60136e-07
        88  5.71237e-08
        89    -5.77e-08
        90   6.3942e-08
        91 -1.89928e-07
        92   2.3237e-07
        93 -1.24061e-06
        94  6.26235e-07
        95  9.96712e-08
        96 -8.05516e-07
        97  2.39426e-08
        98 -2.57713e-09
        99 -3.03843e-08
       100 -1.77214e-07
       101  6.51203e-07
       102 -4.21888e-08
       103 -2.67227e-08
       104  -9.8525e-09
       105 -2.79594e-08
       106 -6.96714e-11
       107  1.01773e-08
       108  2.12764e-08
       109 -3.68659e-09
       110  4.50049e-08
       111  1.65507e-08
       112  8.83909e-09
       113  6.75179e-09
       114 -3.24527e-09
       115 -9.38047e-09
       116  2.07306e-09
       117  3.27208e-09
       118  2.51913e-09
       119  2.35969e-08
       120  2.54446e-08
       121  4.60988e-08
       122  7.63388e-08
       123  6.99441e-08
       124  9.14198e-08
       125  7.70323e-08
       126   1.2732e-08
       127  7.84083e-09
       128   1.3854e-08
       129 -2.11977e-08
       130 -5.44925e-08
       131 -5.90674e-08
       132 -2.62154e-09
       133  8.50113e-09
       134  7.02795e-09
       135  8.14229e-09
       136   6.1899e-08
       137 -1.06649e-07
       138 -8.65988e-08
       139 -1.21663e-07
       140 -9.50804e-08
       141 -9.19519e-08
       142  8.40346e-08
       143  7.73356e-08
       144  9.36484e-08
       145  1.25977e-07
       146  9.77449e-08
       147   9.7828e-08
       148  5.75662e-08
       149  5.53447e-08
       150  6.16003e-08
       151 -5.02842e-08
       152  1.50145e-09
       153 -6.31238e-08
       154  7.98473e-08
       155  1.67046e-08
       156 -2.85831e-08
       157  1.47683e-07
       158  2.02347e-06
       159 -2.39412e-07
       160 -3.43732e-07
       161  4.40312e-08
       162  7.22929e-08
       163  3.92474e-07
       164  1.54771e-09
       165 -1.97482e-06
