165
 4.34892e-07 4.97294e-08 -1.67937e-08 1.57479e-08 1.38476e-07 7.65085e-08 1.02234e-07 3.55821e-07 -5.96997e-07 2.62258e-07 -3.6184e-08 1.55152e-07 1.47889e-08 1.13878e-07 2.88532e-08 1.91794e-08 -8.42711e-09 -1.34713e-07 2.21354e-08 -9.74687e-08 -1.98568e-08 -4.86693e-09 -2.30101e-07 -1.22577e-07 7.46165e-09 4.50912e-08 1.25859e-07 4.11338e-08 -1.02406e-07 -1.1765e-07 -8.80054e-09 1.13906e-08 -3.92735e-08 -8.10164e-09 4.77534e-08 -2.78887e-09 -6.14384e-08 -1.95766e-07 2.21807e-07 -5.68836e-09 6.31161e-09 -4.98833e-08 -1.00988e-07 -1.60844e-07 -7.39479e-08 1.35423e-07 2.2797e-07 -2.74233e-07 4.86165e-07 2.31991e-08 1.78597e-07 1.74526e-08 -1.82403e-07 -2.06982e-08 7.72368e-08 1.38325e-07 1.01545e-08 -4.56808e-08 -3.70512e-08 -6.49103e-08 -2.36428e-08 -5.14154e-08 -2.05734e-08 -6.05122e-09 -3.52052e-08 -1.85599e-08 -1.39946e-07 -6.02013e-07 -2.70539e-09 -8.20972e-09 -5.27608e-07 1.18976e-07 -4.30262e-07 -7.75434e-08 4.56268e-07 -3.18022e-08 -4.41576e-08 -1.02918e-07 2.44043e-07 1.1214e-07 -1.9628e-07 -9.71515e-08 -2.73653e-08 1.49259e-07 4.08062e-09 -2.86094e-07 2.24479e-07 -8.11219e-09 2.92662e-08 3.05639e-08 4.99066e-08 6.39681e-08 -2.90304e-07 5.48376e-08 3.05209e-07 -2.62543e-07 6.64643e-10 -2.28201e-08 8.72248e-09 -2.27828e-07 5.59675e-07 -3.97755e-08 -2.25353e-08 4.28305e-09 -1.09568e-08 -1.31783e-08 -2.47769e-08 -2.90063e-08 -5.31935e-08 -4.33434e-08 -3.10737e-08 -2.02712e-08 -1.04828e-08 -1.41458e-08 -1.53063e-08 -1.49745e-08 -1.4222e-08 -1.05171e-08 -1.64993e-08 -2.67545e-08 -1.03181e-08 -7.37497e-09 -1.96594e-08 -7.07099e-08 -3.34393e-08 -1.95918e-08 -1.26835e-08 -1.4186e-09 -3.70602e-08 -3.84531e-08 -6.49771e-08 -3.47265e-08 -1.44019e-08 -3.01367e-09 -1.45573e-08 6.63481e-09 4.15417e-08 7.05493e-09 -8.09051e-09 2.98415e-08 3.91265e-08 -5.80118e-08 3.75684e-08 1.94269e-09 4.73387e-08 4.8034e-08 1.02245e-07 2.97858e-08 5.54809e-08 4.57842e-08 7.88467e-08 -1.57065e-08 3.80656e-08 -1.68299e-08 2.38492e-08 1.59737e-08 -9.73936e-09 7.37211e-07 -1.61679e-07 6.00568e-07 1.30039e-08 -2.61112e-08 1.36636e-07 -1.57191e-07 -2.26123e-07

         1  4.34892e-07
         2  4.97294e-08
         3 -1.67937e-08
         4  1.57479e-08
         5  1.38476e-07
         6  7.65085e-08
         7  1.02234e-07
         8  3.55821e-07
         9 -5.96997e-07
        10  2.62258e-07
        11  -3.6184e-08
        12  1.55152e-07
        13  1.47889e-08
        14  1.13878e-07
        15  2.88532e-08
        16  1.91794e-08
        17 -8.42711e-09
        18 -1.34713e-07
        19  2.21354e-08
        20 -9.74687e-08
        21 -1.98568e-08
        22 -4.86693e-09
        23 -2.30101e-07
        24 -1.22577e-07
        25  7.46165e-09
        26  4.50912e-08
        27  1.25859e-07
        28  4.11338e-08
        29 -1.02406e-07
        30  -1.1765e-07
        31 -8.80054e-09
        32  1.13906e-08
        33 -3.92735e-08
        34 -8.10164e-09
        35  4.77534e-08
        36 -2.78887e-09
        37 -6.14384e-08
        38 -1.95766e-07
        39  2.21807e-07
        40 -5.68836e-09
        41  6.31161e-09
        42 -4.98833e-08
        43 -1.00988e-07
        44 -1.60844e-07
        45 -7.39479e-08
        46  1.35423e-07
        47   2.2797e-07
        48 -2.74233e-07
        49  4.86165e-07
        50  2.31991e-08
        51  1.78597e-07
        52  1.74526e-08
        53 -1.82403e-07
        54 -2.06982e-08
        55  7.72368e-08
        56  1.38325e-07
        57  1.01545e-08
        58 -4.56808e-08
        59 -3.70512e-08
        60 -6.49103e-08
        61 -2.36428e-08
        62 -5.14154e-08
        63 -2.05734e-08
        64 -6.05122e-09
        65 -3.52052e-08
        66 -1.85599e-08
        67 -1.39946e-07
        68 -6.02013e-07
        69 -2.70539e-09
        70 -8.20972e-09
        71 -5.27608e-07
        72  1.18976e-07
        73 -4.30262e-07
        74 -7.75434e-08
        75  4.56268e-07
        76 -3.18022e-08
        77 -4.41576e-08
        78 -1.02918e-07
        79  2.44043e-07
        80   1.1214e-07
        81  -1.9628e-07
        82 -9.71515e-08
        83 -2.73653e-08
        84  1.49259e-07
        85  4.08062e-09
        86 -2.86094e-07
        87  2.24479e-07
        88 -8.11219e-09
        89  2.92662e-08
        90  3.05639e-08
        91  4.99066e-08
        92  6.39681e-08
        93 -2.90304e-07
        94  5.48376e-08
        95  3.05209e-07
        96 -2.62543e-07
        97  6.64643e-10
        98 -2.28201e-08
        99  8.72248e-09
       100 -2.27828e-07
       101  5.59675e-07
       102 -3.97755e-08
       103 -2.25353e-08
       104  4.28305e-09
       105 -1.09568e-08
       106 -1.31783e-08
       107 -2.47769e-08
       108 -2.90063e-08
       109 -5.31935e-08
       110 -4.33434e-08
       111 -3.10737e-08
       112 -2.02712e-08
       113 -1.04828e-08
       114 -1.41458e-08
       115 -1.53063e-08
       116 -1.49745e-08
       117  -1.4222e-08
       118 -1.05171e-08
       119 -1.64993e-08
       120 -2.67545e-08
       121 -1.03181e-08
       122 -7.37497e-09
       123 -1.96594e-08
       124 -7.07099e-08
       125 -3.34393e-08
       126 -1.95918e-08
       127 -1.26835e-08
       128  -1.4186e-09
       129 -3.70602e-08
       130 -3.84531e-08
       131 -6.49771e-08
       132 -3.47265e-08
       133 -1.44019e-08
       134 -3.01367e-09
       135 -1.45573e-08
       136  6.63481e-09
       137  4.15417e-08
       138  7.05493e-09
       139 -8.09051e-09
       140  2.98415e-08
       141  3.91265e-08
       142 -5.80118e-08
       143  3.75684e-08
       144  1.94269e-09
       145  4.73387e-08
       146   4.8034e-08
       147  1.02245e-07
       148  2.97858e-08
       149  5.54809e-08
       150  4.57842e-08
       151  7.88467e-08
       152 -1.57065e-08
       153  3.80656e-08
       154 -1.68299e-08
       155  2.38492e-08
       156  1.59737e-08
       157 -9.73936e-09
       158  7.37211e-07
       159 -1.61679e-07
       160  6.00568e-07
       161  1.30039e-08
       162 -2.61112e-08
       163  1.36636e-07
       164 -1.57191e-07
       165 -2.26123e-07
