           25   1.8054e-11
           50  4.32218e-10
          115  7.33942e-10
          150  7.81044e-10
          104  9.81133e-10
          152  1.23879e-09
           98  1.48991e-09
          121  1.55302e-09
          148  1.64779e-09
           69  1.80091e-09
          141    1.842e-09
           58  1.87945e-09
          127  2.02034e-09
          108  2.23467e-09
          129  2.44991e-09
          142  2.54601e-09
           61  2.60559e-09
            7  2.78008e-09
          131  3.10877e-09
          110  3.17316e-09
          122  3.26906e-09
          105  3.36437e-09
          130  3.88599e-09
          107  3.96181e-09
          162  4.00898e-09
          112  4.56454e-09
           68  4.58704e-09
           64  4.91393e-09
           34  5.13055e-09
          144  5.26069e-09
          106   5.3605e-09
           66   5.5129e-09
           26  5.89914e-09
           14  5.92137e-09
          114  6.04244e-09
          126   6.1082e-09
          103  6.53466e-09
           63   6.5637e-09
          102  6.76251e-09
           37  6.97304e-09
          133   7.0027e-09
          125  7.05225e-09
          140   7.4713e-09
          147  7.62425e-09
          111  7.97047e-09
           85  8.02654e-09
          120  8.04075e-09
          113  8.09816e-09
           65  8.17869e-09
          124   8.6173e-09
          123  9.23089e-09
           36  9.28054e-09
          146  9.28521e-09
          118  9.46512e-09
          135  9.95382e-09
          153  1.05104e-08
            3  1.12742e-08
          149  1.21016e-08
          128  1.21277e-08
          132  1.21717e-08
          145   1.2215e-08
           55  1.24343e-08
          117  1.26507e-08
           52  1.39401e-08
           90  1.42569e-08
           47  1.57151e-08
          155  1.59777e-08
          119  1.63872e-08
          109  1.73947e-08
          136  1.74318e-08
          143  1.74492e-08
          156   1.8244e-08
           84  1.83122e-08
           18   1.8363e-08
           39  1.96088e-08
          116  2.00828e-08
          134  2.05454e-08
           54  2.10589e-08
           27  2.11175e-08
           60  2.12539e-08
          151  2.13481e-08
           77  2.15384e-08
          138  2.21224e-08
           31  2.22055e-08
           67  2.23303e-08
           32     2.27e-08
            5  2.32725e-08
           57  2.55324e-08
           80  2.65192e-08
          137  2.79913e-08
          139  2.80345e-08
           29  2.88332e-08
          157  2.90642e-08
           74  2.97778e-08
           99  2.99832e-08
           62  3.18486e-08
           86  3.51604e-08
          160  3.56239e-08
           15  3.61906e-08
          154  3.64691e-08
            1  3.70678e-08
           59   3.7573e-08
           93  3.93591e-08
           72  3.97335e-08
           87  4.01283e-08
            2  4.29895e-08
           13  4.37895e-08
          100  4.46965e-08
          101  4.67638e-08
           19  4.79285e-08
          163  4.85445e-08
           33  5.23353e-08
           16  5.23484e-08
           56  5.31035e-08
           40  5.44357e-08
            9  5.56281e-08
            6  5.59714e-08
           35  5.73867e-08
          164  5.76946e-08
           24  5.97533e-08
           42  6.14237e-08
           91  6.56953e-08
           96  6.72057e-08
           51  7.05371e-08
           92  7.05753e-08
           30  7.53269e-08
           83  7.93011e-08
           97  9.08945e-08
            4  9.10572e-08
          159   1.0013e-07
           22  1.01491e-07
           78  1.06637e-07
           11  1.11443e-07
           53  1.20593e-07
          161  1.28065e-07
           12  1.30513e-07
           88  1.42456e-07
           70   1.4358e-07
           73  1.45823e-07
           43  1.57085e-07
           45  1.67501e-07
           89  1.73952e-07
           79  1.74362e-07
           38   1.8033e-07
           81  1.91414e-07
            8  1.99001e-07
          165  2.03338e-07
           71  2.04907e-07
           49  2.15551e-07
           75  2.30552e-07
           94  2.42321e-07
           48   2.5544e-07
           17  2.68563e-07
           23  2.72417e-07
           21  2.74262e-07
           82  2.75721e-07
           41  2.88275e-07
           46  3.09148e-07
           10  3.44943e-07
           95   3.6256e-07
           28  3.80614e-07
           44  4.06949e-07
           76   4.4104e-07
           20  6.95655e-07
          158  7.10742e-07
