165
 5.836e-08 5.93672e-08 -3.09382e-08 7.93924e-08 6.1586e-08 1.29803e-08 2.87261e-08 3.13363e-08 -4.27895e-07 3.84009e-07 -5.83213e-09 1.88245e-07 2.85262e-08 1.34561e-07 -1.77389e-08 4.34735e-08 -4.82238e-07 4.99718e-08 2.81187e-08 1.15369e-06 -1.54262e-07 8.50607e-08 -4.44402e-07 2.10019e-08 -9.52444e-09 1.41782e-08 -1.99264e-08 5.84088e-07 -1.01971e-08 2.67257e-08 -1.02488e-09 -1.48406e-08 -5.63384e-08 -2.24517e-09 3.64644e-08 -1.80891e-08 1.16748e-07 3.39127e-07 -6.31157e-09 1.16222e-07 3.80167e-07 -2.08789e-08 2.78718e-08 3.30333e-08 9.48099e-09 -5.5135e-07 3.32573e-07 -5.12144e-08 -2.40872e-07 7.8481e-09 -4.00274e-08 1.89747e-08 -6.14015e-08 -1.31792e-08 -2.82461e-09 -9.88446e-09 3.95089e-09 4.66838e-09 2.79807e-08 2.90103e-08 3.11372e-09 2.56148e-08 -6.96867e-09 -5.61533e-09 1.23215e-08 -2.0631e-08 2.41075e-07 -6.97122e-08 5.74609e-09 1.20097e-07 -9.5453e-08 3.00398e-08 -2.71336e-07 -5.00706e-08 4.53418e-07 -2.01935e-07 2.55353e-08 -9.79363e-08 1.51913e-07 4.42446e-08 -1.7273e-07 2.856e-07 1.14174e-08 4.37351e-09 -4.40448e-08 -3.1418e-08 -2.48647e-07 3.25013e-08 -3.26537e-08 -1.79197e-09 1.13132e-08 5.81762e-08 -3.61055e-07 3.00746e-07 1.11515e-07 -6.49499e-07 -3.70361e-09 7.07809e-08 -2.1824e-08 3.32047e-07 -5.35812e-07 2.68759e-08 5.45108e-09 1.50175e-08 4.88902e-09 7.26434e-09 8.94245e-09 9.88386e-09 -2.55684e-09 2.09895e-08 8.54486e-09 5.16507e-09 2.43033e-09 4.36987e-09 1.10888e-08 1.19358e-08 1.24123e-08 6.17326e-09 1.04509e-08 2.42077e-09 5.54175e-09 1.9313e-08 1.72421e-08 1.1476e-08 6.08877e-09 1.97225e-08 1.54236e-08 1.66265e-08 1.07487e-08 3.48085e-08 1.87526e-08 1.67726e-08 1.68764e-08 1.18092e-08 5.07238e-09 2.82789e-08 9.81588e-09 2.48563e-09 1.08169e-08 1.15337e-08 2.54102e-09 8.78437e-09 1.62972e-08 8.14612e-09 1.07665e-08 1.38259e-08 1.00035e-08 1.78758e-08 6.73073e-09 1.65112e-08 4.68341e-09 1.25943e-08 1.84161e-08 9.65064e-09 1.44334e-08 2.07154e-08 3.33117e-08 -1.01838e-07 -2.38833e-09 1.94775e-07 8.83491e-09 1.65888e-08 7.64106e-08 -8.78009e-08 2.52661e-07

         1    5.836e-08
         2  5.93672e-08
         3 -3.09382e-08
         4  7.93924e-08
         5   6.1586e-08
         6  1.29803e-08
         7  2.87261e-08
         8  3.13363e-08
         9 -4.27895e-07
        10  3.84009e-07
        11 -5.83213e-09
        12  1.88245e-07
        13  2.85262e-08
        14  1.34561e-07
        15 -1.77389e-08
        16  4.34735e-08
        17 -4.82238e-07
        18  4.99718e-08
        19  2.81187e-08
        20  1.15369e-06
        21 -1.54262e-07
        22  8.50607e-08
        23 -4.44402e-07
        24  2.10019e-08
        25 -9.52444e-09
        26  1.41782e-08
        27 -1.99264e-08
        28  5.84088e-07
        29 -1.01971e-08
        30  2.67257e-08
        31 -1.02488e-09
        32 -1.48406e-08
        33 -5.63384e-08
        34 -2.24517e-09
        35  3.64644e-08
        36 -1.80891e-08
        37  1.16748e-07
        38  3.39127e-07
        39 -6.31157e-09
        40  1.16222e-07
        41  3.80167e-07
        42 -2.08789e-08
        43  2.78718e-08
        44  3.30333e-08
        45  9.48099e-09
        46  -5.5135e-07
        47  3.32573e-07
        48 -5.12144e-08
        49 -2.40872e-07
        50   7.8481e-09
        51 -4.00274e-08
        52  1.89747e-08
        53 -6.14015e-08
        54 -1.31792e-08
        55 -2.82461e-09
        56 -9.88446e-09
        57  3.95089e-09
        58  4.66838e-09
        59  2.79807e-08
        60  2.90103e-08
        61  3.11372e-09
        62  2.56148e-08
        63 -6.96867e-09
        64 -5.61533e-09
        65  1.23215e-08
        66  -2.0631e-08
        67  2.41075e-07
        68 -6.97122e-08
        69  5.74609e-09
        70  1.20097e-07
        71  -9.5453e-08
        72  3.00398e-08
        73 -2.71336e-07
        74 -5.00706e-08
        75  4.53418e-07
        76 -2.01935e-07
        77  2.55353e-08
        78 -9.79363e-08
        79  1.51913e-07
        80  4.42446e-08
        81  -1.7273e-07
        82    2.856e-07
        83  1.14174e-08
        84  4.37351e-09
        85 -4.40448e-08
        86  -3.1418e-08
        87 -2.48647e-07
        88  3.25013e-08
        89 -3.26537e-08
        90 -1.79197e-09
        91  1.13132e-08
        92  5.81762e-08
        93 -3.61055e-07
        94  3.00746e-07
        95  1.11515e-07
        96 -6.49499e-07
        97 -3.70361e-09
        98  7.07809e-08
        99  -2.1824e-08
       100  3.32047e-07
       101 -5.35812e-07
       102  2.68759e-08
       103  5.45108e-09
       104  1.50175e-08
       105  4.88902e-09
       106  7.26434e-09
       107  8.94245e-09
       108  9.88386e-09
       109 -2.55684e-09
       110  2.09895e-08
       111  8.54486e-09
       112  5.16507e-09
       113  2.43033e-09
       114  4.36987e-09
       115  1.10888e-08
       116  1.19358e-08
       117  1.24123e-08
       118  6.17326e-09
       119  1.04509e-08
       120  2.42077e-09
       121  5.54175e-09
       122   1.9313e-08
       123  1.72421e-08
       124   1.1476e-08
       125  6.08877e-09
       126  1.97225e-08
       127  1.54236e-08
       128  1.66265e-08
       129  1.07487e-08
       130  3.48085e-08
       131  1.87526e-08
       132  1.67726e-08
       133  1.68764e-08
       134  1.18092e-08
       135  5.07238e-09
       136  2.82789e-08
       137  9.81588e-09
       138  2.48563e-09
       139  1.08169e-08
       140  1.15337e-08
       141  2.54102e-09
       142  8.78437e-09
       143  1.62972e-08
       144  8.14612e-09
       145  1.07665e-08
       146  1.38259e-08
       147  1.00035e-08
       148  1.78758e-08
       149  6.73073e-09
       150  1.65112e-08
       151  4.68341e-09
       152  1.25943e-08
       153  1.84161e-08
       154  9.65064e-09
       155  1.44334e-08
       156  2.07154e-08
       157  3.33117e-08
       158 -1.01838e-07
       159 -2.38833e-09
       160  1.94775e-07
       161  8.83491e-09
       162  1.65888e-08
       163  7.64106e-08
       164 -8.78009e-08
       165  2.52661e-07
