           83   7.6423e-11
          115  8.17267e-11
          120  1.81426e-10
           50  3.28847e-10
          150  4.37766e-10
          148   6.9354e-10
           61  7.95822e-10
          105  1.01489e-09
          124  1.02857e-09
          128  1.04681e-09
          147  1.17024e-09
          152  1.22485e-09
          156  1.25688e-09
          144  1.28503e-09
          121  1.50733e-09
          122  1.97054e-09
          136  2.00499e-09
          151  2.03662e-09
           63  2.08401e-09
          109  2.09367e-09
           39  2.12157e-09
          116  2.21589e-09
          157  2.29026e-09
           99  2.34951e-09
           85  2.35236e-09
          119   2.4197e-09
          103  2.53869e-09
          117  2.57827e-09
          118  2.67573e-09
           78  2.73315e-09
          161  2.86309e-09
          146  2.88823e-09
           65   2.9718e-09
           70  3.21185e-09
          153  3.27928e-09
          141  3.29443e-09
           48  3.45202e-09
          108  3.61186e-09
          137  3.81934e-09
          154  3.96232e-09
          162  3.98476e-09
           64  4.09854e-09
          130  4.11023e-09
          106   4.1543e-09
            5  4.17372e-09
           57  4.21674e-09
          126  4.22975e-09
          145  4.28819e-09
          104  4.30021e-09
          133   4.3686e-09
           22  4.86544e-09
           34  4.91457e-09
          129  5.00333e-09
          132  5.10878e-09
           90  5.15889e-09
          155  5.22291e-09
           58  5.24347e-09
          125  5.61294e-09
          127  5.72749e-09
          112  5.81633e-09
          111  6.01586e-09
          102  6.11717e-09
          114  6.15692e-09
           52   6.2837e-09
          107  6.38533e-09
           62  6.40532e-09
           59  6.40869e-09
           46  6.50772e-09
          134  6.73601e-09
          149  6.91997e-09
           31  7.40473e-09
          123  7.76282e-09
          113  8.69984e-09
           69  8.81823e-09
           36  8.93124e-09
          131  9.10999e-09
           74  9.40573e-09
           66   9.5835e-09
          135  9.82859e-09
          110  1.00313e-08
           42   1.0217e-08
           25  1.07397e-08
          143  1.08446e-08
           84  1.10198e-08
          138  1.16947e-08
          139  1.22303e-08
           40  1.33758e-08
          140  1.34616e-08
           86  1.45178e-08
           77  1.49133e-08
           27  1.53838e-08
           29  1.55273e-08
           13  1.57571e-08
            2  1.58186e-08
            4  1.64111e-08
           26  1.64341e-08
           55  1.79944e-08
           80  1.80587e-08
           19  1.90004e-08
          142  1.95563e-08
            3  2.06693e-08
           60  2.23652e-08
           32  2.25696e-08
           16  2.28655e-08
           88  2.32038e-08
           35  2.57563e-08
           11  2.68469e-08
           51  2.69664e-08
           98   2.8661e-08
           54  2.93275e-08
           30  2.99318e-08
           81  3.08793e-08
           33  3.31644e-08
            6  3.46812e-08
           56  3.47007e-08
          163  3.62359e-08
           97  3.62793e-08
           76  3.63001e-08
           89  3.87855e-08
           47  4.05992e-08
           15  4.11334e-08
           91  4.15012e-08
           18  4.26053e-08
           43  4.45417e-08
          160   4.4604e-08
            8  4.54412e-08
           72  4.78446e-08
           45  4.96956e-08
          100  5.28863e-08
          164  5.85787e-08
           24  5.88647e-08
           49  6.01021e-08
           68  6.12085e-08
           92  6.38755e-08
           67  6.70518e-08
           41  7.27053e-08
           87  7.54821e-08
            7  7.86949e-08
          159   8.4937e-08
           79  8.58025e-08
           37  8.59846e-08
           44  9.91153e-08
           21  1.03215e-07
           10   1.0632e-07
          165  1.09902e-07
           94  1.10712e-07
           17  1.15943e-07
           28  1.17986e-07
           12   1.2077e-07
           20  1.30556e-07
           23   1.3325e-07
          101  1.46797e-07
           93  1.63582e-07
           53  1.72901e-07
           38  1.86032e-07
           82  2.13504e-07
          158  2.15181e-07
           71  2.71743e-07
           73    2.724e-07
           75  2.84789e-07
           14    3.426e-07
           95  3.45047e-07
            1   4.3352e-07
            9  4.76388e-07
           96  5.64371e-07
