165
 -5.97144e-08 2.52993e-08 2.06411e-10 2.05627e-08 3.42774e-08 -1.40979e-08 1.20916e-08 -2.94221e-09 -1.76442e-07 1.90101e-08 4.22462e-09 -2.52635e-08 1.28754e-07 -7.01159e-09 -1.79479e-10 8.6102e-08 2.70315e-07 6.82801e-10 -3.18901e-10 -1.60565e-07 3.58964e-08 4.97774e-08 -1.92106e-07 1.40581e-08 4.80952e-09 -2.19245e-09 1.27639e-10 -3.68296e-07 6.07394e-08 -1.96189e-08 6.07047e-09 -1.53174e-09 -1.74354e-08 6.87883e-09 1.07363e-08 3.66149e-09 3.57158e-08 1.8439e-07 -1.58627e-08 4.53179e-08 1.41397e-07 -1.51712e-09 -1.68605e-08 -4.56951e-08 4.53087e-09 -7.46966e-08 4.94168e-07 -1.3682e-07 -8.46592e-07 1.04787e-09 -2.10502e-07 1.34803e-07 4.64792e-08 1.12471e-08 -2.2175e-08 -1.65687e-08 -2.16316e-08 1.12347e-08 -8.35173e-09 6.79342e-09 4.94085e-09 3.12525e-09 -7.54411e-09 -1.65344e-09 3.39829e-09 -9.54876e-09 -3.63533e-07 6.64239e-08 -2.67596e-09 1.16717e-07 -3.20206e-08 6.18805e-10 -1.62311e-07 -7.25774e-08 2.40075e-07 -1.80661e-08 1.17915e-08 -1.91054e-08 -6.92468e-09 2.68934e-08 -5.85206e-08 -1.14349e-07 8.83003e-08 -1.95477e-09 -8.54805e-08 7.32405e-09 -5.09641e-07 1.11051e-08 -1.25395e-08 1.86242e-09 -6.81069e-09 2.52039e-08 -2.80114e-08 -8.52748e-09 -2.84499e-09 1.79376e-08 -3.71494e-09 4.21027e-09 -1.2569e-10 1.40815e-08 1.6446e-08 -4.5081e-11 7.2726e-09 -4.59866e-09 -4.25224e-09 2.32241e-09 -1.19717e-09 6.35904e-09 2.26459e-09 -6.70339e-10 6.49437e-09 4.06334e-09 4.76192e-09 -4.80011e-10 -7.17106e-09 -2.6856e-09 3.87551e-09 1.21162e-09 2.40386e-09 -1.63879e-09 1.2936e-09 2.42709e-09 3.32573e-09 -2.61321e-10 -2.57241e-09 -4.3099e-09 2.37011e-10 -4.82127e-09 -3.74294e-09 6.5432e-09 -4.24315e-09 -1.63832e-09 1.956e-09 6.44346e-09 -4.92554e-09 2.65251e-09 -5.6431e-09 -7.06246e-09 -2.32567e-09 -6.72433e-09 -3.47681e-09 -4.39247e-09 -4.99502e-09 -3.48209e-09 -2.0157e-09 2.12016e-09 9.00157e-10 9.35652e-10 1.18807e-09 8.35595e-10 -2.47737e-09 -8.92146e-10 6.27662e-09 -5.44265e-09 -2.77868e-09 -3.37496e-09 -1.85413e-09 2.41053e-09 -1.53338e-08 8.89722e-09 5.40105e-09 4.40439e-09 2.31384e-07 -5.88999e-08 -9.09847e-07

         1 -5.97144e-08
         2  2.52993e-08
         3  2.06411e-10
         4  2.05627e-08
         5  3.42774e-08
         6 -1.40979e-08
         7  1.20916e-08
         8 -2.94221e-09
         9 -1.76442e-07
        10  1.90101e-08
        11  4.22462e-09
        12 -2.52635e-08
        13  1.28754e-07
        14 -7.01159e-09
        15 -1.79479e-10
        16   8.6102e-08
        17  2.70315e-07
        18  6.82801e-10
        19 -3.18901e-10
        20 -1.60565e-07
        21  3.58964e-08
        22  4.97774e-08
        23 -1.92106e-07
        24  1.40581e-08
        25  4.80952e-09
        26 -2.19245e-09
        27  1.27639e-10
        28 -3.68296e-07
        29  6.07394e-08
        30 -1.96189e-08
        31  6.07047e-09
        32 -1.53174e-09
        33 -1.74354e-08
        34  6.87883e-09
        35  1.07363e-08
        36  3.66149e-09
        37  3.57158e-08
        38   1.8439e-07
        39 -1.58627e-08
        40  4.53179e-08
        41  1.41397e-07
        42 -1.51712e-09
        43 -1.68605e-08
        44 -4.56951e-08
        45  4.53087e-09
        46 -7.46966e-08
        47  4.94168e-07
        48  -1.3682e-07
        49 -8.46592e-07
        50  1.04787e-09
        51 -2.10502e-07
        52  1.34803e-07
        53  4.64792e-08
        54  1.12471e-08
        55  -2.2175e-08
        56 -1.65687e-08
        57 -2.16316e-08
        58  1.12347e-08
        59 -8.35173e-09
        60  6.79342e-09
        61  4.94085e-09
        62  3.12525e-09
        63 -7.54411e-09
        64 -1.65344e-09
        65  3.39829e-09
        66 -9.54876e-09
        67 -3.63533e-07
        68  6.64239e-08
        69 -2.67596e-09
        70  1.16717e-07
        71 -3.20206e-08
        72  6.18805e-10
        73 -1.62311e-07
        74 -7.25774e-08
        75  2.40075e-07
        76 -1.80661e-08
        77  1.17915e-08
        78 -1.91054e-08
        79 -6.92468e-09
        80  2.68934e-08
        81 -5.85206e-08
        82 -1.14349e-07
        83  8.83003e-08
        84 -1.95477e-09
        85 -8.54805e-08
        86  7.32405e-09
        87 -5.09641e-07
        88  1.11051e-08
        89 -1.25395e-08
        90  1.86242e-09
        91 -6.81069e-09
        92  2.52039e-08
        93 -2.80114e-08
        94 -8.52748e-09
        95 -2.84499e-09
        96  1.79376e-08
        97 -3.71494e-09
        98  4.21027e-09
        99  -1.2569e-10
       100  1.40815e-08
       101   1.6446e-08
       102  -4.5081e-11
       103   7.2726e-09
       104 -4.59866e-09
       105 -4.25224e-09
       106  2.32241e-09
       107 -1.19717e-09
       108  6.35904e-09
       109  2.26459e-09
       110 -6.70339e-10
       111  6.49437e-09
       112  4.06334e-09
       113  4.76192e-09
       114 -4.80011e-10
       115 -7.17106e-09
       116  -2.6856e-09
       117  3.87551e-09
       118  1.21162e-09
       119  2.40386e-09
       120 -1.63879e-09
       121   1.2936e-09
       122  2.42709e-09
       123  3.32573e-09
       124 -2.61321e-10
       125 -2.57241e-09
       126  -4.3099e-09
       127  2.37011e-10
       128 -4.82127e-09
       129 -3.74294e-09
       130   6.5432e-09
       131 -4.24315e-09
       132 -1.63832e-09
       133    1.956e-09
       134  6.44346e-09
       135 -4.92554e-09
       136  2.65251e-09
       137  -5.6431e-09
       138 -7.06246e-09
       139 -2.32567e-09
       140 -6.72433e-09
       141 -3.47681e-09
       142 -4.39247e-09
       143 -4.99502e-09
       144 -3.48209e-09
       145  -2.0157e-09
       146  2.12016e-09
       147  9.00157e-10
       148  9.35652e-10
       149  1.18807e-09
       150  8.35595e-10
       151 -2.47737e-09
       152 -8.92146e-10
       153  6.27662e-09
       154 -5.44265e-09
       155 -2.77868e-09
       156 -3.37496e-09
       157 -1.85413e-09
       158  2.41053e-09
       159 -1.53338e-08
       160  8.89722e-09
       161  5.40105e-09
       162  4.40439e-09
       163  2.31384e-07
       164 -5.88999e-08
       165 -9.09847e-07
