          153  1.59114e-10
          145  1.90101e-10
           35  3.07582e-10
          115   3.7285e-10
          124  4.99376e-10
          116  5.13893e-10
          109  7.58682e-10
          131  7.73352e-10
          133  7.85764e-10
          138   9.6278e-10
          143  1.09838e-09
          136  1.31785e-09
          141  1.47779e-09
           91  1.88402e-09
          105   2.0021e-09
          118  2.08432e-09
           17  2.12351e-09
          111  2.30441e-09
          106   2.3473e-09
          152  2.40311e-09
          151  2.45099e-09
           90  2.62121e-09
          157  2.65442e-09
          112  2.84843e-09
          123  2.88616e-09
          129  2.93064e-09
          120  2.99616e-09
          132  3.09867e-09
          121  3.11151e-09
          156  3.59309e-09
           50     3.63e-09
          149  3.88516e-09
          155  3.97977e-09
          134  4.03416e-09
          125  4.05358e-09
          150   4.0816e-09
           63  4.32522e-09
           59   4.3324e-09
          117  4.44715e-09
           34  4.62216e-09
          127  4.64631e-09
           69  4.79628e-09
           61  4.88184e-09
          110  5.10638e-09
          137  5.44584e-09
          126  5.57223e-09
           15  5.68564e-09
          119  5.75405e-09
          139  5.96775e-09
          130  6.02069e-09
          103  6.03095e-09
          122  6.14836e-09
          114  6.19938e-09
           58  6.34024e-09
           83  6.57976e-09
           22  6.93116e-09
          113  6.96897e-09
          144  7.04064e-09
          146  7.10427e-09
          142  7.14193e-09
           60  7.26099e-09
           66  7.35197e-09
           64  7.42962e-09
          148  7.45897e-09
          135  7.60167e-09
          104  7.81843e-09
          162  8.07244e-09
          140   8.2727e-09
           84  8.56072e-09
           86  8.79957e-09
           25  8.86513e-09
           78  9.12113e-09
           62  9.16389e-09
          107  9.32569e-09
          128  9.38389e-09
          154  9.42809e-09
           26  1.00243e-08
           32  1.05367e-08
           85   1.0613e-08
          147  1.07295e-08
          108  1.20181e-08
           42  1.20982e-08
          161  1.26178e-08
           57    1.266e-08
           29  1.27487e-08
           31  1.32699e-08
           97  1.33252e-08
           24  1.37889e-08
           98  1.39375e-08
           14   1.4198e-08
           13  1.46295e-08
           77  1.46777e-08
           27   1.5124e-08
           70  1.55838e-08
          102  1.60731e-08
          159  1.68706e-08
           40  1.69831e-08
            8  1.79079e-08
           65  1.79385e-08
           18  1.81033e-08
           74  1.87047e-08
           11  1.92312e-08
           19  1.97475e-08
            4  2.01463e-08
           52  2.10362e-08
           99  2.15601e-08
           45  2.22009e-08
           76  2.26984e-08
            3  2.37217e-08
           80  2.38224e-08
           16  2.40647e-08
           67  2.46343e-08
           68  2.46407e-08
           89  2.48169e-08
           21  2.49497e-08
           96  2.63371e-08
           92  2.73356e-08
            2  2.80003e-08
            5  2.85003e-08
           55  3.14958e-08
            6  3.15108e-08
           88  3.38323e-08
           36  3.42106e-08
           41  4.02721e-08
           54  4.11361e-08
           30  4.29541e-08
           39  4.77412e-08
           51   4.8257e-08
           56  5.03785e-08
          164  5.24678e-08
           95  5.44182e-08
           33   6.5748e-08
           72  6.90957e-08
           37  6.99385e-08
           43   7.8144e-08
           20  8.05845e-08
           94  8.45419e-08
           28  9.11215e-08
           46  1.00181e-07
           12  1.02044e-07
          160  1.02432e-07
           49   1.0723e-07
           87  1.17614e-07
           93  1.18276e-07
          163  1.21977e-07
            7  1.31562e-07
          158  1.35146e-07
           23  1.61188e-07
           79   1.6705e-07
           47  1.68009e-07
           44  1.71544e-07
          100   1.8863e-07
           48  1.91262e-07
           10   2.0747e-07
           82  2.28241e-07
           53  2.53859e-07
           81  2.60185e-07
           71  2.92206e-07
          101  3.25156e-07
           38  3.43012e-07
           73  3.73254e-07
           75   3.8776e-07
            1  4.26887e-07
          165  4.27452e-07
            9  8.00111e-07
