          117   1.3365e-10
          152  2.06141e-10
          133  2.53676e-10
          134  3.72507e-10
           99  3.86162e-10
          131  4.02796e-10
            5  8.25904e-10
          114  9.89777e-10
           45  1.14448e-09
          122  1.28432e-09
          123  1.38345e-09
          149  1.43997e-09
          109  1.65111e-09
           61  1.67602e-09
          153  1.88119e-09
          121  1.96704e-09
          112  2.15574e-09
          103  2.20939e-09
          118  2.29932e-09
           34  2.52802e-09
          136  2.63988e-09
          105  2.66221e-09
          124  2.66565e-09
           42  2.84663e-09
           33  3.07645e-09
          127  3.20546e-09
          115  3.55893e-09
          132  3.57902e-09
           24  3.64803e-09
          119  3.65111e-09
          146  3.66579e-09
          157  3.68994e-09
          144  3.84637e-09
          154  3.87519e-09
           62  4.00125e-09
          113  4.22694e-09
          156  4.24165e-09
          138  4.29875e-09
          129  4.51035e-09
          125  4.73159e-09
           64  5.05661e-09
          107  5.05954e-09
          160  5.09962e-09
          135  5.11545e-09
          111  5.18846e-09
            2   5.8336e-09
            7  6.02005e-09
          147  6.03568e-09
          145  6.09259e-09
          126  6.14918e-09
           25  6.38239e-09
          155   7.0008e-09
          116  7.17626e-09
          106    7.471e-09
          148  7.51884e-09
          141  7.69354e-09
          120  7.70638e-09
          108  7.98656e-09
          143  8.57363e-09
           66   8.7139e-09
           77  8.72437e-09
          142  8.95332e-09
          104   9.2915e-09
           21  9.56077e-09
          164  9.59926e-09
          151  9.91834e-09
          150  1.01937e-08
          137   1.0317e-08
           26  1.04945e-08
          110  1.07283e-08
           72  1.08759e-08
           11  1.09006e-08
           31  1.15564e-08
          139   1.2087e-08
          128  1.23008e-08
           38  1.23288e-08
           85  1.28567e-08
            3  1.28634e-08
          140  1.30212e-08
          130  1.35054e-08
           52  1.36945e-08
           18  1.51936e-08
           58  1.55973e-08
          163  1.60904e-08
           88  1.99633e-08
           60  2.03985e-08
          162  2.12803e-08
           82  2.26914e-08
            6  2.34096e-08
           84   2.3677e-08
           92  2.49358e-08
           98  2.55169e-08
           14  2.62646e-08
           65  2.79209e-08
           50  2.81435e-08
           86  2.99153e-08
          165  3.04437e-08
           15    3.095e-08
           90  3.19654e-08
           63  3.27196e-08
          161  3.27322e-08
           27  3.29899e-08
           59   3.4485e-08
           40  3.61032e-08
           32  3.71421e-08
          102  3.95058e-08
           69  4.04886e-08
           37  4.41318e-08
           91  4.75467e-08
           43  4.88253e-08
           35  4.91812e-08
           89  4.94257e-08
           71  5.19369e-08
           13  5.37048e-08
           28  5.45619e-08
           55  5.46636e-08
           68  5.52313e-08
           39  5.59954e-08
           79  5.77533e-08
           29  5.88173e-08
           12  6.29348e-08
           80  6.44983e-08
           81  6.74228e-08
           54  6.98902e-08
           20   7.8191e-08
          159  8.56903e-08
           83  8.75243e-08
           56  8.78376e-08
           16   1.0886e-07
           57  1.10892e-07
           36   1.1093e-07
           94  1.11318e-07
           10  1.17311e-07
           74  1.17379e-07
           97  1.17444e-07
           23  1.21643e-07
           44  1.23051e-07
           87  1.24117e-07
           51  1.43853e-07
            1  1.57718e-07
           30  1.59363e-07
           67  1.60167e-07
          100  1.64623e-07
           19  1.64624e-07
          158  1.70164e-07
           41  1.88925e-07
           93  1.95281e-07
            4  2.11516e-07
           22  2.18521e-07
           47  2.43487e-07
           78  2.48299e-07
           95  2.59085e-07
           70  2.84321e-07
           48  2.84801e-07
           73   3.2247e-07
           49  3.28337e-07
           17  4.19588e-07
            9  4.30726e-07
           46  4.48665e-07
            8  4.49912e-07
          101  4.54971e-07
           76  5.07271e-07
           53  5.21726e-07
           96  6.56689e-07
           75   7.5914e-07
