165
 2.62606e-07 4.92482e-09 -5.89287e-09 -1.28453e-09 6.34076e-09 -6.80819e-09 2.67265e-08 5.80155e-09 -1.98221e-07 -1.33417e-07 4.84301e-09 -9.30211e-08 8.5769e-09 1.18375e-07 -1.01591e-09 2.30195e-09 -1.59853e-07 8.15716e-09 7.42395e-08 -2.63901e-07 1.18703e-07 1.70173e-09 5.3559e-09 -4.24454e-09 -9.21517e-09 1.22377e-09 8.67885e-10 -2.66212e-08 5.58042e-09 -6.41159e-09 -5.04122e-09 5.45446e-09 -1.82686e-08 -5.56965e-09 1.70108e-09 -3.40201e-09 2.61517e-08 1.0182e-07 -6.36641e-09 -3.64943e-08 -1.37785e-07 2.51656e-09 -1.32906e-09 -6.98712e-09 2.0429e-09 -7.62015e-09 1.46711e-08 -2.3241e-08 7.21385e-08 -1.68087e-08 1.08401e-08 -5.44869e-09 1.64923e-08 -2.56778e-09 1.81571e-09 9.83035e-10 7.49722e-09 -4.32721e-09 4.39285e-09 2.1187e-09 -1.03096e-09 -1.45379e-09 -4.64344e-09 -5.88035e-09 -2.61374e-10 2.30267e-09 2.02964e-08 -5.88037e-09 2.09387e-09 -2.25905e-09 -3.20671e-08 7.54541e-09 3.99364e-07 2.32568e-08 -4.84714e-07 -8.84996e-07 1.55237e-08 -3.24805e-07 1.2236e-07 -3.25347e-09 2.53021e-08 -8.82825e-08 7.28999e-09 -2.29751e-10 -2.20275e-08 3.20306e-09 -2.33592e-07 -3.01846e-09 3.41709e-09 -3.22757e-10 -5.61763e-09 -3.10608e-08 1.26862e-07 -2.71015e-08 -1.30198e-07 -4.29827e-08 2.15923e-08 2.05686e-09 1.87304e-08 -2.47753e-07 4.51692e-07 -1.80309e-08 -7.3571e-09 -1.60368e-09 -5.89381e-09 -3.21811e-09 -6.61688e-10 -6.81142e-09 3.33838e-09 -8.48149e-09 3.05271e-09 -2.12041e-10 -1.6148e-09 -3.86364e-09 -4.02489e-09 -4.6251e-09 -2.18877e-09 -2.02078e-09 -5.26553e-09 -1.66578e-09 -1.50726e-09 -3.44374e-09 -2.82737e-09 -5.12211e-09 5.0634e-11 -8.75067e-09 2.22153e-09 -6.23275e-09 -1.89122e-09 -1.74678e-09 -2.45958e-09 -2.23305e-09 1.2786e-09 -1.68831e-10 -3.64168e-09 -3.67694e-09 -1.60097e-09 -2.14535e-09 -4.00716e-12 -1.64016e-09 -4.8414e-10 -1.84974e-09 -2.60492e-10 -1.89481e-09 -4.23102e-10 -7.05785e-10 -1.71673e-10 4.53442e-10 -2.08664e-09 -1.42724e-09 8.15987e-10 5.74475e-10 -1.07933e-09 -1.58345e-09 -2.87542e-09 -8.05923e-10 -3.87742e-09 -1.7917e-09 5.33903e-09 -6.08212e-09 -2.51378e-09 -9.84651e-09 1.55534e-08 3.92081e-08 1.74351e-07

         1  2.62606e-07
         2  4.92482e-09
         3 -5.89287e-09
         4 -1.28453e-09
         5  6.34076e-09
         6 -6.80819e-09
         7  2.67265e-08
         8  5.80155e-09
         9 -1.98221e-07
        10 -1.33417e-07
        11  4.84301e-09
        12 -9.30211e-08
        13   8.5769e-09
        14  1.18375e-07
        15 -1.01591e-09
        16  2.30195e-09
        17 -1.59853e-07
        18  8.15716e-09
        19  7.42395e-08
        20 -2.63901e-07
        21  1.18703e-07
        22  1.70173e-09
        23   5.3559e-09
        24 -4.24454e-09
        25 -9.21517e-09
        26  1.22377e-09
        27  8.67885e-10
        28 -2.66212e-08
        29  5.58042e-09
        30 -6.41159e-09
        31 -5.04122e-09
        32  5.45446e-09
        33 -1.82686e-08
        34 -5.56965e-09
        35  1.70108e-09
        36 -3.40201e-09
        37  2.61517e-08
        38   1.0182e-07
        39 -6.36641e-09
        40 -3.64943e-08
        41 -1.37785e-07
        42  2.51656e-09
        43 -1.32906e-09
        44 -6.98712e-09
        45   2.0429e-09
        46 -7.62015e-09
        47  1.46711e-08
        48  -2.3241e-08
        49  7.21385e-08
        50 -1.68087e-08
        51  1.08401e-08
        52 -5.44869e-09
        53  1.64923e-08
        54 -2.56778e-09
        55  1.81571e-09
        56  9.83035e-10
        57  7.49722e-09
        58 -4.32721e-09
        59  4.39285e-09
        60   2.1187e-09
        61 -1.03096e-09
        62 -1.45379e-09
        63 -4.64344e-09
        64 -5.88035e-09
        65 -2.61374e-10
        66  2.30267e-09
        67  2.02964e-08
        68 -5.88037e-09
        69  2.09387e-09
        70 -2.25905e-09
        71 -3.20671e-08
        72  7.54541e-09
        73  3.99364e-07
        74  2.32568e-08
        75 -4.84714e-07
        76 -8.84996e-07
        77  1.55237e-08
        78 -3.24805e-07
        79   1.2236e-07
        80 -3.25347e-09
        81  2.53021e-08
        82 -8.82825e-08
        83  7.28999e-09
        84 -2.29751e-10
        85 -2.20275e-08
        86  3.20306e-09
        87 -2.33592e-07
        88 -3.01846e-09
        89  3.41709e-09
        90 -3.22757e-10
        91 -5.61763e-09
        92 -3.10608e-08
        93  1.26862e-07
        94 -2.71015e-08
        95 -1.30198e-07
        96 -4.29827e-08
        97  2.15923e-08
        98  2.05686e-09
        99  1.87304e-08
       100 -2.47753e-07
       101  4.51692e-07
       102 -1.80309e-08
       103  -7.3571e-09
       104 -1.60368e-09
       105 -5.89381e-09
       106 -3.21811e-09
       107 -6.61688e-10
       108 -6.81142e-09
       109  3.33838e-09
       110 -8.48149e-09
       111  3.05271e-09
       112 -2.12041e-10
       113  -1.6148e-09
       114 -3.86364e-09
       115 -4.02489e-09
       116  -4.6251e-09
       117 -2.18877e-09
       118 -2.02078e-09
       119 -5.26553e-09
       120 -1.66578e-09
       121 -1.50726e-09
       122 -3.44374e-09
       123 -2.82737e-09
       124 -5.12211e-09
       125   5.0634e-11
       126 -8.75067e-09
       127  2.22153e-09
       128 -6.23275e-09
       129 -1.89122e-09
       130 -1.74678e-09
       131 -2.45958e-09
       132 -2.23305e-09
       133   1.2786e-09
       134 -1.68831e-10
       135 -3.64168e-09
       136 -3.67694e-09
       137 -1.60097e-09
       138 -2.14535e-09
       139 -4.00716e-12
       140 -1.64016e-09
       141  -4.8414e-10
       142 -1.84974e-09
       143 -2.60492e-10
       144 -1.89481e-09
       145 -4.23102e-10
       146 -7.05785e-10
       147 -1.71673e-10
       148  4.53442e-10
       149 -2.08664e-09
       150 -1.42724e-09
       151  8.15987e-10
       152  5.74475e-10
       153 -1.07933e-09
       154 -1.58345e-09
       155 -2.87542e-09
       156 -8.05923e-10
       157 -3.87742e-09
       158  -1.7917e-09
       159  5.33903e-09
       160 -6.08212e-09
       161 -2.51378e-09
       162 -9.84651e-09
       163  1.55534e-08
       164  3.92081e-08
       165  1.74351e-07
