165
 -6.09721e-09 1.6522e-07 3.17403e-08 2.22958e-08 9.60998e-08 -1.13333e-07 1.42596e-08 -1.59299e-07 -1.79768e-07 6.25139e-07 -6.16963e-08 2.2223e-07 1.40903e-08 -6.08934e-07 -4.42017e-08 1.46787e-09 4.83033e-07 -3.89202e-08 -6.3616e-08 7.35281e-07 -2.18811e-07 -1.76748e-08 -1.80058e-06 2.50706e-07 1.0206e-08 4.06074e-08 -7.79752e-08 -3.62317e-07 9.41551e-08 -8.63573e-08 -1.48327e-08 2.30474e-08 -1.24377e-07 2.0629e-08 1.01096e-07 -2.79183e-08 -9.10585e-08 -3.67351e-07 9.26275e-08 1.54454e-07 6.72498e-07 4.36373e-09 6.15581e-08 1.72885e-07 -3.09589e-08 3.50971e-08 -5.69888e-07 7.01085e-08 1.63931e-06 -1.11514e-07 3.2827e-07 -2.17922e-07 8.04669e-07 7.82347e-08 3.11431e-08 -1.69075e-07 1.81339e-08 4.27604e-10 3.29401e-09 -1.8297e-08 7.71288e-09 6.54523e-09 -5.35192e-08 -1.09839e-08 -1.02035e-08 -2.43748e-08 -2.31547e-07 -4.07369e-08 -1.03635e-08 1.99847e-09 8.47346e-07 -2.02037e-07 4.01242e-07 1.45163e-07 -6.03797e-07 -3.0977e-06 6.4858e-08 -1.12327e-06 1.82055e-07 3.33614e-07 -8.55203e-07 -9.0284e-08 9.85441e-08 7.91148e-09 -1.37616e-07 -5.33947e-08 -1.31948e-06 -2.77844e-08 -3.27313e-08 9.14467e-08 -1.57733e-08 -8.73434e-08 7.04833e-07 -5.26921e-07 9.24036e-07 -1.51306e-06 3.15546e-08 4.86097e-08 -2.90155e-08 6.72518e-07 -7.74948e-07 -3.28348e-08 -3.16645e-08 2.25752e-08 -1.6878e-09 3.92219e-09 5.53568e-09 -5.29632e-09 -4.78269e-08 -3.0608e-09 1.35315e-08 -1.32631e-08 -6.04942e-09 -2.0602e-08 -1.13402e-08 7.90715e-11 1.89692e-09 7.8875e-10 -8.93989e-09 -5.29976e-09 -3.23313e-09 -1.57252e-09 -4.13159e-09 -2.15901e-08 -7.17304e-09 -1.17251e-08 1.85227e-08 -1.68067e-08 1.0371e-08 3.46905e-08 2.25252e-08 1.62027e-08 2.36649e-08 3.88307e-08 1.04665e-07 2.41638e-08 6.37554e-08 6.07634e-08 4.93055e-08 2.96424e-08 4.07943e-08 8.61434e-09 7.15748e-08 4.43961e-08 4.20834e-08 1.20879e-08 1.31269e-08 2.04719e-09 2.29922e-08 1.69369e-08 2.81888e-09 1.80534e-08 7.16762e-09 7.39597e-09 -1.16523e-08 -7.22005e-09 -1.08445e-08 1.19063e-06 -3.21512e-07 -4.94924e-08 4.13954e-08 -2.27801e-08 3.93612e-07 -2.35635e-07 -1.05785e-06

         1 -6.09721e-09
         2   1.6522e-07
         3  3.17403e-08
         4  2.22958e-08
         5  9.60998e-08
         6 -1.13333e-07
         7  1.42596e-08
         8 -1.59299e-07
         9 -1.79768e-07
        10  6.25139e-07
        11 -6.16963e-08
        12   2.2223e-07
        13  1.40903e-08
        14 -6.08934e-07
        15 -4.42017e-08
        16  1.46787e-09
        17  4.83033e-07
        18 -3.89202e-08
        19  -6.3616e-08
        20  7.35281e-07
        21 -2.18811e-07
        22 -1.76748e-08
        23 -1.80058e-06
        24  2.50706e-07
        25   1.0206e-08
        26  4.06074e-08
        27 -7.79752e-08
        28 -3.62317e-07
        29  9.41551e-08
        30 -8.63573e-08
        31 -1.48327e-08
        32  2.30474e-08
        33 -1.24377e-07
        34   2.0629e-08
        35  1.01096e-07
        36 -2.79183e-08
        37 -9.10585e-08
        38 -3.67351e-07
        39  9.26275e-08
        40  1.54454e-07
        41  6.72498e-07
        42  4.36373e-09
        43  6.15581e-08
        44  1.72885e-07
        45 -3.09589e-08
        46  3.50971e-08
        47 -5.69888e-07
        48  7.01085e-08
        49  1.63931e-06
        50 -1.11514e-07
        51   3.2827e-07
        52 -2.17922e-07
        53  8.04669e-07
        54  7.82347e-08
        55  3.11431e-08
        56 -1.69075e-07
        57  1.81339e-08
        58  4.27604e-10
        59  3.29401e-09
        60  -1.8297e-08
        61  7.71288e-09
        62  6.54523e-09
        63 -5.35192e-08
        64 -1.09839e-08
        65 -1.02035e-08
        66 -2.43748e-08
        67 -2.31547e-07
        68 -4.07369e-08
        69 -1.03635e-08
        70  1.99847e-09
        71  8.47346e-07
        72 -2.02037e-07
        73  4.01242e-07
        74  1.45163e-07
        75 -6.03797e-07
        76  -3.0977e-06
        77   6.4858e-08
        78 -1.12327e-06
        79  1.82055e-07
        80  3.33614e-07
        81 -8.55203e-07
        82  -9.0284e-08
        83  9.85441e-08
        84  7.91148e-09
        85 -1.37616e-07
        86 -5.33947e-08
        87 -1.31948e-06
        88 -2.77844e-08
        89 -3.27313e-08
        90  9.14467e-08
        91 -1.57733e-08
        92 -8.73434e-08
        93  7.04833e-07
        94 -5.26921e-07
        95  9.24036e-07
        96 -1.51306e-06
        97  3.15546e-08
        98  4.86097e-08
        99 -2.90155e-08
       100  6.72518e-07
       101 -7.74948e-07
       102 -3.28348e-08
       103 -3.16645e-08
       104  2.25752e-08
       105  -1.6878e-09
       106  3.92219e-09
       107  5.53568e-09
       108 -5.29632e-09
       109 -4.78269e-08
       110  -3.0608e-09
       111  1.35315e-08
       112 -1.32631e-08
       113 -6.04942e-09
       114  -2.0602e-08
       115 -1.13402e-08
       116  7.90715e-11
       117  1.89692e-09
       118   7.8875e-10
       119 -8.93989e-09
       120 -5.29976e-09
       121 -3.23313e-09
       122 -1.57252e-09
       123 -4.13159e-09
       124 -2.15901e-08
       125 -7.17304e-09
       126 -1.17251e-08
       127  1.85227e-08
       128 -1.68067e-08
       129   1.0371e-08
       130  3.46905e-08
       131  2.25252e-08
       132  1.62027e-08
       133  2.36649e-08
       134  3.88307e-08
       135  1.04665e-07
       136  2.41638e-08
       137  6.37554e-08
       138  6.07634e-08
       139  4.93055e-08
       140  2.96424e-08
       141  4.07943e-08
       142  8.61434e-09
       143  7.15748e-08
       144  4.43961e-08
       145  4.20834e-08
       146  1.20879e-08
       147  1.31269e-08
       148  2.04719e-09
       149  2.29922e-08
       150  1.69369e-08
       151  2.81888e-09
       152  1.80534e-08
       153  7.16762e-09
       154  7.39597e-09
       155 -1.16523e-08
       156 -7.22005e-09
       157 -1.08445e-08
       158  1.19063e-06
       159 -3.21512e-07
       160 -4.94924e-08
       161  4.13954e-08
       162 -2.27801e-08
       163  3.93612e-07
       164 -2.35635e-07
       165 -1.05785e-06
