          122  2.53278e-10
           54  5.56776e-10
          157  8.90255e-10
           55  9.48633e-10
          131   9.7671e-10
          110  1.10609e-09
          117  1.12709e-09
          130  1.17262e-09
           61  1.17548e-09
          104  1.19057e-09
          129  1.28724e-09
          115  1.36507e-09
          133  1.45507e-09
          138  1.81057e-09
          128  1.90209e-09
          134  2.10505e-09
           69  2.12375e-09
          123  2.21092e-09
          116  2.25174e-09
          155  2.50674e-09
           60  2.50789e-09
          135  2.55989e-09
          153  2.57418e-09
           42  2.64109e-09
           62  2.69504e-09
          156  2.88162e-09
           18  3.09372e-09
           16  3.36794e-09
          126  3.37811e-09
          105  3.57544e-09
           50  3.60641e-09
          132  3.62254e-09
          127  3.69623e-09
           15  3.95243e-09
           58  4.07871e-09
          106  4.25547e-09
           99  4.59985e-09
          109  4.65251e-09
           77  4.77744e-09
          152  5.10283e-09
           39  5.20889e-09
           84  5.27684e-09
          162  5.40929e-09
          148  5.53634e-09
          137  5.58341e-09
           72  5.61746e-09
          136  5.63964e-09
           92  6.14633e-09
           57  6.39293e-09
          151  6.70555e-09
          125  6.73356e-09
          114  6.79329e-09
           34  6.81082e-09
          120  6.90071e-09
           11  7.15746e-09
           59  7.27116e-09
           90   7.2747e-09
          119    7.409e-09
          107  7.45837e-09
          139   7.5438e-09
           88  7.84365e-09
          154  8.50878e-09
           70   8.6755e-09
           65   8.7167e-09
          141   8.7788e-09
           86  8.90166e-09
           85  8.93675e-09
          161  8.99545e-09
           82  9.07754e-09
          108  9.30083e-09
          145   9.3942e-09
          146  9.49627e-09
           27  1.03373e-08
          160  1.04196e-08
          121  1.04577e-08
           91  1.05723e-08
          149  1.06458e-08
          147  1.07216e-08
          111  1.07642e-08
          142   1.0897e-08
          113  1.09715e-08
          118  1.10083e-08
          144  1.10995e-08
           64  1.12954e-08
          143  1.16316e-08
          150  1.16638e-08
           83  1.17481e-08
           22  1.21198e-08
           25  1.23442e-08
          102  1.27418e-08
            3   1.2902e-08
           76  1.33656e-08
          140  1.38694e-08
          124  1.40447e-08
           31  1.45117e-08
          112  1.47367e-08
          159  1.58878e-08
            4  1.59609e-08
           13  1.75178e-08
           32  1.76523e-08
           66   1.7928e-08
           89   1.9761e-08
           45  2.09599e-08
           19  2.11044e-08
          103   2.1542e-08
           63  2.26722e-08
           52  2.26911e-08
           56  2.27162e-08
           51  2.32461e-08
           97  2.41527e-08
           80  2.42099e-08
           35  2.62744e-08
           74  2.83513e-08
           26    2.841e-08
          158  2.97709e-08
           78  3.28471e-08
            6  3.40576e-08
           98  3.58245e-08
           36  3.63573e-08
            2  3.64091e-08
           46  3.95913e-08
            7  4.34625e-08
           29  4.40556e-08
           40  4.44789e-08
           43  4.49013e-08
            5   4.5707e-08
           47  4.82131e-08
            1  4.86071e-08
           21  4.92532e-08
           71  5.58907e-08
            8  5.84555e-08
           53  5.88309e-08
           33  6.15928e-08
           30  6.18114e-08
           79  7.49772e-08
           37  7.74788e-08
           20  7.94168e-08
           68   8.1358e-08
           17  8.83771e-08
           24  9.14069e-08
          164  1.01926e-07
           49  1.06676e-07
           44  1.17978e-07
           41   1.4923e-07
          163  1.56253e-07
          100  1.62265e-07
           48  1.63787e-07
           87  1.63862e-07
           23   1.6429e-07
           93  2.20466e-07
          165   2.2216e-07
           28  2.41279e-07
           38  2.43444e-07
           12  2.44993e-07
           73  2.72358e-07
           10  2.75668e-07
           81  2.77231e-07
           67  3.05298e-07
           95  3.05824e-07
           14  3.10319e-07
          101  3.12748e-07
            9  3.25017e-07
           94  3.29422e-07
           75  3.74727e-07
           96   4.0601e-07
