165
 -6.75187e-08 3.21536e-08 -1.9682e-08 -1.0862e-07 -1.24193e-09 5.57689e-08 1.98069e-09 -2.05279e-07 -1.4544e-07 -3.25111e-07 6.80943e-08 -9.11831e-08 -4.68536e-08 -8.96704e-10 -2.76448e-09 5.9774e-08 -2.06272e-07 -4.89621e-08 1.55121e-07 -2.42739e-07 -1.55004e-08 1.45511e-07 -3.28801e-07 -7.56432e-08 1.12192e-08 2.62283e-08 6.36227e-08 -4.98272e-08 1.25363e-09 -6.1491e-08 4.78967e-09 3.83649e-08 1.408e-08 6.59991e-09 2.39545e-08 -1.74079e-08 -8.3731e-08 -1.88836e-07 -1.49501e-08 2.53934e-07 9.45517e-07 -2.1436e-08 4.96036e-08 8.10491e-08 -9.17325e-09 3.44344e-07 2.60296e-07 -6.59926e-08 7.16882e-07 9.81724e-09 2.11845e-07 -1.32722e-07 -4.54546e-08 -4.27394e-09 1.67401e-08 1.20954e-08 4.75104e-08 -4.01675e-09 2.11094e-08 -2.73664e-08 2.68931e-09 -3.1402e-08 1.86112e-08 1.53948e-08 5.75459e-08 6.3694e-08 2.14418e-07 -9.82503e-08 1.78617e-08 1.73162e-07 -2.95392e-07 -1.00971e-07 -1.72924e-08 -4.74884e-08 3.1356e-08 -2.47531e-07 4.75583e-08 -1.53883e-07 8.77341e-08 2.17844e-07 -4.25271e-07 3.03474e-07 5.48471e-08 -1.00492e-08 9.18364e-10 -4.13459e-08 1.017e-07 8.75419e-09 3.1944e-08 -4.27399e-08 -7.42992e-08 1.21767e-07 -2.24513e-07 -1.00833e-07 7.35922e-07 -7.48378e-07 1.52636e-07 -2.9338e-08 1.12027e-08 -9.01846e-08 3.8219e-08 -3.37858e-09 -1.61649e-08 7.16494e-09 -2.59624e-09 7.9142e-10 -2.03804e-09 -1.46882e-08 6.16425e-09 2.57672e-08 5.45507e-09 -7.55991e-09 -3.28773e-09 -1.59948e-09 4.01357e-09 9.31035e-10 3.6404e-09 2.10634e-09 9.55421e-13 -1.98672e-09 -4.91849e-10 1.5592e-09 -7.24377e-10 -2.21855e-09 8.34975e-09 6.57802e-09 9.52734e-09 -6.22853e-09 6.6713e-09 -1.51915e-10 5.32495e-09 1.2691e-08 1.36246e-08 7.99397e-09 4.34497e-08 1.37707e-08 1.95324e-08 3.56551e-08 1.96586e-08 1.08869e-08 3.78242e-09 1.27252e-08 1.58547e-08 1.04667e-08 8.79738e-09 1.37442e-08 1.24285e-08 -5.86998e-10 -3.58037e-09 -1.37052e-08 -2.12329e-08 -1.21802e-08 -6.05375e-09 -1.64861e-08 6.62154e-10 -2.28543e-09 -3.20365e-09 4.0201e-07 5.0843e-08 -3.51931e-08 1.88336e-08 2.19316e-09 -7.68954e-09 5.74517e-08 -2.06245e-08

         1 -6.75187e-08
         2  3.21536e-08
         3  -1.9682e-08
         4  -1.0862e-07
         5 -1.24193e-09
         6  5.57689e-08
         7  1.98069e-09
         8 -2.05279e-07
         9  -1.4544e-07
        10 -3.25111e-07
        11  6.80943e-08
        12 -9.11831e-08
        13 -4.68536e-08
        14 -8.96704e-10
        15 -2.76448e-09
        16   5.9774e-08
        17 -2.06272e-07
        18 -4.89621e-08
        19  1.55121e-07
        20 -2.42739e-07
        21 -1.55004e-08
        22  1.45511e-07
        23 -3.28801e-07
        24 -7.56432e-08
        25  1.12192e-08
        26  2.62283e-08
        27  6.36227e-08
        28 -4.98272e-08
        29  1.25363e-09
        30  -6.1491e-08
        31  4.78967e-09
        32  3.83649e-08
        33    1.408e-08
        34  6.59991e-09
        35  2.39545e-08
        36 -1.74079e-08
        37  -8.3731e-08
        38 -1.88836e-07
        39 -1.49501e-08
        40  2.53934e-07
        41  9.45517e-07
        42  -2.1436e-08
        43  4.96036e-08
        44  8.10491e-08
        45 -9.17325e-09
        46  3.44344e-07
        47  2.60296e-07
        48 -6.59926e-08
        49  7.16882e-07
        50  9.81724e-09
        51  2.11845e-07
        52 -1.32722e-07
        53 -4.54546e-08
        54 -4.27394e-09
        55  1.67401e-08
        56  1.20954e-08
        57  4.75104e-08
        58 -4.01675e-09
        59  2.11094e-08
        60 -2.73664e-08
        61  2.68931e-09
        62  -3.1402e-08
        63  1.86112e-08
        64  1.53948e-08
        65  5.75459e-08
        66   6.3694e-08
        67  2.14418e-07
        68 -9.82503e-08
        69  1.78617e-08
        70  1.73162e-07
        71 -2.95392e-07
        72 -1.00971e-07
        73 -1.72924e-08
        74 -4.74884e-08
        75   3.1356e-08
        76 -2.47531e-07
        77  4.75583e-08
        78 -1.53883e-07
        79  8.77341e-08
        80  2.17844e-07
        81 -4.25271e-07
        82  3.03474e-07
        83  5.48471e-08
        84 -1.00492e-08
        85  9.18364e-10
        86 -4.13459e-08
        87    1.017e-07
        88  8.75419e-09
        89   3.1944e-08
        90 -4.27399e-08
        91 -7.42992e-08
        92  1.21767e-07
        93 -2.24513e-07
        94 -1.00833e-07
        95  7.35922e-07
        96 -7.48378e-07
        97  1.52636e-07
        98  -2.9338e-08
        99  1.12027e-08
       100 -9.01846e-08
       101   3.8219e-08
       102 -3.37858e-09
       103 -1.61649e-08
       104  7.16494e-09
       105 -2.59624e-09
       106   7.9142e-10
       107 -2.03804e-09
       108 -1.46882e-08
       109  6.16425e-09
       110  2.57672e-08
       111  5.45507e-09
       112 -7.55991e-09
       113 -3.28773e-09
       114 -1.59948e-09
       115  4.01357e-09
       116  9.31035e-10
       117   3.6404e-09
       118  2.10634e-09
       119  9.55421e-13
       120 -1.98672e-09
       121 -4.91849e-10
       122   1.5592e-09
       123 -7.24377e-10
       124 -2.21855e-09
       125  8.34975e-09
       126  6.57802e-09
       127  9.52734e-09
       128 -6.22853e-09
       129   6.6713e-09
       130 -1.51915e-10
       131  5.32495e-09
       132   1.2691e-08
       133  1.36246e-08
       134  7.99397e-09
       135  4.34497e-08
       136  1.37707e-08
       137  1.95324e-08
       138  3.56551e-08
       139  1.96586e-08
       140  1.08869e-08
       141  3.78242e-09
       142  1.27252e-08
       143  1.58547e-08
       144  1.04667e-08
       145  8.79738e-09
       146  1.37442e-08
       147  1.24285e-08
       148 -5.86998e-10
       149 -3.58037e-09
       150 -1.37052e-08
       151 -2.12329e-08
       152 -1.21802e-08
       153 -6.05375e-09
       154 -1.64861e-08
       155  6.62154e-10
       156 -2.28543e-09
       157 -3.20365e-09
       158   4.0201e-07
       159   5.0843e-08
       160 -3.51931e-08
       161  1.88336e-08
       162  2.19316e-09
       163 -7.68954e-09
       164  5.74517e-08
       165 -2.06245e-08
