           50  1.69942e-10
           31  3.61259e-10
           22  4.93387e-10
          125   1.0823e-09
           70  1.18977e-09
          117  1.60783e-09
            4  2.12347e-09
           69   2.8112e-09
           51  4.07569e-09
          100  4.32479e-09
          118  4.94838e-09
           16  5.14308e-09
            3  6.03051e-09
           25  8.67709e-09
           44  9.40541e-09
          122  1.08541e-08
          123  1.13392e-08
          120  1.16127e-08
           46  1.24162e-08
            7  1.31589e-08
          121  1.41244e-08
           64  1.41838e-08
           66  1.46184e-08
           76  1.50785e-08
           63   1.6432e-08
           13  1.64686e-08
           85  1.79471e-08
           43  2.11163e-08
           48   2.2358e-08
           93  2.31326e-08
            2  2.44404e-08
          144  2.87604e-08
          105   3.0559e-08
          104    3.078e-08
           78   3.1252e-08
           54  3.24033e-08
          119   3.3893e-08
           57  3.47371e-08
          134  3.50467e-08
           79  3.86343e-08
           82  4.70673e-08
          133  4.73125e-08
          115  5.21748e-08
           28  5.24487e-08
           84  5.26121e-08
          106   5.2932e-08
          103  5.36868e-08
           18  5.73152e-08
           96  5.82938e-08
           67  6.00297e-08
          124  6.32402e-08
          114  6.61168e-08
          126   6.8573e-08
          149   7.4681e-08
           34  7.67005e-08
           49  7.75874e-08
           19  8.09019e-08
           37   8.1109e-08
          132  8.40642e-08
          146  8.49178e-08
           83   8.6636e-08
           68  8.68601e-08
          136  8.84711e-08
           81  9.89381e-08
          155  9.93172e-08
          141  1.00481e-07
          154  1.00692e-07
           80  1.01354e-07
           52  1.01661e-07
          138  1.04488e-07
           40  1.06327e-07
          153  1.08175e-07
          127  1.08893e-07
          128  1.10977e-07
           26  1.13752e-07
          156  1.17241e-07
          147  1.19457e-07
           91  1.20409e-07
           47  1.21039e-07
          116  1.21713e-07
           12  1.24887e-07
           87  1.26508e-07
          113  1.26691e-07
          151  1.27183e-07
          102   1.2838e-07
            9  1.29468e-07
           65  1.32321e-07
            1   1.3353e-07
          157  1.36909e-07
          162  1.38161e-07
           14   1.4071e-07
          107  1.45818e-07
           58  1.47694e-07
          112  1.48981e-07
          108  1.51393e-07
          101  1.57507e-07
           10  1.58079e-07
          150  1.63845e-07
          145  1.83437e-07
          148  1.85835e-07
           60  1.86092e-07
          129  1.91093e-07
           33  1.95733e-07
          152   2.0505e-07
           62  2.07903e-07
           61  2.12291e-07
           98  2.17236e-07
           97  2.17589e-07
           74  2.18637e-07
          142  2.20901e-07
          111  2.22895e-07
           92  2.23163e-07
           42   2.2697e-07
           11  2.28448e-07
           86  2.31119e-07
           59  2.34223e-07
          109  2.40627e-07
           53  2.42056e-07
           21  2.52199e-07
           95  2.71608e-07
           77  2.86962e-07
           45  2.88232e-07
          137  2.89801e-07
           73  2.93751e-07
          143  2.96595e-07
          130  3.01257e-07
           72  3.09064e-07
           39  3.21875e-07
          110  3.36092e-07
           38  3.46407e-07
           41  3.51254e-07
          131  3.61935e-07
           17  3.67558e-07
           94  3.73539e-07
           23  3.79695e-07
          140  3.81685e-07
           75  3.88748e-07
            8  3.91944e-07
           99  3.94308e-07
           29  3.96158e-07
           30  4.03905e-07
           20   4.0898e-07
          139  4.10695e-07
           71  4.35982e-07
           56  4.40914e-07
          159  4.43931e-07
           55   4.4775e-07
           90  4.61102e-07
          158  4.89992e-07
           27  5.02466e-07
           15  5.27377e-07
           32  5.76876e-07
          135  6.14588e-07
           36  7.03542e-07
           88   1.0237e-06
           35  1.04339e-06
          161  1.05872e-06
            5  1.06712e-06
           24  1.16282e-06
          160  1.17529e-06
            6  1.33626e-06
           89  1.50249e-06
          163  1.53118e-06
          164  1.69647e-06
          165  1.45091e-05
