165
 4.4312e-07 3.40241e-08 1.81483e-07 2.03418e-08 -1.33888e-07 -8.29512e-08 -1.1909e-07 1.57659e-08 6.82208e-07 1.10346e-06 -1.21843e-07 8.07066e-07 1.48199e-08 8.66383e-08 -7.01416e-08 2.21235e-08 1.6247e-07 1.02508e-07 2.35856e-08 5.28251e-07 -8.14469e-07 -6.46116e-09 4.24231e-07 2.83511e-07 6.8673e-08 9.87003e-08 4.63542e-07 2.26993e-07 -9.79622e-08 -7.87805e-08 -3.59288e-09 -1.13604e-07 -2.64483e-08 8.6923e-09 -3.66845e-07 -2.37244e-07 2.96932e-07 1.335e-06 9.32706e-08 5.57057e-08 8.5856e-08 -1.55728e-07 1.63419e-07 3.69059e-07 -4.10253e-07 -3.68253e-07 -5.15046e-07 6.44562e-07 -1.03334e-06 1.07008e-07 -1.76476e-07 4.06248e-07 2.58435e-07 3.85136e-08 3.48773e-08 -5.50421e-08 -6.08582e-08 6.911e-08 1.01234e-07 1.32019e-07 -3.63976e-09 -7.75545e-08 6.61626e-08 1.86382e-08 -1.43305e-08 1.99573e-08 1.1853e-06 -4.02277e-07 8.55101e-08 -1.51427e-08 1.04333e-06 -1.18335e-07 -2.14752e-06 -4.40601e-07 2.21466e-06 8.93078e-08 1.17389e-07 4.17161e-08 -1.86041e-07 -1.52831e-07 1.11184e-06 1.2061e-06 -4.22563e-08 4.70904e-08 1.16906e-07 6.34206e-08 1.23737e-06 5.75817e-08 -3.8046e-07 1.40613e-07 1.3938e-07 3.24521e-07 -8.49836e-07 4.36522e-07 -1.61136e-07 3.08654e-07 -4.0385e-08 9.95416e-08 1.09321e-07 -1.55879e-07 2.6545e-07 1.76183e-08 7.05875e-08 1.69594e-08 4.99333e-08 1.18238e-08 -1.37875e-08 -1.38386e-08 -8.61864e-08 1.35327e-08 -7.06995e-08 -2.56729e-08 -5.79049e-08 -5.765e-08 -4.60213e-08 -1.80474e-08 -1.12472e-08 -2.86847e-08 7.51255e-09 -5.12594e-09 -1.46596e-09 2.41756e-08 -3.25782e-08 1.74841e-08 2.02788e-10 4.32609e-08 -6.86096e-08 5.33634e-08 -5.45374e-09 3.74078e-08 -5.43571e-08 -4.1455e-09 -3.65367e-08 -3.97163e-08 -8.37818e-09 1.12272e-08 -2.15285e-09 8.74634e-08 8.27738e-08 2.6082e-08 -2.33039e-09 -6.5541e-08 -1.90468e-09 -4.2897e-09 -1.84646e-08 -6.4046e-08 -9.33046e-08 -3.7537e-08 -1.74792e-08 3.70235e-09 -3.80175e-08 -7.50449e-09 1.23163e-08 1.72621e-08 -1.43131e-08 -2.88576e-08 3.46006e-08 -4.02404e-07 6.54098e-07 -7.31443e-07 8.01411e-09 6.0673e-08 -1.8127e-07 -3.23212e-07 9.91016e-07

         1   4.4312e-07
         2  3.40241e-08
         3  1.81483e-07
         4  2.03418e-08
         5 -1.33888e-07
         6 -8.29512e-08
         7  -1.1909e-07
         8  1.57659e-08
         9  6.82208e-07
        10  1.10346e-06
        11 -1.21843e-07
        12  8.07066e-07
        13  1.48199e-08
        14  8.66383e-08
        15 -7.01416e-08
        16  2.21235e-08
        17   1.6247e-07
        18  1.02508e-07
        19  2.35856e-08
        20  5.28251e-07
        21 -8.14469e-07
        22 -6.46116e-09
        23  4.24231e-07
        24  2.83511e-07
        25   6.8673e-08
        26  9.87003e-08
        27  4.63542e-07
        28  2.26993e-07
        29 -9.79622e-08
        30 -7.87805e-08
        31 -3.59288e-09
        32 -1.13604e-07
        33 -2.64483e-08
        34   8.6923e-09
        35 -3.66845e-07
        36 -2.37244e-07
        37  2.96932e-07
        38    1.335e-06
        39  9.32706e-08
        40  5.57057e-08
        41   8.5856e-08
        42 -1.55728e-07
        43  1.63419e-07
        44  3.69059e-07
        45 -4.10253e-07
        46 -3.68253e-07
        47 -5.15046e-07
        48  6.44562e-07
        49 -1.03334e-06
        50  1.07008e-07
        51 -1.76476e-07
        52  4.06248e-07
        53  2.58435e-07
        54  3.85136e-08
        55  3.48773e-08
        56 -5.50421e-08
        57 -6.08582e-08
        58    6.911e-08
        59  1.01234e-07
        60  1.32019e-07
        61 -3.63976e-09
        62 -7.75545e-08
        63  6.61626e-08
        64  1.86382e-08
        65 -1.43305e-08
        66  1.99573e-08
        67   1.1853e-06
        68 -4.02277e-07
        69  8.55101e-08
        70 -1.51427e-08
        71  1.04333e-06
        72 -1.18335e-07
        73 -2.14752e-06
        74 -4.40601e-07
        75  2.21466e-06
        76  8.93078e-08
        77  1.17389e-07
        78  4.17161e-08
        79 -1.86041e-07
        80 -1.52831e-07
        81  1.11184e-06
        82   1.2061e-06
        83 -4.22563e-08
        84  4.70904e-08
        85  1.16906e-07
        86  6.34206e-08
        87  1.23737e-06
        88  5.75817e-08
        89  -3.8046e-07
        90  1.40613e-07
        91   1.3938e-07
        92  3.24521e-07
        93 -8.49836e-07
        94  4.36522e-07
        95 -1.61136e-07
        96  3.08654e-07
        97  -4.0385e-08
        98  9.95416e-08
        99  1.09321e-07
       100 -1.55879e-07
       101   2.6545e-07
       102  1.76183e-08
       103  7.05875e-08
       104  1.69594e-08
       105  4.99333e-08
       106  1.18238e-08
       107 -1.37875e-08
       108 -1.38386e-08
       109 -8.61864e-08
       110  1.35327e-08
       111 -7.06995e-08
       112 -2.56729e-08
       113 -5.79049e-08
       114   -5.765e-08
       115 -4.60213e-08
       116 -1.80474e-08
       117 -1.12472e-08
       118 -2.86847e-08
       119  7.51255e-09
       120 -5.12594e-09
       121 -1.46596e-09
       122  2.41756e-08
       123 -3.25782e-08
       124  1.74841e-08
       125  2.02788e-10
       126  4.32609e-08
       127 -6.86096e-08
       128  5.33634e-08
       129 -5.45374e-09
       130  3.74078e-08
       131 -5.43571e-08
       132  -4.1455e-09
       133 -3.65367e-08
       134 -3.97163e-08
       135 -8.37818e-09
       136  1.12272e-08
       137 -2.15285e-09
       138  8.74634e-08
       139  8.27738e-08
       140   2.6082e-08
       141 -2.33039e-09
       142  -6.5541e-08
       143 -1.90468e-09
       144  -4.2897e-09
       145 -1.84646e-08
       146  -6.4046e-08
       147 -9.33046e-08
       148  -3.7537e-08
       149 -1.74792e-08
       150  3.70235e-09
       151 -3.80175e-08
       152 -7.50449e-09
       153  1.23163e-08
       154  1.72621e-08
       155 -1.43131e-08
       156 -2.88576e-08
       157  3.46006e-08
       158 -4.02404e-07
       159  6.54098e-07
       160 -7.31443e-07
       161  8.01411e-09
       162   6.0673e-08
       163  -1.8127e-07
       164 -3.23212e-07
       165  9.91016e-07
