           90  4.53886e-10
           62  6.38754e-10
           45  1.45905e-09
          117  1.48254e-09
           89  1.48254e-09
           88  1.62596e-09
           39  3.21299e-09
          118  3.38838e-09
          163  3.71783e-09
            6  4.03461e-09
           58  4.26569e-09
           27  4.54661e-09
           15  4.66099e-09
           61  5.04973e-09
           84  5.56766e-09
           18  6.16714e-09
           42  6.18512e-09
           86   6.7437e-09
            3  6.82162e-09
          107  7.06831e-09
          121  7.69821e-09
          158  8.47461e-09
          108  8.55026e-09
           24   9.5449e-09
          161  1.01878e-08
           91  1.04284e-08
          127  1.11834e-08
           72  1.16373e-08
           69   1.1864e-08
          152  1.23492e-08
          132  1.33839e-08
            7  1.42638e-08
           65  1.44169e-08
           25   1.4511e-08
          113  1.48067e-08
          114   1.4812e-08
          122  1.54442e-08
          133  1.54884e-08
           21  1.54974e-08
           26  1.56531e-08
          119  1.60919e-08
          123  1.62892e-08
          126   1.6473e-08
          138  1.70898e-08
          129  1.79738e-08
          162  1.79936e-08
          159  1.93116e-08
          146  2.02546e-08
          151    2.031e-08
          106  2.03124e-08
          139  2.04982e-08
          110  2.08945e-08
          130  2.17283e-08
          145  2.21616e-08
           98  2.33102e-08
          109  2.35176e-08
          137   2.3571e-08
          147  2.47831e-08
          150  2.49198e-08
          155    2.534e-08
          153  2.56546e-08
           43  2.63785e-08
           55  2.65949e-08
          115  2.68186e-08
          160  2.87898e-08
           54  2.88288e-08
          136  2.89045e-08
          156  2.90932e-08
          116  2.91517e-08
          135  2.93094e-08
           50  2.95366e-08
          111  3.15882e-08
          140  3.21464e-08
          105  3.29793e-08
          128  3.31721e-08
          124  3.34271e-08
          157  3.38247e-08
           85  3.38887e-08
          143  3.41176e-08
          149  3.42858e-08
          148   3.4506e-08
          154    3.483e-08
           77  3.48634e-08
          125  3.50855e-08
          141  3.66536e-08
          144  3.70155e-08
          131  3.81612e-08
          134  3.91207e-08
            5  3.92047e-08
          142  4.02362e-08
           71  4.17616e-08
          112  4.32789e-08
           13  4.67728e-08
          120  4.67965e-08
          104   4.8641e-08
           34   5.1325e-08
           11  5.19406e-08
           30  5.89035e-08
           16  6.05268e-08
           56  6.11846e-08
          103  6.23318e-08
           14  6.56969e-08
           92  6.80833e-08
            1  7.05176e-08
            2  7.25078e-08
           31  7.27216e-08
           36  7.43292e-08
           48  7.60136e-08
           87  8.46741e-08
           63  8.98533e-08
           97  1.03625e-07
            4  1.07951e-07
           68   1.1163e-07
           29  1.14099e-07
           35  1.14955e-07
           99  1.19167e-07
           78   1.2171e-07
          164  1.23604e-07
           28  1.26816e-07
           20  1.28555e-07
           44  1.29106e-07
           67   1.3591e-07
           53  1.38003e-07
           60  1.43557e-07
           22  1.47697e-07
          102  1.51908e-07
           12  1.53189e-07
           64  1.57879e-07
           19    1.585e-07
           52  1.60355e-07
           70  1.76851e-07
           59  1.94128e-07
           95  2.01372e-07
           73  2.25512e-07
           33  2.94232e-07
           40  3.18127e-07
           32  3.18177e-07
           51  3.21615e-07
            8  3.29559e-07
           17  3.33804e-07
           96  3.34899e-07
          101  3.61429e-07
           83  3.82452e-07
            9  3.82941e-07
           57  4.55476e-07
           66  4.56999e-07
           94  4.63215e-07
           82  4.87812e-07
           47  4.97791e-07
           93  5.46895e-07
           38  5.59861e-07
          165  6.84029e-07
           74  6.94582e-07
          100  6.94935e-07
           80  7.80163e-07
           75  8.24558e-07
           23  8.64236e-07
           46  8.86578e-07
           10   9.0963e-07
           79  9.42806e-07
           76  9.43213e-07
           49  1.18912e-06
           41  1.46513e-06
           37  1.58767e-06
           81  2.47434e-06
