          110  7.51452e-12
          146  5.38193e-10
          130  6.71121e-10
          115  1.09848e-09
          134  1.28683e-09
          162  1.42595e-09
          109  1.62534e-09
           64  2.13641e-09
           59  2.23237e-09
          149  2.43572e-09
           34  2.50494e-09
           69  2.74205e-09
          105  2.91631e-09
           70  3.23784e-09
          148  3.35933e-09
          131  3.72372e-09
          114  3.97877e-09
          113   4.8529e-09
           63  5.06385e-09
          129  5.13054e-09
          108  5.20927e-09
           19  5.25601e-09
          120  5.26815e-09
          104  5.36124e-09
           26   5.4337e-09
           58  5.60324e-09
          111  5.64174e-09
          107  5.95288e-09
          132  6.11384e-09
          145  6.80825e-09
          153  7.22391e-09
          121  7.26234e-09
          112  8.11523e-09
          156  8.12768e-09
          154  8.41401e-09
          106  8.68633e-09
           22  9.03337e-09
           85  9.50091e-09
           66  9.54616e-09
          116  1.00972e-08
           55  1.07119e-08
           39  1.07977e-08
          128   1.0831e-08
          142  1.12424e-08
          139   1.1547e-08
          118  1.17241e-08
           13  1.24614e-08
          143   1.2842e-08
          136  1.39795e-08
           40  1.46052e-08
          150  1.47946e-08
          119  1.48605e-08
          147  1.52612e-08
          127  1.58107e-08
            4  1.63987e-08
          157  1.71141e-08
           98  1.79837e-08
           97  1.82525e-08
           11  1.86321e-08
          117  1.87119e-08
          102  1.91836e-08
          133   1.9618e-08
          151   1.9648e-08
            6  2.00819e-08
          141  2.01117e-08
          126  2.26449e-08
           42  2.30814e-08
          135  2.35389e-08
          123  2.38745e-08
          100  2.41577e-08
           20   2.4673e-08
           62  2.51717e-08
           27  2.54611e-08
           61   2.5572e-08
          103   2.5672e-08
          124    2.641e-08
           16  2.77251e-08
           74  2.82379e-08
          144  2.84355e-08
          152  2.89625e-08
          125  2.90269e-08
           31  2.90694e-08
            8  3.02998e-08
           65  3.11018e-08
           77  3.12408e-08
           37  3.42648e-08
           91  3.45312e-08
           86  3.49025e-08
           52   3.4911e-08
          140   3.5585e-08
           32  3.60636e-08
            2  3.61002e-08
          122   3.8332e-08
          138  3.83952e-08
          155  3.94219e-08
          161  3.97999e-08
           25  4.05319e-08
           54  4.19996e-08
            5  4.78346e-08
           49  4.81232e-08
          164  4.81237e-08
           90  4.84175e-08
           75  5.22417e-08
           51  5.23164e-08
           99  5.40774e-08
           33  5.46947e-08
          137  5.52797e-08
           50  5.52887e-08
           56  5.56087e-08
           82  5.58274e-08
           73  5.63473e-08
           17  5.86663e-08
           41  5.88859e-08
           84  5.90581e-08
           92  6.64772e-08
           83  6.73181e-08
           30  7.98369e-08
          101   8.2611e-08
           36  8.36136e-08
           46  8.45507e-08
           29  8.50351e-08
           60  8.84657e-08
          163   9.3314e-08
           57  1.02377e-07
          160  1.02835e-07
           28    1.111e-07
           15  1.11841e-07
           35  1.17032e-07
            7  1.17657e-07
           14  1.19066e-07
           45  1.21585e-07
           12  1.33423e-07
           47  1.40542e-07
           89  1.43436e-07
           87  1.45104e-07
           80  1.57144e-07
            3  1.66878e-07
           10   1.6806e-07
           38   1.8938e-07
           88  1.99602e-07
           67   1.9976e-07
           43  2.11933e-07
          158  2.22152e-07
           53  2.42907e-07
           81  3.34345e-07
           78  3.42298e-07
          159  3.78139e-07
           44  3.80381e-07
           71  3.85504e-07
           23  3.98143e-07
           93  4.03249e-07
           94  4.03548e-07
           96   4.0957e-07
            1  4.13506e-07
           68  4.40534e-07
           72  4.46091e-07
           79  4.59186e-07
           18  5.37591e-07
           95  5.40176e-07
           21  6.13273e-07
           48  6.30669e-07
            9  7.04398e-07
           24    7.509e-07
          165  8.03099e-07
           76  9.69397e-07
