165
 2.30968e-07 3.32927e-08 9.69282e-08 1.72457e-09 -7.05031e-07 -9.3555e-07 2.18954e-08 1.17678e-06 -8.60335e-08 -6.92789e-08 -1.69963e-07 -3.68246e-08 9.54104e-09 -9.74742e-08 -1.32943e-07 4.47667e-09 -2.82394e-07 1.30963e-07 5.37175e-08 2.05871e-07 -2.71621e-07 -1.26861e-10 -9.6862e-08 1.95613e-08 -4.57469e-08 -4.70762e-09 -5.92332e-08 -1.63464e-07 -2.46153e-07 -2.76684e-07 -1.88162e-08 -5.04152e-07 -1.86553e-07 -1.31334e-08 3.3221e-07 1.61375e-07 -1.7274e-08 -2.50767e-08 3.41792e-07 9.99075e-08 2.87232e-07 1.31809e-08 7.84237e-08 1.00363e-07 -1.13503e-07 2.21803e-09 -2.02383e-07 -1.90873e-07 6.29431e-09 -3.38562e-08 -7.68158e-08 -1.16488e-07 -1.74973e-07 -1.85814e-08 -6.68989e-08 -6.38616e-08 1.64593e-09 -3.38666e-08 4.94783e-09 4.20089e-08 5.97652e-08 1.63796e-07 -5.57799e-08 1.61317e-08 6.83289e-07 -5.1027e-09 -4.96175e-07 -1.24925e-06 -1.74144e-08 -3.60641e-09 1.0593e-07 2.29152e-07 2.20908e-07 1.57472e-07 -2.56091e-07 3.87443e-10 -2.36141e-07 -8.57953e-11 3.68856e-08 -3.84386e-07 -5.62783e-08 -7.43884e-08 8.70612e-08 4.80787e-07 -1.09359e-07 -2.63634e-07 -1.83177e-07 2.62716e-06 -2.62207e-06 8.20989e-08 -6.16189e-07 -1.21379e-07 -5.22312e-08 -1.37908e-07 9.45851e-08 -2.08025e-07 -1.46102e-07 -1.50903e-07 -2.16711e-07 -9.60662e-08 -1.86129e-08 -8.93742e-08 -5.93175e-08 -1.23844e-08 -1.31132e-08 -4.75264e-08 -6.16366e-08 -5.54937e-08 -2.70181e-08 -1.03787e-08 -3.43936e-08 -4.9557e-08 -5.22333e-08 -4.0934e-08 -3.28214e-08 -2.68518e-08 -1.25382e-08 3.04244e-09 1.99146e-08 1.06376e-07 -1.85536e-08 4.32152e-08 -1.02301e-07 -7.14562e-08 -3.42247e-08 -3.51594e-08 -3.30614e-08 -1.17811e-07 -1.63098e-07 -8.64705e-08 -5.80895e-08 -4.77008e-08 -1.47078e-07 -1.32459e-07 -4.68539e-08 -8.77386e-08 -1.30701e-07 2.77514e-07 9.60813e-08 -1.40604e-07 -5.4823e-08 6.45874e-08 1.34006e-07 3.4374e-07 2.79465e-07 2.18457e-07 3.03908e-07 2.19764e-07 5.84186e-07 4.54769e-07 5.47983e-07 9.1958e-08 3.03078e-07 -2.01062e-07 -3.84995e-10 1.78033e-08 -7.69143e-08 1.36305e-05 -4.4044e-06 -2.08713e-06 -9.72112e-08 3.16692e-08 -2.00058e-07 -2.12029e-07 2.20124e-06

         1  2.30968e-07
         2  3.32927e-08
         3  9.69282e-08
         4  1.72457e-09
         5 -7.05031e-07
         6  -9.3555e-07
         7  2.18954e-08
         8  1.17678e-06
         9 -8.60335e-08
        10 -6.92789e-08
        11 -1.69963e-07
        12 -3.68246e-08
        13  9.54104e-09
        14 -9.74742e-08
        15 -1.32943e-07
        16  4.47667e-09
        17 -2.82394e-07
        18  1.30963e-07
        19  5.37175e-08
        20  2.05871e-07
        21 -2.71621e-07
        22 -1.26861e-10
        23  -9.6862e-08
        24  1.95613e-08
        25 -4.57469e-08
        26 -4.70762e-09
        27 -5.92332e-08
        28 -1.63464e-07
        29 -2.46153e-07
        30 -2.76684e-07
        31 -1.88162e-08
        32 -5.04152e-07
        33 -1.86553e-07
        34 -1.31334e-08
        35   3.3221e-07
        36  1.61375e-07
        37  -1.7274e-08
        38 -2.50767e-08
        39  3.41792e-07
        40  9.99075e-08
        41  2.87232e-07
        42  1.31809e-08
        43  7.84237e-08
        44  1.00363e-07
        45 -1.13503e-07
        46  2.21803e-09
        47 -2.02383e-07
        48 -1.90873e-07
        49  6.29431e-09
        50 -3.38562e-08
        51 -7.68158e-08
        52 -1.16488e-07
        53 -1.74973e-07
        54 -1.85814e-08
        55 -6.68989e-08
        56 -6.38616e-08
        57  1.64593e-09
        58 -3.38666e-08
        59  4.94783e-09
        60  4.20089e-08
        61  5.97652e-08
        62  1.63796e-07
        63 -5.57799e-08
        64  1.61317e-08
        65  6.83289e-07
        66  -5.1027e-09
        67 -4.96175e-07
        68 -1.24925e-06
        69 -1.74144e-08
        70 -3.60641e-09
        71   1.0593e-07
        72  2.29152e-07
        73  2.20908e-07
        74  1.57472e-07
        75 -2.56091e-07
        76  3.87443e-10
        77 -2.36141e-07
        78 -8.57953e-11
        79  3.68856e-08
        80 -3.84386e-07
        81 -5.62783e-08
        82 -7.43884e-08
        83  8.70612e-08
        84  4.80787e-07
        85 -1.09359e-07
        86 -2.63634e-07
        87 -1.83177e-07
        88  2.62716e-06
        89 -2.62207e-06
        90  8.20989e-08
        91 -6.16189e-07
        92 -1.21379e-07
        93 -5.22312e-08
        94 -1.37908e-07
        95  9.45851e-08
        96 -2.08025e-07
        97 -1.46102e-07
        98 -1.50903e-07
        99 -2.16711e-07
       100 -9.60662e-08
       101 -1.86129e-08
       102 -8.93742e-08
       103 -5.93175e-08
       104 -1.23844e-08
       105 -1.31132e-08
       106 -4.75264e-08
       107 -6.16366e-08
       108 -5.54937e-08
       109 -2.70181e-08
       110 -1.03787e-08
       111 -3.43936e-08
       112  -4.9557e-08
       113 -5.22333e-08
       114  -4.0934e-08
       115 -3.28214e-08
       116 -2.68518e-08
       117 -1.25382e-08
       118  3.04244e-09
       119  1.99146e-08
       120  1.06376e-07
       121 -1.85536e-08
       122  4.32152e-08
       123 -1.02301e-07
       124 -7.14562e-08
       125 -3.42247e-08
       126 -3.51594e-08
       127 -3.30614e-08
       128 -1.17811e-07
       129 -1.63098e-07
       130 -8.64705e-08
       131 -5.80895e-08
       132 -4.77008e-08
       133 -1.47078e-07
       134 -1.32459e-07
       135 -4.68539e-08
       136 -8.77386e-08
       137 -1.30701e-07
       138  2.77514e-07
       139  9.60813e-08
       140 -1.40604e-07
       141  -5.4823e-08
       142  6.45874e-08
       143  1.34006e-07
       144   3.4374e-07
       145  2.79465e-07
       146  2.18457e-07
       147  3.03908e-07
       148  2.19764e-07
       149  5.84186e-07
       150  4.54769e-07
       151  5.47983e-07
       152   9.1958e-08
       153  3.03078e-07
       154 -2.01062e-07
       155 -3.84995e-10
       156  1.78033e-08
       157 -7.69143e-08
       158  1.36305e-05
       159  -4.4044e-06
       160 -2.08713e-06
       161 -9.72112e-08
       162  3.16692e-08
       163 -2.00058e-07
       164 -2.12029e-07
       165  2.20124e-06
