           78  8.57953e-11
           22  1.26861e-10
          155  3.84995e-10
           76  3.87443e-10
           57  1.64593e-09
            4  1.72457e-09
           46  2.21803e-09
          118  3.04244e-09
           70  3.60641e-09
           16  4.47667e-09
           26  4.70762e-09
           59  4.94783e-09
           66   5.1027e-09
           49  6.29431e-09
           13  9.54104e-09
          110  1.03787e-08
          104  1.23844e-08
          117  1.25382e-08
          105  1.31132e-08
           34  1.31334e-08
           42  1.31809e-08
           64  1.61317e-08
           37   1.7274e-08
           69  1.74144e-08
          156  1.78033e-08
          121  1.85536e-08
           54  1.85814e-08
          101  1.86129e-08
           31  1.88162e-08
           24  1.95613e-08
          119  1.99146e-08
            7  2.18954e-08
           38  2.50767e-08
          116  2.68518e-08
          109  2.70181e-08
          162  3.16692e-08
          115  3.28214e-08
          127  3.30614e-08
            2  3.32927e-08
           50  3.38562e-08
           58  3.38666e-08
          125  3.42247e-08
          111  3.43936e-08
          126  3.51594e-08
           12  3.68246e-08
           79  3.68856e-08
          114   4.0934e-08
           60  4.20089e-08
          122  4.32152e-08
           25  4.57469e-08
          135  4.68539e-08
          106  4.75264e-08
          132  4.77008e-08
          112   4.9557e-08
           93  5.22312e-08
          113  5.22333e-08
           19  5.37175e-08
          141   5.4823e-08
          108  5.54937e-08
           63  5.57799e-08
           81  5.62783e-08
          131  5.80895e-08
           27  5.92332e-08
          103  5.93175e-08
           61  5.97652e-08
          107  6.16366e-08
           56  6.38616e-08
          142  6.45874e-08
           55  6.68989e-08
           10  6.92789e-08
          124  7.14562e-08
           82  7.43884e-08
           51  7.68158e-08
          157  7.69143e-08
           43  7.84237e-08
           90  8.20989e-08
            9  8.60335e-08
          130  8.64705e-08
           83  8.70612e-08
          136  8.77386e-08
          102  8.93742e-08
          152   9.1958e-08
           95  9.45851e-08
          100  9.60662e-08
          139  9.60813e-08
           23   9.6862e-08
            3  9.69282e-08
          161  9.72112e-08
           14  9.74742e-08
           40  9.99075e-08
           44  1.00363e-07
          123  1.02301e-07
           71   1.0593e-07
          120  1.06376e-07
           85  1.09359e-07
           45  1.13503e-07
           52  1.16488e-07
          128  1.17811e-07
           92  1.21379e-07
          137  1.30701e-07
           18  1.30963e-07
          134  1.32459e-07
           15  1.32943e-07
          143  1.34006e-07
           94  1.37908e-07
          140  1.40604e-07
           97  1.46102e-07
          133  1.47078e-07
           98  1.50903e-07
           74  1.57472e-07
           36  1.61375e-07
          129  1.63098e-07
           28  1.63464e-07
           62  1.63796e-07
           11  1.69963e-07
           53  1.74973e-07
           87  1.83177e-07
           33  1.86553e-07
           48  1.90873e-07
          163  2.00058e-07
          154  2.01062e-07
           47  2.02383e-07
           20  2.05871e-07
           96  2.08025e-07
          164  2.12029e-07
           99  2.16711e-07
          146  2.18457e-07
          148  2.19764e-07
           73  2.20908e-07
           72  2.29152e-07
            1  2.30968e-07
           77  2.36141e-07
           29  2.46153e-07
           75  2.56091e-07
           86  2.63634e-07
           21  2.71621e-07
           30  2.76684e-07
          138  2.77514e-07
          145  2.79465e-07
           17  2.82394e-07
           41  2.87232e-07
          153  3.03078e-07
          147  3.03908e-07
           35   3.3221e-07
           39  3.41792e-07
          144   3.4374e-07
           80  3.84386e-07
          150  4.54769e-07
           84  4.80787e-07
           67  4.96175e-07
           32  5.04152e-07
          151  5.47983e-07
          149  5.84186e-07
           91  6.16189e-07
           65  6.83289e-07
            5  7.05031e-07
            6   9.3555e-07
            8  1.17678e-06
           68  1.24925e-06
          160  2.08713e-06
          165  2.20124e-06
           89  2.62207e-06
           88  2.62716e-06
          159   4.4044e-06
          158  1.36305e-05
