          115  2.60245e-10
          149  3.34246e-10
          162  5.94731e-10
          139  6.59674e-10
           19  6.99422e-10
           64  7.45289e-10
            7   1.0754e-09
           85  1.38513e-09
          144  1.51968e-09
          107  1.69769e-09
          133  2.29108e-09
          106  2.81538e-09
           97  3.64644e-09
          146  3.85879e-09
          157  4.06576e-09
          153  4.64663e-09
          109  4.88146e-09
           52  4.93242e-09
          151  5.55332e-09
           66  5.71629e-09
          117  5.82896e-09
          111  6.18337e-09
          161  6.57583e-09
          108  6.85524e-09
            9      6.9e-09
          136  7.02489e-09
           31  7.72784e-09
           13  8.32576e-09
          114  8.50807e-09
          102   8.7529e-09
           34  8.86003e-09
          126  8.89456e-09
          155  8.91798e-09
          116  9.25438e-09
          113   9.3889e-09
           78   9.6762e-09
           84  9.90689e-09
          143  9.94994e-09
          125  9.95315e-09
          105  1.01132e-08
          120  1.04098e-08
          127  1.09302e-08
          121  1.09982e-08
          138  1.10343e-08
           69  1.11485e-08
           70  1.12433e-08
          118  1.16596e-08
          119  1.17347e-08
          110  1.24817e-08
           40  1.25978e-08
           63  1.27642e-08
           58   1.3251e-08
          145  1.33146e-08
           61  1.34009e-08
          156  1.35357e-08
           43  1.38821e-08
          137  1.40055e-08
          134  1.40073e-08
          135  1.46405e-08
          129   1.4956e-08
           22  1.54691e-08
            4  1.63063e-08
          123  1.64659e-08
          130  1.66106e-08
           25  1.72545e-08
          140  1.75451e-08
          112  1.75747e-08
           99  1.79131e-08
          103  1.80967e-08
          104  1.81692e-08
          150  1.90347e-08
           44  1.90846e-08
           39  2.01142e-08
          132  2.10631e-08
          124  2.22525e-08
          122  2.25934e-08
          154  2.27637e-08
           51  2.33948e-08
          131  2.42194e-08
           50  2.71783e-08
           59  2.79075e-08
           37  2.99904e-08
           98   3.0423e-08
           35  3.10944e-08
          128  3.17763e-08
          152  3.43489e-08
           16  3.53868e-08
            2  3.56944e-08
          148  3.67054e-08
           26  3.70297e-08
          141  3.74284e-08
           11  3.75765e-08
           54  3.84471e-08
           77  3.84486e-08
           62  3.88499e-08
           71  4.01974e-08
          142   4.6602e-08
           36  4.69337e-08
           15  4.89154e-08
          147  4.97042e-08
           55   5.1527e-08
           96  5.38712e-08
           49  5.46537e-08
           89  5.68777e-08
           76  5.74846e-08
           74  6.25072e-08
           33   6.2839e-08
           91  6.28857e-08
           32  6.48649e-08
          100  6.88524e-08
           41  7.08501e-08
           83  7.59417e-08
           90  7.61978e-08
           56  7.78562e-08
           42  8.13244e-08
           14  8.33352e-08
           60  8.36616e-08
           29  8.86402e-08
           86  9.57876e-08
           95  9.74105e-08
           12  1.04245e-07
           68  1.04546e-07
           10  1.08293e-07
           88  1.09132e-07
           92  1.14693e-07
           79  1.20055e-07
           65  1.21702e-07
           87  1.23355e-07
          164  1.24465e-07
          163  1.24903e-07
            8  1.24964e-07
           27  1.35816e-07
           30  1.49849e-07
           18  1.52654e-07
           28  1.61887e-07
           45  1.62062e-07
           17  1.62862e-07
           57  1.90729e-07
           20  1.98686e-07
           48  2.04741e-07
            5   2.2112e-07
           23  2.33635e-07
           47  2.39135e-07
           82  2.43619e-07
          160  2.46212e-07
           94  2.62867e-07
           21   2.8094e-07
            3  2.97132e-07
          101  3.01764e-07
            6  3.27763e-07
           72  3.32064e-07
           80  3.34156e-07
           38  3.66381e-07
           53  3.67054e-07
           46   3.9318e-07
          159   3.9418e-07
           24  3.99127e-07
            1  4.49572e-07
           75  4.71386e-07
           81  4.86445e-07
           73  5.06913e-07
           93  5.15948e-07
           67  5.41809e-07
          158  7.26572e-07
          165  8.49875e-07
