1  bs_selcoff_gp:1(1,1,1,1)
2  bs_selcoff_gp:1(1,1,1,2)
3  bs_selcoff_gp:1(1,1,1,3)
4  bs_selcoff_gp:1(1,2,1,1)
5  bs_selcoff_gp:1(1,2,1,2)
6  bs_selcoff_gp:1(1,2,1,3)
7  bs_selcoff_gp:1(1,3,1,1)
8  bs_selcoff_gp:1(1,3,1,2)
9  bs_selcoff_gp:1(1,3,1,3)
10  bs_selcoff_gp:1(1,4,1,1)
11  bs_selcoff_gp:1(1,4,1,2)
12  bs_selcoff_gp:1(1,4,1,3)
13  bs_selcoff_gp:2(2,1,1,1)
14  bs_selcoff_gp:2(2,1,1,2)
15  bs_selcoff_gp:2(2,1,1,3)
16  bs_selcoff_gp:2(2,2,1,1)
17  bs_selcoff_gp:2(2,2,1,2)
18  bs_selcoff_gp:2(2,2,1,3)
19  bs_selcoff_gp:2(2,3,1,1)
20  bs_selcoff_gp:2(2,3,1,2)
21  bs_selcoff_gp:2(2,3,1,3)
22  bs_selcoff_gp:2(2,4,1,1)
23  bs_selcoff_gp:2(2,4,1,2)
24  bs_selcoff_gp:2(2,4,1,3)
25  bs_selcoff_gp:3(3,1,1,1)
26  bs_selcoff_gp:3(3,1,1,2)
27  bs_selcoff_gp:3(3,1,1,3)
28  bs_selcoff_gp:3(3,2,1,1)
29  bs_selcoff_gp:3(3,2,1,2)
30  bs_selcoff_gp:3(3,2,1,3)
31  bs_selcoff_gp:3(3,3,1,1)
32  bs_selcoff_gp:3(3,3,1,2)
33  bs_selcoff_gp:3(3,3,1,3)
34  bs_selcoff_gp:3(3,4,1,1)
35  bs_selcoff_gp:3(3,4,1,2)
36  bs_selcoff_gp:3(3,4,1,3)
37  bs_selcoff_gp:4(4,1,1,1)
38  bs_selcoff_gp:4(4,1,1,2)
39  bs_selcoff_gp:4(4,1,1,3)
40  bs_selcoff_gp:4(4,2,1,1)
41  bs_selcoff_gp:4(4,2,1,2)
42  bs_selcoff_gp:4(4,2,1,3)
43  bs_selcoff_gp:4(4,3,1,1)
44  bs_selcoff_gp:4(4,3,1,2)
45  bs_selcoff_gp:4(4,3,1,3)
46  bs_selcoff_gp:4(4,4,1,1)
47  bs_selcoff_gp:4(4,4,1,2)
48  bs_selcoff_gp:4(4,4,1,3)
49  bs_selcoff_gp:5(5,1,1,1)
50  bs_selcoff_gp:5(5,1,1,2)
51  bs_selcoff_gp:5(5,1,1,3)
52  bs_selcoff_gp:5(5,1,1,4)
53  bs_selcoff_gp:6(6,1,1,1)
54  bs_selcoff_gp:6(6,1,1,2)
55  bs_selcoff_gp:6(6,1,1,3)
56  bs_selcoff_gp:6(6,1,1,4)
57  bs_selcoff_gp:7(7,1,1,1)
58  bs_selcoff_gp:7(7,1,1,2)
59  bs_selcoff_gp:7(7,1,1,3)
60  bs_selcoff_gp:7(7,1,1,4)
61  bs_selcoff_gp:8(8,1,1,1)
62  bs_selcoff_gp:8(8,1,1,2)
63  bs_selcoff_gp:8(8,1,1,3)
64  bs_selcoff_gp:9(9,1,1,1)
65  bs_selcoff_gp:9(9,1,1,2)
66  bs_selcoff_gp:9(9,1,1,3)
67  bs_selcoff_gp:10(10,1,1,1)
68  bs_selcoff_gp:10(10,1,1,2)
69  bs_selcoff_gp:10(10,1,1,3)
70  bs_selcoff_gp:11(11,1,1,1)
71  bs_selcoff_gp:11(11,1,1,2)
72  bs_selcoff_gp:11(11,1,1,3)
73  bs_selcoff_gp:11(11,2,1,1)
74  bs_selcoff_gp:11(11,2,1,2)
75  bs_selcoff_gp:11(11,2,1,3)
76  bs_selcoff_gp:12(12,1,1,1)
77  bs_selcoff_gp:12(12,1,1,2)
78  bs_selcoff_gp:12(12,1,1,3)
79  bs_selcoff_gp:13(13,1,1,1)
80  bs_selcoff_gp:13(13,1,1,2)
81  bs_selcoff_gp:13(13,1,1,3)
82  bs_selcoff_gp:14(14,1,1,1)
83  bs_selcoff_gp:14(14,1,1,2)
84  bs_selcoff_gp:14(14,1,1,3)
85  bs_selcoff_gp:15(15,1,1,1)
86  bs_selcoff_gp:15(15,1,1,2)
87  bs_selcoff_gp:15(15,1,1,3)
88  bs_selcoff_gp:16(16,1,1,1)
89  bs_selcoff_gp:16(16,1,1,2)
90  bs_selcoff_gp:16(16,1,1,3)
91  recr
92  recr
93  recr
94  recr
95  recr
96  recr
97  recr
98  recr
99  recr
100  recr
101  recr
102  recr
103  recr
104  recr
105  recr
106  recr
107  recr
108  recr
109  recr
110  recr
111  recr
112  recr
113  recr
114  recr
115  recr
116  recr
117  recr
118  recr
119  recr
120  recr
121  recr
122  recr
123  recr
124  recr
125  recr
126  recr
127  recr
128  recr
129  recr
130  recr
131  recr
132  recr
133  recr
134  recr
135  recr
136  recr
137  recr
138  recr
139  recr
140  recr
141  recr
142  recr
143  recr
144  recr
145  recr
146  recr
147  recr
148  recr
149  recr
150  recr
151  recr
152  recr
153  recr
154  recr
155  recr
156  recr
157  recr
158  totpop
159  sv(21)
160  xage_pars(3)
161  xage_pars(3)
162  xage_pars(3)
163  vb_coff(2)
164  vb_coff(3)
165  var_coff(1)
