          161  8.54719e-11
          136  9.07476e-11
          154  3.19405e-10
          151  3.21273e-10
          106  5.39458e-10
           85  5.78581e-10
          126  7.07782e-10
          146  7.54781e-10
          109  8.05923e-10
          156  8.99961e-10
          105   1.2868e-09
           25  1.31786e-09
          114  1.58412e-09
          113  1.79617e-09
          112  1.84757e-09
          155  1.86437e-09
           15  1.91807e-09
          134  1.93552e-09
           34  1.96151e-09
          122  2.00936e-09
          107  2.41085e-09
          118  2.44384e-09
           29  2.46922e-09
          132  2.53341e-09
          123  2.67906e-09
          120  2.83595e-09
          149  3.01397e-09
          108  3.11747e-09
           18  3.15075e-09
          140  3.22944e-09
           55  3.26605e-09
          153  3.27802e-09
          145  3.44562e-09
           57  3.46389e-09
          129  3.56654e-09
           69  3.57779e-09
          115  3.60232e-09
           40  3.68523e-09
          139  3.86562e-09
          128  3.89095e-09
           63  3.99866e-09
          100  4.00204e-09
          133  4.06813e-09
          121  4.23144e-09
          130  4.52626e-09
          116  4.65478e-09
           70  4.65788e-09
           83  4.76202e-09
          119  4.84065e-09
           56  4.87579e-09
           54  4.94967e-09
          150  4.97484e-09
          104  4.99771e-09
           91   5.2364e-09
          117  5.51328e-09
          124  5.56413e-09
           31  5.71478e-09
          164    5.839e-09
          111  5.91712e-09
            8  5.99047e-09
          148  6.14687e-09
          110  6.19401e-09
           66  6.25347e-09
          127  6.39051e-09
          144   6.4126e-09
          135  6.83691e-09
          162  6.93305e-09
           22  7.03967e-09
          141  7.08979e-09
           45  7.13021e-09
          103  7.71185e-09
           64  7.71893e-09
           50  8.08289e-09
           19  8.12888e-09
           65  8.25711e-09
          138  8.41442e-09
           97  8.43276e-09
           58  9.35251e-09
           99  9.73743e-09
           26  1.02174e-08
          157   1.0373e-08
          125  1.05835e-08
          147  1.06274e-08
          143  1.12408e-08
           41  1.12876e-08
           61  1.15855e-08
           98  1.15964e-08
          102  1.16387e-08
           86  1.18717e-08
          131  1.29496e-08
           13  1.36001e-08
          142  1.40291e-08
           78  1.43461e-08
           33  1.46614e-08
          152  1.52494e-08
          137  1.54517e-08
            4  1.57563e-08
           92  1.58678e-08
            7  1.72371e-08
           87  1.89291e-08
           42  1.90403e-08
           53  1.91889e-08
           51  1.92851e-08
           88  1.93415e-08
           36  1.94866e-08
           60  2.17504e-08
           11  2.34565e-08
           59  2.39132e-08
           43  2.39748e-08
           76  2.42066e-08
           77   2.4383e-08
           20  2.46198e-08
           37  2.48691e-08
            2  2.52751e-08
           16   2.5925e-08
           32  2.59311e-08
           84  2.60434e-08
           95  2.78278e-08
           62  2.93663e-08
           44  3.05911e-08
           79  3.13261e-08
           46   3.1379e-08
           35  3.32236e-08
           39  3.49249e-08
           82  3.87226e-08
           73  3.99097e-08
           52  4.00262e-08
           30  4.10197e-08
           10  4.23867e-08
           93  4.28716e-08
           23  4.37231e-08
           75  4.37787e-08
           27  4.49565e-08
          101  4.59766e-08
           12   4.9797e-08
           14   5.2579e-08
           89   5.6234e-08
           17  5.63198e-08
           94  5.63384e-08
           81  5.67444e-08
           74  5.89626e-08
           80  6.23279e-08
           71  6.39427e-08
           90  6.41781e-08
           21  7.01254e-08
           38  7.21411e-08
          158  8.17727e-08
           96  8.33649e-08
            5  8.40029e-08
            6  8.40456e-08
            9  9.21235e-08
            3  9.59141e-08
          163  9.98448e-08
           68  1.01473e-07
           67    1.069e-07
           49   1.1365e-07
          160  1.45055e-07
           24  1.55405e-07
           72  2.04501e-07
           48  2.05176e-07
           28   2.2843e-07
           47  2.82983e-07
          159  2.94459e-07
            1  3.31786e-07
          165  8.23023e-07
