          110  1.52489e-10
          152  8.07864e-10
          109  1.26954e-09
           98  1.38599e-09
           19  2.10968e-09
          141  2.19598e-09
          150  2.69701e-09
          123  3.27154e-09
           92  3.76762e-09
          135  3.86695e-09
          145   4.3023e-09
           86   4.4022e-09
          118  5.02915e-09
          112  5.84762e-09
            5  5.90973e-09
           69  5.97427e-09
          157  5.99715e-09
          104  6.11637e-09
           64  6.18516e-09
           14  7.08889e-09
          128  7.60547e-09
          144  7.96747e-09
           96  8.86253e-09
          149  9.07268e-09
           27  9.09171e-09
           51  9.63673e-09
           99  1.01774e-08
          134  1.03586e-08
          132  1.06016e-08
          117  1.11641e-08
           13  1.11685e-08
          106  1.12112e-08
          140  1.13872e-08
          119  1.15316e-08
          113  1.15662e-08
            3  1.26409e-08
          114  1.30683e-08
           56  1.32511e-08
           65  1.33422e-08
          100  1.36399e-08
            4  1.36743e-08
          127  1.38011e-08
          125  1.38026e-08
          105  1.41961e-08
          162  1.42604e-08
          133  1.45777e-08
           66  1.48542e-08
           97  1.54255e-08
           54  1.55266e-08
           31  1.60242e-08
          129  1.62012e-08
          153  1.69963e-08
           34  1.72725e-08
          154  1.76591e-08
          107  1.81248e-08
           62  1.85361e-08
           61  1.85954e-08
           55  1.89307e-08
           33  1.90568e-08
          146  1.91683e-08
          108  1.93744e-08
           41  1.99477e-08
           22  1.99566e-08
           94  2.09648e-08
          115  2.10153e-08
           40  2.17629e-08
           95  2.19767e-08
          116   2.2692e-08
          156  2.30934e-08
          111  2.34734e-08
           85  2.37499e-08
          148  2.67596e-08
          143  2.70359e-08
          147  2.81617e-08
          151   2.8318e-08
          120  2.93023e-08
           15  2.93921e-08
          136  3.08753e-08
           18   3.1142e-08
          122  3.14795e-08
          124  3.16127e-08
          142  3.17816e-08
           42  3.26271e-08
          102  3.37832e-08
          130  3.49719e-08
           28  3.70599e-08
          139  4.02281e-08
           78  4.17029e-08
          155  4.21947e-08
           89   4.2471e-08
           74  4.42734e-08
          137  4.49188e-08
          131  4.56771e-08
           30  4.59892e-08
           63    4.615e-08
           76  4.61703e-08
           36  4.78014e-08
           16  4.88301e-08
           25  4.88755e-08
           59  4.88837e-08
           87  4.91164e-08
          126  4.93994e-08
           58  5.12909e-08
           70  5.41082e-08
          121  5.56588e-08
           72  5.66762e-08
          138  5.68144e-08
           91  5.83867e-08
          101  6.06953e-08
           39  6.11626e-08
           48  6.20086e-08
           88  6.44401e-08
           73  6.49328e-08
           50  6.58425e-08
          161   6.6097e-08
           93  6.81186e-08
           77   6.8137e-08
           52  6.85593e-08
           35  6.93844e-08
           21  7.19088e-08
           53  7.31158e-08
           75  7.41082e-08
          103  7.47807e-08
           45  8.93619e-08
           49  8.95859e-08
           60  9.15217e-08
           37  9.18936e-08
           26  9.63674e-08
           47  1.03323e-07
           29  1.04776e-07
           82  1.05902e-07
            6  1.09577e-07
          160   1.1975e-07
            2  1.22637e-07
           20  1.37327e-07
           24   1.4433e-07
           71  1.46262e-07
           90  1.47444e-07
           84  1.51088e-07
          159  1.54953e-07
           23   1.6038e-07
           83  1.63885e-07
           32  1.81101e-07
            7  1.83836e-07
           17  1.92774e-07
           46  2.14356e-07
           57   2.2456e-07
          163  2.28145e-07
            8  2.45903e-07
          164  2.52708e-07
           11  3.00847e-07
           10  3.26607e-07
           79  3.37577e-07
           43  3.43864e-07
           12  3.46936e-07
           68  3.89452e-07
            1  3.91776e-07
           80  4.02093e-07
           38  4.16417e-07
          158  5.37013e-07
           44  6.44156e-07
           81  8.50437e-07
            9  1.03786e-06
           67  1.81728e-06
          165  2.49866e-06
