           45  3.14539e-10
           16  9.00859e-10
          126  9.78211e-10
          141  1.12996e-09
            4  1.33557e-09
           22   1.6975e-09
           90  1.89566e-09
          121  1.99675e-09
          151   2.1631e-09
           50  2.44458e-09
          107  2.78806e-09
          123  2.96006e-09
          144  3.11893e-09
           27  3.23438e-09
          129  3.39706e-09
           84  3.61954e-09
          152  3.86243e-09
          140   4.0145e-09
           62  4.18462e-09
          116  4.78132e-09
          150  5.21777e-09
           70  5.48897e-09
           13   7.1777e-09
          127  7.53308e-09
          103  7.54119e-09
          120  7.72459e-09
          161  7.80633e-09
          113  8.07435e-09
          112  8.39243e-09
           15  9.69886e-09
          114   9.7061e-09
          142  1.00303e-08
          149  1.03963e-08
           61   1.0398e-08
           77  1.05915e-08
          128  1.07329e-08
          134  1.08706e-08
           85  1.11363e-08
           69  1.15668e-08
          145  1.20035e-08
          139  1.24042e-08
           86  1.30714e-08
          105  1.36017e-08
           95  1.36882e-08
          143  1.39385e-08
           34  1.46248e-08
           88  1.50688e-08
          125  1.52759e-08
           72  1.56156e-08
           80  1.59871e-08
          138  1.60316e-08
          130  1.60475e-08
          109  1.61521e-08
           42  1.68538e-08
            6  1.72054e-08
          158  1.83612e-08
          135  1.87053e-08
           60  2.00714e-08
           89  2.12074e-08
          104  2.12885e-08
          108  2.18812e-08
           74  2.20956e-08
          154  2.21273e-08
          110  2.22474e-08
          137  2.24234e-08
           65  2.24924e-08
          124  2.46033e-08
          153  2.49748e-08
           36  2.50476e-08
          117  2.50527e-08
           79  2.63078e-08
          111  2.77068e-08
           59  2.80232e-08
          106  2.81383e-08
          132  2.87328e-08
           91  2.87749e-08
          133  2.97058e-08
          131   3.0554e-08
           35  3.07029e-08
           32  3.24477e-08
          102  3.32403e-08
          122  3.33465e-08
           11  3.56624e-08
          115  3.57752e-08
          146  3.63274e-08
           43  3.85292e-08
          155  4.11665e-08
            3  4.13489e-08
          156   4.3234e-08
          147  4.40196e-08
           55  4.44549e-08
          160  4.74781e-08
          162   4.7706e-08
           44   4.9898e-08
          118  5.01683e-08
           58  5.02539e-08
           54  5.40882e-08
           30  5.47513e-08
          148  5.58834e-08
           18  5.66682e-08
           97  5.85444e-08
           33  5.87784e-08
           39  5.90561e-08
           25   6.3853e-08
           26  6.41326e-08
           64  6.71783e-08
           29  7.01966e-08
          119  7.10185e-08
           66  7.37052e-08
           19  7.47269e-08
          157  7.65068e-08
           98  7.86528e-08
           31  8.08209e-08
           83  8.17068e-08
           46   8.6417e-08
          136  8.85408e-08
            2  8.98994e-08
           56  9.25462e-08
           78  9.41328e-08
            8  9.75576e-08
            7  1.01945e-07
           99  1.04848e-07
           47  1.05564e-07
           17  1.23208e-07
           48  1.39661e-07
           63  1.42052e-07
           57  1.42856e-07
          164  1.45057e-07
          159  1.60886e-07
            5  1.61598e-07
           37  1.68234e-07
           92  1.77094e-07
           10  1.87287e-07
           52  1.87396e-07
           71  1.91438e-07
           53  1.97293e-07
            1  2.00198e-07
           28  2.01149e-07
           68  2.10002e-07
           51  2.11609e-07
           24  2.38633e-07
           82  2.51494e-07
           76  2.55048e-07
           21  2.91661e-07
           87   3.1529e-07
           40  3.80627e-07
           12  4.41046e-07
          163  4.87248e-07
           93  5.40856e-07
           49  5.87559e-07
            9  6.10773e-07
           81  6.20375e-07
           67  6.41113e-07
           20  8.23939e-07
           38  8.39044e-07
          100  1.04524e-06
           23  1.08949e-06
           94  1.10895e-06
           73  1.17102e-06
           14  1.37819e-06
           75  1.42061e-06
           41  1.49989e-06
          101  1.66638e-06
           96  1.68322e-06
          165  2.36735e-06
