165
 9.04137e-08 4.228e-08 4.31215e-08 7.45316e-08 6.13858e-08 -1.97618e-08 7.03963e-08 4.71742e-08 -1.01568e-06 2.35479e-07 9.61617e-09 7.00976e-08 1.90596e-08 2.42462e-07 7.66864e-09 3.9078e-08 -7.93636e-07 2.67519e-08 1.5997e-08 1.80766e-07 -4.6095e-08 7.57665e-08 -1.45462e-07 2.30089e-08 9.1981e-09 3.56464e-08 1.46346e-09 -1.55916e-07 6.11123e-08 -5.0722e-08 -2.62781e-08 2.54334e-08 -8.6105e-08 -1.03566e-08 2.57069e-08 -4.81508e-08 4.98499e-08 -1.14052e-07 -6.83643e-09 7.93454e-08 2.64977e-07 1.71144e-09 2.20354e-07 4.92847e-07 -1.16819e-07 -2.32734e-06 5.25397e-07 -2.64512e-07 -1.26793e-07 3.23743e-09 3.97993e-09 -1.52104e-10 1.4082e-07 2.62279e-08 -1.30609e-09 -2.8653e-08 4.96235e-08 -3.0323e-08 2.64372e-08 -9.22401e-09 4.35545e-09 -3.03074e-09 1.81855e-08 5.26109e-08 -1.75791e-08 1.23804e-08 -2.27135e-07 7.58649e-08 -1.79235e-09 1.06764e-07 4.10397e-07 -3.13218e-08 -2.18117e-07 -3.14606e-08 3.8858e-07 -1.34733e-06 2.47293e-08 -2.07448e-07 1.99035e-07 -2.67561e-07 1.5935e-06 3.60082e-07 -6.44202e-08 -3.97943e-10 9.28889e-08 -8.87403e-09 5.13247e-07 1.72943e-08 -3.25823e-08 1.28451e-08 1.12814e-08 -9.8783e-08 2.11104e-07 1.04839e-07 -7.16851e-07 8.02986e-07 -1.60929e-08 -4.20998e-08 -2.73431e-08 4.48399e-07 -1.22509e-06 7.43704e-08 9.66864e-08 -2.15711e-08 -4.82544e-09 3.42888e-09 6.27975e-09 3.22846e-09 -4.31933e-09 2.42823e-08 -1.58542e-08 2.46707e-08 -1.25012e-09 -5.35127e-09 -3.12247e-10 1.62012e-08 8.52771e-09 -6.02172e-09 9.73725e-09 9.32236e-10 2.08238e-08 2.00757e-08 7.93743e-09 -1.66411e-09 2.92262e-08 -5.21022e-09 -2.75669e-08 5.62967e-08 -2.75791e-08 3.67096e-08 3.56108e-09 1.11306e-08 2.03473e-09 -3.88681e-09 1.44184e-08 1.658e-08 1.09934e-08 1.46723e-08 5.00142e-09 -1.56126e-09 -7.22814e-09 8.82641e-09 8.07134e-09 1.2704e-08 8.77661e-09 4.53812e-09 1.78762e-08 9.12506e-09 1.16635e-08 7.97274e-09 9.41161e-09 8.76754e-09 7.07131e-09 9.24277e-09 1.21268e-08 1.06669e-08 1.93835e-08 1.76371e-07 8.69191e-08 -2.55264e-08 -1.0524e-08 -5.17917e-08 1.13013e-07 3.29949e-08 5.42447e-08

         1  9.04137e-08
         2    4.228e-08
         3  4.31215e-08
         4  7.45316e-08
         5  6.13858e-08
         6 -1.97618e-08
         7  7.03963e-08
         8  4.71742e-08
         9 -1.01568e-06
        10  2.35479e-07
        11  9.61617e-09
        12  7.00976e-08
        13  1.90596e-08
        14  2.42462e-07
        15  7.66864e-09
        16   3.9078e-08
        17 -7.93636e-07
        18  2.67519e-08
        19   1.5997e-08
        20  1.80766e-07
        21  -4.6095e-08
        22  7.57665e-08
        23 -1.45462e-07
        24  2.30089e-08
        25   9.1981e-09
        26  3.56464e-08
        27  1.46346e-09
        28 -1.55916e-07
        29  6.11123e-08
        30  -5.0722e-08
        31 -2.62781e-08
        32  2.54334e-08
        33  -8.6105e-08
        34 -1.03566e-08
        35  2.57069e-08
        36 -4.81508e-08
        37  4.98499e-08
        38 -1.14052e-07
        39 -6.83643e-09
        40  7.93454e-08
        41  2.64977e-07
        42  1.71144e-09
        43  2.20354e-07
        44  4.92847e-07
        45 -1.16819e-07
        46 -2.32734e-06
        47  5.25397e-07
        48 -2.64512e-07
        49 -1.26793e-07
        50  3.23743e-09
        51  3.97993e-09
        52 -1.52104e-10
        53   1.4082e-07
        54  2.62279e-08
        55 -1.30609e-09
        56  -2.8653e-08
        57  4.96235e-08
        58  -3.0323e-08
        59  2.64372e-08
        60 -9.22401e-09
        61  4.35545e-09
        62 -3.03074e-09
        63  1.81855e-08
        64  5.26109e-08
        65 -1.75791e-08
        66  1.23804e-08
        67 -2.27135e-07
        68  7.58649e-08
        69 -1.79235e-09
        70  1.06764e-07
        71  4.10397e-07
        72 -3.13218e-08
        73 -2.18117e-07
        74 -3.14606e-08
        75   3.8858e-07
        76 -1.34733e-06
        77  2.47293e-08
        78 -2.07448e-07
        79  1.99035e-07
        80 -2.67561e-07
        81   1.5935e-06
        82  3.60082e-07
        83 -6.44202e-08
        84 -3.97943e-10
        85  9.28889e-08
        86 -8.87403e-09
        87  5.13247e-07
        88  1.72943e-08
        89 -3.25823e-08
        90  1.28451e-08
        91  1.12814e-08
        92  -9.8783e-08
        93  2.11104e-07
        94  1.04839e-07
        95 -7.16851e-07
        96  8.02986e-07
        97 -1.60929e-08
        98 -4.20998e-08
        99 -2.73431e-08
       100  4.48399e-07
       101 -1.22509e-06
       102  7.43704e-08
       103  9.66864e-08
       104 -2.15711e-08
       105 -4.82544e-09
       106  3.42888e-09
       107  6.27975e-09
       108  3.22846e-09
       109 -4.31933e-09
       110  2.42823e-08
       111 -1.58542e-08
       112  2.46707e-08
       113 -1.25012e-09
       114 -5.35127e-09
       115 -3.12247e-10
       116  1.62012e-08
       117  8.52771e-09
       118 -6.02172e-09
       119  9.73725e-09
       120  9.32236e-10
       121  2.08238e-08
       122  2.00757e-08
       123  7.93743e-09
       124 -1.66411e-09
       125  2.92262e-08
       126 -5.21022e-09
       127 -2.75669e-08
       128  5.62967e-08
       129 -2.75791e-08
       130  3.67096e-08
       131  3.56108e-09
       132  1.11306e-08
       133  2.03473e-09
       134 -3.88681e-09
       135  1.44184e-08
       136    1.658e-08
       137  1.09934e-08
       138  1.46723e-08
       139  5.00142e-09
       140 -1.56126e-09
       141 -7.22814e-09
       142  8.82641e-09
       143  8.07134e-09
       144   1.2704e-08
       145  8.77661e-09
       146  4.53812e-09
       147  1.78762e-08
       148  9.12506e-09
       149  1.16635e-08
       150  7.97274e-09
       151  9.41161e-09
       152  8.76754e-09
       153  7.07131e-09
       154  9.24277e-09
       155  1.21268e-08
       156  1.06669e-08
       157  1.93835e-08
       158  1.76371e-07
       159  8.69191e-08
       160 -2.55264e-08
       161  -1.0524e-08
       162 -5.17917e-08
       163  1.13013e-07
       164  3.29949e-08
       165  5.42447e-08
