           31  8.21878e-12
           65  7.05703e-11
          103  9.26183e-11
          154  1.12418e-10
          157  1.23416e-10
          149  1.47553e-10
          156  3.74427e-10
          131  3.91645e-10
          132  4.04138e-10
            5  5.60912e-10
          133  6.57946e-10
          113  6.59397e-10
          128  7.36949e-10
          125  8.38249e-10
          155  8.84147e-10
          127  9.44589e-10
          161  9.79986e-10
          134  9.98813e-10
          152  1.14357e-09
           61  1.28601e-09
          112  1.39757e-09
          130  1.54248e-09
           90  1.57563e-09
          150  1.58168e-09
           86  1.62752e-09
          138   1.6901e-09
           21  1.71252e-09
          137  1.73382e-09
          122  1.77125e-09
           34  1.82233e-09
            6  1.94279e-09
           64  1.98117e-09
           84  2.01243e-09
          121  2.04413e-09
          119  2.16788e-09
          145   2.1827e-09
           39  2.19061e-09
           18  2.19907e-09
          108  2.65337e-09
          120  2.69155e-09
           25  2.69194e-09
          123  2.72398e-09
          144  2.75356e-09
          151  3.04746e-09
          124  3.07472e-09
          126  3.17101e-09
          109  3.28213e-09
          148  3.32809e-09
          115  3.38353e-09
            2  3.39855e-09
          158  3.48547e-09
          116  4.08552e-09
          114  4.24978e-09
          146  4.34279e-09
          153  4.38215e-09
          129  4.42206e-09
          106  4.43164e-09
            3  4.58614e-09
           26  4.64195e-09
          142  4.64638e-09
           45  4.65528e-09
           56  4.70615e-09
          136  4.73973e-09
           99    4.752e-09
           66   4.8865e-09
           85   4.9101e-09
           83  5.26282e-09
          164  5.30726e-09
           59  5.48491e-09
          105  5.84717e-09
          160  5.88633e-09
           91  5.99497e-09
          110  6.03835e-09
          165  6.15643e-09
           29  6.19066e-09
          141  6.19842e-09
          117  6.54395e-09
           58  6.59111e-09
          107  6.63405e-09
           12  6.65464e-09
           14  6.69008e-09
           78  6.90776e-09
           50   6.9178e-09
           36   6.9894e-09
           72  7.06227e-09
          147  7.10903e-09
           27  7.11017e-09
          118  7.33682e-09
           68  7.48506e-09
          135  7.72431e-09
           35  7.83274e-09
           60  7.98509e-09
          104  8.05667e-09
          139  8.09686e-09
          111  8.11136e-09
           43  8.11424e-09
           69  8.15838e-09
           92  8.59359e-09
          163  8.75526e-09
          140  8.77275e-09
           57    9.214e-09
           30  9.77364e-09
           63  1.00999e-08
           98  1.01607e-08
          162  1.05239e-08
           62  1.05442e-08
           42  1.10422e-08
            7  1.29571e-08
           10  1.30532e-08
           54  1.42238e-08
           77  1.44175e-08
          102  1.46897e-08
           17  1.62072e-08
          143  1.76638e-08
           15  1.76675e-08
           37  1.82131e-08
           55  1.83802e-08
           24  2.07511e-08
            9   2.2107e-08
           88  2.35901e-08
           33  2.41411e-08
          159  2.44432e-08
           40  2.46818e-08
           11  2.48895e-08
           89  2.63762e-08
           87  2.69065e-08
           97  2.71391e-08
           52  3.73617e-08
           44  3.78723e-08
           46  3.91637e-08
           76  4.14105e-08
           32  4.33489e-08
           82  4.40424e-08
           28  4.49697e-08
           20  4.52097e-08
           80  4.64112e-08
           74   5.0164e-08
           53  5.08394e-08
           13  5.40849e-08
           51   5.6005e-08
           48  6.21138e-08
           79  6.32764e-08
           73  6.47927e-08
           93  6.66705e-08
           71  6.85857e-08
            8  7.89819e-08
           41  8.25816e-08
           47  8.97784e-08
           38  9.43096e-08
           94  9.71191e-08
           16  1.11914e-07
           19  1.21655e-07
           67   1.5558e-07
           75  1.76016e-07
           23  1.81403e-07
            1  1.84387e-07
          100  1.85661e-07
           49  2.03136e-07
           22  2.16435e-07
            4  2.23806e-07
           81  2.25104e-07
           96  2.38151e-07
           70  2.69965e-07
           95  2.95388e-07
          101  3.20581e-07
