165
 4.18542e-07 3.26698e-08 -1.47738e-08 1.89293e-08 2.09581e-08 -1.86016e-08 1.40136e-07 5.17321e-08 -8.49421e-07 2.68603e-07 8.53469e-10 1.82917e-07 1.51515e-08 -7.67565e-10 2.88016e-09 2.16607e-08 -4.81712e-08 8.01842e-09 2.33632e-08 6.60859e-08 -3.2376e-08 -5.52327e-09 -1.63269e-07 4.44639e-08 -1.22632e-08 1.94344e-08 -5.37178e-09 1.81401e-08 1.89954e-08 -1.54941e-08 -3.23537e-09 2.06981e-09 -4.38946e-08 -6.91414e-10 6.1985e-09 -2.91456e-08 -6.96088e-08 -3.84751e-07 2.29824e-08 -2.86342e-09 -5.93042e-08 5.14218e-09 8.21302e-08 1.49337e-07 -3.23547e-08 8.77579e-08 1.55357e-07 -1.7806e-07 3.64786e-07 -1.98706e-08 9.93132e-08 -8.23146e-08 -2.86746e-07 -5.36493e-08 -3.2433e-08 4.97647e-08 2.06542e-08 -4.07953e-09 -1.62318e-09 -2.38808e-11 -2.40875e-09 -4.32135e-10 -1.18982e-08 6.0835e-09 6.70582e-09 9.21894e-09 3.18423e-08 -7.39686e-09 1.83378e-08 -1.05896e-08 3.95247e-08 -1.90153e-08 -4.76577e-07 -2.74206e-08 5.02225e-07 -6.07589e-08 1.4819e-09 -1.2424e-08 2.55285e-07 3.88936e-08 -2.89964e-07 -2.46721e-07 -2.15942e-09 7.15421e-09 9.99615e-09 -2.95206e-09 1.49371e-07 4.6991e-09 -6.28099e-10 -3.71146e-09 7.66552e-09 -1.65391e-07 5.38202e-07 -2.49503e-07 2.19712e-07 -3.86323e-07 4.26137e-08 1.4488e-08 -1.44378e-08 3.88056e-09 1.1225e-07 -1.09955e-08 -2.30288e-08 3.71009e-09 -4.5701e-09 -2.89824e-10 6.06331e-09 7.18673e-09 -1.20638e-08 2.02527e-09 -4.09709e-09 -3.34233e-09 5.13532e-10 3.78747e-10 -2.40127e-09 -3.05269e-09 4.94834e-09 -2.334e-09 2.81775e-09 -4.63678e-09 -2.32251e-09 1.39046e-09 2.02684e-09 -6.86273e-09 -3.51332e-09 2.92168e-09 -3.82457e-09 2.535e-09 -8.22022e-09 1.79534e-09 -4.05789e-09 -1.49873e-09 -9.03624e-10 -8.18129e-09 -7.92001e-09 -4.13831e-09 -2.07324e-09 -1.17054e-09 -3.2808e-09 -1.37464e-09 -3.27791e-09 4.49201e-09 3.31826e-10 -2.98934e-09 1.38817e-09 -3.16237e-09 -2.35909e-10 -8.096e-10 -9.96195e-09 -4.6506e-09 7.66704e-10 -3.81879e-09 -1.50998e-09 -3.91933e-09 -1.35023e-10 1.74223e-09 -8.34224e-10 -3.23959e-08 1.84944e-08 -3.24587e-08 5.99907e-10 -3.66673e-10 -2.14232e-08 8.48533e-09 6.03382e-07

         1  4.18542e-07
         2  3.26698e-08
         3 -1.47738e-08
         4  1.89293e-08
         5  2.09581e-08
         6 -1.86016e-08
         7  1.40136e-07
         8  5.17321e-08
         9 -8.49421e-07
        10  2.68603e-07
        11  8.53469e-10
        12  1.82917e-07
        13  1.51515e-08
        14 -7.67565e-10
        15  2.88016e-09
        16  2.16607e-08
        17 -4.81712e-08
        18  8.01842e-09
        19  2.33632e-08
        20  6.60859e-08
        21  -3.2376e-08
        22 -5.52327e-09
        23 -1.63269e-07
        24  4.44639e-08
        25 -1.22632e-08
        26  1.94344e-08
        27 -5.37178e-09
        28  1.81401e-08
        29  1.89954e-08
        30 -1.54941e-08
        31 -3.23537e-09
        32  2.06981e-09
        33 -4.38946e-08
        34 -6.91414e-10
        35   6.1985e-09
        36 -2.91456e-08
        37 -6.96088e-08
        38 -3.84751e-07
        39  2.29824e-08
        40 -2.86342e-09
        41 -5.93042e-08
        42  5.14218e-09
        43  8.21302e-08
        44  1.49337e-07
        45 -3.23547e-08
        46  8.77579e-08
        47  1.55357e-07
        48  -1.7806e-07
        49  3.64786e-07
        50 -1.98706e-08
        51  9.93132e-08
        52 -8.23146e-08
        53 -2.86746e-07
        54 -5.36493e-08
        55  -3.2433e-08
        56  4.97647e-08
        57  2.06542e-08
        58 -4.07953e-09
        59 -1.62318e-09
        60 -2.38808e-11
        61 -2.40875e-09
        62 -4.32135e-10
        63 -1.18982e-08
        64   6.0835e-09
        65  6.70582e-09
        66  9.21894e-09
        67  3.18423e-08
        68 -7.39686e-09
        69  1.83378e-08
        70 -1.05896e-08
        71  3.95247e-08
        72 -1.90153e-08
        73 -4.76577e-07
        74 -2.74206e-08
        75  5.02225e-07
        76 -6.07589e-08
        77   1.4819e-09
        78  -1.2424e-08
        79  2.55285e-07
        80  3.88936e-08
        81 -2.89964e-07
        82 -2.46721e-07
        83 -2.15942e-09
        84  7.15421e-09
        85  9.99615e-09
        86 -2.95206e-09
        87  1.49371e-07
        88   4.6991e-09
        89 -6.28099e-10
        90 -3.71146e-09
        91  7.66552e-09
        92 -1.65391e-07
        93  5.38202e-07
        94 -2.49503e-07
        95  2.19712e-07
        96 -3.86323e-07
        97  4.26137e-08
        98   1.4488e-08
        99 -1.44378e-08
       100  3.88056e-09
       101   1.1225e-07
       102 -1.09955e-08
       103 -2.30288e-08
       104  3.71009e-09
       105  -4.5701e-09
       106 -2.89824e-10
       107  6.06331e-09
       108  7.18673e-09
       109 -1.20638e-08
       110  2.02527e-09
       111 -4.09709e-09
       112 -3.34233e-09
       113  5.13532e-10
       114  3.78747e-10
       115 -2.40127e-09
       116 -3.05269e-09
       117  4.94834e-09
       118   -2.334e-09
       119  2.81775e-09
       120 -4.63678e-09
       121 -2.32251e-09
       122  1.39046e-09
       123  2.02684e-09
       124 -6.86273e-09
       125 -3.51332e-09
       126  2.92168e-09
       127 -3.82457e-09
       128    2.535e-09
       129 -8.22022e-09
       130  1.79534e-09
       131 -4.05789e-09
       132 -1.49873e-09
       133 -9.03624e-10
       134 -8.18129e-09
       135 -7.92001e-09
       136 -4.13831e-09
       137 -2.07324e-09
       138 -1.17054e-09
       139  -3.2808e-09
       140 -1.37464e-09
       141 -3.27791e-09
       142  4.49201e-09
       143  3.31826e-10
       144 -2.98934e-09
       145  1.38817e-09
       146 -3.16237e-09
       147 -2.35909e-10
       148   -8.096e-10
       149 -9.96195e-09
       150  -4.6506e-09
       151  7.66704e-10
       152 -3.81879e-09
       153 -1.50998e-09
       154 -3.91933e-09
       155 -1.35023e-10
       156  1.74223e-09
       157 -8.34224e-10
       158 -3.23959e-08
       159  1.84944e-08
       160 -3.24587e-08
       161  5.99907e-10
       162 -3.66673e-10
       163 -2.14232e-08
       164  8.48533e-09
       165  6.03382e-07
