           25  1.66606e-09
          112  2.09786e-09
          115   2.0993e-09
          123  2.34062e-09
          122  2.90695e-09
           64  2.94774e-09
          131  3.94228e-09
           86  4.58806e-09
          139  5.46382e-09
          145  5.65151e-09
          114  6.20298e-09
            6  7.12739e-09
          132  7.71049e-09
           56  7.76375e-09
          156  7.78114e-09
          113  8.96171e-09
           54  9.89655e-09
          148  1.00359e-08
           69  1.09253e-08
          128  1.58223e-08
           31  1.63406e-08
          149  1.66746e-08
           65  1.99212e-08
           83  1.99294e-08
          121  2.14571e-08
           19  2.29855e-08
           59  2.31246e-08
          116  2.33462e-08
          111  2.35593e-08
           13  2.36294e-08
           66  2.50966e-08
          124  2.64125e-08
           55  2.65642e-08
           87  2.83143e-08
           85  2.96174e-08
           57  3.23073e-08
           11  3.30058e-08
            2  3.35273e-08
           34  3.41181e-08
          157  3.52234e-08
          125  3.76298e-08
          109  3.79794e-08
          117  4.02509e-08
           16   4.1049e-08
          129  4.13177e-08
          161  4.16033e-08
           58  4.17048e-08
           74   4.2008e-08
           45  4.26534e-08
          126  4.32071e-08
          107  4.40266e-08
          134  4.40344e-08
           84  4.46909e-08
           60  4.70225e-08
          103  4.72094e-08
          120  4.86713e-08
          108  4.87287e-08
          127  5.02809e-08
          153  5.08315e-08
          152  5.08656e-08
           99  5.18449e-08
          141  5.19321e-08
          151  5.29153e-08
          136   5.4562e-08
          135  5.47596e-08
            5  5.54441e-08
          106  5.59435e-08
          162  5.96462e-08
          154  6.07597e-08
          118  6.18256e-08
          110  6.27241e-08
           29  6.39757e-08
           97  6.47298e-08
          142  6.48131e-08
           63  6.48223e-08
            1   6.5701e-08
           18  6.82729e-08
            7  7.02804e-08
           61  7.08741e-08
           26  7.41083e-08
            4  7.56429e-08
          144  7.60174e-08
          119  7.74975e-08
           22  8.05374e-08
           50  8.16444e-08
          101  8.39927e-08
           78  8.42204e-08
          130  8.65756e-08
          133  8.68023e-08
           94   8.7504e-08
          155  8.87652e-08
          105  8.94623e-08
          140  8.99338e-08
          102  9.06088e-08
          146  9.27792e-08
          163  9.31801e-08
           21  9.34283e-08
           30  9.34855e-08
          104  9.49349e-08
           51  9.62509e-08
           37  9.78951e-08
           71  1.01447e-07
           77  1.03535e-07
           98  1.07765e-07
           53  1.09666e-07
          164  1.10601e-07
           68  1.13126e-07
           40   1.1376e-07
           70  1.16019e-07
           14  1.18841e-07
          147  1.23759e-07
          138  1.25764e-07
           33  1.27749e-07
          137  1.39319e-07
           12  1.43685e-07
          150  1.45201e-07
           43  1.45965e-07
          143  1.46364e-07
           62  1.52371e-07
          100  1.53803e-07
            3  1.56262e-07
           32   1.8644e-07
          165  1.90237e-07
           47   1.9301e-07
           92  1.95803e-07
           49  1.96884e-07
           52  2.01429e-07
           10  2.07088e-07
           82  2.09262e-07
           79  2.14237e-07
           36  2.19742e-07
           91  2.20651e-07
           39   2.4499e-07
           35  2.46154e-07
           89  2.48363e-07
           88  2.53647e-07
           76  2.75474e-07
           15  2.81855e-07
          160  2.90436e-07
           73  3.02549e-07
           24  3.03327e-07
           44  3.15738e-07
          159  3.26149e-07
           27  3.38091e-07
           90  3.45738e-07
           23  3.66499e-07
           17  3.82003e-07
           41   3.8616e-07
           96  4.14523e-07
           48  4.39069e-07
           95   4.5934e-07
           72  4.67784e-07
           67  4.70125e-07
           38   4.9016e-07
           46   5.0321e-07
           75  5.11542e-07
           93  5.12046e-07
           81  5.73061e-07
           80  6.08229e-07
           28  6.11038e-07
           42  7.23028e-07
            8  9.57617e-07
            9   1.0392e-06
           20  1.41845e-06
          158  1.56459e-06
