165
 3.91693e-08 4.02231e-08 1.00491e-08 8.9846e-08 3.52475e-08 -3.41928e-09 2.54845e-08 6.5837e-08 -3.87831e-07 4.37731e-07 -3.45375e-08 2.29149e-07 4.23961e-08 -2.44117e-08 1.4754e-08 5.14814e-08 -4.24258e-07 4.9578e-09 4.52685e-08 9.51966e-07 -1.38269e-07 9.93019e-08 -3.76653e-07 -4.54891e-08 6.01839e-09 4.79435e-09 -2.92428e-08 4.96425e-07 -2.96702e-08 1.78306e-08 -2.30676e-09 3.22519e-08 -1.8286e-08 7.0848e-09 2.87732e-08 -1.18264e-08 8.73322e-08 2.04738e-07 6.12677e-10 9.9345e-08 4.06057e-07 1.61628e-09 -1.50429e-08 6.99685e-09 2.96797e-08 5.62135e-07 2.54241e-07 -1.56559e-07 -2.63573e-07 1.49021e-08 -4.3917e-08 3.93743e-08 -9.77598e-08 -1.66164e-08 -1.09506e-08 3.05724e-08 3.2191e-08 -6.76813e-09 4.3578e-09 -8.03989e-09 5.43183e-09 -3.11998e-09 -4.16221e-09 -7.1785e-11 -7.30496e-09 3.72746e-09 2.65861e-08 -9.67197e-10 2.96501e-09 1.39844e-07 -1.66719e-07 1.92053e-08 -2.03406e-07 -2.6508e-08 3.25622e-07 -4.29252e-07 -4.02134e-08 -1.17035e-07 1.44929e-07 -6.33554e-08 2.97605e-07 3.30078e-07 1.07783e-08 -1.94038e-09 9.2083e-09 5.15599e-09 2.84402e-08 2.87747e-08 -1.57057e-08 -5.91678e-09 -3.99644e-08 -1.41782e-07 4.25354e-07 -2.0285e-07 2.14739e-07 -2.28277e-07 -3.22842e-08 4.40794e-08 -1.60166e-08 8.28545e-08 -1.71668e-07 1.29406e-08 1.44687e-08 -2.25774e-09 -9.8167e-10 2.88269e-09 7.03881e-09 7.91103e-09 -7.76116e-09 1.31127e-08 -6.78316e-09 -9.14461e-10 -8.66572e-09 -7.41972e-09 4.68478e-10 7.92985e-09 6.186e-10 -5.60921e-09 8.44453e-10 -2.87649e-09 6.0794e-09 4.01129e-09 6.67802e-10 1.46994e-09 2.05173e-09 -5.0661e-10 3.14298e-09 4.79975e-09 -3.09147e-09 2.46565e-09 -1.99317e-09 -6.6436e-09 -1.60895e-09 -6.63637e-09 -2.20777e-09 -4.64896e-09 -3.36604e-09 8.7677e-09 9.52329e-09 8.56532e-09 -1.29933e-09 3.8731e-09 1.60157e-08 -4.18361e-09 -4.75107e-09 -5.80369e-09 3.93006e-09 3.63196e-09 2.96581e-09 1.25606e-08 2.96847e-09 4.07746e-09 2.29491e-09 -3.40173e-09 -7.18861e-10 -3.55029e-09 -4.84764e-09 1.90504e-07 -4.07318e-08 -2.53059e-08 -2.6804e-09 -2.60196e-09 6.37885e-08 -9.81934e-09 2.24414e-08

         1  3.91693e-08
         2  4.02231e-08
         3  1.00491e-08
         4   8.9846e-08
         5  3.52475e-08
         6 -3.41928e-09
         7  2.54845e-08
         8   6.5837e-08
         9 -3.87831e-07
        10  4.37731e-07
        11 -3.45375e-08
        12  2.29149e-07
        13  4.23961e-08
        14 -2.44117e-08
        15   1.4754e-08
        16  5.14814e-08
        17 -4.24258e-07
        18   4.9578e-09
        19  4.52685e-08
        20  9.51966e-07
        21 -1.38269e-07
        22  9.93019e-08
        23 -3.76653e-07
        24 -4.54891e-08
        25  6.01839e-09
        26  4.79435e-09
        27 -2.92428e-08
        28  4.96425e-07
        29 -2.96702e-08
        30  1.78306e-08
        31 -2.30676e-09
        32  3.22519e-08
        33  -1.8286e-08
        34   7.0848e-09
        35  2.87732e-08
        36 -1.18264e-08
        37  8.73322e-08
        38  2.04738e-07
        39  6.12677e-10
        40   9.9345e-08
        41  4.06057e-07
        42  1.61628e-09
        43 -1.50429e-08
        44  6.99685e-09
        45  2.96797e-08
        46  5.62135e-07
        47  2.54241e-07
        48 -1.56559e-07
        49 -2.63573e-07
        50  1.49021e-08
        51  -4.3917e-08
        52  3.93743e-08
        53 -9.77598e-08
        54 -1.66164e-08
        55 -1.09506e-08
        56  3.05724e-08
        57   3.2191e-08
        58 -6.76813e-09
        59   4.3578e-09
        60 -8.03989e-09
        61  5.43183e-09
        62 -3.11998e-09
        63 -4.16221e-09
        64  -7.1785e-11
        65 -7.30496e-09
        66  3.72746e-09
        67  2.65861e-08
        68 -9.67197e-10
        69  2.96501e-09
        70  1.39844e-07
        71 -1.66719e-07
        72  1.92053e-08
        73 -2.03406e-07
        74  -2.6508e-08
        75  3.25622e-07
        76 -4.29252e-07
        77 -4.02134e-08
        78 -1.17035e-07
        79  1.44929e-07
        80 -6.33554e-08
        81  2.97605e-07
        82  3.30078e-07
        83  1.07783e-08
        84 -1.94038e-09
        85   9.2083e-09
        86  5.15599e-09
        87  2.84402e-08
        88  2.87747e-08
        89 -1.57057e-08
        90 -5.91678e-09
        91 -3.99644e-08
        92 -1.41782e-07
        93  4.25354e-07
        94  -2.0285e-07
        95  2.14739e-07
        96 -2.28277e-07
        97 -3.22842e-08
        98  4.40794e-08
        99 -1.60166e-08
       100  8.28545e-08
       101 -1.71668e-07
       102  1.29406e-08
       103  1.44687e-08
       104 -2.25774e-09
       105  -9.8167e-10
       106  2.88269e-09
       107  7.03881e-09
       108  7.91103e-09
       109 -7.76116e-09
       110  1.31127e-08
       111 -6.78316e-09
       112 -9.14461e-10
       113 -8.66572e-09
       114 -7.41972e-09
       115  4.68478e-10
       116  7.92985e-09
       117    6.186e-10
       118 -5.60921e-09
       119  8.44453e-10
       120 -2.87649e-09
       121   6.0794e-09
       122  4.01129e-09
       123  6.67802e-10
       124  1.46994e-09
       125  2.05173e-09
       126  -5.0661e-10
       127  3.14298e-09
       128  4.79975e-09
       129 -3.09147e-09
       130  2.46565e-09
       131 -1.99317e-09
       132  -6.6436e-09
       133 -1.60895e-09
       134 -6.63637e-09
       135 -2.20777e-09
       136 -4.64896e-09
       137 -3.36604e-09
       138   8.7677e-09
       139  9.52329e-09
       140  8.56532e-09
       141 -1.29933e-09
       142   3.8731e-09
       143  1.60157e-08
       144 -4.18361e-09
       145 -4.75107e-09
       146 -5.80369e-09
       147  3.93006e-09
       148  3.63196e-09
       149  2.96581e-09
       150  1.25606e-08
       151  2.96847e-09
       152  4.07746e-09
       153  2.29491e-09
       154 -3.40173e-09
       155 -7.18861e-10
       156 -3.55029e-09
       157 -4.84764e-09
       158  1.90504e-07
       159 -4.07318e-08
       160 -2.53059e-08
       161  -2.6804e-09
       162 -2.60196e-09
       163  6.37885e-08
       164 -9.81934e-09
       165  2.24414e-08
