           64   7.1785e-11
          115  4.68478e-10
          126   5.0661e-10
           39  6.12677e-10
          117    6.186e-10
          123  6.67802e-10
          155  7.18861e-10
          119  8.44453e-10
          112  9.14461e-10
           68  9.67197e-10
          105   9.8167e-10
          141  1.29933e-09
          124  1.46994e-09
          133  1.60895e-09
           42  1.61628e-09
           84  1.94038e-09
          131  1.99317e-09
          125  2.05173e-09
          135  2.20777e-09
          104  2.25774e-09
          153  2.29491e-09
           31  2.30676e-09
          130  2.46565e-09
          162  2.60196e-09
          161   2.6804e-09
          120  2.87649e-09
          106  2.88269e-09
           69  2.96501e-09
          149  2.96581e-09
          151  2.96847e-09
          129  3.09147e-09
           62  3.11998e-09
          127  3.14298e-09
          137  3.36604e-09
          154  3.40173e-09
            6  3.41928e-09
          156  3.55029e-09
          148  3.63196e-09
           66  3.72746e-09
          142   3.8731e-09
          147  3.93006e-09
          122  4.01129e-09
          152  4.07746e-09
           63  4.16221e-09
          144  4.18361e-09
           59   4.3578e-09
          136  4.64896e-09
          145  4.75107e-09
           26  4.79435e-09
          128  4.79975e-09
          157  4.84764e-09
           18   4.9578e-09
           86  5.15599e-09
           61  5.43183e-09
          118  5.60921e-09
          146  5.80369e-09
           90  5.91678e-09
           25  6.01839e-09
          121   6.0794e-09
          134  6.63637e-09
          132   6.6436e-09
           58  6.76813e-09
          111  6.78316e-09
           44  6.99685e-09
          107  7.03881e-09
           34   7.0848e-09
           65  7.30496e-09
          114  7.41972e-09
          109  7.76116e-09
          108  7.91103e-09
          116  7.92985e-09
           60  8.03989e-09
          140  8.56532e-09
          113  8.66572e-09
          138   8.7677e-09
           85   9.2083e-09
          139  9.52329e-09
          164  9.81934e-09
            3  1.00491e-08
           83  1.07783e-08
           55  1.09506e-08
           36  1.18264e-08
          150  1.25606e-08
          102  1.29406e-08
          110  1.31127e-08
          103  1.44687e-08
           15   1.4754e-08
           50  1.49021e-08
           43  1.50429e-08
           89  1.57057e-08
          143  1.60157e-08
           99  1.60166e-08
           54  1.66164e-08
           30  1.78306e-08
           33   1.8286e-08
           72  1.92053e-08
          165  2.24414e-08
           14  2.44117e-08
          160  2.53059e-08
            7  2.54845e-08
           74   2.6508e-08
           67  2.65861e-08
           87  2.84402e-08
           35  2.87732e-08
           88  2.87747e-08
           27  2.92428e-08
           29  2.96702e-08
           45  2.96797e-08
           56  3.05724e-08
           57   3.2191e-08
           32  3.22519e-08
           97  3.22842e-08
           11  3.45375e-08
            5  3.52475e-08
            1  3.91693e-08
           52  3.93743e-08
           91  3.99644e-08
           77  4.02134e-08
            2  4.02231e-08
          159  4.07318e-08
           13  4.23961e-08
           51   4.3917e-08
           98  4.40794e-08
           19  4.52685e-08
           24  4.54891e-08
           16  5.14814e-08
           80  6.33554e-08
          163  6.37885e-08
            8   6.5837e-08
          100  8.28545e-08
           37  8.73322e-08
            4   8.9846e-08
           53  9.77598e-08
           22  9.93019e-08
           40   9.9345e-08
           78  1.17035e-07
           21  1.38269e-07
           70  1.39844e-07
           92  1.41782e-07
           79  1.44929e-07
           48  1.56559e-07
           71  1.66719e-07
          101  1.71668e-07
          158  1.90504e-07
           94   2.0285e-07
           73  2.03406e-07
           38  2.04738e-07
           95  2.14739e-07
           96  2.28277e-07
           12  2.29149e-07
           47  2.54241e-07
           49  2.63573e-07
           81  2.97605e-07
           75  3.25622e-07
           82  3.30078e-07
           23  3.76653e-07
            9  3.87831e-07
           41  4.06057e-07
           17  4.24258e-07
           93  4.25354e-07
           76  4.29252e-07
           10  4.37731e-07
           28  4.96425e-07
           46  5.62135e-07
           20  9.51966e-07
