          135  7.69578e-12
           76  8.81903e-11
           54  1.53326e-10
           25  1.64677e-10
           78   1.8539e-10
           37  2.07469e-10
          133  2.30489e-10
          143  3.27208e-10
          162  4.06683e-10
           43  4.80745e-10
          114  4.89233e-10
          106  5.63517e-10
          155  6.39232e-10
          158  6.64645e-10
           58  7.03179e-10
           57  7.14939e-10
          113   7.3216e-10
           30   7.3493e-10
          148  7.64752e-10
           64  7.84586e-10
           86  7.87806e-10
          111  8.15154e-10
           87  9.37018e-10
           36  9.66064e-10
           31  9.67655e-10
           42  1.00213e-09
          112  1.07446e-09
            3  1.11572e-09
          122   1.1431e-09
           69  1.15334e-09
          123  1.15349e-09
           34  1.20988e-09
          151  1.21599e-09
          145  1.43387e-09
           49  1.44583e-09
          121  1.45339e-09
          138  1.47534e-09
           66  1.53612e-09
           44  1.58967e-09
          157   1.6068e-09
          129  1.64225e-09
            2  1.64349e-09
          105  1.70628e-09
          134  1.84209e-09
          115  1.85585e-09
           40  1.87531e-09
           28  1.96002e-09
           29  1.98104e-09
           85  2.08807e-09
          124  2.08884e-09
           75  2.09519e-09
           55  2.13145e-09
          132  2.14679e-09
          127  2.21046e-09
          164  2.23015e-09
           33  2.28393e-09
           73  2.45863e-09
          109  2.49031e-09
          118  2.49155e-09
           63  2.53749e-09
          126  2.58478e-09
          128   2.6277e-09
           38  2.81308e-09
          136  2.81309e-09
          108  2.84809e-09
          152   2.9029e-09
           50  2.91202e-09
          154  2.94998e-09
          149  2.97796e-09
          117  3.03477e-09
          131  3.04136e-09
          141  3.08493e-09
          139  3.12065e-09
           12  3.17424e-09
          144  3.24581e-09
          116  3.27321e-09
           53  3.36505e-09
          101  3.45371e-09
           59  3.45533e-09
          103  3.55475e-09
          161  3.60446e-09
          142  3.73272e-09
           93  3.82844e-09
          130  3.93287e-09
          140  4.00887e-09
          107  4.05044e-09
           92   4.1342e-09
           71  4.18619e-09
          110  4.41916e-09
          156  4.42217e-09
           45  4.61581e-09
           56  4.83752e-09
          104  4.88431e-09
           67  4.98853e-09
           35   5.2212e-09
          102  5.48451e-09
           82  5.74118e-09
          125  5.75394e-09
            9  5.75808e-09
          119  5.85642e-09
           96  6.11016e-09
           26  6.24279e-09
           15  6.28861e-09
           97  6.91768e-09
            1  7.19968e-09
           41  7.50654e-09
           10  7.52167e-09
          137  7.70989e-09
           94   7.8205e-09
          100  7.85395e-09
           95  7.89457e-09
          150  7.95838e-09
           60   7.9705e-09
           83  8.06778e-09
            5  8.11483e-09
           14  8.40407e-09
          120  9.20381e-09
           51  9.39807e-09
           91  9.42347e-09
           46  9.44313e-09
           17   9.5689e-09
          163  9.68849e-09
           80  1.01484e-08
           32  1.03953e-08
           62  1.04771e-08
           39  1.04816e-08
            7  1.07767e-08
           84  1.13654e-08
           72   1.2005e-08
          146  1.20498e-08
          153  1.25984e-08
           52  1.30762e-08
           99  1.52929e-08
           81  1.53299e-08
           89  1.65955e-08
           61  1.78249e-08
           98  1.89376e-08
            6  1.93944e-08
           90   2.0316e-08
           65  2.06124e-08
          159  2.24425e-08
           20  2.39605e-08
           23  2.76535e-08
           47  2.97172e-08
          147  3.03523e-08
           79  3.12649e-08
           48  3.17059e-08
           27  3.23347e-08
           77   3.6203e-08
          165   4.1342e-08
           88  4.27443e-08
           11  4.45784e-08
           18  4.79419e-08
           74  5.05082e-08
           68  5.48491e-08
           21  7.76325e-08
           24   1.2217e-07
          160  1.49439e-07
            8   1.6137e-07
            4  1.07575e-06
           13  1.41472e-06
           70  1.60302e-06
           22  1.61349e-06
           19  1.76165e-06
           16   2.4163e-06
