165
 -1.64376e-07 3.20805e-09 -5.59257e-08 2.13827e-07 1.58567e-07 1.90707e-07 1.12015e-08 1.10616e-06 6.92397e-08 -1.38331e-06 3.16613e-07 -3.55491e-07 5.33802e-08 1.11142e-07 -1.13884e-07 1.09447e-07 -4.64507e-07 4.52158e-08 1.65464e-07 5.71321e-08 1.21206e-07 2.20974e-07 -1.13348e-06 1.27598e-08 5.57919e-09 -3.83638e-08 -5.81285e-08 -3.48863e-07 -2.64355e-07 -2.70992e-07 -3.47978e-08 1.86844e-07 1.45635e-07 -1.93389e-08 -1.67399e-07 8.24659e-08 2.11317e-09 -8.34366e-08 2.45686e-07 -1.28669e-07 -1.66996e-07 -8.6053e-08 7.31333e-08 -3.63425e-09 -9.10332e-08 -1.27965e-07 -5.73008e-07 8.55872e-08 -9.64171e-07 5.33958e-08 -9.74288e-08 6.46026e-08 -9.87411e-07 -1.80189e-07 -3.22533e-07 6.79546e-08 -1.65166e-07 3.13464e-08 -1.99717e-08 5.15024e-09 1.99767e-08 1.0631e-07 7.05785e-07 -3.25495e-07 -9.61805e-09 -6.11699e-07 -1.13095e-07 2.93298e-07 7.48979e-10 2.88678e-07 5.28422e-07 4.45231e-07 4.97597e-07 1.60876e-07 -1.36161e-06 1.66399e-06 -1.09766e-07 1.28529e-08 -2.96507e-07 -2.61634e-07 3.72291e-07 -2.91594e-07 2.65336e-08 -7.86059e-08 -5.46663e-08 7.87501e-09 -2.17929e-07 5.25768e-08 1.02741e-07 -1.87663e-07 1.01793e-07 3.00503e-08 7.60403e-10 1.51612e-08 7.829e-08 -1.34565e-08 1.86552e-08 -2.60011e-08 2.40535e-08 -1.5201e-07 -6.22979e-07 3.99439e-08 4.52545e-09 -6.53406e-08 -5.28633e-08 -2.49324e-08 -6.21935e-09 7.91261e-09 2.88307e-08 -4.24072e-08 -3.43814e-09 4.70287e-08 -6.18709e-09 -4.19004e-09 3.48366e-08 -8.7696e-09 6.25452e-09 -8.67175e-09 -1.62277e-08 5.00968e-08 -5.0275e-08 -3.68322e-08 5.44929e-09 6.45647e-08 1.57112e-08 -2.30892e-08 -5.93344e-09 2.36487e-08 5.73002e-08 1.50786e-08 6.26291e-08 4.54007e-08 4.33858e-08 4.40561e-08 4.99483e-08 3.90974e-08 1.0522e-08 -8.38084e-10 -1.32975e-08 -4.69651e-09 1.37067e-08 -3.89118e-09 -4.94849e-08 -1.41733e-08 2.05276e-08 1.44467e-08 3.34621e-08 3.11578e-08 5.43355e-08 3.85246e-08 3.49575e-08 -1.05494e-08 3.09075e-08 8.43929e-09 7.44192e-09 3.35289e-09 2.97743e-08 6.77713e-07 7.7236e-08 4.28147e-08 -8.28315e-08 6.76438e-08 6.93062e-07 7.897e-07 -4.07459e-06

         1 -1.64376e-07
         2  3.20805e-09
         3 -5.59257e-08
         4  2.13827e-07
         5  1.58567e-07
         6  1.90707e-07
         7  1.12015e-08
         8  1.10616e-06
         9  6.92397e-08
        10 -1.38331e-06
        11  3.16613e-07
        12 -3.55491e-07
        13  5.33802e-08
        14  1.11142e-07
        15 -1.13884e-07
        16  1.09447e-07
        17 -4.64507e-07
        18  4.52158e-08
        19  1.65464e-07
        20  5.71321e-08
        21  1.21206e-07
        22  2.20974e-07
        23 -1.13348e-06
        24  1.27598e-08
        25  5.57919e-09
        26 -3.83638e-08
        27 -5.81285e-08
        28 -3.48863e-07
        29 -2.64355e-07
        30 -2.70992e-07
        31 -3.47978e-08
        32  1.86844e-07
        33  1.45635e-07
        34 -1.93389e-08
        35 -1.67399e-07
        36  8.24659e-08
        37  2.11317e-09
        38 -8.34366e-08
        39  2.45686e-07
        40 -1.28669e-07
        41 -1.66996e-07
        42  -8.6053e-08
        43  7.31333e-08
        44 -3.63425e-09
        45 -9.10332e-08
        46 -1.27965e-07
        47 -5.73008e-07
        48  8.55872e-08
        49 -9.64171e-07
        50  5.33958e-08
        51 -9.74288e-08
        52  6.46026e-08
        53 -9.87411e-07
        54 -1.80189e-07
        55 -3.22533e-07
        56  6.79546e-08
        57 -1.65166e-07
        58  3.13464e-08
        59 -1.99717e-08
        60  5.15024e-09
        61  1.99767e-08
        62   1.0631e-07
        63  7.05785e-07
        64 -3.25495e-07
        65 -9.61805e-09
        66 -6.11699e-07
        67 -1.13095e-07
        68  2.93298e-07
        69  7.48979e-10
        70  2.88678e-07
        71  5.28422e-07
        72  4.45231e-07
        73  4.97597e-07
        74  1.60876e-07
        75 -1.36161e-06
        76  1.66399e-06
        77 -1.09766e-07
        78  1.28529e-08
        79 -2.96507e-07
        80 -2.61634e-07
        81  3.72291e-07
        82 -2.91594e-07
        83  2.65336e-08
        84 -7.86059e-08
        85 -5.46663e-08
        86  7.87501e-09
        87 -2.17929e-07
        88  5.25768e-08
        89  1.02741e-07
        90 -1.87663e-07
        91  1.01793e-07
        92  3.00503e-08
        93  7.60403e-10
        94  1.51612e-08
        95    7.829e-08
        96 -1.34565e-08
        97  1.86552e-08
        98 -2.60011e-08
        99  2.40535e-08
       100  -1.5201e-07
       101 -6.22979e-07
       102  3.99439e-08
       103  4.52545e-09
       104 -6.53406e-08
       105 -5.28633e-08
       106 -2.49324e-08
       107 -6.21935e-09
       108  7.91261e-09
       109  2.88307e-08
       110 -4.24072e-08
       111 -3.43814e-09
       112  4.70287e-08
       113 -6.18709e-09
       114 -4.19004e-09
       115  3.48366e-08
       116  -8.7696e-09
       117  6.25452e-09
       118 -8.67175e-09
       119 -1.62277e-08
       120  5.00968e-08
       121  -5.0275e-08
       122 -3.68322e-08
       123  5.44929e-09
       124  6.45647e-08
       125  1.57112e-08
       126 -2.30892e-08
       127 -5.93344e-09
       128  2.36487e-08
       129  5.73002e-08
       130  1.50786e-08
       131  6.26291e-08
       132  4.54007e-08
       133  4.33858e-08
       134  4.40561e-08
       135  4.99483e-08
       136  3.90974e-08
       137   1.0522e-08
       138 -8.38084e-10
       139 -1.32975e-08
       140 -4.69651e-09
       141  1.37067e-08
       142 -3.89118e-09
       143 -4.94849e-08
       144 -1.41733e-08
       145  2.05276e-08
       146  1.44467e-08
       147  3.34621e-08
       148  3.11578e-08
       149  5.43355e-08
       150  3.85246e-08
       151  3.49575e-08
       152 -1.05494e-08
       153  3.09075e-08
       154  8.43929e-09
       155  7.44192e-09
       156  3.35289e-09
       157  2.97743e-08
       158  6.77713e-07
       159   7.7236e-08
       160  4.28147e-08
       161 -8.28315e-08
       162  6.76438e-08
       163  6.93062e-07
       164    7.897e-07
       165 -4.07459e-06
