165
 2.0881e-07 3.83666e-08 2.78457e-08 -3.83008e-10 1.45572e-08 2.37204e-08 -1.06933e-07 5.04299e-09 7.09942e-07 2.58599e-07 -2.59949e-08 -1.01179e-07 7.96168e-09 3.5677e-07 1.72605e-08 2.11626e-09 -6.19429e-08 1.71561e-08 6.78032e-08 2.38034e-07 -9.11587e-08 1.17094e-09 2.0712e-07 -7.17997e-08 -3.54055e-08 -1.00729e-07 2.91183e-09 -4.00761e-08 -4.58429e-08 4.65527e-08 8.65271e-08 -3.6379e-08 1.9802e-07 1.34224e-08 -8.44892e-08 1.06054e-07 2.29017e-07 3.89736e-07 -2.11153e-08 -2.06646e-07 -4.60032e-07 1.48122e-08 -4.19247e-07 -7.43393e-07 1.3968e-07 -7.25803e-08 -1.24299e-07 1.7801e-07 6.81247e-07 -4.81691e-08 1.39327e-07 -1.12277e-07 1.33301e-07 1.0989e-07 -1.33713e-08 1.28526e-08 4.99203e-08 4.39927e-09 1.16497e-08 -4.32468e-08 1.00438e-08 -3.16298e-10 -4.35522e-08 -1.16463e-08 -1.2942e-08 -1.7851e-09 -2.07068e-07 -6.04407e-08 -6.2875e-09 -4.09843e-09 -4.70138e-07 9.04775e-08 -4.71124e-07 -3.18849e-08 5.97248e-07 -8.93317e-08 2.58619e-09 -5.70431e-08 6.84785e-08 6.14928e-08 -4.35387e-07 6.59735e-08 5.16242e-08 -4.8542e-10 7.67324e-08 -2.3907e-09 3.05735e-07 -5.44739e-08 7.44613e-08 -2.15674e-08 -1.89987e-09 -3.29528e-08 2.73876e-07 -1.64599e-07 -1.29005e-07 6.67686e-08 6.96705e-08 -2.66072e-09 2.32475e-09 1.49299e-07 -4.30414e-07 -2.42982e-08 -8.03642e-09 4.93274e-08 6.55374e-09 -3.06353e-08 1.17407e-08 -8.52668e-09 -1.52363e-08 4.13242e-08 7.33544e-09 -2.09679e-09 -1.4382e-08 -1.30825e-08 -5.91726e-09 -7.02418e-09 1.7721e-08 2.59088e-08 7.48066e-09 -3.52369e-10 -6.30175e-09 9.75552e-09 6.9552e-09 5.34421e-09 -2.87391e-09 1.33744e-08 5.36394e-09 9.42732e-09 -1.13415e-08 3.37145e-08 -3.95667e-09 5.88157e-09 1.86009e-09 -1.11715e-08 1.10859e-08 -9.07191e-09 3.53239e-09 1.76983e-09 1.49406e-08 2.5687e-08 3.09809e-08 1.70448e-08 1.61602e-08 1.02178e-08 8.11243e-09 4.84771e-09 3.396e-10 -7.98899e-09 1.8913e-09 1.55035e-09 -1.43068e-08 -9.60493e-09 -2.44368e-10 5.18753e-09 3.74319e-09 -2.78935e-09 -1.04882e-08 -1.12293e-11 -4.49185e-08 3.94495e-08 -5.77368e-08 3.46933e-08 5.78061e-09 -2.91686e-07 -1.09684e-06

         1   2.0881e-07
         2  3.83666e-08
         3  2.78457e-08
         4 -3.83008e-10
         5  1.45572e-08
         6  2.37204e-08
         7 -1.06933e-07
         8  5.04299e-09
         9  7.09942e-07
        10  2.58599e-07
        11 -2.59949e-08
        12 -1.01179e-07
        13  7.96168e-09
        14   3.5677e-07
        15  1.72605e-08
        16  2.11626e-09
        17 -6.19429e-08
        18  1.71561e-08
        19  6.78032e-08
        20  2.38034e-07
        21 -9.11587e-08
        22  1.17094e-09
        23   2.0712e-07
        24 -7.17997e-08
        25 -3.54055e-08
        26 -1.00729e-07
        27  2.91183e-09
        28 -4.00761e-08
        29 -4.58429e-08
        30  4.65527e-08
        31  8.65271e-08
        32  -3.6379e-08
        33   1.9802e-07
        34  1.34224e-08
        35 -8.44892e-08
        36  1.06054e-07
        37  2.29017e-07
        38  3.89736e-07
        39 -2.11153e-08
        40 -2.06646e-07
        41 -4.60032e-07
        42  1.48122e-08
        43 -4.19247e-07
        44 -7.43393e-07
        45   1.3968e-07
        46 -7.25803e-08
        47 -1.24299e-07
        48   1.7801e-07
        49  6.81247e-07
        50 -4.81691e-08
        51  1.39327e-07
        52 -1.12277e-07
        53  1.33301e-07
        54   1.0989e-07
        55 -1.33713e-08
        56  1.28526e-08
        57  4.99203e-08
        58  4.39927e-09
        59  1.16497e-08
        60 -4.32468e-08
        61  1.00438e-08
        62 -3.16298e-10
        63 -4.35522e-08
        64 -1.16463e-08
        65  -1.2942e-08
        66  -1.7851e-09
        67 -2.07068e-07
        68 -6.04407e-08
        69  -6.2875e-09
        70 -4.09843e-09
        71 -4.70138e-07
        72  9.04775e-08
        73 -4.71124e-07
        74 -3.18849e-08
        75  5.97248e-07
        76 -8.93317e-08
        77  2.58619e-09
        78 -5.70431e-08
        79  6.84785e-08
        80  6.14928e-08
        81 -4.35387e-07
        82  6.59735e-08
        83  5.16242e-08
        84  -4.8542e-10
        85  7.67324e-08
        86  -2.3907e-09
        87  3.05735e-07
        88 -5.44739e-08
        89  7.44613e-08
        90 -2.15674e-08
        91 -1.89987e-09
        92 -3.29528e-08
        93  2.73876e-07
        94 -1.64599e-07
        95 -1.29005e-07
        96  6.67686e-08
        97  6.96705e-08
        98 -2.66072e-09
        99  2.32475e-09
       100  1.49299e-07
       101 -4.30414e-07
       102 -2.42982e-08
       103 -8.03642e-09
       104  4.93274e-08
       105  6.55374e-09
       106 -3.06353e-08
       107  1.17407e-08
       108 -8.52668e-09
       109 -1.52363e-08
       110  4.13242e-08
       111  7.33544e-09
       112 -2.09679e-09
       113  -1.4382e-08
       114 -1.30825e-08
       115 -5.91726e-09
       116 -7.02418e-09
       117   1.7721e-08
       118  2.59088e-08
       119  7.48066e-09
       120 -3.52369e-10
       121 -6.30175e-09
       122  9.75552e-09
       123   6.9552e-09
       124  5.34421e-09
       125 -2.87391e-09
       126  1.33744e-08
       127  5.36394e-09
       128  9.42732e-09
       129 -1.13415e-08
       130  3.37145e-08
       131 -3.95667e-09
       132  5.88157e-09
       133  1.86009e-09
       134 -1.11715e-08
       135  1.10859e-08
       136 -9.07191e-09
       137  3.53239e-09
       138  1.76983e-09
       139  1.49406e-08
       140   2.5687e-08
       141  3.09809e-08
       142  1.70448e-08
       143  1.61602e-08
       144  1.02178e-08
       145  8.11243e-09
       146  4.84771e-09
       147    3.396e-10
       148 -7.98899e-09
       149   1.8913e-09
       150  1.55035e-09
       151 -1.43068e-08
       152 -9.60493e-09
       153 -2.44368e-10
       154  5.18753e-09
       155  3.74319e-09
       156 -2.78935e-09
       157 -1.04882e-08
       158 -1.12293e-11
       159 -4.49185e-08
       160  3.94495e-08
       161 -5.77368e-08
       162  3.46933e-08
       163  5.78061e-09
       164 -2.91686e-07
       165 -1.09684e-06
