          158  1.12293e-11
          153  2.44368e-10
           62  3.16298e-10
          147    3.396e-10
          120  3.52369e-10
            4  3.83008e-10
           84   4.8542e-10
           22  1.17094e-09
          150  1.55035e-09
          138  1.76983e-09
           66   1.7851e-09
          133  1.86009e-09
          149   1.8913e-09
           91  1.89987e-09
          112  2.09679e-09
           16  2.11626e-09
           99  2.32475e-09
           86   2.3907e-09
           77  2.58619e-09
           98  2.66072e-09
          156  2.78935e-09
          125  2.87391e-09
           27  2.91183e-09
          137  3.53239e-09
          155  3.74319e-09
          131  3.95667e-09
           70  4.09843e-09
           58  4.39927e-09
          146  4.84771e-09
            8  5.04299e-09
          154  5.18753e-09
          124  5.34421e-09
          127  5.36394e-09
          163  5.78061e-09
          132  5.88157e-09
          115  5.91726e-09
           69   6.2875e-09
          121  6.30175e-09
          105  6.55374e-09
          123   6.9552e-09
          116  7.02418e-09
          111  7.33544e-09
          119  7.48066e-09
           13  7.96168e-09
          148  7.98899e-09
          103  8.03642e-09
          145  8.11243e-09
          108  8.52668e-09
          136  9.07191e-09
          128  9.42732e-09
          152  9.60493e-09
          122  9.75552e-09
           61  1.00438e-08
          144  1.02178e-08
          157  1.04882e-08
          135  1.10859e-08
          134  1.11715e-08
          129  1.13415e-08
           64  1.16463e-08
           59  1.16497e-08
          107  1.17407e-08
           56  1.28526e-08
           65   1.2942e-08
          114  1.30825e-08
           55  1.33713e-08
          126  1.33744e-08
           34  1.34224e-08
          151  1.43068e-08
          113   1.4382e-08
            5  1.45572e-08
           42  1.48122e-08
          139  1.49406e-08
          109  1.52363e-08
          143  1.61602e-08
          142  1.70448e-08
           18  1.71561e-08
           15  1.72605e-08
          117   1.7721e-08
           39  2.11153e-08
           90  2.15674e-08
            6  2.37204e-08
          102  2.42982e-08
          140   2.5687e-08
          118  2.59088e-08
           11  2.59949e-08
            3  2.78457e-08
          106  3.06353e-08
          141  3.09809e-08
           74  3.18849e-08
           92  3.29528e-08
          130  3.37145e-08
          162  3.46933e-08
           25  3.54055e-08
           32   3.6379e-08
            2  3.83666e-08
          160  3.94495e-08
           28  4.00761e-08
          110  4.13242e-08
           60  4.32468e-08
           63  4.35522e-08
          159  4.49185e-08
           29  4.58429e-08
           30  4.65527e-08
           50  4.81691e-08
          104  4.93274e-08
           57  4.99203e-08
           83  5.16242e-08
           88  5.44739e-08
           78  5.70431e-08
          161  5.77368e-08
           68  6.04407e-08
           80  6.14928e-08
           17  6.19429e-08
           82  6.59735e-08
           96  6.67686e-08
           19  6.78032e-08
           79  6.84785e-08
           97  6.96705e-08
           24  7.17997e-08
           46  7.25803e-08
           89  7.44613e-08
           85  7.67324e-08
           35  8.44892e-08
           31  8.65271e-08
           76  8.93317e-08
           72  9.04775e-08
           21  9.11587e-08
           26  1.00729e-07
           12  1.01179e-07
           36  1.06054e-07
            7  1.06933e-07
           54   1.0989e-07
           52  1.12277e-07
           47  1.24299e-07
           95  1.29005e-07
           53  1.33301e-07
           51  1.39327e-07
           45   1.3968e-07
          100  1.49299e-07
           94  1.64599e-07
           48   1.7801e-07
           33   1.9802e-07
           40  2.06646e-07
           67  2.07068e-07
           23   2.0712e-07
            1   2.0881e-07
           37  2.29017e-07
           20  2.38034e-07
           10  2.58599e-07
           93  2.73876e-07
          164  2.91686e-07
           87  3.05735e-07
           14   3.5677e-07
           38  3.89736e-07
           43  4.19247e-07
          101  4.30414e-07
           81  4.35387e-07
           41  4.60032e-07
           71  4.70138e-07
           73  4.71124e-07
           75  5.97248e-07
           49  6.81247e-07
            9  7.09942e-07
           44  7.43393e-07
          165  1.09684e-06
