          125  2.64547e-10
           22  3.08234e-10
          114  4.92674e-10
          129  7.61163e-10
          161  9.50971e-10
          153  1.09957e-09
            4  2.17568e-09
           70  2.35468e-09
           37  3.49716e-09
           69  3.60842e-09
          135  4.03783e-09
           54  4.26858e-09
            7  4.35854e-09
          108  4.51003e-09
          112  4.62541e-09
          130  5.05023e-09
          116  5.30411e-09
           16   5.3883e-09
          113  5.61461e-09
           12  6.64866e-09
           31  6.69598e-09
          118  7.02798e-09
          107  7.07687e-09
          117   7.5092e-09
           73  8.16953e-09
           35  8.28801e-09
          122  9.28397e-09
          154  9.88707e-09
           13  1.01312e-08
          136  1.14466e-08
           58  1.17267e-08
          115  1.20194e-08
           66  1.25264e-08
           34  1.29804e-08
           63  1.36015e-08
           85  1.44842e-08
          134   1.5717e-08
          162  1.57641e-08
           26  1.68437e-08
          119  1.90028e-08
          139  1.98083e-08
           55  2.01439e-08
           38  2.18068e-08
           64  2.23207e-08
           75  2.35211e-08
          128  2.46726e-08
          106  2.93899e-08
          121   2.9442e-08
          123  3.00965e-08
           29  3.06966e-08
          151  3.17157e-08
          143  3.21448e-08
           25  3.32883e-08
           83  3.61308e-08
           14  3.78936e-08
          111  3.87078e-08
          105  4.10328e-08
          155  4.19139e-08
           30  4.27801e-08
          104  4.30323e-08
           11  4.46605e-08
          102  4.76975e-08
           19  4.85845e-08
          124  4.88781e-08
          109  4.93146e-08
          100  5.32488e-08
          149  5.45332e-08
           36  5.51786e-08
           80  6.23719e-08
          147  6.26036e-08
           10  6.56623e-08
           46  6.58355e-08
          144  6.65335e-08
           61  6.69238e-08
           76  6.96568e-08
          120  7.02614e-08
          133  7.14815e-08
           57  7.31458e-08
          152  7.51144e-08
          156  7.62702e-08
          126  7.62756e-08
           86  7.71473e-08
          131  7.78739e-08
           47  7.78803e-08
          132  8.22774e-08
          137  8.74744e-08
          148  8.85214e-08
           50  8.85556e-08
           98  9.08001e-08
          146  9.51837e-08
           97  9.89384e-08
            2   1.0243e-07
           39  1.02472e-07
           92    1.031e-07
          103  1.03642e-07
           27  1.04276e-07
          157  1.04627e-07
          145  1.07133e-07
           99  1.09934e-07
           60  1.10549e-07
          110  1.11521e-07
            3  1.13204e-07
           59  1.17507e-07
          101  1.19645e-07
          127  1.22287e-07
           78  1.28273e-07
           91  1.29113e-07
           43  1.29791e-07
          141  1.34471e-07
          150  1.38968e-07
           79  1.47556e-07
           56  1.52645e-07
           53  1.58007e-07
          140  1.58376e-07
           40  1.67644e-07
           74  1.68089e-07
          138  1.71641e-07
            5   1.7827e-07
           65  1.84903e-07
          142  1.86426e-07
            9  1.93775e-07
           33  1.96475e-07
           28    2.029e-07
           94  2.03997e-07
           96  2.09617e-07
           87  2.20995e-07
          159  2.25912e-07
           17  2.29524e-07
            1  2.35636e-07
           23  2.38556e-07
           62  2.38636e-07
           82  2.39058e-07
            6  2.39176e-07
           44  2.54955e-07
           52  2.60187e-07
           95  2.76575e-07
           15   2.8319e-07
           48  2.88515e-07
           77  2.95831e-07
           45   3.1367e-07
           72  3.23275e-07
           71  3.23345e-07
           67  3.36722e-07
          164  3.37935e-07
           93  3.60899e-07
           84  3.73928e-07
           81  4.46929e-07
           41   4.5111e-07
           42  4.59241e-07
          163  4.69265e-07
           32  4.72307e-07
           51  4.97729e-07
           24   5.3608e-07
          160  5.39243e-07
           21  5.85646e-07
           20  6.31986e-07
           90  6.68091e-07
           89  1.06319e-06
           18  1.21757e-06
           49  1.78003e-06
           88  1.81439e-06
           68  1.82305e-06
          158  2.39344e-06
            8  2.50304e-06
          165  4.34749e-06
