          143  1.31956e-11
          104  3.79224e-11
          117  7.90862e-11
           70  8.89192e-11
           39  1.81464e-10
          105  2.03743e-10
          153  2.05104e-10
           66   2.1813e-10
          116  2.57107e-10
          130  4.81466e-10
          142  5.65594e-10
           77  6.18514e-10
          121  6.90668e-10
          144   7.9771e-10
           62  8.40445e-10
           65  1.18492e-09
          133  1.20168e-09
          123  1.20949e-09
          140  1.22387e-09
          111   1.2837e-09
          125  1.32356e-09
          132  1.32756e-09
          154  1.35134e-09
          134  1.37681e-09
          139  1.41351e-09
           16  1.51387e-09
           34  1.53535e-09
          120   1.5596e-09
          110  1.63928e-09
           32  1.81316e-09
            4  1.83212e-09
           30  1.89105e-09
           85  2.03161e-09
           22  2.04035e-09
           63  2.04882e-09
           86  2.23455e-09
          118  2.44698e-09
          152  2.47832e-09
          150  2.52579e-09
          106  2.60385e-09
           61  2.63782e-09
           11  2.65226e-09
           29   2.6568e-09
           42  2.81114e-09
          129  3.02447e-09
          141  3.38898e-09
          155  3.44973e-09
           84  3.55748e-09
            8   3.6406e-09
          159  3.71862e-09
          126  4.00104e-09
           90  4.38258e-09
          131  4.47774e-09
          149  4.50443e-09
          138  4.57976e-09
          115  4.66428e-09
           17  4.68443e-09
           87  4.80718e-09
          128  5.04468e-09
           36   5.0519e-09
          145  5.19439e-09
          109  5.35596e-09
            5  5.47729e-09
          114  5.78915e-09
           27   5.8185e-09
          127  5.82197e-09
          107  5.87098e-09
          146  6.03276e-09
          113  6.06926e-09
           69  6.49012e-09
           91  6.56499e-09
          151  6.66914e-09
          162  6.69953e-09
           33  6.70997e-09
          161  6.84158e-09
          135  7.08455e-09
            7  7.45781e-09
           13  7.45968e-09
           35  7.50366e-09
            6  7.51487e-09
          137  7.68157e-09
          119   7.7798e-09
          156  7.80312e-09
           55  8.37983e-09
          112  8.88038e-09
           24  9.03044e-09
           25  9.73325e-09
            3  9.95365e-09
           88  1.08058e-08
          108  1.10053e-08
          124  1.11336e-08
          122   1.1733e-08
           31  1.17608e-08
           54   1.1833e-08
           76  1.19958e-08
           15  1.23639e-08
          148  1.30773e-08
           64  1.35207e-08
           89  1.35358e-08
          147  1.42053e-08
          157  1.43297e-08
          136  1.52955e-08
           99  1.54009e-08
           26  1.54448e-08
           58  1.56272e-08
           56  1.60583e-08
           59  1.67199e-08
           45   1.8929e-08
          103  1.91096e-08
           78  2.00706e-08
           18  2.03513e-08
           98  2.21192e-08
           60  2.29965e-08
          102  2.42833e-08
          163   2.6365e-08
          164  2.65026e-08
           57  2.67276e-08
            2  2.68877e-08
           97  2.87473e-08
           50  2.92008e-08
           21  3.12721e-08
           74  3.16301e-08
           53  3.28284e-08
          100  3.63219e-08
           80  3.76003e-08
          160  3.81452e-08
           83   3.9458e-08
          165  4.09551e-08
            9  4.49888e-08
           73  4.68592e-08
           37  4.80675e-08
           46  5.19818e-08
           40  5.57419e-08
           43  5.79378e-08
          158  5.86077e-08
           72  6.24185e-08
           75  6.26767e-08
           44  6.64333e-08
           41  6.97174e-08
           19  7.11793e-08
          101  7.28976e-08
           92  7.74489e-08
           47   8.0992e-08
           12  9.95962e-08
           79  1.09253e-07
           68   1.1382e-07
           82   1.1483e-07
           48  1.17334e-07
           10   1.2628e-07
           20  1.26651e-07
           23  1.27653e-07
           28  1.30557e-07
           52  1.32612e-07
           51  1.56329e-07
            1   2.0865e-07
           95  2.16943e-07
           96  2.24526e-07
           14    2.456e-07
           71  2.60382e-07
           38  2.91165e-07
           81  3.17366e-07
           94  3.72182e-07
           67  3.73326e-07
           93  4.39662e-07
           49  6.68476e-07
