165
 4.47793e-08 3.53674e-08 -1.20045e-08 8.74374e-08 3.11674e-08 -1.58257e-08 2.10552e-09 1.81845e-07 -7.69672e-08 4.3842e-07 -4.51956e-08 2.10185e-07 3.88988e-08 -1.07516e-07 2.92785e-08 4.94063e-08 -5.06884e-07 1.72625e-09 3.99179e-08 9.0483e-07 -1.46157e-07 9.51245e-08 -3.54189e-07 3.53555e-08 7.83719e-09 5.96701e-09 -2.19221e-08 4.47296e-07 -3.32451e-08 1.30072e-08 -8.35719e-09 2.04483e-08 -3.133e-08 6.917e-09 3.37652e-09 -2.92496e-08 6.17634e-08 2.05296e-07 -2.00576e-08 8.73943e-08 4.15499e-07 -4.39958e-08 1.17868e-08 7.29121e-08 2.22844e-08 9.61982e-07 2.80169e-07 -2.76942e-07 -3.76832e-07 2.40866e-08 -4.73188e-08 6.46359e-08 -1.01824e-08 -3.28241e-09 -2.00596e-08 4.36503e-09 1.55585e-08 -7.59188e-09 -5.69614e-09 -1.27785e-08 3.65533e-09 3.20281e-08 -5.52275e-09 5.14899e-09 -1.82438e-08 1.06199e-08 2.40442e-08 -1.59351e-08 3.32511e-09 1.33124e-07 -5.39689e-08 3.01552e-08 -1.95618e-07 -2.90417e-08 3.11994e-07 -2.9076e-07 -6.79104e-09 -7.55323e-08 1.01742e-07 -5.10138e-08 1.73786e-07 3.14217e-07 4.90695e-08 -1.42174e-08 2.6364e-08 3.41028e-09 1.14078e-07 4.68967e-08 -4.36499e-08 8.2543e-09 9.20166e-09 -6.80494e-08 3.1483e-07 -2.35258e-07 2.71289e-07 -7.27322e-08 -5.64715e-08 3.19564e-08 -2.64061e-08 1.67039e-07 -3.2757e-07 1.20399e-08 1.23045e-08 -1.41241e-09 -9.4207e-10 2.33034e-09 4.78275e-09 5.89642e-09 -1.50857e-08 7.34884e-09 -2.37684e-09 -7.42053e-10 -5.29834e-09 -2.36712e-09 4.89939e-09 1.59586e-08 6.76116e-09 1.12485e-09 4.71075e-09 -2.18874e-09 3.28086e-09 -2.48355e-09 3.3648e-10 -4.99323e-09 9.65212e-09 6.33888e-09 1.15604e-08 7.22537e-09 -4.84867e-09 2.58271e-09 1.1673e-08 6.58558e-09 -8.89587e-10 -1.15585e-08 9.80839e-09 -8.13893e-09 1.30979e-08 1.37256e-08 1.14784e-09 1.75529e-09 -5.00931e-09 -7.40175e-09 -8.33928e-09 -2.29155e-09 -2.55017e-09 -4.31268e-09 -8.27267e-09 -5.97319e-09 -4.94825e-09 -9.70126e-09 -1.03296e-08 -2.42095e-09 -9.1008e-09 -5.72647e-09 -8.86834e-09 -8.33035e-09 -1.4556e-08 3.27666e-08 1.28249e-07 1.41771e-08 1.24384e-08 3.29065e-09 7.32554e-08 -2.32071e-08 -4.95705e-08

         1  4.47793e-08
         2  3.53674e-08
         3 -1.20045e-08
         4  8.74374e-08
         5  3.11674e-08
         6 -1.58257e-08
         7  2.10552e-09
         8  1.81845e-07
         9 -7.69672e-08
        10   4.3842e-07
        11 -4.51956e-08
        12  2.10185e-07
        13  3.88988e-08
        14 -1.07516e-07
        15  2.92785e-08
        16  4.94063e-08
        17 -5.06884e-07
        18  1.72625e-09
        19  3.99179e-08
        20   9.0483e-07
        21 -1.46157e-07
        22  9.51245e-08
        23 -3.54189e-07
        24  3.53555e-08
        25  7.83719e-09
        26  5.96701e-09
        27 -2.19221e-08
        28  4.47296e-07
        29 -3.32451e-08
        30  1.30072e-08
        31 -8.35719e-09
        32  2.04483e-08
        33   -3.133e-08
        34    6.917e-09
        35  3.37652e-09
        36 -2.92496e-08
        37  6.17634e-08
        38  2.05296e-07
        39 -2.00576e-08
        40  8.73943e-08
        41  4.15499e-07
        42 -4.39958e-08
        43  1.17868e-08
        44  7.29121e-08
        45  2.22844e-08
        46  9.61982e-07
        47  2.80169e-07
        48 -2.76942e-07
        49 -3.76832e-07
        50  2.40866e-08
        51 -4.73188e-08
        52  6.46359e-08
        53 -1.01824e-08
        54 -3.28241e-09
        55 -2.00596e-08
        56  4.36503e-09
        57  1.55585e-08
        58 -7.59188e-09
        59 -5.69614e-09
        60 -1.27785e-08
        61  3.65533e-09
        62  3.20281e-08
        63 -5.52275e-09
        64  5.14899e-09
        65 -1.82438e-08
        66  1.06199e-08
        67  2.40442e-08
        68 -1.59351e-08
        69  3.32511e-09
        70  1.33124e-07
        71 -5.39689e-08
        72  3.01552e-08
        73 -1.95618e-07
        74 -2.90417e-08
        75  3.11994e-07
        76  -2.9076e-07
        77 -6.79104e-09
        78 -7.55323e-08
        79  1.01742e-07
        80 -5.10138e-08
        81  1.73786e-07
        82  3.14217e-07
        83  4.90695e-08
        84 -1.42174e-08
        85   2.6364e-08
        86  3.41028e-09
        87  1.14078e-07
        88  4.68967e-08
        89 -4.36499e-08
        90   8.2543e-09
        91  9.20166e-09
        92 -6.80494e-08
        93   3.1483e-07
        94 -2.35258e-07
        95  2.71289e-07
        96 -7.27322e-08
        97 -5.64715e-08
        98  3.19564e-08
        99 -2.64061e-08
       100  1.67039e-07
       101  -3.2757e-07
       102  1.20399e-08
       103  1.23045e-08
       104 -1.41241e-09
       105  -9.4207e-10
       106  2.33034e-09
       107  4.78275e-09
       108  5.89642e-09
       109 -1.50857e-08
       110  7.34884e-09
       111 -2.37684e-09
       112 -7.42053e-10
       113 -5.29834e-09
       114 -2.36712e-09
       115  4.89939e-09
       116  1.59586e-08
       117  6.76116e-09
       118  1.12485e-09
       119  4.71075e-09
       120 -2.18874e-09
       121  3.28086e-09
       122 -2.48355e-09
       123   3.3648e-10
       124 -4.99323e-09
       125  9.65212e-09
       126  6.33888e-09
       127  1.15604e-08
       128  7.22537e-09
       129 -4.84867e-09
       130  2.58271e-09
       131   1.1673e-08
       132  6.58558e-09
       133 -8.89587e-10
       134 -1.15585e-08
       135  9.80839e-09
       136 -8.13893e-09
       137  1.30979e-08
       138  1.37256e-08
       139  1.14784e-09
       140  1.75529e-09
       141 -5.00931e-09
       142 -7.40175e-09
       143 -8.33928e-09
       144 -2.29155e-09
       145 -2.55017e-09
       146 -4.31268e-09
       147 -8.27267e-09
       148 -5.97319e-09
       149 -4.94825e-09
       150 -9.70126e-09
       151 -1.03296e-08
       152 -2.42095e-09
       153  -9.1008e-09
       154 -5.72647e-09
       155 -8.86834e-09
       156 -8.33035e-09
       157  -1.4556e-08
       158  3.27666e-08
       159  1.28249e-07
       160  1.41771e-08
       161  1.24384e-08
       162  3.29065e-09
       163  7.32554e-08
       164 -2.32071e-08
       165 -4.95705e-08
