165
 5.79527e-08 4.60779e-08 6.08327e-08 7.81311e-08 2.06843e-09 -8.29498e-08 1.96957e-09 -3.26697e-07 -1.1748e-07 3.13327e-07 -5.26227e-08 1.73213e-07 2.73531e-08 1.05891e-07 -1.07247e-07 4.29081e-08 -3.70942e-07 1.7543e-07 2.81936e-08 1.19887e-06 -5.14647e-07 8.50428e-08 -3.92747e-07 2.03953e-07 2.8182e-09 -4.32298e-09 -2.11033e-08 5.79079e-07 3.74195e-09 8.33753e-08 4.11662e-09 -1.09882e-07 -5.76995e-08 -8.11523e-09 -2.31378e-08 -3.5845e-08 1.18967e-07 3.81376e-07 -7.20512e-08 1.03032e-07 3.53823e-07 6.69787e-08 -4.74277e-09 -5.35271e-08 7.29154e-10 -4.64342e-07 1.06591e-07 8.25656e-08 -1.45057e-07 2.20786e-08 2.64546e-08 7.85896e-08 -1.54957e-07 -1.6529e-08 -1.2022e-08 -6.7804e-09 -2.25518e-09 1.42034e-09 1.45495e-08 1.51166e-08 1.4713e-08 -7.0431e-08 -1.12367e-08 -8.56986e-09 2.08387e-07 -7.598e-09 2.80971e-07 -7.94342e-08 6.04584e-09 1.21838e-07 -1.28302e-07 1.42687e-07 -2.77896e-07 1.40183e-08 4.67877e-07 -2.03986e-07 -1.1669e-07 -8.9893e-08 1.07996e-07 1.73448e-07 -9.46822e-09 2.5703e-07 3.76135e-09 -2.67547e-08 -5.99473e-08 9.81257e-08 -3.59874e-07 -9.53636e-09 2.80073e-07 -1.27569e-07 4.78789e-08 7.47297e-08 -2.87225e-07 1.92628e-07 2.74768e-07 -6.46658e-07 -2.14299e-08 6.53712e-08 -4.42409e-08 2.4456e-07 -4.55308e-07 3.16463e-09 -2.72017e-09 8.69171e-09 2.22261e-10 3.24818e-09 1.06401e-08 1.31068e-08 8.96114e-09 4.29672e-08 1.82883e-08 1.39315e-08 9.49154e-09 9.48638e-09 1.64665e-08 3.45765e-08 3.61929e-08 3.18177e-08 3.92831e-08 4.92901e-08 2.32661e-08 3.39676e-08 3.57885e-08 1.25134e-08 -3.56409e-08 2.90922e-08 -2.61237e-08 -1.4992e-08 -2.68646e-08 -1.27164e-08 -4.33641e-08 -1.79649e-08 2.51654e-09 9.80037e-09 -3.94959e-08 3.2906e-08 4.37362e-08 5.04941e-08 5.39595e-08 3.07493e-08 2.30712e-08 -5.58334e-09 3.25201e-09 3.79078e-09 -9.11421e-09 -1.29619e-08 -3.24467e-08 1.75882e-09 6.26194e-09 3.6153e-09 -1.24104e-08 1.63754e-08 2.07534e-08 2.12942e-08 -4.74662e-09 -1.44807e-08 4.6616e-08 -7.21677e-07 -4.70229e-07 1.91488e-07 1.66464e-07 -1.98343e-08 9.05517e-08 -2.60863e-08 -1.44807e-07

         1  5.79527e-08
         2  4.60779e-08
         3  6.08327e-08
         4  7.81311e-08
         5  2.06843e-09
         6 -8.29498e-08
         7  1.96957e-09
         8 -3.26697e-07
         9  -1.1748e-07
        10  3.13327e-07
        11 -5.26227e-08
        12  1.73213e-07
        13  2.73531e-08
        14  1.05891e-07
        15 -1.07247e-07
        16  4.29081e-08
        17 -3.70942e-07
        18   1.7543e-07
        19  2.81936e-08
        20  1.19887e-06
        21 -5.14647e-07
        22  8.50428e-08
        23 -3.92747e-07
        24  2.03953e-07
        25   2.8182e-09
        26 -4.32298e-09
        27 -2.11033e-08
        28  5.79079e-07
        29  3.74195e-09
        30  8.33753e-08
        31  4.11662e-09
        32 -1.09882e-07
        33 -5.76995e-08
        34 -8.11523e-09
        35 -2.31378e-08
        36  -3.5845e-08
        37  1.18967e-07
        38  3.81376e-07
        39 -7.20512e-08
        40  1.03032e-07
        41  3.53823e-07
        42  6.69787e-08
        43 -4.74277e-09
        44 -5.35271e-08
        45  7.29154e-10
        46 -4.64342e-07
        47  1.06591e-07
        48  8.25656e-08
        49 -1.45057e-07
        50  2.20786e-08
        51  2.64546e-08
        52  7.85896e-08
        53 -1.54957e-07
        54  -1.6529e-08
        55  -1.2022e-08
        56  -6.7804e-09
        57 -2.25518e-09
        58  1.42034e-09
        59  1.45495e-08
        60  1.51166e-08
        61   1.4713e-08
        62  -7.0431e-08
        63 -1.12367e-08
        64 -8.56986e-09
        65  2.08387e-07
        66   -7.598e-09
        67  2.80971e-07
        68 -7.94342e-08
        69  6.04584e-09
        70  1.21838e-07
        71 -1.28302e-07
        72  1.42687e-07
        73 -2.77896e-07
        74  1.40183e-08
        75  4.67877e-07
        76 -2.03986e-07
        77  -1.1669e-07
        78  -8.9893e-08
        79  1.07996e-07
        80  1.73448e-07
        81 -9.46822e-09
        82   2.5703e-07
        83  3.76135e-09
        84 -2.67547e-08
        85 -5.99473e-08
        86  9.81257e-08
        87 -3.59874e-07
        88 -9.53636e-09
        89  2.80073e-07
        90 -1.27569e-07
        91  4.78789e-08
        92  7.47297e-08
        93 -2.87225e-07
        94  1.92628e-07
        95  2.74768e-07
        96 -6.46658e-07
        97 -2.14299e-08
        98  6.53712e-08
        99 -4.42409e-08
       100   2.4456e-07
       101 -4.55308e-07
       102  3.16463e-09
       103 -2.72017e-09
       104  8.69171e-09
       105  2.22261e-10
       106  3.24818e-09
       107  1.06401e-08
       108  1.31068e-08
       109  8.96114e-09
       110  4.29672e-08
       111  1.82883e-08
       112  1.39315e-08
       113  9.49154e-09
       114  9.48638e-09
       115  1.64665e-08
       116  3.45765e-08
       117  3.61929e-08
       118  3.18177e-08
       119  3.92831e-08
       120  4.92901e-08
       121  2.32661e-08
       122  3.39676e-08
       123  3.57885e-08
       124  1.25134e-08
       125 -3.56409e-08
       126  2.90922e-08
       127 -2.61237e-08
       128  -1.4992e-08
       129 -2.68646e-08
       130 -1.27164e-08
       131 -4.33641e-08
       132 -1.79649e-08
       133  2.51654e-09
       134  9.80037e-09
       135 -3.94959e-08
       136   3.2906e-08
       137  4.37362e-08
       138  5.04941e-08
       139  5.39595e-08
       140  3.07493e-08
       141  2.30712e-08
       142 -5.58334e-09
       143  3.25201e-09
       144  3.79078e-09
       145 -9.11421e-09
       146 -1.29619e-08
       147 -3.24467e-08
       148  1.75882e-09
       149  6.26194e-09
       150   3.6153e-09
       151 -1.24104e-08
       152  1.63754e-08
       153  2.07534e-08
       154  2.12942e-08
       155 -4.74662e-09
       156 -1.44807e-08
       157   4.6616e-08
       158 -7.21677e-07
       159 -4.70229e-07
       160  1.91488e-07
       161  1.66464e-07
       162 -1.98343e-08
       163  9.05517e-08
       164 -2.60863e-08
       165 -1.44807e-07
