          105  2.22261e-10
           45  7.29154e-10
           58  1.42034e-09
          148  1.75882e-09
            7  1.96957e-09
            5  2.06843e-09
           57  2.25518e-09
          133  2.51654e-09
          103  2.72017e-09
           25   2.8182e-09
          102  3.16463e-09
          106  3.24818e-09
          143  3.25201e-09
          150   3.6153e-09
           29  3.74195e-09
           83  3.76135e-09
          144  3.79078e-09
           31  4.11662e-09
           26  4.32298e-09
           43  4.74277e-09
          155  4.74662e-09
          142  5.58334e-09
           69  6.04584e-09
          149  6.26194e-09
           56   6.7804e-09
           66    7.598e-09
           34  8.11523e-09
           64  8.56986e-09
          104  8.69171e-09
          109  8.96114e-09
          145  9.11421e-09
           81  9.46822e-09
          114  9.48638e-09
          113  9.49154e-09
           88  9.53636e-09
          134  9.80037e-09
          107  1.06401e-08
           63  1.12367e-08
           55   1.2022e-08
          151  1.24104e-08
          124  1.25134e-08
          130  1.27164e-08
          146  1.29619e-08
          108  1.31068e-08
          112  1.39315e-08
           74  1.40183e-08
          156  1.44807e-08
           59  1.45495e-08
           61   1.4713e-08
          128   1.4992e-08
           60  1.51166e-08
          152  1.63754e-08
          115  1.64665e-08
           54   1.6529e-08
          132  1.79649e-08
          111  1.82883e-08
          162  1.98343e-08
          153  2.07534e-08
           27  2.11033e-08
          154  2.12942e-08
           97  2.14299e-08
           50  2.20786e-08
          141  2.30712e-08
           35  2.31378e-08
          121  2.32661e-08
          164  2.60863e-08
          127  2.61237e-08
           51  2.64546e-08
           84  2.67547e-08
          129  2.68646e-08
           13  2.73531e-08
           19  2.81936e-08
          126  2.90922e-08
          140  3.07493e-08
          118  3.18177e-08
          147  3.24467e-08
          136   3.2906e-08
          122  3.39676e-08
          116  3.45765e-08
          125  3.56409e-08
          123  3.57885e-08
           36   3.5845e-08
          117  3.61929e-08
          119  3.92831e-08
          135  3.94959e-08
           16  4.29081e-08
          110  4.29672e-08
          131  4.33641e-08
          137  4.37362e-08
           99  4.42409e-08
            2  4.60779e-08
          157   4.6616e-08
           91  4.78789e-08
          120  4.92901e-08
          138  5.04941e-08
           11  5.26227e-08
           44  5.35271e-08
          139  5.39595e-08
           33  5.76995e-08
            1  5.79527e-08
           85  5.99473e-08
            3  6.08327e-08
           98  6.53712e-08
           42  6.69787e-08
           62   7.0431e-08
           39  7.20512e-08
           92  7.47297e-08
            4  7.81311e-08
           52  7.85896e-08
           68  7.94342e-08
           48  8.25656e-08
            6  8.29498e-08
           30  8.33753e-08
           22  8.50428e-08
           78   8.9893e-08
          163  9.05517e-08
           86  9.81257e-08
           40  1.03032e-07
           14  1.05891e-07
           47  1.06591e-07
           15  1.07247e-07
           79  1.07996e-07
           32  1.09882e-07
           77   1.1669e-07
            9   1.1748e-07
           37  1.18967e-07
           70  1.21838e-07
           90  1.27569e-07
           71  1.28302e-07
           72  1.42687e-07
          165  1.44807e-07
           49  1.45057e-07
           53  1.54957e-07
          161  1.66464e-07
           12  1.73213e-07
           80  1.73448e-07
           18   1.7543e-07
          160  1.91488e-07
           94  1.92628e-07
           24  2.03953e-07
           76  2.03986e-07
           65  2.08387e-07
          100   2.4456e-07
           82   2.5703e-07
           95  2.74768e-07
           73  2.77896e-07
           89  2.80073e-07
           67  2.80971e-07
           93  2.87225e-07
           10  3.13327e-07
            8  3.26697e-07
           41  3.53823e-07
           87  3.59874e-07
           17  3.70942e-07
           38  3.81376e-07
           23  3.92747e-07
          101  4.55308e-07
           46  4.64342e-07
           75  4.67877e-07
          159  4.70229e-07
           21  5.14647e-07
           28  5.79079e-07
           96  6.46658e-07
          158  7.21677e-07
           20  1.19887e-06
