          103  5.32218e-11
           35  1.65437e-10
          149  4.98655e-10
          121  5.47971e-10
          154  6.88285e-10
          130  9.90566e-10
           27  1.62474e-09
           86  1.68629e-09
          157  1.76474e-09
           72  1.99923e-09
          135  2.17331e-09
          147  2.41001e-09
          126  2.73997e-09
          131  2.89285e-09
          132  3.02362e-09
            7  3.08694e-09
          133  3.24189e-09
          144  3.31354e-09
           62  3.62764e-09
           32  4.74964e-09
          105  4.85191e-09
           50  4.86834e-09
          111  4.96215e-09
          122  5.28184e-09
          153  5.46762e-09
          110  5.59531e-09
          128  5.78559e-09
          150  6.15978e-09
           30  6.24454e-09
          106  6.34529e-09
          109  6.41522e-09
          104  6.88096e-09
           61  7.08129e-09
           57  7.53564e-09
          112  7.63777e-09
          152  7.81507e-09
          108  8.17669e-09
           98  8.36253e-09
           26  8.66177e-09
           31  8.67889e-09
          137  9.15076e-09
           56  9.19618e-09
          129  9.55321e-09
          115  9.73519e-09
          151  9.74891e-09
          116  9.93165e-09
          107  9.95991e-09
          156   1.0006e-08
           42   1.0303e-08
          118  1.04268e-08
          117  1.04484e-08
          146   1.0882e-08
          155  1.12881e-08
          125   1.1412e-08
           84  1.17573e-08
            3  1.20493e-08
          136  1.23593e-08
          160  1.23625e-08
          145  1.29452e-08
          127   1.3432e-08
           34  1.36281e-08
          138  1.36302e-08
           33  1.37121e-08
          123  1.46642e-08
           85  1.47072e-08
          114  1.54851e-08
          134  1.56594e-08
          113  1.61322e-08
           83  1.63193e-08
           11  1.63702e-08
           43  1.66858e-08
          119   1.7239e-08
          140   1.7696e-08
           36  1.79033e-08
           39  1.80756e-08
           58  1.82003e-08
           20    1.827e-08
          163  1.85844e-08
           94  1.86421e-08
          120  1.87223e-08
          139  1.91116e-08
           38  1.94121e-08
           25  1.94274e-08
          148  1.99092e-08
          141  2.00596e-08
           65  2.07903e-08
           91  2.10435e-08
           55  2.14321e-08
           99  2.14485e-08
           45  2.19418e-08
           24  2.27327e-08
          142  2.27577e-08
           69  2.27668e-08
            8  2.40293e-08
          143  2.41165e-08
          124  3.01856e-08
           88  3.21557e-08
           77  3.36937e-08
            6  3.67636e-08
           59  3.68189e-08
           29  3.69943e-08
           90  3.72886e-08
          161  3.82234e-08
           79  3.93587e-08
           14  4.03399e-08
          164  4.11171e-08
           60  4.14539e-08
           80  4.18375e-08
          158  4.19653e-08
           92  4.28425e-08
            2  4.31802e-08
           44  4.75967e-08
           89  4.80212e-08
           21  5.03948e-08
          162  5.17815e-08
           13   5.3557e-08
           97  5.65613e-08
           15  6.10065e-08
           54  6.66496e-08
          102  6.85304e-08
           37  7.08921e-08
            9  7.47021e-08
           93  7.76015e-08
            5  8.48736e-08
           18   8.6294e-08
           17  8.94424e-08
           52  8.99271e-08
           68   1.0499e-07
          100  1.09677e-07
           16  1.10507e-07
           51  1.14691e-07
           48  1.20755e-07
           46  1.25015e-07
           74  1.25142e-07
           28  1.32896e-07
           19  1.40892e-07
          165  1.42301e-07
           73  1.42525e-07
           40  1.42684e-07
           95  1.47561e-07
           64  1.57342e-07
           81  1.59047e-07
           63   1.6312e-07
           12  1.64815e-07
            1   1.8027e-07
           96  1.98693e-07
          159  1.99732e-07
            4  2.17125e-07
           22  2.18199e-07
           70  2.75474e-07
           87   3.0979e-07
           53  3.34054e-07
           47  3.62606e-07
           78  3.87222e-07
           82  3.92646e-07
           23  4.06749e-07
           10  4.27059e-07
           67  4.33039e-07
           75  4.53602e-07
           66  4.80156e-07
           71  4.85009e-07
           49  5.78692e-07
          101  6.46684e-07
           41  6.56224e-07
           76  7.87942e-07
