           90  7.43769e-10
          135  1.09401e-09
          133  1.14775e-09
          105  2.03335e-09
          128  2.28449e-09
           75  2.41456e-09
          142  2.76415e-09
           19  2.84741e-09
           80   3.5894e-09
          137  4.10421e-09
          120  5.31646e-09
            4   5.8206e-09
          146  7.30305e-09
          115  7.49289e-09
           69  8.86888e-09
          131  9.41345e-09
           62  9.60105e-09
          103  1.06372e-08
           85  1.07316e-08
          111  1.20692e-08
           68  1.28725e-08
          109  1.32581e-08
          129  1.36745e-08
           13  1.41465e-08
          147  1.49017e-08
           53  1.54749e-08
           11  1.61798e-08
          159  1.67703e-08
           54  1.68495e-08
           22  1.72093e-08
          143  1.77844e-08
          125  2.04882e-08
          151  2.25462e-08
           42  2.25653e-08
          126  2.32382e-08
           76  2.37685e-08
          117  2.39951e-08
           98  2.63769e-08
          116  2.68715e-08
           73  2.68882e-08
          114  2.87256e-08
          134  2.93426e-08
           72  3.00475e-08
          145  3.08659e-08
           65  3.16666e-08
           77  3.18118e-08
           27  3.21158e-08
          154  3.26026e-08
          152  3.45632e-08
          124  3.52352e-08
          127  3.53987e-08
          149  3.70413e-08
          156  3.80475e-08
           74  3.82362e-08
          121   3.9354e-08
          155  4.01239e-08
          108   4.2102e-08
          139  4.32487e-08
          157  4.36128e-08
          148  4.54607e-08
           86  4.59144e-08
           16  4.69218e-08
          123  4.69231e-08
           91  4.86938e-08
           39  4.93418e-08
           15  4.99334e-08
           81  5.11385e-08
          104  5.27429e-08
           61  5.44069e-08
          136   5.5046e-08
           88  5.51489e-08
          110  5.52782e-08
          122   5.9291e-08
          141  6.04405e-08
           84  6.08703e-08
           70  6.42712e-08
          112  6.60975e-08
           87    6.738e-08
          132  6.79319e-08
           29  6.87457e-08
          153  7.04041e-08
          130  7.34926e-08
          140  7.38034e-08
          118   7.6037e-08
          138  7.62924e-08
          162   7.7095e-08
          119  7.92328e-08
          144  8.77175e-08
           89   8.7735e-08
          107  8.95637e-08
           99  9.22363e-08
            3  9.33467e-08
          150  9.62055e-08
          102  9.73612e-08
           66  9.89223e-08
           50  1.03171e-07
          161  1.04604e-07
          113  1.05242e-07
           30   1.0802e-07
           35  1.11439e-07
           40  1.11664e-07
          158  1.12828e-07
           34  1.13975e-07
            7  1.14096e-07
           18  1.15273e-07
           25  1.15543e-07
           83  1.19164e-07
           36   1.2587e-07
            8  1.28358e-07
          106  1.29044e-07
           64  1.29616e-07
           45  1.31745e-07
           55  1.32534e-07
           58  1.42571e-07
          160  1.52283e-07
           26  1.84984e-07
           56  2.02149e-07
          164  2.05646e-07
            6  2.48002e-07
          100   2.5209e-07
           78  2.68032e-07
            5  2.97125e-07
           43  2.97924e-07
           41  3.61158e-07
           52  3.70166e-07
            1  3.72775e-07
           28  3.94774e-07
           14  4.14248e-07
           21  4.14876e-07
            2  4.45846e-07
           79  4.74867e-07
           67  4.99017e-07
           63  5.02465e-07
           97  5.19562e-07
           51   5.4989e-07
            9  6.09589e-07
          101  6.33096e-07
           10  6.47516e-07
           60  7.42548e-07
           71  7.43693e-07
           37  7.57525e-07
           24  7.94797e-07
           44  7.99073e-07
           32  9.04448e-07
           59  9.18354e-07
           48  1.15262e-06
           12  1.16203e-06
           49  1.22996e-06
           46   1.2562e-06
           94  1.40267e-06
           95  1.40958e-06
           92  1.41908e-06
           31  1.58318e-06
           38  1.64551e-06
           17  1.69962e-06
           20  1.77839e-06
          163  1.90454e-06
           47  2.12922e-06
           82  2.55194e-06
           23  2.55906e-06
           96  2.89857e-06
           57  3.07922e-06
           33  3.45007e-06
           93  3.92287e-06
          165  1.44067e-05
