          108   3.3668e-10
          163  5.24701e-10
           62  7.28388e-10
            7  1.07833e-09
          135  1.17905e-09
          130  1.39346e-09
          111  1.73669e-09
          106   1.8128e-09
          125  1.95749e-09
           50  2.32962e-09
          105  2.73307e-09
           89  2.84211e-09
           27  3.20406e-09
          160  3.24945e-09
           48  3.58943e-09
            6  3.62735e-09
           58  3.94421e-09
            3  4.05785e-09
          137   4.1184e-09
           61  4.18788e-09
          107  4.28042e-09
          118  4.52584e-09
           90  4.64871e-09
          112  4.69745e-09
           99  4.79294e-09
           30  5.29092e-09
          149  5.62351e-09
          157  6.32947e-09
           64  7.02745e-09
          120  7.05063e-09
           15  7.18279e-09
            9  7.30637e-09
          154  7.43503e-09
           59  7.60439e-09
           21  7.63102e-09
           26  8.02995e-09
          117   8.2122e-09
           42  8.31227e-09
          140  8.63994e-09
          116  8.77033e-09
          121  8.77772e-09
          151  8.82742e-09
          113  9.13393e-09
          156   9.1482e-09
          141  9.31705e-09
          155  9.37653e-09
          132  9.73875e-09
          119  9.84909e-09
          124  9.92132e-09
           91  1.00049e-08
           25  1.01747e-08
          131   1.0367e-08
          150  1.03902e-08
          103   1.0505e-08
          104  1.10377e-08
           45  1.12133e-08
          148  1.12784e-08
          143  1.15879e-08
           88  1.19635e-08
            5   1.2547e-08
           84  1.26149e-08
          144  1.26396e-08
          147  1.31331e-08
          122  1.31702e-08
          123  1.32616e-08
          114  1.32681e-08
          152   1.3269e-08
          110   1.3301e-08
          133  1.33219e-08
           31   1.3704e-08
          115  1.37679e-08
          138  1.40593e-08
           66  1.42759e-08
          139  1.43001e-08
           98  1.46709e-08
          128  1.48244e-08
          142  1.53544e-08
           60  1.54342e-08
           24  1.57327e-08
           39  1.60045e-08
           83  1.62365e-08
          159  1.69189e-08
          109  1.71247e-08
          127  1.77153e-08
          153  1.80989e-08
          146   1.9297e-08
           36  1.92996e-08
          136  1.97658e-08
          126  1.99651e-08
          145   2.0339e-08
           34  2.07167e-08
          134   2.0847e-08
          102  2.13575e-08
            2  2.22809e-08
           29  2.24267e-08
           11  2.26079e-08
          101  2.29056e-08
           65  2.30397e-08
           18   2.4393e-08
           54  2.53873e-08
           33  2.57718e-08
          162  2.69794e-08
           57  2.73947e-08
           86  2.75611e-08
          129   2.8643e-08
           35  2.97726e-08
           81  3.01477e-08
           56  3.03301e-08
           72  3.10761e-08
          164  3.13916e-08
           55  3.19312e-08
           97  3.31599e-08
          161  3.64463e-08
           32  3.76229e-08
          100  3.77418e-08
           77  4.22515e-08
           82  4.60797e-08
           13  5.39199e-08
          158    5.552e-08
           96  5.67395e-08
            8  5.99044e-08
           85  6.33017e-08
           63  6.38248e-08
           80   7.2009e-08
           69  7.40344e-08
           43  7.75989e-08
          165  8.39313e-08
           14  9.51519e-08
           16  1.11756e-07
           40  1.15918e-07
           20  1.23107e-07
           52  1.24669e-07
           37  1.29898e-07
           19  1.41146e-07
           44  1.59406e-07
           79  1.89331e-07
           51  1.93458e-07
            1  2.01494e-07
           73  2.19491e-07
           22  2.21085e-07
            4  2.21643e-07
           46  2.34505e-07
           53  2.47605e-07
           95  2.54537e-07
           70   2.7765e-07
           74  2.89638e-07
           38  3.06182e-07
           68  3.06618e-07
           12  3.07614e-07
           47  3.35462e-07
           17  3.74157e-07
           78  4.41752e-07
           28  4.63313e-07
           92  4.77329e-07
           41  4.80659e-07
           75  5.58693e-07
           94  5.65698e-07
           23  5.72823e-07
           71   5.7628e-07
           87  6.23043e-07
           49  7.00115e-07
           10  7.88615e-07
           76  1.03019e-06
           67  1.10631e-06
           93  1.25478e-06
