           44  1.77722e-10
           61  1.09451e-09
          109  2.47562e-09
          115  2.74967e-09
          125  3.34515e-09
           22  3.44555e-09
          105  3.66017e-09
           86  3.80862e-09
          123  3.82209e-09
          127   5.3947e-09
          141  5.76777e-09
          126  6.03686e-09
          150  6.49887e-09
          152  6.75187e-09
           70  7.77165e-09
          164  8.24563e-09
           34   9.8187e-09
          151  1.00841e-08
            4  1.01539e-08
           77  1.03355e-08
          122  1.10797e-08
          155  1.18636e-08
          128  1.26707e-08
           16  1.29667e-08
           13  1.37068e-08
          143  1.38912e-08
          104  1.40188e-08
          118  1.44852e-08
          108  1.48067e-08
           54  1.56955e-08
          140  1.58583e-08
          120  1.65142e-08
           50   1.6914e-08
          107  1.73741e-08
           33   1.8305e-08
          147  1.83362e-08
          111  1.92046e-08
            5  1.93639e-08
           41  2.02905e-08
          154  2.04197e-08
          117  2.12764e-08
          130  2.17837e-08
          114  2.18445e-08
           88  2.31184e-08
          124  2.33883e-08
           43  2.41419e-08
          149  2.45692e-08
          106  2.46543e-08
          121  2.57396e-08
           26  2.66742e-08
          113  2.67714e-08
          161  2.69845e-08
          146  2.71787e-08
           74  2.76585e-08
           91  2.84204e-08
           19  2.84716e-08
           69  2.87095e-08
          110  3.05955e-08
          144   3.1289e-08
          148  3.13601e-08
          119  3.15817e-08
           25   3.2975e-08
          100  3.37054e-08
          138  3.42305e-08
          116   3.4628e-08
          153  3.47352e-08
           40  3.49927e-08
           62  3.64847e-08
          129  3.65857e-08
           85  3.68626e-08
          137  3.82628e-08
           64  3.83192e-08
           23  4.26951e-08
           15  4.34184e-08
            7   4.3598e-08
          133  4.36189e-08
           56  4.44241e-08
          156  4.48117e-08
          162   4.5924e-08
           80   4.6127e-08
            6  4.70085e-08
          145  4.73618e-08
          142  4.93064e-08
          132  4.98966e-08
           99  5.30289e-08
           59  5.32914e-08
           42  5.37339e-08
          139  5.52424e-08
           36  5.54188e-08
           76  5.57566e-08
           45  5.76631e-08
           63  5.83668e-08
           55  5.84895e-08
          112  5.85385e-08
           30  6.25871e-08
           58  6.26629e-08
          157  6.29864e-08
           11  6.40397e-08
           31  6.43426e-08
          136  6.55375e-08
           66  6.57587e-08
          103   6.7712e-08
          131  6.82221e-08
          134  6.84111e-08
           57  7.11007e-08
           18  7.11456e-08
           65  7.64842e-08
           79  7.74771e-08
          102  8.34151e-08
           21  8.46054e-08
          135  8.50193e-08
           29  8.55944e-08
           98  8.94991e-08
           51  9.45275e-08
           60  9.75382e-08
           84  9.87417e-08
            2   9.9726e-08
           90  1.00116e-07
           35  1.01726e-07
           39  1.03443e-07
           52  1.12381e-07
           89  1.12705e-07
           93  1.27713e-07
           97  1.27724e-07
           37  1.36817e-07
           71  1.56127e-07
           49  1.64805e-07
           78  1.68018e-07
           27  1.73534e-07
          159  1.80303e-07
          158  1.97438e-07
           83  2.53559e-07
           32  2.83925e-07
            9  2.87772e-07
          160  2.90353e-07
           12  3.02814e-07
           28  3.05887e-07
          163  3.07595e-07
           72  3.15372e-07
           94  3.25901e-07
           92  3.32143e-07
           24  3.35556e-07
           53   3.4188e-07
          101  3.99703e-07
           46  4.07938e-07
            1  4.45697e-07
            3  4.57235e-07
           17  4.58653e-07
           81  5.22286e-07
           10  5.23498e-07
           87  5.34244e-07
           14  5.67629e-07
            8  5.91428e-07
           47   6.0523e-07
           73  7.28586e-07
           95    7.683e-07
           75  7.97986e-07
           48  8.69087e-07
           82  9.14148e-07
           20   1.1714e-06
           68  1.23048e-06
           38  1.29506e-06
           67  1.33023e-06
           96  2.07435e-06
          165  2.38341e-06
