165
 3.49497e-07 -1.09114e-08 -1.19241e-09 1.04614e-10 -9.47117e-09 1.86117e-08 -2.41619e-08 -3.27717e-08 1.13303e-07 6.64425e-08 -1.5466e-08 6.02369e-08 1.04676e-08 2.64928e-07 -1.85253e-08 5.14964e-09 -3.51995e-08 2.25224e-08 5.9388e-08 6.83763e-07 -2.77414e-07 6.41513e-10 6.8704e-08 -3.21816e-08 -1.10121e-08 -1.13599e-08 1.12207e-08 2.56875e-08 -1.92307e-08 1.99467e-08 1.52232e-09 -7.36734e-10 4.1087e-08 -7.35874e-09 -8.22877e-09 5.40783e-09 -6.0326e-08 1.54042e-08 1.64088e-08 1.10812e-08 1.41536e-07 1.16274e-08 -7.60343e-08 -1.2862e-07 1.24401e-08 -2.03646e-08 -4.31496e-08 4.31481e-08 5.69019e-08 3.49458e-09 3.60986e-08 -9.58459e-09 -1.10628e-07 -1.92837e-08 -2.71588e-08 3.85713e-08 -2.37725e-08 -6.41271e-09 -7.03692e-09 7.08161e-09 -2.70783e-10 -5.5164e-09 6.92502e-09 5.29255e-09 2.87753e-08 1.06878e-08 6.18414e-08 -1.56066e-08 2.31442e-09 -1.33686e-10 -4.89472e-07 1.13878e-07 -2.95067e-08 7.98546e-09 3.28528e-08 -7.42239e-07 4.60958e-09 -2.365e-07 1.55986e-07 -1.38293e-08 3.36897e-08 1.13987e-07 1.4927e-08 1.97783e-08 6.51745e-09 1.53731e-09 7.6137e-08 1.57058e-08 -1.4597e-08 4.65898e-09 -5.41018e-09 -1.11063e-08 1.00567e-07 -6.99802e-08 8.42438e-08 -2.83903e-08 -4.15876e-08 1.34028e-08 -4.13901e-08 4.84157e-07 -8.39854e-07 2.41478e-08 2.97542e-09 1.21961e-08 7.73272e-09 8.02082e-10 2.25805e-09 1.1852e-09 5.94454e-09 6.67859e-09 2.40379e-09 3.50143e-09 2.41353e-09 2.20868e-09 2.15034e-09 6.85383e-09 6.85808e-10 6.0961e-09 5.75228e-09 -1.6949e-09 5.41983e-09 2.01276e-09 1.87384e-09 4.494e-09 2.92744e-09 3.81494e-09 1.66235e-09 6.87979e-09 3.0714e-09 5.85633e-09 7.38502e-09 4.23848e-09 3.76948e-09 6.56183e-09 1.6462e-08 6.6725e-09 1.0895e-08 1.09143e-08 8.38748e-09 9.74969e-09 2.55462e-09 1.4825e-08 1.25499e-08 7.12583e-09 1.01244e-08 1.18155e-08 1.99754e-08 6.1949e-09 5.63463e-09 1.01477e-08 9.56099e-09 4.68127e-09 7.23634e-09 8.18273e-11 2.02156e-09 6.9102e-09 7.3463e-09 1.27889e-07 -9.51012e-08 -8.61449e-09 -7.5358e-09 -1.413e-09 -2.30476e-08 5.69225e-09 2.45e-08

         1  3.49497e-07
         2 -1.09114e-08
         3 -1.19241e-09
         4  1.04614e-10
         5 -9.47117e-09
         6  1.86117e-08
         7 -2.41619e-08
         8 -3.27717e-08
         9  1.13303e-07
        10  6.64425e-08
        11  -1.5466e-08
        12  6.02369e-08
        13  1.04676e-08
        14  2.64928e-07
        15 -1.85253e-08
        16  5.14964e-09
        17 -3.51995e-08
        18  2.25224e-08
        19   5.9388e-08
        20  6.83763e-07
        21 -2.77414e-07
        22  6.41513e-10
        23   6.8704e-08
        24 -3.21816e-08
        25 -1.10121e-08
        26 -1.13599e-08
        27  1.12207e-08
        28  2.56875e-08
        29 -1.92307e-08
        30  1.99467e-08
        31  1.52232e-09
        32 -7.36734e-10
        33   4.1087e-08
        34 -7.35874e-09
        35 -8.22877e-09
        36  5.40783e-09
        37  -6.0326e-08
        38  1.54042e-08
        39  1.64088e-08
        40  1.10812e-08
        41  1.41536e-07
        42  1.16274e-08
        43 -7.60343e-08
        44  -1.2862e-07
        45  1.24401e-08
        46 -2.03646e-08
        47 -4.31496e-08
        48  4.31481e-08
        49  5.69019e-08
        50  3.49458e-09
        51  3.60986e-08
        52 -9.58459e-09
        53 -1.10628e-07
        54 -1.92837e-08
        55 -2.71588e-08
        56  3.85713e-08
        57 -2.37725e-08
        58 -6.41271e-09
        59 -7.03692e-09
        60  7.08161e-09
        61 -2.70783e-10
        62  -5.5164e-09
        63  6.92502e-09
        64  5.29255e-09
        65  2.87753e-08
        66  1.06878e-08
        67  6.18414e-08
        68 -1.56066e-08
        69  2.31442e-09
        70 -1.33686e-10
        71 -4.89472e-07
        72  1.13878e-07
        73 -2.95067e-08
        74  7.98546e-09
        75  3.28528e-08
        76 -7.42239e-07
        77  4.60958e-09
        78   -2.365e-07
        79  1.55986e-07
        80 -1.38293e-08
        81  3.36897e-08
        82  1.13987e-07
        83   1.4927e-08
        84  1.97783e-08
        85  6.51745e-09
        86  1.53731e-09
        87   7.6137e-08
        88  1.57058e-08
        89  -1.4597e-08
        90  4.65898e-09
        91 -5.41018e-09
        92 -1.11063e-08
        93  1.00567e-07
        94 -6.99802e-08
        95  8.42438e-08
        96 -2.83903e-08
        97 -4.15876e-08
        98  1.34028e-08
        99 -4.13901e-08
       100  4.84157e-07
       101 -8.39854e-07
       102  2.41478e-08
       103  2.97542e-09
       104  1.21961e-08
       105  7.73272e-09
       106  8.02082e-10
       107  2.25805e-09
       108   1.1852e-09
       109  5.94454e-09
       110  6.67859e-09
       111  2.40379e-09
       112  3.50143e-09
       113  2.41353e-09
       114  2.20868e-09
       115  2.15034e-09
       116  6.85383e-09
       117  6.85808e-10
       118   6.0961e-09
       119  5.75228e-09
       120  -1.6949e-09
       121  5.41983e-09
       122  2.01276e-09
       123  1.87384e-09
       124    4.494e-09
       125  2.92744e-09
       126  3.81494e-09
       127  1.66235e-09
       128  6.87979e-09
       129   3.0714e-09
       130  5.85633e-09
       131  7.38502e-09
       132  4.23848e-09
       133  3.76948e-09
       134  6.56183e-09
       135   1.6462e-08
       136   6.6725e-09
       137   1.0895e-08
       138  1.09143e-08
       139  8.38748e-09
       140  9.74969e-09
       141  2.55462e-09
       142   1.4825e-08
       143  1.25499e-08
       144  7.12583e-09
       145  1.01244e-08
       146  1.18155e-08
       147  1.99754e-08
       148   6.1949e-09
       149  5.63463e-09
       150  1.01477e-08
       151  9.56099e-09
       152  4.68127e-09
       153  7.23634e-09
       154  8.18273e-11
       155  2.02156e-09
       156   6.9102e-09
       157   7.3463e-09
       158  1.27889e-07
       159 -9.51012e-08
       160 -8.61449e-09
       161  -7.5358e-09
       162   -1.413e-09
       163 -2.30476e-08
       164  5.69225e-09
       165     2.45e-08
