           86  2.65604e-10
           84  4.53714e-10
           65  4.64344e-10
           42  5.11909e-10
           33  6.74561e-10
            6  8.45185e-10
           37  8.81034e-10
           58   9.4858e-10
           98  1.29912e-09
           61  1.37005e-09
          128  1.51548e-09
           30  2.90108e-09
           21  3.09629e-09
          125  3.72545e-09
           62  3.97682e-09
          147  4.25851e-09
           89  4.86031e-09
           27  5.45645e-09
           31  5.66669e-09
           50  5.73719e-09
          158  5.88752e-09
            2  6.62171e-09
            3   6.9648e-09
          160  7.89282e-09
            7  8.39974e-09
           36  8.40705e-09
           35  8.58849e-09
          157  8.69631e-09
           83  8.73257e-09
           64  8.93017e-09
           97  9.44224e-09
          108   1.0216e-08
           39  1.04271e-08
           48  1.08307e-08
          159  1.08479e-08
          130  1.08982e-08
           26  1.15035e-08
          135  1.16753e-08
          112    1.183e-08
          118  1.19786e-08
          144  1.20977e-08
          107  1.27806e-08
          143  1.28925e-08
           46  1.29421e-08
          116   1.2964e-08
          137   1.3141e-08
           99  1.31926e-08
          142  1.31968e-08
          138  1.32546e-08
          119  1.36392e-08
          141  1.41964e-08
           91   1.4378e-08
          110  1.44154e-08
          148  1.49219e-08
           88  1.51282e-08
          163  1.52082e-08
           60  1.52095e-08
          106  1.52542e-08
           25  1.58714e-08
          146  1.63228e-08
          122  1.63269e-08
          121  1.65219e-08
          132  1.66245e-08
          120  1.67602e-08
          124  1.69677e-08
          117  1.71011e-08
          149  1.74767e-08
          133   1.8249e-08
          105  1.83635e-08
          131  1.91524e-08
           57  1.91538e-08
          162  1.91747e-08
          154  1.96569e-08
          156   1.9672e-08
          139  1.98182e-08
           72  2.03506e-08
          155   2.0384e-08
           90  2.07806e-08
          164  2.08025e-08
          113  2.08649e-08
           24  2.13369e-08
          111  2.14003e-08
          145  2.21413e-08
          115  2.22724e-08
          123  2.23567e-08
           32  2.24938e-08
            5  2.28499e-08
           66  2.29565e-08
          152  2.29701e-08
          140   2.2975e-08
          150  2.31574e-08
          161  2.42503e-08
           59  2.43476e-08
           15  2.47023e-08
           18  2.62118e-08
          103  2.66477e-08
           34  2.68481e-08
          127  2.72122e-08
          126  2.73216e-08
          136  2.74572e-08
          153  2.77884e-08
          114  2.83439e-08
           45  2.85152e-08
          104  2.85279e-08
          151  2.90034e-08
          134  3.00181e-08
           29  3.07224e-08
          129  3.22371e-08
          165   3.2988e-08
          109  3.50749e-08
           54  3.81565e-08
           52  3.88388e-08
           63  3.97877e-08
            8  4.70598e-08
           55  4.91249e-08
           13  5.40221e-08
           51  5.87811e-08
           56  5.96098e-08
           69  5.96398e-08
           47  6.16761e-08
           77   6.5071e-08
           96  6.94944e-08
           11  7.82215e-08
           82  8.22696e-08
           85  8.33559e-08
           73  9.30416e-08
          102  9.33005e-08
           14  1.08987e-07
           20   1.1079e-07
           43  1.12039e-07
           16  1.12126e-07
           79  1.28055e-07
           74   1.3069e-07
           80  1.33358e-07
           19  1.41626e-07
           40  1.42778e-07
           49  1.50597e-07
           95   1.7664e-07
            9  1.86821e-07
            1  2.07043e-07
           38  2.12532e-07
           22  2.22037e-07
            4  2.22908e-07
           75  2.28625e-07
           44  2.37405e-07
           81  2.73144e-07
           70  2.81339e-07
           12  3.18197e-07
           28  3.82749e-07
           17  4.01271e-07
           53  4.23558e-07
           68  4.84084e-07
           78  4.86623e-07
           92  5.05629e-07
           94  5.17106e-07
           23  5.18726e-07
           71   5.1927e-07
           41  5.35061e-07
          100  5.74353e-07
           10   8.1023e-07
           87  8.22897e-07
           76  9.63359e-07
           67  1.05132e-06
           93  1.21546e-06
          101  1.37452e-06
