          125  1.02297e-10
           25  1.98093e-10
           24  4.97021e-10
          155  8.37704e-10
          150  9.46384e-10
          142  1.03615e-09
          148  1.07441e-09
           65  1.25471e-09
          121  1.26888e-09
          115  1.68597e-09
          152  1.70306e-09
          143  1.78911e-09
          119    2.499e-09
           61  2.50519e-09
          164  2.56799e-09
           26  3.00227e-09
          109  3.12815e-09
          153  3.20843e-09
          154  3.33417e-09
          128  3.53888e-09
          111  4.04399e-09
          123  4.10869e-09
          113  4.16767e-09
          151  4.40237e-09
          156  4.81653e-09
          124  4.85232e-09
          134  5.71461e-09
          149  6.13735e-09
            7   6.1619e-09
          116  6.44124e-09
          122  6.45549e-09
          133  6.52637e-09
          127  6.94167e-09
           34  7.14193e-09
          106    7.318e-09
          139  7.41835e-09
          157  7.43964e-09
          126  7.44119e-09
          146  8.12709e-09
          120  8.26058e-09
          129  8.91104e-09
          130  9.49034e-09
          147  9.71969e-09
          103  9.91902e-09
            3  1.05383e-08
          135  1.06639e-08
          118  1.08063e-08
          144  1.09803e-08
           41   1.1142e-08
           69  1.12084e-08
          136  1.13167e-08
          107   1.1385e-08
           72  1.18368e-08
          117  1.34448e-08
            6  1.35725e-08
           32  1.37286e-08
          140  1.44997e-08
          137  1.48529e-08
          161  1.48833e-08
          104  1.51067e-08
          132  1.51515e-08
          145  1.54135e-08
           62  1.56315e-08
           58  1.59189e-08
          108  1.63765e-08
           14  1.64428e-08
          160  1.64483e-08
           28  1.69857e-08
           59  1.70709e-08
           20  1.74025e-08
           35  1.74875e-08
          114  1.94216e-08
          110  1.94514e-08
          112   1.9769e-08
          131  2.11068e-08
          105  2.26916e-08
          141   2.3008e-08
           48  2.36681e-08
          138  2.53195e-08
           40  2.53847e-08
           86  2.60585e-08
           88  2.76734e-08
           91  2.81482e-08
          162   3.0726e-08
           81  3.47215e-08
           39  3.71604e-08
           84  3.79131e-08
           27  3.88993e-08
           54  3.90051e-08
           80  4.07608e-08
           50   4.1391e-08
           85  4.18965e-08
           45  4.33105e-08
           36   4.3537e-08
           83  4.40991e-08
           89  4.47114e-08
           57   4.7491e-08
           98  4.96897e-08
           46  4.99043e-08
           90  5.00166e-08
           97  5.04183e-08
            8  5.09534e-08
           13  5.35998e-08
           18  5.69396e-08
           33  5.79481e-08
           60  5.94261e-08
           11   6.1446e-08
           15   6.3154e-08
           64  6.33384e-08
           21  6.43231e-08
          165  6.63574e-08
           52  6.83517e-08
          163  7.21104e-08
           63  7.26735e-08
           77  7.35924e-08
           42  7.44819e-08
          102  7.55994e-08
           43  7.64626e-08
           44   8.0405e-08
           92  8.61827e-08
           30  8.73033e-08
          101  8.79532e-08
           31  9.71283e-08
           29  1.00509e-07
          159  1.07134e-07
           16  1.10186e-07
           95  1.16397e-07
            2  1.16502e-07
           56  1.19391e-07
           47  1.20461e-07
           19  1.33396e-07
          158  1.34061e-07
           82  1.37001e-07
           74  1.40212e-07
            5  1.42916e-07
           94  1.45505e-07
           51  1.47317e-07
           79  1.71964e-07
           38  1.72306e-07
           55  1.73327e-07
           73  1.77909e-07
            9  1.78625e-07
            1   1.8387e-07
           93  1.85549e-07
           66  1.90289e-07
           10  1.91428e-07
           99  1.94385e-07
           12  2.00122e-07
           68   2.0766e-07
           71  2.08321e-07
           22  2.15663e-07
            4  2.19323e-07
           96  2.42785e-07
           17  2.53449e-07
           37  2.62417e-07
           70  2.65033e-07
           67  2.95188e-07
           75   3.2269e-07
           87  3.35259e-07
           53  4.92493e-07
           23    6.098e-07
           76  6.16517e-07
          100  7.32235e-07
           78  8.00171e-07
           49  9.58927e-07
