165
 3.63863e-07 9.55939e-08 1.35353e-07 7.15687e-09 5.60381e-07 5.2269e-07 -9.76061e-08 -6.58745e-07 5.34805e-07 2.92283e-07 -1.2916e-07 1.54085e-07 1.15495e-08 1.28541e-07 -2.98737e-07 7.35745e-09 1.29074e-07 -3.423e-07 4.74124e-08 8.0597e-07 6.11753e-07 -3.11984e-09 4.15858e-08 6.24707e-08 -5.72767e-08 1.71782e-07 3.24969e-07 1.19982e-07 2.14069e-07 8.1077e-08 -1.17572e-07 4.58107e-07 -2.3871e-07 -3.47915e-08 3.75557e-07 5.93613e-08 -1.64618e-06 3.52779e-07 4.5974e-07 1.92132e-07 2.48639e-07 1.00262e-07 3.62024e-07 9.07312e-07 -7.92357e-07 5.97101e-08 -2.01439e-07 -5.50754e-07 6.56017e-08 2.71998e-09 1.09539e-08 2.12051e-08 -5.15189e-07 -9.49731e-08 -8.78111e-08 4.51752e-08 5.31723e-08 7.38309e-08 1.40392e-07 1.46557e-07 -1.26367e-08 -2.85327e-07 -2.04587e-07 -5.59445e-09 -7.54157e-08 -8.34101e-08 -3.8968e-08 -2.11327e-07 4.04037e-09 -1.95685e-08 2.27441e-07 -1.87569e-07 -6.08534e-07 2.9502e-07 7.10069e-07 -2.88639e-07 -1.08667e-07 -2.2599e-07 -6.07474e-07 1.33723e-07 -3.8918e-07 2.31679e-07 -5.16691e-08 -5.76525e-08 2.85578e-08 1.27175e-07 6.71337e-08 -7.29587e-07 -5.1631e-09 2.63664e-07 8.08704e-08 -8.4063e-08 4.47363e-07 -3.58278e-08 -3.29957e-07 1.79232e-07 -3.27648e-08 1.2142e-08 -1.48279e-08 3.01028e-07 -5.47981e-07 -5.27289e-09 -2.64418e-08 -3.38072e-09 3.62539e-08 2.00126e-08 -1.32694e-08 -2.06918e-08 -1.30442e-08 2.64806e-08 -3.85467e-09 -1.6774e-08 -1.16638e-08 -1.40306e-08 -2.60757e-08 -2.52363e-08 -4.68166e-08 -3.93885e-08 -3.45972e-08 -6.35234e-08 -3.53427e-08 2.06606e-08 -7.59869e-09 -4.19068e-08 9.06993e-09 -5.16583e-08 -6.27476e-08 -1.15721e-07 -9.46923e-08 -2.18014e-08 -1.1574e-07 -9.33702e-08 4.25835e-08 2.19033e-08 6.0983e-08 1.67969e-08 1.96734e-07 3.94317e-08 3.24243e-08 -2.92974e-08 4.63547e-09 -8.25204e-08 2.54247e-08 5.21263e-08 6.63031e-08 1.20634e-07 2.13397e-07 1.53868e-07 -6.55614e-08 -2.06324e-08 -1.81049e-08 6.10187e-08 1.12546e-07 3.88492e-09 4.39999e-08 5.98535e-08 -7.15321e-08 3.74778e-06 1.17958e-06 4.60607e-07 1.01355e-07 -7.84945e-08 1.21709e-08 9.07594e-08 8.87642e-07

         1  3.63863e-07
         2  9.55939e-08
         3  1.35353e-07
         4  7.15687e-09
         5  5.60381e-07
         6   5.2269e-07
         7 -9.76061e-08
         8 -6.58745e-07
         9  5.34805e-07
        10  2.92283e-07
        11  -1.2916e-07
        12  1.54085e-07
        13  1.15495e-08
        14  1.28541e-07
        15 -2.98737e-07
        16  7.35745e-09
        17  1.29074e-07
        18   -3.423e-07
        19  4.74124e-08
        20   8.0597e-07
        21  6.11753e-07
        22 -3.11984e-09
        23  4.15858e-08
        24  6.24707e-08
        25 -5.72767e-08
        26  1.71782e-07
        27  3.24969e-07
        28  1.19982e-07
        29  2.14069e-07
        30   8.1077e-08
        31 -1.17572e-07
        32  4.58107e-07
        33  -2.3871e-07
        34 -3.47915e-08
        35  3.75557e-07
        36  5.93613e-08
        37 -1.64618e-06
        38  3.52779e-07
        39   4.5974e-07
        40  1.92132e-07
        41  2.48639e-07
        42  1.00262e-07
        43  3.62024e-07
        44  9.07312e-07
        45 -7.92357e-07
        46  5.97101e-08
        47 -2.01439e-07
        48 -5.50754e-07
        49  6.56017e-08
        50  2.71998e-09
        51  1.09539e-08
        52  2.12051e-08
        53 -5.15189e-07
        54 -9.49731e-08
        55 -8.78111e-08
        56  4.51752e-08
        57  5.31723e-08
        58  7.38309e-08
        59  1.40392e-07
        60  1.46557e-07
        61 -1.26367e-08
        62 -2.85327e-07
        63 -2.04587e-07
        64 -5.59445e-09
        65 -7.54157e-08
        66 -8.34101e-08
        67  -3.8968e-08
        68 -2.11327e-07
        69  4.04037e-09
        70 -1.95685e-08
        71  2.27441e-07
        72 -1.87569e-07
        73 -6.08534e-07
        74   2.9502e-07
        75  7.10069e-07
        76 -2.88639e-07
        77 -1.08667e-07
        78  -2.2599e-07
        79 -6.07474e-07
        80  1.33723e-07
        81  -3.8918e-07
        82  2.31679e-07
        83 -5.16691e-08
        84 -5.76525e-08
        85  2.85578e-08
        86  1.27175e-07
        87  6.71337e-08
        88 -7.29587e-07
        89  -5.1631e-09
        90  2.63664e-07
        91  8.08704e-08
        92  -8.4063e-08
        93  4.47363e-07
        94 -3.58278e-08
        95 -3.29957e-07
        96  1.79232e-07
        97 -3.27648e-08
        98   1.2142e-08
        99 -1.48279e-08
       100  3.01028e-07
       101 -5.47981e-07
       102 -5.27289e-09
       103 -2.64418e-08
       104 -3.38072e-09
       105  3.62539e-08
       106  2.00126e-08
       107 -1.32694e-08
       108 -2.06918e-08
       109 -1.30442e-08
       110  2.64806e-08
       111 -3.85467e-09
       112  -1.6774e-08
       113 -1.16638e-08
       114 -1.40306e-08
       115 -2.60757e-08
       116 -2.52363e-08
       117 -4.68166e-08
       118 -3.93885e-08
       119 -3.45972e-08
       120 -6.35234e-08
       121 -3.53427e-08
       122  2.06606e-08
       123 -7.59869e-09
       124 -4.19068e-08
       125  9.06993e-09
       126 -5.16583e-08
       127 -6.27476e-08
       128 -1.15721e-07
       129 -9.46923e-08
       130 -2.18014e-08
       131  -1.1574e-07
       132 -9.33702e-08
       133  4.25835e-08
       134  2.19033e-08
       135   6.0983e-08
       136  1.67969e-08
       137  1.96734e-07
       138  3.94317e-08
       139  3.24243e-08
       140 -2.92974e-08
       141  4.63547e-09
       142 -8.25204e-08
       143  2.54247e-08
       144  5.21263e-08
       145  6.63031e-08
       146  1.20634e-07
       147  2.13397e-07
       148  1.53868e-07
       149 -6.55614e-08
       150 -2.06324e-08
       151 -1.81049e-08
       152  6.10187e-08
       153  1.12546e-07
       154  3.88492e-09
       155  4.39999e-08
       156  5.98535e-08
       157 -7.15321e-08
       158  3.74778e-06
       159  1.17958e-06
       160  4.60607e-07
       161  1.01355e-07
       162 -7.84945e-08
       163  1.21709e-08
       164  9.07594e-08
       165  8.87642e-07
