          159  2.62509e-11
          138  2.20194e-10
           29   4.2243e-10
          148   5.0755e-10
          136  6.85719e-10
          127  7.53246e-10
          142  9.23112e-10
            6  1.03456e-09
          140  1.05604e-09
          119  1.16256e-09
          112  1.17825e-09
          160  1.22888e-09
          123  1.36162e-09
          134  1.41383e-09
           15  1.47184e-09
          103  1.47747e-09
          153  1.51141e-09
          156  1.51315e-09
            3  1.59632e-09
          129  1.67949e-09
          152  1.81931e-09
           61  1.90817e-09
          146  1.95591e-09
          144  1.96958e-09
          139  2.01862e-09
          121  2.07711e-09
           89  2.12784e-09
          108  2.19682e-09
          145     2.37e-09
          143  2.37579e-09
           62  2.41531e-09
          132  2.42547e-09
           72  2.49007e-09
           85  2.59101e-09
          122  2.66354e-09
          154  2.70431e-09
           21  2.73839e-09
          141  2.74882e-09
           74  2.78162e-09
          135   2.8748e-09
          157  2.92754e-09
          117  3.06681e-09
           27  3.11011e-09
            7   3.1129e-09
          137  3.20216e-09
          126  3.32129e-09
          116  3.44278e-09
          155  3.67492e-09
          124    3.743e-09
           33  3.85608e-09
          131  4.01486e-09
           90  4.05136e-09
           86  4.07023e-09
          133  4.10618e-09
           50  4.14936e-09
          118  4.16357e-09
           58  4.22679e-09
           25  4.24517e-09
          115  4.26534e-09
           64  4.28139e-09
           99  4.39164e-09
          147   4.6446e-09
          130  4.79494e-09
           65  4.90138e-09
          113  5.30268e-09
          105  5.36064e-09
          150  5.46586e-09
           91  5.70987e-09
           60  5.72585e-09
          151   5.9685e-09
           88  6.19985e-09
          149  6.44571e-09
           98  6.61437e-09
           45  6.64997e-09
           84  6.94838e-09
          128  7.09003e-09
           30  7.16698e-09
           39  7.27433e-09
          114  7.43368e-09
           44  7.50923e-09
           59  7.93322e-09
           36  7.95813e-09
           83  8.53211e-09
           42  8.55522e-09
          109  8.65553e-09
          125  8.83273e-09
           18  9.32633e-09
           71  9.38486e-09
           34  9.61214e-09
           31  9.64175e-09
          104  9.89614e-09
           43  9.94121e-09
           35  1.01295e-08
          106  1.03883e-08
           66  1.14951e-08
          161  1.27716e-08
          110  1.31447e-08
          120   1.3375e-08
           97  1.37083e-08
          162  1.43483e-08
           77  1.54305e-08
            5  1.59037e-08
          107  1.65564e-08
           11  1.66948e-08
          102  1.83663e-08
            8  1.85154e-08
           26   1.9751e-08
          111  2.08777e-08
           82  2.26485e-08
            2  2.48321e-08
           63   2.5293e-08
           24  2.58759e-08
           32  2.68409e-08
           55  2.88394e-08
           54  3.10268e-08
          163  3.29017e-08
           57   3.5267e-08
          164   3.6901e-08
           56   4.1022e-08
           69  4.37518e-08
            9   4.4904e-08
           20  4.89587e-08
           12  5.01859e-08
           14  5.32469e-08
           13  5.38113e-08
           40  5.64308e-08
          158  5.98454e-08
           37  6.06749e-08
           87  6.95831e-08
           95  7.17199e-08
           94  7.39343e-08
           92  9.00495e-08
           38   1.0413e-07
           16   1.1226e-07
           96  1.13387e-07
           52  1.15711e-07
           80  1.31229e-07
           19  1.40436e-07
           10  1.45423e-07
           51  1.48353e-07
           93  1.78414e-07
            1  2.13617e-07
           79  2.15039e-07
           48  2.15088e-07
           28  2.15111e-07
           78  2.17264e-07
           17  2.20722e-07
           22  2.22194e-07
            4  2.22507e-07
          165  2.37076e-07
           53  2.39253e-07
          100  2.65711e-07
           70   2.8419e-07
           68  2.84892e-07
           41  3.22702e-07
           46  3.50599e-07
           81  3.56051e-07
           47  3.90906e-07
           73  3.98763e-07
          101  4.80501e-07
           67   5.5218e-07
           49  5.60634e-07
           76  5.61635e-07
           23  7.04884e-07
           75  1.18878e-06
