          106  6.24668e-11
          115  1.03063e-10
          107  7.86819e-10
          117  9.15982e-10
          143  9.35855e-10
           78  1.04073e-09
          118  1.12368e-09
          133  1.35568e-09
          123  1.55896e-09
          136  1.64414e-09
          114  1.67897e-09
          109  1.77554e-09
          154  1.80803e-09
           36   1.9514e-09
           65  2.27186e-09
           15  2.62819e-09
          132  2.63864e-09
          134  2.84475e-09
          157  2.84578e-09
          144  2.91262e-09
          108  2.94948e-09
          122  3.00515e-09
          151  3.01294e-09
          116  3.04298e-09
          119  3.10169e-09
           39  3.16668e-09
          113  3.38742e-09
            3   3.4064e-09
          139  3.84334e-09
           58  4.01695e-09
          140  4.07283e-09
           61  4.62116e-09
           72  4.63527e-09
           34  4.70495e-09
          126  4.95881e-09
          131   5.2014e-09
           33  5.68702e-09
          147  6.03963e-09
           97  6.20089e-09
           31   6.2781e-09
          153  6.72023e-09
          110  6.79141e-09
          146  6.86139e-09
            2  6.94109e-09
           25  7.01224e-09
          111  7.12546e-09
          120  7.30843e-09
          155  7.90243e-09
          105  7.97685e-09
          152  8.09027e-09
          145  8.22009e-09
          137  8.45773e-09
           90  8.52426e-09
          124  8.77025e-09
          127  9.16294e-09
          150  9.37632e-09
          156  9.66081e-09
           63  1.00052e-08
           18  1.00753e-08
          141  1.01286e-08
           69  1.03605e-08
          165  1.06072e-08
          125  1.07383e-08
           19  1.07796e-08
           60   1.0791e-08
           66  1.09566e-08
          148  1.13514e-08
           91  1.13629e-08
          149  1.21275e-08
           57  1.31944e-08
          112  1.33018e-08
           50  1.36319e-08
           99   1.4038e-08
           13  1.43894e-08
          121  1.44887e-08
          129  1.55255e-08
          138  1.61764e-08
          130  1.63756e-08
          164  1.65581e-08
           14  1.67453e-08
          135   1.7701e-08
           24  1.81301e-08
            5  1.86024e-08
           40  1.88183e-08
           56   1.9044e-08
           86  1.92675e-08
           77  2.00371e-08
           35  2.05653e-08
           84   2.1744e-08
          142  2.40302e-08
           11  2.43047e-08
          102   2.4537e-08
          104  2.46093e-08
           54  2.53276e-08
           82  2.53446e-08
          162  2.72814e-08
          128   2.7856e-08
            6  2.86135e-08
           62  2.99132e-08
           55  3.00182e-08
           42  3.03255e-08
           64  3.04333e-08
           26  3.10367e-08
           59  3.11047e-08
           83  3.30692e-08
           37  3.37242e-08
            7   3.4844e-08
           51  3.48661e-08
           30  3.48895e-08
           16  3.70542e-08
          163  3.87015e-08
           74  4.18414e-08
           45  4.28453e-08
           89  4.44485e-08
          103  4.59385e-08
           52  4.91745e-08
          161  5.25999e-08
           88  5.36598e-08
           32  5.71241e-08
           29  6.04396e-08
           71  6.20713e-08
           92  6.35058e-08
           85  6.53841e-08
          160  6.56264e-08
           22  7.11046e-08
            4  7.12623e-08
           98  7.42473e-08
           12  8.05489e-08
           27  8.21064e-08
           23  8.48197e-08
           70  1.01645e-07
           79  1.02874e-07
            1  1.05417e-07
           43  1.06683e-07
           41  1.09372e-07
           21  1.15506e-07
          158  1.22007e-07
           68  1.29185e-07
           17  1.35008e-07
           94  1.41595e-07
           80  1.46819e-07
            8  1.48444e-07
           48  1.48884e-07
           47  1.55431e-07
           53  1.66111e-07
          100  1.83849e-07
           49  1.84127e-07
           73  1.90648e-07
           10  1.97393e-07
           93  2.04859e-07
           38  2.11612e-07
           44  2.34885e-07
          159  2.50754e-07
           76  2.74374e-07
           75  3.08353e-07
           87  3.91314e-07
           28  4.06693e-07
            9  4.97737e-07
           20   5.0807e-07
           67  5.14896e-07
           95  5.17872e-07
          101  5.34091e-07
           46  7.57742e-07
           96  7.60167e-07
           81  8.15772e-07
