           26  3.45508e-10
           70  7.36114e-10
          161  8.71284e-10
          114  1.33658e-09
          111  1.47576e-09
           22  1.72875e-09
          113  1.92113e-09
           76  1.98744e-09
          115  2.09871e-09
          110   2.1984e-09
           57  2.42387e-09
            4  2.77442e-09
          112  2.82592e-09
          156  3.72259e-09
          108  5.11676e-09
          121  5.59727e-09
          120  5.67676e-09
           16  5.88252e-09
           31  5.89154e-09
          103  6.26052e-09
           34  6.26692e-09
          153  6.41517e-09
           69  6.41649e-09
           62  6.87059e-09
           66  6.93079e-09
          109  7.53576e-09
            7  7.70205e-09
           33  8.32596e-09
           61  8.67193e-09
           51  9.89413e-09
           23   1.0225e-08
           58  1.03137e-08
          107   1.0753e-08
          136   1.0968e-08
          117  1.19448e-08
          119  1.25808e-08
           17  1.26054e-08
           86  1.28146e-08
          116  1.28776e-08
          142  1.29021e-08
            3  1.29365e-08
           64  1.30951e-08
          154  1.35044e-08
           99  1.36501e-08
           78  1.40072e-08
          157  1.43392e-08
           25  1.43602e-08
           46  1.45465e-08
          135  1.53305e-08
           63  1.59838e-08
          118  1.64645e-08
          155  1.66357e-08
           13  1.71718e-08
           30  1.71754e-08
           97   1.7481e-08
           73  1.81861e-08
          137  1.82542e-08
          126   1.9029e-08
          102  1.95912e-08
           54  2.10313e-08
          129  2.11231e-08
           77  2.16395e-08
          152  2.30776e-08
          106   2.4113e-08
          140  2.51052e-08
          134  2.60357e-08
          104  2.67221e-08
          151  2.78086e-08
          133  2.87213e-08
           27  3.08537e-08
          141  3.08691e-08
           42  3.26959e-08
          162  3.27868e-08
          145  3.40263e-08
           85  3.51093e-08
            2  3.59592e-08
          105   3.6169e-08
           60  3.63585e-08
           45  3.71159e-08
           12  3.86098e-08
          149  3.92423e-08
           75  3.96775e-08
          130  4.06403e-08
          148  4.12891e-08
           50  4.31161e-08
            1  4.34915e-08
           95   4.7402e-08
          128  4.78359e-08
          127  4.79289e-08
           59   4.8416e-08
           19  4.93192e-08
          144  4.97894e-08
          143  5.04367e-08
           79  5.05382e-08
           83  5.40039e-08
          132  5.49827e-08
           98  5.55558e-08
           49  5.66126e-08
          163  5.97453e-08
           48  6.01271e-08
          122  6.03994e-08
           39  6.17453e-08
           29  6.19516e-08
          164  6.36575e-08
          123  6.43268e-08
          138  6.60229e-08
           55  6.67965e-08
          139  7.02267e-08
           67  7.13956e-08
            9  7.15299e-08
          131  7.19335e-08
          125  7.22221e-08
          160  7.25574e-08
           40  7.31252e-08
           80  7.41733e-08
            5  7.43569e-08
           32  7.86388e-08
           65   7.8816e-08
          150  8.03206e-08
           56  8.14261e-08
           71  8.16447e-08
           36  8.59223e-08
           15  8.99883e-08
          146  9.17193e-08
          124  9.41193e-08
           94  9.49915e-08
           10  9.63221e-08
           37  1.00863e-07
           72  1.03673e-07
            8   1.0875e-07
           52  1.09192e-07
           53  1.09752e-07
           88  1.10378e-07
          147  1.18192e-07
           90  1.19313e-07
           84  1.19726e-07
           35  1.22743e-07
            6  1.24019e-07
           43  1.26158e-07
           81   1.2993e-07
           91  1.45763e-07
           92  1.51961e-07
           18  1.61517e-07
           68  1.88913e-07
           47  1.92963e-07
           11  2.00165e-07
          158  2.20342e-07
           41  2.25555e-07
           89  2.26818e-07
           28  2.38525e-07
           74   2.4398e-07
           14  2.44582e-07
           44  2.48704e-07
           82  2.72021e-07
          165  2.74657e-07
           93  3.45655e-07
           21  3.72668e-07
           87  3.80429e-07
           96  4.26798e-07
          100  4.46788e-07
          101  5.77187e-07
          159  5.87584e-07
           38  5.93661e-07
           20  7.05379e-07
           24  8.54275e-07
