165
 4.18666e-07 1.16624e-07 -2.23614e-08 1.75328e-08 1.01532e-07 -6.1233e-08 1.08281e-07 1.73896e-07 -6.35124e-07 4.80056e-07 1.28544e-08 2.38738e-07 1.26831e-08 -2.9898e-07 2.57971e-08 2.64548e-08 -1.44732e-07 4.04343e-08 7.08018e-09 4.89951e-07 -9.01957e-08 -8.77335e-09 -9.01939e-08 1.99255e-07 1.3341e-08 3.46743e-08 -1.90536e-08 7.42929e-08 6.82859e-08 -3.14733e-08 -1.2793e-08 8.47387e-09 -1.39641e-07 9.42062e-09 2.95559e-08 -6.93446e-08 1.18187e-08 8.83384e-08 -1.06617e-08 1.44618e-08 1.23811e-07 2.50638e-08 9.5293e-08 2.84627e-07 -8.66877e-08 -2.38418e-07 -2.37681e-07 2.87552e-07 6.07224e-08 1.75927e-08 6.94331e-09 4.66978e-09 -1.44256e-07 -4.02e-08 -5.09046e-08 4.75143e-08 1.55479e-07 -3.85997e-08 5.41366e-08 -3.037e-08 3.07345e-08 -1.68998e-08 -2.68604e-08 -5.25095e-09 1.93541e-08 -2.58759e-08 4.52203e-07 -4.0747e-07 8.3249e-09 -9.15849e-09 -3.12938e-07 1.10373e-07 -8.8366e-07 -2.88255e-08 8.86971e-07 -1.39775e-07 2.41738e-08 -1.76232e-07 6.76883e-08 9.93473e-08 -4.73603e-07 -2.64305e-07 -1.3524e-08 2.2229e-08 3.84659e-08 -2.82585e-08 3.84175e-07 -1.98666e-08 1.08249e-08 2.30164e-08 -2.86237e-08 1.31769e-07 -2.93601e-07 -1.02454e-07 5.41943e-07 -2.53033e-07 -1.76485e-08 -1.69512e-08 -2.58299e-08 1.08319e-07 -1.57416e-07 -2.07014e-09 -1.10978e-08 2.23799e-09 -7.11008e-09 4.57596e-09 1.19948e-08 2.37379e-08 -1.57196e-08 7.39094e-09 -3.79352e-09 -2.12741e-09 4.19929e-09 1.82911e-09 3.20467e-09 1.70254e-08 1.33424e-08 7.06457e-09 1.36571e-08 2.67012e-10 1.29364e-08 1.63522e-08 -1.62462e-08 -1.68403e-09 2.92193e-08 2.76505e-09 6.64112e-09 3.49382e-08 -6.363e-09 3.97955e-09 -1.01256e-08 -1.14884e-10 4.26979e-10 -1.92903e-08 2.46279e-09 1.36641e-09 6.89512e-09 8.3589e-09 6.27588e-09 3.85907e-09 3.26205e-09 1.10733e-08 -1.32109e-08 3.96106e-11 7.82868e-09 3.29036e-09 -1.85299e-08 -8.48894e-09 3.86389e-09 -6.69479e-09 3.71887e-09 -3.89269e-09 8.43342e-09 -8.07032e-09 -1.11952e-09 -2.37596e-09 -1.24207e-08 1.36255e-07 -1.76335e-07 8.12163e-09 -3.24292e-08 1.55845e-09 6.33068e-07 1.30341e-07 -4.52885e-06

         1  4.18666e-07
         2  1.16624e-07
         3 -2.23614e-08
         4  1.75328e-08
         5  1.01532e-07
         6  -6.1233e-08
         7  1.08281e-07
         8  1.73896e-07
         9 -6.35124e-07
        10  4.80056e-07
        11  1.28544e-08
        12  2.38738e-07
        13  1.26831e-08
        14  -2.9898e-07
        15  2.57971e-08
        16  2.64548e-08
        17 -1.44732e-07
        18  4.04343e-08
        19  7.08018e-09
        20  4.89951e-07
        21 -9.01957e-08
        22 -8.77335e-09
        23 -9.01939e-08
        24  1.99255e-07
        25   1.3341e-08
        26  3.46743e-08
        27 -1.90536e-08
        28  7.42929e-08
        29  6.82859e-08
        30 -3.14733e-08
        31  -1.2793e-08
        32  8.47387e-09
        33 -1.39641e-07
        34  9.42062e-09
        35  2.95559e-08
        36 -6.93446e-08
        37  1.18187e-08
        38  8.83384e-08
        39 -1.06617e-08
        40  1.44618e-08
        41  1.23811e-07
        42  2.50638e-08
        43   9.5293e-08
        44  2.84627e-07
        45 -8.66877e-08
        46 -2.38418e-07
        47 -2.37681e-07
        48  2.87552e-07
        49  6.07224e-08
        50  1.75927e-08
        51  6.94331e-09
        52  4.66978e-09
        53 -1.44256e-07
        54    -4.02e-08
        55 -5.09046e-08
        56  4.75143e-08
        57  1.55479e-07
        58 -3.85997e-08
        59  5.41366e-08
        60   -3.037e-08
        61  3.07345e-08
        62 -1.68998e-08
        63 -2.68604e-08
        64 -5.25095e-09
        65  1.93541e-08
        66 -2.58759e-08
        67  4.52203e-07
        68  -4.0747e-07
        69   8.3249e-09
        70 -9.15849e-09
        71 -3.12938e-07
        72  1.10373e-07
        73  -8.8366e-07
        74 -2.88255e-08
        75  8.86971e-07
        76 -1.39775e-07
        77  2.41738e-08
        78 -1.76232e-07
        79  6.76883e-08
        80  9.93473e-08
        81 -4.73603e-07
        82 -2.64305e-07
        83  -1.3524e-08
        84   2.2229e-08
        85  3.84659e-08
        86 -2.82585e-08
        87  3.84175e-07
        88 -1.98666e-08
        89  1.08249e-08
        90  2.30164e-08
        91 -2.86237e-08
        92  1.31769e-07
        93 -2.93601e-07
        94 -1.02454e-07
        95  5.41943e-07
        96 -2.53033e-07
        97 -1.76485e-08
        98 -1.69512e-08
        99 -2.58299e-08
       100  1.08319e-07
       101 -1.57416e-07
       102 -2.07014e-09
       103 -1.10978e-08
       104  2.23799e-09
       105 -7.11008e-09
       106  4.57596e-09
       107  1.19948e-08
       108  2.37379e-08
       109 -1.57196e-08
       110  7.39094e-09
       111 -3.79352e-09
       112 -2.12741e-09
       113  4.19929e-09
       114  1.82911e-09
       115  3.20467e-09
       116  1.70254e-08
       117  1.33424e-08
       118  7.06457e-09
       119  1.36571e-08
       120  2.67012e-10
       121  1.29364e-08
       122  1.63522e-08
       123 -1.62462e-08
       124 -1.68403e-09
       125  2.92193e-08
       126  2.76505e-09
       127  6.64112e-09
       128  3.49382e-08
       129   -6.363e-09
       130  3.97955e-09
       131 -1.01256e-08
       132 -1.14884e-10
       133  4.26979e-10
       134 -1.92903e-08
       135  2.46279e-09
       136  1.36641e-09
       137  6.89512e-09
       138   8.3589e-09
       139  6.27588e-09
       140  3.85907e-09
       141  3.26205e-09
       142  1.10733e-08
       143 -1.32109e-08
       144  3.96106e-11
       145  7.82868e-09
       146  3.29036e-09
       147 -1.85299e-08
       148 -8.48894e-09
       149  3.86389e-09
       150 -6.69479e-09
       151  3.71887e-09
       152 -3.89269e-09
       153  8.43342e-09
       154 -8.07032e-09
       155 -1.11952e-09
       156 -2.37596e-09
       157 -1.24207e-08
       158  1.36255e-07
       159 -1.76335e-07
       160  8.12163e-09
       161 -3.24292e-08
       162  1.55845e-09
       163  6.33068e-07
       164  1.30341e-07
       165 -4.52885e-06
