          162  1.30992e-12
          149  2.08608e-11
          161  8.95545e-11
           85  9.28637e-11
          108  1.02939e-10
          130  2.79256e-10
          112  3.20668e-10
           61  3.57145e-10
          137  4.45697e-10
           31    4.764e-10
          107  4.93198e-10
          124  5.18259e-10
          131   5.2032e-10
          146  6.93983e-10
          132  7.07278e-10
          128  7.39325e-10
          134   7.3964e-10
          141  7.64698e-10
          113  7.69924e-10
          133  8.08095e-10
          153  8.14806e-10
          127  1.01506e-09
           80  1.02367e-09
           36  1.06896e-09
          106  1.07105e-09
           79  1.07162e-09
           69  1.10278e-09
           91  1.20318e-09
          155  1.20553e-09
          138  1.22233e-09
          150  1.25052e-09
           70  1.32098e-09
          140  1.35701e-09
          151   1.3714e-09
          139  1.38071e-09
           50    1.414e-09
          105  1.50812e-09
           46  1.52832e-09
          111  1.55912e-09
           62  1.57147e-09
          118  1.57253e-09
          125  1.76689e-09
            3  1.80073e-09
           58  1.80402e-09
          148  1.81075e-09
          147  1.83482e-09
           34   1.8728e-09
          123  1.87861e-09
          114  1.97154e-09
           35  2.00378e-09
           77  2.00813e-09
          109  2.08811e-09
          136  2.12488e-09
            6  2.18825e-09
           65   2.1972e-09
          126  2.23589e-09
          117  2.24026e-09
          129  2.24521e-09
           22  2.28427e-09
           40  2.33082e-09
           86  2.33681e-09
          157  2.34481e-09
           63   2.3616e-09
           56  2.36752e-09
          143  2.41845e-09
          135  2.48817e-09
          145  2.59287e-09
          110  2.63455e-09
          154   2.6678e-09
          122   2.7007e-09
          115  2.76198e-09
          152  2.80048e-09
           52  2.84039e-09
           74  2.85978e-09
          104  2.87301e-09
           11  2.95255e-09
          119  2.99295e-09
          144  2.99448e-09
            5  3.04855e-09
          116   3.1421e-09
           26  3.16674e-09
           87  3.23059e-09
          120  3.28816e-09
           83  3.40731e-09
          159  3.44613e-09
           59   3.5809e-09
           64  3.72535e-09
           54   3.7454e-09
           25  3.76235e-09
           66  3.82578e-09
           23   3.8364e-09
           39  3.85904e-09
           84   3.9041e-09
          121  3.95179e-09
            2  3.98473e-09
           55  4.13364e-09
          103  4.13948e-09
           98  4.25758e-09
          156  4.33581e-09
          142   4.5947e-09
           27  4.61269e-09
           47  4.81897e-09
           42  5.03769e-09
           18  5.20456e-09
           48  5.40216e-09
           45  5.57883e-09
           33  5.58247e-09
           99  5.68264e-09
           29  5.97335e-09
           24   6.0344e-09
           17  6.37494e-09
           60  7.17119e-09
           81  7.57201e-09
           30   8.1229e-09
           15  8.37197e-09
            8  8.50763e-09
            4  8.64963e-09
           72  8.93859e-09
           51  9.30328e-09
           90   9.5511e-09
           32  9.74309e-09
          160  1.04882e-08
           57  1.06638e-08
          102  1.10441e-08
            7  1.11318e-08
           88  1.12197e-08
           12  1.25555e-08
           41  1.25856e-08
           16  1.37995e-08
           13  1.43545e-08
           97  1.61786e-08
           76  1.84932e-08
           89   1.8892e-08
           21  1.89556e-08
           43  2.01249e-08
           68  2.30036e-08
           49  2.36074e-08
           19  2.38559e-08
           73  2.50771e-08
           38  2.53344e-08
           75  2.75913e-08
           78   2.8574e-08
           37  2.96774e-08
           53  3.04545e-08
           10  3.06575e-08
           44  3.08378e-08
           95   3.0898e-08
           92  3.72032e-08
          158  4.04916e-08
           71  4.41622e-08
           94  4.87638e-08
           14  4.97443e-08
           82  5.56247e-08
          164  5.62214e-08
           20   6.4199e-08
            9  7.44143e-08
           28  8.34813e-08
          163  8.40348e-08
          100  8.70276e-08
           67  8.70863e-08
           96  9.85574e-08
           93  1.32453e-07
          101  1.85509e-07
            1  4.13873e-07
          165   7.3434e-07
