165
 -7.34563e-08 -3.01006e-10 -2.86182e-08 8.78202e-09 -1.15157e-08 -1.2718e-07 4.63345e-10 7.58403e-08 1.84947e-08 -6.75276e-10 -7.39323e-09 -4.41955e-09 1.55482e-08 -2.58539e-10 -1.72174e-08 -2.98832e-09 1.49225e-09 3.66547e-08 4.13009e-07 -1.7621e-08 1.4496e-07 4.40904e-08 -7.87343e-09 -9.87078e-08 -9.05686e-10 -7.46747e-09 -1.10189e-07 -7.18011e-08 -3.55217e-08 -1.32958e-07 -7.39359e-09 -6.85606e-08 -6.41954e-08 -3.72602e-10 -5.15768e-08 -1.01749e-07 1.10384e-08 1.91649e-08 -2.28251e-09 2.22218e-09 1.46916e-09 -1.81085e-08 2.0515e-09 -6.73646e-10 -4.70672e-08 1.06626e-08 2.51877e-08 1.85698e-07 7.07555e-09 -3.91875e-08 -2.786e-08 -5.73164e-08 5.39925e-09 2.89552e-10 -2.28652e-08 -2.47149e-09 -9.99695e-09 -5.5469e-08 -9.69136e-08 -2.04917e-07 3.10533e-08 -4.6459e-08 -1.26662e-08 -1.80732e-09 4.56536e-10 -8.04359e-10 1.63426e-08 8.15364e-08 -4.1803e-11 -7.80608e-08 -7.31015e-09 3.27554e-08 -8.38405e-10 4.98882e-08 2.41484e-08 -4.15659e-09 2.09641e-08 1.64583e-09 7.41259e-10 -4.63535e-08 -1.99021e-08 6.15123e-09 -1.33991e-08 6.16455e-08 -1.46039e-09 1.49708e-08 -4.65979e-08 -1.07518e-07 6.22673e-08 2.02839e-08 5.05547e-08 -6.83282e-09 -6.19682e-09 -1.64503e-08 -1.18913e-08 -5.21391e-10 3.87932e-09 3.4887e-08 2.5244e-08 1.2109e-08 7.31387e-09 9.45198e-09 -1.68202e-08 -4.19922e-08 -4.75858e-08 -1.79664e-08 -2.47438e-08 -1.16879e-08 -1.32529e-08 -8.30326e-09 3.70929e-09 1.33857e-09 -4.21173e-09 4.48113e-09 1.2647e-08 3.35768e-08 1.56464e-08 9.32344e-09 8.66801e-09 1.49494e-08 1.42814e-09 2.46326e-09 -9.61933e-10 -2.7124e-09 -7.21854e-09 -1.76628e-08 -9.68066e-09 5.40033e-09 1.18311e-08 1.17704e-08 1.55942e-08 3.28453e-08 2.37672e-08 3.27215e-08 4.74245e-08 2.7709e-08 4.20716e-08 1.21718e-08 4.40226e-08 2.03454e-08 2.11099e-08 5.88516e-08 1.44099e-07 2.34115e-08 9.17143e-09 -1.25476e-08 -5.18821e-08 -6.98391e-08 -1.20165e-07 -1.48089e-07 -1.52253e-07 -4.16847e-08 -2.71794e-08 1.04057e-08 8.94555e-09 2.50835e-08 1.60051e-08 -7.51998e-07 2.1426e-07 -1.28946e-07 -1.10134e-08 1.72039e-08 -4.61042e-08 -2.7384e-08 -1.50681e-07

         1 -7.34563e-08
         2 -3.01006e-10
         3 -2.86182e-08
         4  8.78202e-09
         5 -1.15157e-08
         6  -1.2718e-07
         7  4.63345e-10
         8  7.58403e-08
         9  1.84947e-08
        10 -6.75276e-10
        11 -7.39323e-09
        12 -4.41955e-09
        13  1.55482e-08
        14 -2.58539e-10
        15 -1.72174e-08
        16 -2.98832e-09
        17  1.49225e-09
        18  3.66547e-08
        19  4.13009e-07
        20  -1.7621e-08
        21   1.4496e-07
        22  4.40904e-08
        23 -7.87343e-09
        24 -9.87078e-08
        25 -9.05686e-10
        26 -7.46747e-09
        27 -1.10189e-07
        28 -7.18011e-08
        29 -3.55217e-08
        30 -1.32958e-07
        31 -7.39359e-09
        32 -6.85606e-08
        33 -6.41954e-08
        34 -3.72602e-10
        35 -5.15768e-08
        36 -1.01749e-07
        37  1.10384e-08
        38  1.91649e-08
        39 -2.28251e-09
        40  2.22218e-09
        41  1.46916e-09
        42 -1.81085e-08
        43   2.0515e-09
        44 -6.73646e-10
        45 -4.70672e-08
        46  1.06626e-08
        47  2.51877e-08
        48  1.85698e-07
        49  7.07555e-09
        50 -3.91875e-08
        51   -2.786e-08
        52 -5.73164e-08
        53  5.39925e-09
        54  2.89552e-10
        55 -2.28652e-08
        56 -2.47149e-09
        57 -9.99695e-09
        58  -5.5469e-08
        59 -9.69136e-08
        60 -2.04917e-07
        61  3.10533e-08
        62  -4.6459e-08
        63 -1.26662e-08
        64 -1.80732e-09
        65  4.56536e-10
        66 -8.04359e-10
        67  1.63426e-08
        68  8.15364e-08
        69  -4.1803e-11
        70 -7.80608e-08
        71 -7.31015e-09
        72  3.27554e-08
        73 -8.38405e-10
        74  4.98882e-08
        75  2.41484e-08
        76 -4.15659e-09
        77  2.09641e-08
        78  1.64583e-09
        79  7.41259e-10
        80 -4.63535e-08
        81 -1.99021e-08
        82  6.15123e-09
        83 -1.33991e-08
        84  6.16455e-08
        85 -1.46039e-09
        86  1.49708e-08
        87 -4.65979e-08
        88 -1.07518e-07
        89  6.22673e-08
        90  2.02839e-08
        91  5.05547e-08
        92 -6.83282e-09
        93 -6.19682e-09
        94 -1.64503e-08
        95 -1.18913e-08
        96 -5.21391e-10
        97  3.87932e-09
        98   3.4887e-08
        99   2.5244e-08
       100   1.2109e-08
       101  7.31387e-09
       102  9.45198e-09
       103 -1.68202e-08
       104 -4.19922e-08
       105 -4.75858e-08
       106 -1.79664e-08
       107 -2.47438e-08
       108 -1.16879e-08
       109 -1.32529e-08
       110 -8.30326e-09
       111  3.70929e-09
       112  1.33857e-09
       113 -4.21173e-09
       114  4.48113e-09
       115   1.2647e-08
       116  3.35768e-08
       117  1.56464e-08
       118  9.32344e-09
       119  8.66801e-09
       120  1.49494e-08
       121  1.42814e-09
       122  2.46326e-09
       123 -9.61933e-10
       124  -2.7124e-09
       125 -7.21854e-09
       126 -1.76628e-08
       127 -9.68066e-09
       128  5.40033e-09
       129  1.18311e-08
       130  1.17704e-08
       131  1.55942e-08
       132  3.28453e-08
       133  2.37672e-08
       134  3.27215e-08
       135  4.74245e-08
       136   2.7709e-08
       137  4.20716e-08
       138  1.21718e-08
       139  4.40226e-08
       140  2.03454e-08
       141  2.11099e-08
       142  5.88516e-08
       143  1.44099e-07
       144  2.34115e-08
       145  9.17143e-09
       146 -1.25476e-08
       147 -5.18821e-08
       148 -6.98391e-08
       149 -1.20165e-07
       150 -1.48089e-07
       151 -1.52253e-07
       152 -4.16847e-08
       153 -2.71794e-08
       154  1.04057e-08
       155  8.94555e-09
       156  2.50835e-08
       157  1.60051e-08
       158 -7.51998e-07
       159   2.1426e-07
       160 -1.28946e-07
       161 -1.10134e-08
       162  1.72039e-08
       163 -4.61042e-08
       164  -2.7384e-08
       165 -1.50681e-07
