165
 -1.90251e-07 -5.40432e-08 -5.67731e-09 2.21376e-07 -2.06494e-08 1.66836e-09 5.72485e-09 1.88627e-08 -7.35942e-08 -6.57259e-07 6.00321e-08 -2.29217e-07 5.35089e-08 -8.23206e-08 1.36888e-08 1.10651e-07 1.76535e-07 3.21085e-08 1.34242e-07 -3.25721e-08 -7.17833e-09 2.1731e-07 1.30411e-06 3.67628e-08 -3.87157e-08 -2.39334e-08 2.67092e-09 -9.99877e-08 7.09763e-09 4.11333e-10 6.58283e-09 -1.3001e-08 6.07199e-08 -4.75802e-08 -5.77562e-08 -5.44775e-10 -9.04633e-08 5.05874e-09 1.94398e-08 -2.31581e-07 -8.94231e-07 2.39817e-08 -1.30322e-08 3.03759e-08 6.17816e-09 5.01189e-07 4.74765e-07 -1.65729e-07 -2.70893e-06 4.68377e-08 -7.85208e-07 5.53245e-07 -8.12329e-07 -1.19755e-07 -3.69736e-08 1.08872e-07 -3.52475e-08 2.76112e-08 -5.2607e-08 5.35887e-08 -3.19977e-09 6.28966e-09 -7.57629e-08 -1.01116e-08 -2.78738e-09 -1.13963e-07 -6.05133e-07 2.83029e-07 -3.58981e-08 2.6984e-07 6.99334e-07 -2.75017e-08 1.15013e-07 1.20545e-07 -2.15472e-07 1.62312e-06 -5.34425e-08 4.94546e-07 -1.23879e-08 2.19885e-07 -4.63775e-07 -2.59708e-07 6.67534e-09 -2.61494e-08 -8.77334e-08 2.97374e-08 -8.93375e-07 -2.54937e-08 3.07216e-08 -1.54625e-08 1.11761e-08 4.22247e-07 -1.09994e-06 4.49335e-07 4.23123e-08 -3.80259e-07 6.51884e-08 4.01285e-08 1.77784e-09 2.89479e-07 -3.47891e-07 -4.53995e-10 2.10668e-08 1.85793e-08 1.11904e-08 1.90306e-08 1.38966e-09 1.19008e-08 5.34468e-08 -1.94314e-08 3.4287e-08 1.34017e-08 2.83905e-08 2.32725e-08 2.13154e-08 5.67799e-09 1.26549e-08 -1.99332e-09 6.40252e-09 2.25894e-08 1.97969e-08 8.42013e-09 1.66895e-08 1.13447e-08 -5.82017e-09 2.79222e-08 9.47627e-09 -1.44587e-08 3.2143e-08 -6.07217e-09 2.26648e-08 1.29751e-08 1.16186e-08 2.05321e-08 1.54256e-09 2.49538e-08 -4.80245e-09 -3.49866e-09 7.30709e-09 -3.08419e-09 -4.73127e-09 1.03429e-09 7.96315e-10 -1.19212e-08 -4.01915e-09 1.30474e-09 -8.53139e-09 1.21036e-08 6.7144e-09 -1.00889e-08 6.09193e-09 -2.44862e-09 1.18842e-08 -3.28669e-09 1.96374e-08 1.10278e-08 7.15746e-09 -3.338e-07 1.52103e-07 2.91019e-08 1.19077e-08 7.65393e-08 3.4829e-08 -5.20241e-08 8.64177e-08

         1 -1.90251e-07
         2 -5.40432e-08
         3 -5.67731e-09
         4  2.21376e-07
         5 -2.06494e-08
         6  1.66836e-09
         7  5.72485e-09
         8  1.88627e-08
         9 -7.35942e-08
        10 -6.57259e-07
        11  6.00321e-08
        12 -2.29217e-07
        13  5.35089e-08
        14 -8.23206e-08
        15  1.36888e-08
        16  1.10651e-07
        17  1.76535e-07
        18  3.21085e-08
        19  1.34242e-07
        20 -3.25721e-08
        21 -7.17833e-09
        22   2.1731e-07
        23  1.30411e-06
        24  3.67628e-08
        25 -3.87157e-08
        26 -2.39334e-08
        27  2.67092e-09
        28 -9.99877e-08
        29  7.09763e-09
        30  4.11333e-10
        31  6.58283e-09
        32  -1.3001e-08
        33  6.07199e-08
        34 -4.75802e-08
        35 -5.77562e-08
        36 -5.44775e-10
        37 -9.04633e-08
        38  5.05874e-09
        39  1.94398e-08
        40 -2.31581e-07
        41 -8.94231e-07
        42  2.39817e-08
        43 -1.30322e-08
        44  3.03759e-08
        45  6.17816e-09
        46  5.01189e-07
        47  4.74765e-07
        48 -1.65729e-07
        49 -2.70893e-06
        50  4.68377e-08
        51 -7.85208e-07
        52  5.53245e-07
        53 -8.12329e-07
        54 -1.19755e-07
        55 -3.69736e-08
        56  1.08872e-07
        57 -3.52475e-08
        58  2.76112e-08
        59  -5.2607e-08
        60  5.35887e-08
        61 -3.19977e-09
        62  6.28966e-09
        63 -7.57629e-08
        64 -1.01116e-08
        65 -2.78738e-09
        66 -1.13963e-07
        67 -6.05133e-07
        68  2.83029e-07
        69 -3.58981e-08
        70   2.6984e-07
        71  6.99334e-07
        72 -2.75017e-08
        73  1.15013e-07
        74  1.20545e-07
        75 -2.15472e-07
        76  1.62312e-06
        77 -5.34425e-08
        78  4.94546e-07
        79 -1.23879e-08
        80  2.19885e-07
        81 -4.63775e-07
        82 -2.59708e-07
        83  6.67534e-09
        84 -2.61494e-08
        85 -8.77334e-08
        86  2.97374e-08
        87 -8.93375e-07
        88 -2.54937e-08
        89  3.07216e-08
        90 -1.54625e-08
        91  1.11761e-08
        92  4.22247e-07
        93 -1.09994e-06
        94  4.49335e-07
        95  4.23123e-08
        96 -3.80259e-07
        97  6.51884e-08
        98  4.01285e-08
        99  1.77784e-09
       100  2.89479e-07
       101 -3.47891e-07
       102 -4.53995e-10
       103  2.10668e-08
       104  1.85793e-08
       105  1.11904e-08
       106  1.90306e-08
       107  1.38966e-09
       108  1.19008e-08
       109  5.34468e-08
       110 -1.94314e-08
       111   3.4287e-08
       112  1.34017e-08
       113  2.83905e-08
       114  2.32725e-08
       115  2.13154e-08
       116  5.67799e-09
       117  1.26549e-08
       118 -1.99332e-09
       119  6.40252e-09
       120  2.25894e-08
       121  1.97969e-08
       122  8.42013e-09
       123  1.66895e-08
       124  1.13447e-08
       125 -5.82017e-09
       126  2.79222e-08
       127  9.47627e-09
       128 -1.44587e-08
       129   3.2143e-08
       130 -6.07217e-09
       131  2.26648e-08
       132  1.29751e-08
       133  1.16186e-08
       134  2.05321e-08
       135  1.54256e-09
       136  2.49538e-08
       137 -4.80245e-09
       138 -3.49866e-09
       139  7.30709e-09
       140 -3.08419e-09
       141 -4.73127e-09
       142  1.03429e-09
       143  7.96315e-10
       144 -1.19212e-08
       145 -4.01915e-09
       146  1.30474e-09
       147 -8.53139e-09
       148  1.21036e-08
       149   6.7144e-09
       150 -1.00889e-08
       151  6.09193e-09
       152 -2.44862e-09
       153  1.18842e-08
       154 -3.28669e-09
       155  1.96374e-08
       156  1.10278e-08
       157  7.15746e-09
       158   -3.338e-07
       159  1.52103e-07
       160  2.91019e-08
       161  1.19077e-08
       162  7.65393e-08
       163   3.4829e-08
       164 -5.20241e-08
       165  8.64177e-08
