          101  3.51601e-10
           15  3.73992e-10
          117  5.10323e-10
           24  2.41111e-09
           81  2.80053e-09
           11  2.92685e-09
           69  5.03185e-09
           78   5.0741e-09
           65  5.32558e-09
           18  5.96409e-09
            3  6.34591e-09
           21  8.52813e-09
          114  9.12518e-09
          165  1.01683e-08
            7  1.20439e-08
           37  1.21689e-08
           51  1.22614e-08
           88  1.26843e-08
           49  1.30392e-08
          158  1.35375e-08
           23  1.46778e-08
            8  1.99876e-08
           80  2.46735e-08
           27  2.55668e-08
          148  2.60984e-08
           96  2.62339e-08
            2  2.63808e-08
           73  2.69869e-08
            6  3.05035e-08
            9  3.11481e-08
           82  3.17797e-08
           94   3.4841e-08
           97  3.78593e-08
           14  3.87372e-08
          164  3.97446e-08
          110  4.03266e-08
          125  4.35867e-08
           40  4.78768e-08
          107  4.89315e-08
           12  5.01876e-08
           56  5.06232e-08
           13  5.37467e-08
           90   5.3831e-08
           95  5.56423e-08
           98  5.88572e-08
           31  5.94274e-08
           99  5.97811e-08
          159  5.98692e-08
           74  6.32085e-08
           32  6.37836e-08
           53  6.42934e-08
           41  6.50126e-08
           93  6.53768e-08
          106  7.23869e-08
            5  7.32797e-08
           36  7.34542e-08
           28  7.96627e-08
           68  8.15859e-08
          111  8.17481e-08
           57  8.27233e-08
          152  8.27938e-08
           33  8.48251e-08
          157  8.58076e-08
          103  8.79763e-08
           42   8.9562e-08
          134  9.05491e-08
           30  9.49416e-08
          113  9.55069e-08
           46  9.72886e-08
           17  9.85436e-08
           44  1.00488e-07
           38  1.08139e-07
           52  1.09088e-07
           20  1.09114e-07
           86  1.10082e-07
           16  1.11764e-07
           34  1.12151e-07
           47  1.13714e-07
           35  1.17276e-07
          105  1.17684e-07
           43  1.18166e-07
           89  1.25123e-07
          140  1.26706e-07
           71  1.30401e-07
           19  1.31685e-07
           54   1.3213e-07
          124  1.34671e-07
          133   1.3608e-07
           75  1.36908e-07
          102   1.4061e-07
           79  1.41023e-07
          115  1.46224e-07
           83   1.5487e-07
          122  1.56927e-07
           58  1.59831e-07
           50   1.6222e-07
           62  1.71965e-07
          126  1.72381e-07
          160  1.90149e-07
          100  1.90942e-07
          150  1.96259e-07
            1  1.97735e-07
           55  2.03354e-07
           29  2.04385e-07
          139  2.09255e-07
          112   2.1548e-07
          118  2.15555e-07
           22  2.18374e-07
            4  2.21825e-07
           26  2.29062e-07
           87   2.5461e-07
           70  2.77184e-07
          123  2.84521e-07
           67  2.90982e-07
           77   2.9745e-07
          151  3.04273e-07
          137  3.05734e-07
           92   3.2092e-07
           10  3.22156e-07
          161  3.37198e-07
          129  3.38201e-07
          104  3.45788e-07
           76  3.65249e-07
           25  3.76143e-07
           85  3.79037e-07
          121  3.84102e-07
           64  3.86868e-07
           45  4.01332e-07
          136   4.0609e-07
          120  4.07861e-07
          155   4.3032e-07
           48  4.47831e-07
          109  5.09982e-07
           63  5.12169e-07
           59  5.14795e-07
          153  5.20045e-07
          108  5.59181e-07
          130  5.73111e-07
           66  5.75836e-07
          119  5.76508e-07
          149  5.78456e-07
          142   5.7856e-07
           91  5.95123e-07
           60  6.30804e-07
          162  6.47301e-07
          163  6.76179e-07
          156  7.02187e-07
          146  7.12467e-07
          116  7.13925e-07
           84  7.39458e-07
           61  8.47877e-07
          144  8.63958e-07
          127  8.98522e-07
          132  9.05917e-07
          147   9.5943e-07
          145  1.01524e-06
          138  1.03647e-06
          154  1.05156e-06
           72  1.10623e-06
          143  1.15355e-06
          141  1.29651e-06
          128  1.33357e-06
          135  1.49594e-06
           39  1.53184e-06
          131  1.62915e-06
