165
 3.28812e-07 -2.15934e-09 2.71364e-08 2.27897e-09 -1.12621e-08 1.27244e-09 -2.32892e-08 2.69311e-09 1.32227e-07 7.4744e-08 -2.09419e-08 6.04158e-08 1.01221e-08 2.95047e-07 2.90808e-09 4.57578e-09 -4.9491e-08 1.34628e-08 6.10181e-08 6.22246e-07 -2.66648e-07 -3.99892e-10 -3.11894e-07 4.96743e-08 -3.06571e-09 -1.21069e-08 -1.32742e-08 1.32642e-07 -1.16628e-08 3.28053e-08 2.64556e-09 -2.3424e-09 2.50517e-08 7.99743e-10 2.538e-09 9.43008e-09 -6.34676e-08 -8.57087e-08 1.64226e-08 3.62027e-08 1.90646e-07 3.08895e-09 -4.8791e-08 -7.88815e-08 1.75105e-08 -1.50547e-08 -3.45886e-08 4.73774e-08 -3.35618e-08 4.77089e-09 2.26051e-09 -3.72926e-09 -6.1834e-08 -1.02413e-08 -1.25962e-08 2.0874e-08 -6.59616e-09 -3.58615e-09 -4.42832e-09 2.29239e-09 2.57219e-11 1.16119e-08 8.23578e-09 4.62599e-09 -1.75817e-08 4.75049e-09 -4.89372e-08 -7.38622e-09 -5.85266e-10 -7.11857e-09 -2.02356e-07 4.82729e-08 -2.13348e-07 -8.25113e-09 2.50898e-07 -1.45542e-07 -5.15493e-09 -3.83773e-08 4.80806e-08 -1.23624e-08 2.46733e-08 1.87813e-07 6.48908e-09 -9.90789e-10 1.74718e-08 -4.47738e-09 1.66266e-07 2.72838e-08 4.81483e-09 -3.2384e-08 4.07314e-09 -5.33935e-08 2.1381e-07 -6.19987e-08 -4.92869e-08 -1.95523e-08 -2.49441e-08 1.78399e-08 -3.18458e-08 4.15153e-07 -7.88645e-07 2.95219e-08 1.11155e-08 1.32531e-08 1.03394e-08 3.42452e-09 2.32566e-09 6.07049e-09 1.19184e-09 1.24396e-08 1.90875e-09 2.14911e-09 7.55937e-10 2.60858e-09 7.16396e-09 9.90828e-09 2.98224e-09 2.33307e-09 6.03297e-09 3.90509e-09 6.81424e-09 8.7762e-09 4.62353e-09 7.20569e-09 5.9427e-09 9.40671e-09 4.61672e-09 9.9114e-09 6.27399e-09 7.65728e-09 8.22558e-09 6.79265e-09 5.30123e-09 1.94073e-09 -1.85083e-10 9.00897e-09 8.06379e-09 1.7755e-08 1.81541e-08 1.45682e-08 7.29655e-09 1.05794e-08 7.10996e-09 8.78017e-09 6.71013e-09 3.35075e-09 1.08282e-09 2.66588e-09 5.8591e-10 5.85687e-09 -2.84205e-09 1.4512e-09 4.03698e-09 4.03809e-09 7.19928e-09 6.22794e-09 1.14087e-08 7.84201e-08 4.67351e-08 -7.29416e-10 -3.03738e-09 -2.98567e-09 1.41368e-08 4.44972e-09 -3.37344e-07

         1  3.28812e-07
         2 -2.15934e-09
         3  2.71364e-08
         4  2.27897e-09
         5 -1.12621e-08
         6  1.27244e-09
         7 -2.32892e-08
         8  2.69311e-09
         9  1.32227e-07
        10   7.4744e-08
        11 -2.09419e-08
        12  6.04158e-08
        13  1.01221e-08
        14  2.95047e-07
        15  2.90808e-09
        16  4.57578e-09
        17  -4.9491e-08
        18  1.34628e-08
        19  6.10181e-08
        20  6.22246e-07
        21 -2.66648e-07
        22 -3.99892e-10
        23 -3.11894e-07
        24  4.96743e-08
        25 -3.06571e-09
        26 -1.21069e-08
        27 -1.32742e-08
        28  1.32642e-07
        29 -1.16628e-08
        30  3.28053e-08
        31  2.64556e-09
        32  -2.3424e-09
        33  2.50517e-08
        34  7.99743e-10
        35    2.538e-09
        36  9.43008e-09
        37 -6.34676e-08
        38 -8.57087e-08
        39  1.64226e-08
        40  3.62027e-08
        41  1.90646e-07
        42  3.08895e-09
        43  -4.8791e-08
        44 -7.88815e-08
        45  1.75105e-08
        46 -1.50547e-08
        47 -3.45886e-08
        48  4.73774e-08
        49 -3.35618e-08
        50  4.77089e-09
        51  2.26051e-09
        52 -3.72926e-09
        53  -6.1834e-08
        54 -1.02413e-08
        55 -1.25962e-08
        56   2.0874e-08
        57 -6.59616e-09
        58 -3.58615e-09
        59 -4.42832e-09
        60  2.29239e-09
        61  2.57219e-11
        62  1.16119e-08
        63  8.23578e-09
        64  4.62599e-09
        65 -1.75817e-08
        66  4.75049e-09
        67 -4.89372e-08
        68 -7.38622e-09
        69 -5.85266e-10
        70 -7.11857e-09
        71 -2.02356e-07
        72  4.82729e-08
        73 -2.13348e-07
        74 -8.25113e-09
        75  2.50898e-07
        76 -1.45542e-07
        77 -5.15493e-09
        78 -3.83773e-08
        79  4.80806e-08
        80 -1.23624e-08
        81  2.46733e-08
        82  1.87813e-07
        83  6.48908e-09
        84 -9.90789e-10
        85  1.74718e-08
        86 -4.47738e-09
        87  1.66266e-07
        88  2.72838e-08
        89  4.81483e-09
        90  -3.2384e-08
        91  4.07314e-09
        92 -5.33935e-08
        93   2.1381e-07
        94 -6.19987e-08
        95 -4.92869e-08
        96 -1.95523e-08
        97 -2.49441e-08
        98  1.78399e-08
        99 -3.18458e-08
       100  4.15153e-07
       101 -7.88645e-07
       102  2.95219e-08
       103  1.11155e-08
       104  1.32531e-08
       105  1.03394e-08
       106  3.42452e-09
       107  2.32566e-09
       108  6.07049e-09
       109  1.19184e-09
       110  1.24396e-08
       111  1.90875e-09
       112  2.14911e-09
       113  7.55937e-10
       114  2.60858e-09
       115  7.16396e-09
       116  9.90828e-09
       117  2.98224e-09
       118  2.33307e-09
       119  6.03297e-09
       120  3.90509e-09
       121  6.81424e-09
       122   8.7762e-09
       123  4.62353e-09
       124  7.20569e-09
       125   5.9427e-09
       126  9.40671e-09
       127  4.61672e-09
       128   9.9114e-09
       129  6.27399e-09
       130  7.65728e-09
       131  8.22558e-09
       132  6.79265e-09
       133  5.30123e-09
       134  1.94073e-09
       135 -1.85083e-10
       136  9.00897e-09
       137  8.06379e-09
       138   1.7755e-08
       139  1.81541e-08
       140  1.45682e-08
       141  7.29655e-09
       142  1.05794e-08
       143  7.10996e-09
       144  8.78017e-09
       145  6.71013e-09
       146  3.35075e-09
       147  1.08282e-09
       148  2.66588e-09
       149   5.8591e-10
       150  5.85687e-09
       151 -2.84205e-09
       152   1.4512e-09
       153  4.03698e-09
       154  4.03809e-09
       155  7.19928e-09
       156  6.22794e-09
       157  1.14087e-08
       158  7.84201e-08
       159  4.67351e-08
       160 -7.29416e-10
       161 -3.03738e-09
       162 -2.98567e-09
       163  1.41368e-08
       164  4.44972e-09
       165 -3.37344e-07
