165
 4.52088e-07 5.60863e-10 5.81973e-09 1.04033e-08 6.05212e-09 -9.03963e-09 -2.07537e-08 -8.67591e-09 1.08984e-07 -8.07554e-08 4.07696e-09 -6.43435e-08 1.25456e-08 -2.09524e-08 1.09693e-08 3.93597e-08 3.21158e-08 -3.09569e-11 -5.6312e-10 -1.7832e-07 6.99457e-08 -1.07096e-08 -5.60274e-08 8.97307e-09 2.80995e-08 1.14138e-08 2.15473e-09 3.43801e-08 3.68588e-09 -4.44131e-09 -1.08757e-08 2.7797e-09 -4.19226e-08 3.14363e-09 4.42192e-09 -3.69021e-09 1.23241e-07 -6.30953e-08 -1.41537e-10 -5.7562e-09 -9.0496e-09 2.59824e-09 2.60524e-08 5.43512e-08 -1.07875e-08 -5.04462e-08 1.70654e-07 -1.30018e-07 -3.13442e-08 2.13959e-08 -9.85111e-09 4.55464e-09 6.27612e-10 2.68906e-08 -1.96498e-09 -1.85833e-09 -1.63531e-07 8.17532e-09 -3.69782e-08 2.69055e-08 3.39853e-09 2.88319e-10 2.728e-08 4.1687e-09 5.55853e-10 7.87709e-09 -1.90994e-07 4.46781e-08 -4.51478e-09 4.64275e-08 -8.87885e-08 2.74625e-08 1.77464e-07 7.74248e-09 -1.63293e-07 -2.24881e-09 -1.87704e-09 9.5637e-09 -5.25953e-08 -3.72696e-08 1.57717e-07 -5.38379e-08 -5.94779e-08 2.49896e-09 -1.99102e-09 -2.46985e-09 -1.08526e-08 -3.06615e-09 -1.18132e-08 3.07583e-09 8.42724e-09 1.66774e-07 -6.02438e-07 3.7465e-07 -2.70061e-07 1.53961e-07 2.99403e-09 -1.00661e-08 8.85523e-09 8.87177e-08 -2.86855e-07 1.80044e-08 1.62591e-08 3.14193e-09 3.82699e-09 8.45793e-09 6.73074e-09 3.09145e-09 3.73217e-09 6.74192e-11 5.69541e-09 8.13342e-09 8.25694e-09 6.57984e-09 6.42341e-09 5.61868e-09 -1.43839e-09 3.3724e-09 3.2905e-09 8.46942e-09 1.02245e-08 8.16293e-09 6.24037e-09 8.44817e-09 -2.58946e-09 -1.05873e-09 8.45846e-09 8.99403e-09 3.79273e-09 6.09397e-09 3.46474e-09 8.77543e-09 6.83046e-09 1.31441e-08 3.84504e-09 9.66128e-09 2.25088e-09 2.381e-09 6.22384e-09 8.13158e-09 6.05636e-09 1.09063e-08 5.48252e-09 8.3105e-09 8.14455e-09 4.9069e-09 4.45356e-09 5.93277e-09 4.02158e-09 6.57381e-09 8.408e-09 7.28014e-09 9.27645e-09 6.93708e-09 8.78239e-09 8.34005e-09 1.13722e-08 -3.55086e-08 -4.96202e-09 -1.93348e-08 -9.85468e-09 4.31652e-09 8.35474e-08 -3.62901e-08 -5.05185e-07

         1  4.52088e-07
         2  5.60863e-10
         3  5.81973e-09
         4  1.04033e-08
         5  6.05212e-09
         6 -9.03963e-09
         7 -2.07537e-08
         8 -8.67591e-09
         9  1.08984e-07
        10 -8.07554e-08
        11  4.07696e-09
        12 -6.43435e-08
        13  1.25456e-08
        14 -2.09524e-08
        15  1.09693e-08
        16  3.93597e-08
        17  3.21158e-08
        18 -3.09569e-11
        19  -5.6312e-10
        20  -1.7832e-07
        21  6.99457e-08
        22 -1.07096e-08
        23 -5.60274e-08
        24  8.97307e-09
        25  2.80995e-08
        26  1.14138e-08
        27  2.15473e-09
        28  3.43801e-08
        29  3.68588e-09
        30 -4.44131e-09
        31 -1.08757e-08
        32   2.7797e-09
        33 -4.19226e-08
        34  3.14363e-09
        35  4.42192e-09
        36 -3.69021e-09
        37  1.23241e-07
        38 -6.30953e-08
        39 -1.41537e-10
        40  -5.7562e-09
        41  -9.0496e-09
        42  2.59824e-09
        43  2.60524e-08
        44  5.43512e-08
        45 -1.07875e-08
        46 -5.04462e-08
        47  1.70654e-07
        48 -1.30018e-07
        49 -3.13442e-08
        50  2.13959e-08
        51 -9.85111e-09
        52  4.55464e-09
        53  6.27612e-10
        54  2.68906e-08
        55 -1.96498e-09
        56 -1.85833e-09
        57 -1.63531e-07
        58  8.17532e-09
        59 -3.69782e-08
        60  2.69055e-08
        61  3.39853e-09
        62  2.88319e-10
        63    2.728e-08
        64   4.1687e-09
        65  5.55853e-10
        66  7.87709e-09
        67 -1.90994e-07
        68  4.46781e-08
        69 -4.51478e-09
        70  4.64275e-08
        71 -8.87885e-08
        72  2.74625e-08
        73  1.77464e-07
        74  7.74248e-09
        75 -1.63293e-07
        76 -2.24881e-09
        77 -1.87704e-09
        78   9.5637e-09
        79 -5.25953e-08
        80 -3.72696e-08
        81  1.57717e-07
        82 -5.38379e-08
        83 -5.94779e-08
        84  2.49896e-09
        85 -1.99102e-09
        86 -2.46985e-09
        87 -1.08526e-08
        88 -3.06615e-09
        89 -1.18132e-08
        90  3.07583e-09
        91  8.42724e-09
        92  1.66774e-07
        93 -6.02438e-07
        94   3.7465e-07
        95 -2.70061e-07
        96  1.53961e-07
        97  2.99403e-09
        98 -1.00661e-08
        99  8.85523e-09
       100  8.87177e-08
       101 -2.86855e-07
       102  1.80044e-08
       103  1.62591e-08
       104  3.14193e-09
       105  3.82699e-09
       106  8.45793e-09
       107  6.73074e-09
       108  3.09145e-09
       109  3.73217e-09
       110  6.74192e-11
       111  5.69541e-09
       112  8.13342e-09
       113  8.25694e-09
       114  6.57984e-09
       115  6.42341e-09
       116  5.61868e-09
       117 -1.43839e-09
       118   3.3724e-09
       119   3.2905e-09
       120  8.46942e-09
       121  1.02245e-08
       122  8.16293e-09
       123  6.24037e-09
       124  8.44817e-09
       125 -2.58946e-09
       126 -1.05873e-09
       127  8.45846e-09
       128  8.99403e-09
       129  3.79273e-09
       130  6.09397e-09
       131  3.46474e-09
       132  8.77543e-09
       133  6.83046e-09
       134  1.31441e-08
       135  3.84504e-09
       136  9.66128e-09
       137  2.25088e-09
       138    2.381e-09
       139  6.22384e-09
       140  8.13158e-09
       141  6.05636e-09
       142  1.09063e-08
       143  5.48252e-09
       144   8.3105e-09
       145  8.14455e-09
       146   4.9069e-09
       147  4.45356e-09
       148  5.93277e-09
       149  4.02158e-09
       150  6.57381e-09
       151    8.408e-09
       152  7.28014e-09
       153  9.27645e-09
       154  6.93708e-09
       155  8.78239e-09
       156  8.34005e-09
       157  1.13722e-08
       158 -3.55086e-08
       159 -4.96202e-09
       160 -1.93348e-08
       161 -9.85468e-09
       162  4.31652e-09
       163  8.35474e-08
       164 -3.62901e-08
       165 -5.05185e-07
