           70  4.43806e-11
          157  1.54856e-10
          105  3.01224e-10
            4  4.58653e-10
           32  5.56044e-10
           22  8.72331e-10
          155  1.12522e-09
          111  1.46019e-09
          148   1.5914e-09
           34  1.66413e-09
           50   1.8784e-09
           85  1.96155e-09
          133  2.18187e-09
          110  2.31396e-09
          114  2.54893e-09
          107  2.63506e-09
          112  2.71851e-09
          113  2.87617e-09
           35  3.13527e-09
          120  3.20951e-09
          108  3.39589e-09
            2  3.73732e-09
           30   3.9848e-09
           16  3.98492e-09
          151  4.72657e-09
          116  5.09723e-09
          115  5.53293e-09
          125  5.53656e-09
          136   5.5466e-09
          152  6.01058e-09
          140  6.19291e-09
           66  6.76676e-09
          124  7.58654e-09
           15  8.26419e-09
            7  8.35031e-09
          121  8.56865e-09
          137  8.66222e-09
           42   8.8698e-09
           13  9.03933e-09
          154  9.12857e-09
          145  9.31069e-09
           97  9.32032e-09
           62    9.327e-09
           61  9.42864e-09
          102    9.836e-09
          150  1.02622e-08
          141  1.04693e-08
           55  1.09698e-08
          117  1.10385e-08
           54  1.11935e-08
           69   1.1553e-08
           77  1.19389e-08
           25  1.22886e-08
          143  1.25747e-08
           11  1.33445e-08
          144  1.35405e-08
           64   1.3919e-08
           86  1.44827e-08
          109  1.47375e-08
          149  1.47413e-08
           26  1.47571e-08
          118  1.52049e-08
          103  1.62518e-08
          128   1.6571e-08
          138  1.68784e-08
          119  1.69278e-08
          142  1.69728e-08
          130  1.74593e-08
          134  1.75234e-08
          106  1.76031e-08
          127  1.76911e-08
          162  1.81747e-08
          104  1.84494e-08
           78  1.87901e-08
          129  1.92477e-08
           58  1.98767e-08
           79  1.99906e-08
          146   2.0008e-08
           39  2.05992e-08
          139  2.07521e-08
           33  2.08869e-08
          123   2.1206e-08
          126  2.18766e-08
          122  2.19351e-08
           63  2.34684e-08
           98  2.48984e-08
           31  2.58748e-08
           14  2.84631e-08
           83  2.89633e-08
          131  2.90413e-08
           87  3.06099e-08
           56  3.15633e-08
           36  3.20693e-08
          156  3.30623e-08
           29  3.43269e-08
           57  3.43322e-08
          153  3.45044e-08
           92  3.56248e-08
           99  3.69567e-08
          132  3.69901e-08
           84  4.02861e-08
          147  4.08726e-08
          161  4.19068e-08
           47  4.20945e-08
           72  4.37944e-08
           24  4.58877e-08
           21  4.67783e-08
           59  4.81752e-08
           80    4.826e-08
          135   4.8988e-08
           20  5.05132e-08
           76  5.05637e-08
           74  5.31025e-08
           81  5.35976e-08
           19  5.54164e-08
           60  5.71962e-08
           18   5.7809e-08
            9  5.85493e-08
           45  5.96361e-08
           73  6.01369e-08
           89  6.28192e-08
           91  6.44207e-08
           52  6.66641e-08
           46  6.69219e-08
            3  6.74917e-08
            5  6.98618e-08
           65  7.13468e-08
           88  7.14291e-08
           27  8.02296e-08
           12  8.13633e-08
           40  8.15113e-08
           23  8.71461e-08
           43  8.80865e-08
          164  9.46898e-08
           51   9.6724e-08
           75  9.87934e-08
           82  1.01645e-07
           44  1.03568e-07
          163  1.17188e-07
           90  1.18238e-07
           93  1.20936e-07
            6  1.21919e-07
           10  1.22543e-07
           17  1.41417e-07
           94  1.54691e-07
          160  1.66115e-07
           48  1.68023e-07
          158  1.69847e-07
           38  1.76882e-07
           28  1.88332e-07
            8  1.92895e-07
           95  2.00164e-07
          100  2.02416e-07
           37  2.08414e-07
            1  2.09869e-07
           41  2.10171e-07
           71  2.16578e-07
           53  2.41907e-07
           49   2.5301e-07
           68  3.11498e-07
          101  3.52535e-07
           96  3.70452e-07
          159  5.75506e-07
           67  6.53512e-07
          165  8.12823e-07
