           65  7.22569e-10
           77  8.42778e-10
          124  9.42171e-10
           30  1.09219e-09
           64  1.17306e-09
          154  1.82368e-09
            6  1.82841e-09
          144  1.99316e-09
          145  2.02839e-09
          125  2.21993e-09
          150  2.25739e-09
          141  2.34141e-09
           22  2.36752e-09
          153  2.38619e-09
           23  2.64949e-09
          152  3.09099e-09
          120  3.42299e-09
           61  3.89518e-09
          142  3.91654e-09
          132  4.12923e-09
           98  4.18499e-09
          129  4.22451e-09
          148  4.51824e-09
          118  5.17578e-09
          149  5.40432e-09
          156  5.44243e-09
          109  5.44401e-09
          162  5.67782e-09
          146  5.81291e-09
          119  5.95391e-09
          155  6.05778e-09
          123  6.16137e-09
          138  6.19294e-09
          147  6.20063e-09
          127    6.308e-09
           58  6.50087e-09
          121  6.87928e-09
            4  7.17631e-09
           70  7.18034e-09
           27  7.28472e-09
           69  7.98095e-09
           66   8.2674e-09
          115  8.65019e-09
          140  8.65174e-09
          134  8.66624e-09
           39  8.67439e-09
          131  8.73061e-09
          159   8.8176e-09
          128  8.93946e-09
          112  9.77124e-09
           16  9.80531e-09
           31  9.96047e-09
           94  1.00828e-08
           34  1.01331e-08
           85  1.03647e-08
           62  1.06701e-08
          136  1.13344e-08
          130  1.14124e-08
          114  1.14682e-08
          116   1.1486e-08
          111  1.15788e-08
           97  1.18479e-08
          117  1.18726e-08
           86  1.24568e-08
          139  1.24582e-08
           49  1.25736e-08
           83  1.27436e-08
           11  1.29066e-08
           90  1.29908e-08
           13  1.30674e-08
          157  1.32291e-08
          161   1.3286e-08
          126  1.36633e-08
           91  1.44163e-08
          151  1.44812e-08
          133  1.49249e-08
          137  1.52304e-08
           50    1.554e-08
          104  1.55716e-08
          113  1.58868e-08
           42  1.62201e-08
           35  1.66972e-08
           92  1.67963e-08
          143  1.75909e-08
          135  1.78592e-08
           25  1.79944e-08
          107  1.81021e-08
          122  1.81439e-08
          106  1.83976e-08
           32  1.88427e-08
           36   1.9415e-08
          110  1.99379e-08
          105   2.0435e-08
          108  2.15569e-08
           18  2.32315e-08
           45  2.60069e-08
            3  2.60414e-08
          103  2.61033e-08
           60  2.63458e-08
           59  2.93048e-08
           84  3.27268e-08
            2   3.8227e-08
           29  3.84199e-08
           19  3.85505e-08
           54  3.91619e-08
           63    3.937e-08
           89  4.03463e-08
          102   4.1739e-08
          160  4.46705e-08
           99  4.61788e-08
           52  4.69491e-08
           37  4.79391e-08
           57  4.83196e-08
           26  4.84426e-08
            5  4.87224e-08
           46  4.90057e-08
           74  4.97213e-08
           88  4.98811e-08
           15  5.04268e-08
            8  5.28128e-08
           51  5.54789e-08
           24  5.88396e-08
           33   6.3401e-08
           55  7.00974e-08
           80  7.05826e-08
           40  7.46493e-08
           87  7.74185e-08
          158  7.75569e-08
            7  8.76423e-08
           28  9.21145e-08
           12  9.43815e-08
           56  1.01122e-07
          163  1.05857e-07
           14  1.12491e-07
          164  1.20459e-07
           17  1.38465e-07
           72   1.4574e-07
           43  1.55198e-07
           93   1.6263e-07
           47  1.76148e-07
           67  1.83952e-07
           41   1.9091e-07
           82  2.19776e-07
           48  2.36865e-07
           44  2.45466e-07
           10  2.50876e-07
           78  2.73019e-07
          165  2.74665e-07
           21  2.98587e-07
           81  3.16236e-07
           95  3.29009e-07
           96  3.59854e-07
           38  3.60685e-07
            1  4.06774e-07
           68  4.44305e-07
            9  4.72596e-07
           53  5.21445e-07
           71  5.94817e-07
           20  6.18029e-07
           79  6.48459e-07
           73  6.53338e-07
           76  6.68129e-07
          100  7.19829e-07
           75  7.35408e-07
          101   1.3271e-06
