          124  1.54359e-10
          136  2.00736e-10
          129  7.32695e-10
           51  9.41433e-10
          117  1.13971e-09
          148  1.16077e-09
          131  1.52993e-09
          119   1.6831e-09
           19  2.09717e-09
           54  2.17669e-09
          126  2.44712e-09
           98  2.76087e-09
          132  3.32527e-09
           52  3.55903e-09
          121  3.59439e-09
          139  3.94809e-09
          150  4.69872e-09
          153   4.8871e-09
          106  4.98404e-09
           42  5.14464e-09
           15  5.17694e-09
          105  5.25937e-09
          104  5.33574e-09
          107   6.5334e-09
          151  6.66083e-09
          116   6.6778e-09
            4  6.92806e-09
          112  7.15186e-09
          157  7.20104e-09
          147  7.37896e-09
            2  7.67325e-09
          140  7.98061e-09
          118  8.06099e-09
           83  8.47612e-09
           55  8.80295e-09
          146  9.04186e-09
          155  9.48875e-09
           65  1.01665e-08
          134  1.05716e-08
          115  1.16257e-08
          123  1.16798e-08
           13  1.19581e-08
          113   1.2641e-08
          133   1.3241e-08
          111  1.38243e-08
           62  1.43485e-08
          152  1.48131e-08
           99  1.48189e-08
           22  1.56556e-08
           58  1.58639e-08
          156  1.60004e-08
           85  1.65962e-08
          122  1.66147e-08
          110  1.72042e-08
          135    1.766e-08
          130  1.80074e-08
           91  1.82916e-08
           69  1.95422e-08
          144  1.97633e-08
          162  1.98164e-08
          128  2.04284e-08
          127  2.16273e-08
           61   2.2825e-08
          120  2.28518e-08
          114  2.41932e-08
          143  2.42055e-08
          149  2.53819e-08
          138  2.55923e-08
          141  2.67237e-08
          108  2.70955e-08
          137  3.14095e-08
           90  3.16626e-08
          142  3.27314e-08
          154  3.31058e-08
          125  3.32166e-08
          145  3.33829e-08
          109  3.40448e-08
          103  3.46654e-08
           66  3.49495e-08
           77  3.54483e-08
           45  4.05456e-08
           18   4.0791e-08
           25  4.12798e-08
           59  4.18087e-08
           39  4.32937e-08
            7  4.37724e-08
           64  4.49913e-08
           16  4.59486e-08
           34  4.80316e-08
           74  4.92101e-08
           56   5.0907e-08
           89  5.18068e-08
           94  5.40013e-08
           97  5.73238e-08
           86  6.04863e-08
           60  6.13609e-08
          160  6.27518e-08
           70  6.35735e-08
           11  6.47639e-08
           76  6.58799e-08
           26  6.70223e-08
          102  6.73021e-08
           27  6.82986e-08
           41  7.24344e-08
           50  7.41807e-08
            3  7.47699e-08
           36  7.54245e-08
           53  7.63883e-08
           71  7.67983e-08
           84  7.94916e-08
           80  8.22368e-08
           63  8.30741e-08
           49  8.73738e-08
           87  8.77703e-08
           88  8.78448e-08
          161  8.94158e-08
           72  9.02046e-08
           92  9.44952e-08
            5   9.9377e-08
           30  1.03149e-07
           78  1.05594e-07
           37  1.15647e-07
           40  1.24171e-07
           10  1.26606e-07
           95  1.31295e-07
           79  1.33554e-07
           35  1.38502e-07
            6  1.38731e-07
           96  1.54951e-07
           57   1.6887e-07
           68  1.70335e-07
            8  1.85007e-07
          159    1.972e-07
           29  2.05619e-07
           12  2.42652e-07
           38   2.4747e-07
            9  2.54974e-07
           43  2.61626e-07
           75   2.6233e-07
           21  2.62998e-07
          100   2.7498e-07
           73  2.89281e-07
           17  2.97153e-07
           14  2.98494e-07
           23  3.14065e-07
           48  3.24567e-07
           93  3.25209e-07
           20  3.50456e-07
           32  3.74446e-07
           44  3.95524e-07
           47  4.62713e-07
          158   4.8077e-07
           46  4.91956e-07
           82  4.95959e-07
           24  5.06902e-07
           81  5.15224e-07
            1  5.41321e-07
           31  6.06204e-07
          101  8.84127e-07
           67  9.62445e-07
           28  1.19202e-06
           33  1.43579e-06
          164  2.36579e-06
          163  2.73491e-06
          165  2.73644e-05
