           61  5.71223e-11
           70  1.48068e-10
           62  4.51118e-10
          154  5.61289e-10
            4  5.90545e-10
           59  8.45409e-10
          129  8.59505e-10
          103  8.64821e-10
          150  8.67656e-10
          132  9.27238e-10
          118  9.29935e-10
          117  9.41226e-10
           39  9.61799e-10
           22  1.03487e-09
          141  1.29688e-09
          113  1.46503e-09
          137  1.48735e-09
          152  1.48961e-09
          124  1.70121e-09
          133  1.92055e-09
           32  2.02987e-09
           97  2.04706e-09
          155  2.05396e-09
          110  2.19389e-09
          135  2.32251e-09
          112  2.32422e-09
          119  2.46247e-09
          105  2.46644e-09
          134  2.54488e-09
          116  2.55074e-09
          148  2.99238e-09
          130  3.03156e-09
          156   3.1043e-09
          114  3.33719e-09
           79  3.61695e-09
           16  3.64267e-09
          146  3.71851e-09
          115  3.81018e-09
          111  4.03595e-09
          127  4.09487e-09
           33  4.32682e-09
           99   4.5154e-09
          161  4.54669e-09
          120  4.66178e-09
           58  4.76037e-09
           54  4.89379e-09
          104  5.00548e-09
           29  5.02727e-09
          140  5.19877e-09
          125  5.34399e-09
          123  5.70142e-09
          121  5.90378e-09
          107  6.39669e-09
            2   6.4187e-09
           85  6.97376e-09
           60  7.17683e-09
           66  7.27228e-09
          131  7.51193e-09
          108  7.51261e-09
          106  7.56133e-09
          151  7.75757e-09
           36  7.79149e-09
          143  8.36331e-09
            7  8.55378e-09
           13  8.80695e-09
           34  8.95005e-09
          126  9.41736e-09
          138  9.48913e-09
           42  9.51477e-09
          128  9.68271e-09
          147   1.0039e-08
          139  1.02898e-08
           77  1.04172e-08
          149  1.05037e-08
          109  1.06214e-08
            8  1.12166e-08
          145  1.12333e-08
           98   1.2085e-08
           91  1.25151e-08
           69   1.3586e-08
          136  1.38369e-08
           25  1.41243e-08
          102   1.4253e-08
           78  1.44523e-08
           86  1.49491e-08
           63  1.52003e-08
           50  1.66775e-08
           55  1.77003e-08
           64  1.83603e-08
            3  1.85415e-08
           65  1.91675e-08
           83  1.95534e-08
          153  1.96605e-08
          142  2.14078e-08
          157  2.16783e-08
          122  2.17646e-08
           57  2.24911e-08
           31  2.26346e-08
           84  2.28413e-08
          144  2.41521e-08
           12  2.45532e-08
           92  2.64199e-08
           56  2.74991e-08
           24  2.90484e-08
           20  2.94711e-08
           87   2.9915e-08
           14  3.41454e-08
           74  3.46453e-08
           21  3.60402e-08
          162   3.7913e-08
           90  4.14447e-08
           88  4.17341e-08
            9   4.5249e-08
           35   4.6794e-08
           30  4.74468e-08
           26  5.02125e-08
           76  5.20271e-08
           45  5.62131e-08
           73  5.74877e-08
           19  5.76545e-08
           27  6.17034e-08
           15  6.54508e-08
          163   6.6297e-08
           11   6.7315e-08
           46  6.87662e-08
           80  6.95645e-08
           43  7.15004e-08
           93  7.29307e-08
            6  7.34836e-08
           44   7.4047e-08
           81  7.41342e-08
           18  7.53855e-08
           94  7.76233e-08
          159  7.82397e-08
           40  7.93938e-08
           82  8.21354e-08
          158   8.2536e-08
            5  8.44619e-08
           52  8.75638e-08
           72  9.03011e-08
           48     9.17e-08
           89  9.27275e-08
           75  9.55208e-08
           51  1.01795e-07
           17  1.08215e-07
          164  1.20907e-07
           23  1.24742e-07
          160  1.33713e-07
           47   1.4408e-07
          100  1.68143e-07
           10  1.90402e-07
           71   1.9734e-07
           37  2.00174e-07
           38  2.03227e-07
            1  2.07241e-07
           28  2.11999e-07
           41  2.14744e-07
           68  2.30355e-07
           95  2.39706e-07
           53  2.46904e-07
          101  3.11869e-07
           49  3.21509e-07
           96  3.56302e-07
          165  4.27316e-07
           67  7.23521e-07
