           58  1.22944e-11
           61  4.41143e-11
          122  1.32621e-10
          153  1.87873e-10
          156   3.0398e-10
           60  3.34208e-10
          129  3.62617e-10
          124  3.69219e-10
          134  3.93751e-10
           27  3.99184e-10
           69  4.26763e-10
           64  4.90865e-10
          138  5.16715e-10
           77  5.31561e-10
          147    5.707e-10
           93  6.08461e-10
           84  6.36277e-10
          119  9.74225e-10
          132  9.88495e-10
          118  1.06694e-09
           72  1.07206e-09
          152  1.08661e-09
          131  1.19781e-09
          111  1.46025e-09
           50  1.58226e-09
          143  1.58585e-09
          114  1.65144e-09
          162  1.72334e-09
           42  2.06423e-09
          113  2.08797e-09
          146  2.13825e-09
           98    2.294e-09
           82  2.36095e-09
          123  2.39232e-09
           59   2.5909e-09
          117  2.74331e-09
          155   2.7631e-09
          135   2.8764e-09
          120  2.97273e-09
           30  3.08682e-09
          149  3.17977e-09
           66  3.25842e-09
          141   3.4094e-09
           85  3.50245e-09
          136  3.59162e-09
           39  3.59233e-09
          144  3.59656e-09
          121  4.20877e-09
          137  4.26415e-09
           11  4.55981e-09
          104  4.64128e-09
           54  4.73076e-09
          126  4.77057e-09
          157  5.03127e-09
           57  5.10158e-09
          139  5.11311e-09
           31  5.22211e-09
          115  5.23212e-09
          130  5.41046e-09
          133  5.52384e-09
           73  5.52998e-09
           25  5.64792e-09
           75  6.02623e-09
          140  6.03153e-09
          116  7.06948e-09
           97  7.37899e-09
          108  7.38604e-09
           33   7.4054e-09
           99  7.47545e-09
          127  7.63317e-09
          128  7.84126e-09
          142  7.94639e-09
           14  8.10188e-09
           87  8.10873e-09
          109  8.17094e-09
          145   8.4099e-09
          148  8.98506e-09
          105  9.24889e-09
           34  9.66495e-09
          107  9.69811e-09
          106  9.91431e-09
          112  9.96643e-09
          161  1.02725e-08
          154  1.03601e-08
           90  1.04865e-08
           94  1.05897e-08
           35  1.11448e-08
          125  1.13014e-08
           88  1.13355e-08
           56   1.1674e-08
          102  1.19118e-08
           15  1.19471e-08
          110  1.30715e-08
           38  1.31458e-08
           71  1.34334e-08
           86  1.39662e-08
           74  1.41165e-08
           95  1.42193e-08
           96   1.4439e-08
           91  1.44831e-08
          150   1.5151e-08
           26  1.52654e-08
          151  1.56688e-08
            7  1.57997e-08
           19   1.5867e-08
           40  1.60479e-08
           65  1.65768e-08
            5  1.71168e-08
           92  1.87491e-08
          103  1.88045e-08
            8  1.88385e-08
            6  1.93021e-08
           76  1.93306e-08
           63  1.99345e-08
           89  2.21425e-08
           18  2.30815e-08
           55  2.32228e-08
           24  2.33586e-08
          100  2.36346e-08
           23  2.42786e-08
           36  2.60695e-08
           32  2.65909e-08
           16   2.6801e-08
            3  2.71302e-08
            2  2.80392e-08
           68  2.84107e-08
           52  2.84201e-08
           62   3.4046e-08
           12  3.49694e-08
           67  3.56386e-08
           45  3.66337e-08
           48  3.80988e-08
           78  3.81174e-08
           51  4.02898e-08
           29  4.36208e-08
           17  4.43014e-08
           37  4.90062e-08
           28  5.00206e-08
          101  5.14296e-08
           41  5.38166e-08
           83  5.88141e-08
           13  6.71141e-08
           20  7.08789e-08
           49  7.23932e-08
           22  7.29306e-08
           10  7.32841e-08
           21  7.72953e-08
          160  7.88646e-08
           47  8.32586e-08
          158  9.08618e-08
            9  9.14154e-08
           53  9.18554e-08
            4  9.45003e-08
          159  9.70287e-08
           46  9.83033e-08
           43  1.24454e-07
           80   2.1499e-07
           79  2.21191e-07
           44  2.39075e-07
          164  3.50198e-07
          163  3.83161e-07
           70  5.65288e-07
           81  5.69813e-07
            1  6.33308e-07
          165  3.88061e-06
