          141  2.29307e-10
          123  2.53954e-10
          161  3.68925e-10
          128  5.14975e-10
           86  8.03991e-10
           54  8.86649e-10
          145   9.6513e-10
           84  1.09361e-09
          138  1.10418e-09
          151   1.3286e-09
           27  1.34019e-09
          121  1.39053e-09
           26  1.40057e-09
           78  1.43845e-09
           99  1.55676e-09
          139  2.18762e-09
           15  2.27792e-09
           83  2.40561e-09
          124  2.47311e-09
          122   2.5544e-09
          106  2.71754e-09
           36  2.80874e-09
          146  2.83553e-09
          144  2.86585e-09
          132  2.98571e-09
           25  2.99035e-09
           63  3.04864e-09
          137  3.05281e-09
          108  3.12387e-09
          131  3.22127e-09
          152   3.3131e-09
          130  3.44888e-09
          134  3.54893e-09
          162  3.63274e-09
           74  3.80268e-09
           61  4.11247e-09
          133  4.12228e-09
          135  4.14367e-09
          126  4.16948e-09
           64   4.2042e-09
          116  4.24838e-09
          136  4.34129e-09
            5  4.60697e-09
          119  4.72236e-09
          105  4.76899e-09
           31  4.80628e-09
          148  4.97111e-09
          115  4.98207e-09
           55  5.25664e-09
           35  5.28136e-09
           69  5.42001e-09
          107  5.50724e-09
          153  5.64316e-09
          154  5.66961e-09
          140  5.70225e-09
          156  5.72107e-09
           66  6.12449e-09
          129  6.25704e-09
           62  6.27016e-09
           56  6.33675e-09
          155  6.58487e-09
          120  6.69347e-09
          111  6.71487e-09
          118  6.91655e-09
          157  7.09704e-09
          125  7.33574e-09
           34   7.3544e-09
          110  7.42173e-09
          163  7.50595e-09
           18  7.86005e-09
          117  8.05848e-09
           68  8.10461e-09
          114  8.14295e-09
          149  8.45804e-09
          150  8.46615e-09
           98  8.51363e-09
          112  8.54333e-09
          143  8.66478e-09
          113  8.97771e-09
            7  9.33228e-09
           45   9.3835e-09
            2   9.5247e-09
           50  1.00257e-08
          104  1.02111e-08
           80  1.02653e-08
           53  1.02831e-08
           91  1.04427e-08
          127  1.09327e-08
          103  1.14211e-08
           72  1.26551e-08
           42  1.30368e-08
           94  1.33901e-08
          109  1.37096e-08
           85  1.42122e-08
           77   1.4306e-08
          142  1.44506e-08
           33  1.52845e-08
            3  1.55364e-08
          147  1.63342e-08
           40  1.69188e-08
            6  1.70522e-08
          164  1.74042e-08
           29  1.77584e-08
           39  1.87727e-08
           88  1.88988e-08
           58  1.94127e-08
           43  2.01919e-08
           14  2.06133e-08
           32  2.22311e-08
           65  2.22335e-08
            1  2.59571e-08
           92  2.65623e-08
           30   2.9649e-08
           90  3.02768e-08
          102  3.17711e-08
           93  3.47604e-08
           81  3.67951e-08
           21  3.91262e-08
          165   3.9436e-08
            9  3.99777e-08
           44   4.0642e-08
           41  4.32157e-08
           97  4.34462e-08
          160  4.43283e-08
           11  4.48581e-08
           59  4.71253e-08
           60   4.9106e-08
           24  5.16252e-08
          159  6.71747e-08
           89  6.85497e-08
           87  7.17124e-08
           52  7.72478e-08
           23  8.30479e-08
           16  8.65187e-08
            8  8.67621e-08
           13  9.36158e-08
           73  9.58615e-08
           51  1.00562e-07
           19  1.02107e-07
          100  1.07462e-07
           82  1.09426e-07
           96  1.12549e-07
           95  1.18822e-07
           76  1.19618e-07
           37  1.24093e-07
            4  1.25347e-07
           79  1.30056e-07
           48  1.30244e-07
           67  1.33184e-07
           17   1.3366e-07
           46  1.36336e-07
           75  1.43761e-07
           22  1.47894e-07
          158  1.97563e-07
           70  2.26952e-07
           47  2.41199e-07
           71  2.44335e-07
           57  2.63155e-07
           12  3.01656e-07
           38  3.18001e-07
           28  3.26484e-07
          101  3.53408e-07
           49   4.1681e-07
           10  5.07981e-07
           20  5.58544e-07
