165
 4.58421e-07 -1.27697e-08 1.66304e-09 1.10721e-08 -8.86506e-08 6.35941e-08 -1.48005e-08 3.68868e-09 7.57534e-08 7.15397e-07 -1.60117e-09 5.67116e-07 1.3994e-08 2.29477e-07 -3.28162e-08 1.43036e-08 4.92777e-07 -1.92431e-08 2.54713e-08 1.25721e-06 -7.90373e-08 -3.68994e-09 9.65597e-08 -1.15851e-08 -6.10147e-08 -1.05901e-08 3.3394e-08 4.38595e-07 1.65681e-09 1.17434e-07 -7.44619e-08 -2.11875e-08 -5.18567e-08 -8.52464e-09 -1.08192e-08 -3.66693e-08 -5.09393e-07 1.39862e-06 -4.79253e-08 1.21335e-07 4.75809e-07 -1.36761e-08 2.93514e-07 7.69234e-07 -1.8251e-07 1.08256e-07 -2.10644e-08 -1.43623e-07 2.21957e-07 -1.88294e-08 5.29316e-08 -8.11255e-08 1.00171e-07 -1.35206e-07 -3.54302e-08 1.12697e-08 -4.08342e-07 2.91898e-08 -2.0155e-07 1.83941e-07 1.5321e-08 1.47586e-08 -1.61158e-07 1.13135e-07 -4.72295e-08 1.12377e-07 1.22927e-06 -1.4413e-07 3.46312e-08 -6.9115e-09 2.30176e-07 2.33219e-09 -1.51786e-06 -1.55306e-07 1.65141e-06 -4.59609e-07 -2.31432e-08 4.38048e-07 -1.82796e-07 2.10469e-07 -9.17977e-07 1.65291e-06 3.35436e-07 -1.92882e-08 -5.37083e-08 -1.6305e-08 -6.75433e-07 7.26347e-08 -7.78086e-08 -1.48076e-09 -3.22268e-08 2.46521e-07 7.87768e-07 -8.70839e-07 -3.88549e-07 1.22274e-06 4.42037e-08 -1.88142e-08 -9.77591e-08 6.50995e-08 4.20866e-07 -7.85478e-08 -8.87805e-08 1.11395e-09 -6.61923e-10 -2.5077e-08 -3.0104e-08 -1.13761e-08 -4.49823e-08 5.52638e-08 -4.30445e-08 -7.75217e-08 -5.85707e-08 -3.58697e-08 -2.34312e-08 1.54777e-08 3.39826e-09 -2.05937e-08 2.28793e-08 -3.14739e-08 -5.66663e-09 -2.94911e-08 -2.99563e-08 -2.28161e-08 2.03528e-08 9.59553e-09 4.77725e-09 -3.17895e-08 -1.39927e-08 -1.83508e-08 -3.67939e-08 -1.74871e-08 -3.86312e-09 -3.85946e-08 -3.77877e-08 -6.88978e-08 -3.03113e-08 -2.38607e-09 9.77446e-09 -4.77076e-08 -4.14671e-08 -8.60289e-09 -1.77396e-08 -5.82233e-08 -2.59119e-08 -3.11604e-08 -3.36375e-09 9.44144e-09 -2.72984e-08 -1.27695e-08 -3.35639e-08 -1.7253e-08 -1.02771e-08 -4.43389e-08 -7.01562e-08 -4.32648e-08 -7.34053e-08 4.57177e-07 -2.30806e-08 7.93252e-08 3.2862e-08 -2.52047e-09 -4.62526e-07 3.39405e-07 2.42595e-06

         1  4.58421e-07
         2 -1.27697e-08
         3  1.66304e-09
         4  1.10721e-08
         5 -8.86506e-08
         6  6.35941e-08
         7 -1.48005e-08
         8  3.68868e-09
         9  7.57534e-08
        10  7.15397e-07
        11 -1.60117e-09
        12  5.67116e-07
        13   1.3994e-08
        14  2.29477e-07
        15 -3.28162e-08
        16  1.43036e-08
        17  4.92777e-07
        18 -1.92431e-08
        19  2.54713e-08
        20  1.25721e-06
        21 -7.90373e-08
        22 -3.68994e-09
        23  9.65597e-08
        24 -1.15851e-08
        25 -6.10147e-08
        26 -1.05901e-08
        27   3.3394e-08
        28  4.38595e-07
        29  1.65681e-09
        30  1.17434e-07
        31 -7.44619e-08
        32 -2.11875e-08
        33 -5.18567e-08
        34 -8.52464e-09
        35 -1.08192e-08
        36 -3.66693e-08
        37 -5.09393e-07
        38  1.39862e-06
        39 -4.79253e-08
        40  1.21335e-07
        41  4.75809e-07
        42 -1.36761e-08
        43  2.93514e-07
        44  7.69234e-07
        45  -1.8251e-07
        46  1.08256e-07
        47 -2.10644e-08
        48 -1.43623e-07
        49  2.21957e-07
        50 -1.88294e-08
        51  5.29316e-08
        52 -8.11255e-08
        53  1.00171e-07
        54 -1.35206e-07
        55 -3.54302e-08
        56  1.12697e-08
        57 -4.08342e-07
        58  2.91898e-08
        59  -2.0155e-07
        60  1.83941e-07
        61   1.5321e-08
        62  1.47586e-08
        63 -1.61158e-07
        64  1.13135e-07
        65 -4.72295e-08
        66  1.12377e-07
        67  1.22927e-06
        68  -1.4413e-07
        69  3.46312e-08
        70  -6.9115e-09
        71  2.30176e-07
        72  2.33219e-09
        73 -1.51786e-06
        74 -1.55306e-07
        75  1.65141e-06
        76 -4.59609e-07
        77 -2.31432e-08
        78  4.38048e-07
        79 -1.82796e-07
        80  2.10469e-07
        81 -9.17977e-07
        82  1.65291e-06
        83  3.35436e-07
        84 -1.92882e-08
        85 -5.37083e-08
        86  -1.6305e-08
        87 -6.75433e-07
        88  7.26347e-08
        89 -7.78086e-08
        90 -1.48076e-09
        91 -3.22268e-08
        92  2.46521e-07
        93  7.87768e-07
        94 -8.70839e-07
        95 -3.88549e-07
        96  1.22274e-06
        97  4.42037e-08
        98 -1.88142e-08
        99 -9.77591e-08
       100  6.50995e-08
       101  4.20866e-07
       102 -7.85478e-08
       103 -8.87805e-08
       104  1.11395e-09
       105 -6.61923e-10
       106  -2.5077e-08
       107  -3.0104e-08
       108 -1.13761e-08
       109 -4.49823e-08
       110  5.52638e-08
       111 -4.30445e-08
       112 -7.75217e-08
       113 -5.85707e-08
       114 -3.58697e-08
       115 -2.34312e-08
       116  1.54777e-08
       117  3.39826e-09
       118 -2.05937e-08
       119  2.28793e-08
       120 -3.14739e-08
       121 -5.66663e-09
       122 -2.94911e-08
       123 -2.99563e-08
       124 -2.28161e-08
       125  2.03528e-08
       126  9.59553e-09
       127  4.77725e-09
       128 -3.17895e-08
       129 -1.39927e-08
       130 -1.83508e-08
       131 -3.67939e-08
       132 -1.74871e-08
       133 -3.86312e-09
       134 -3.85946e-08
       135 -3.77877e-08
       136 -6.88978e-08
       137 -3.03113e-08
       138 -2.38607e-09
       139  9.77446e-09
       140 -4.77076e-08
       141 -4.14671e-08
       142 -8.60289e-09
       143 -1.77396e-08
       144 -5.82233e-08
       145 -2.59119e-08
       146 -3.11604e-08
       147 -3.36375e-09
       148  9.44144e-09
       149 -2.72984e-08
       150 -1.27695e-08
       151 -3.35639e-08
       152  -1.7253e-08
       153 -1.02771e-08
       154 -4.43389e-08
       155 -7.01562e-08
       156 -4.32648e-08
       157 -7.34053e-08
       158  4.57177e-07
       159 -2.30806e-08
       160  7.93252e-08
       161   3.2862e-08
       162 -2.52047e-09
       163 -4.62526e-07
       164  3.39405e-07
       165  2.42595e-06
