165
 2.22169e-07 2.61289e-08 1.65436e-08 1.75541e-09 -6.538e-09 6.73158e-10 -3.87489e-08 -5.08529e-08 2.43559e-07 6.72926e-08 1.66184e-08 -3.9367e-08 9.16173e-09 2.78085e-07 3.40822e-09 3.90538e-09 -1.34373e-07 -1.37175e-08 5.6489e-08 2.29353e-07 -8.25545e-08 -1.56228e-10 5.83137e-09 4.88698e-08 -1.85165e-08 -1.8381e-08 2.9386e-08 -1.83509e-07 -1.82398e-08 -2.38328e-09 1.50519e-08 1.37116e-08 1.01363e-07 1.23858e-08 -5.11373e-08 5.57823e-08 7.35159e-08 1.8679e-07 -6.83719e-09 -1.99747e-07 -6.27067e-07 4.98691e-09 -1.5287e-07 -2.7666e-07 3.59229e-08 2.00604e-08 2.30963e-08 -6.26769e-08 6.78792e-07 -4.53198e-08 1.79545e-07 -1.47652e-07 -1.81816e-08 4.38458e-08 -5.40374e-08 5.17987e-08 3.4666e-08 8.47871e-09 5.83937e-08 -4.09803e-08 -1.28054e-09 1.94546e-08 4.19869e-08 -4.4132e-09 -1.18247e-08 7.44642e-09 -2.34967e-07 1.07871e-07 -5.88278e-09 -5.92443e-09 -1.87475e-07 4.7096e-08 -3.0531e-07 -7.81999e-09 3.8485e-07 -6.74984e-08 -1.90331e-08 -5.78297e-08 -5.0723e-08 4.57061e-09 4.28049e-08 -1.29567e-08 -1.87278e-08 2.64086e-08 4.73235e-08 -2.89845e-08 3.51268e-07 -4.05423e-08 1.5769e-08 1.04164e-08 3.84412e-08 -6.94386e-08 1.86678e-07 1.5108e-08 3.45605e-09 -1.37048e-07 3.5716e-08 4.07016e-09 -1.81357e-08 4.11141e-07 -9.60345e-07 4.66011e-08 3.21863e-08 1.80082e-08 5.949e-09 1.46024e-08 1.83771e-08 -9.86014e-09 -2.3659e-08 1.07213e-08 8.84674e-09 2.04277e-08 1.46279e-08 1.16355e-08 4.22177e-10 -1.02181e-08 5.56317e-09 1.61429e-08 6.80888e-09 -9.16528e-09 2.12728e-09 3.59156e-08 -2.2102e-08 6.30674e-09 -2.72395e-11 1.67912e-08 1.37453e-08 8.89615e-09 -5.61779e-09 8.5209e-09 4.1918e-09 7.51927e-09 2.08775e-08 -5.75882e-09 1.05568e-08 3.14714e-08 -1.41704e-08 -1.53386e-08 -1.36209e-08 -3.32148e-09 7.75749e-09 -2.45714e-09 1.18225e-08 1.32339e-08 1.71341e-08 8.71372e-09 4.58845e-09 1.04616e-09 1.93155e-08 1.68566e-08 1.56118e-08 6.32868e-09 2.65167e-08 9.25579e-09 1.86425e-08 2.26566e-08 2.11152e-08 2.74024e-08 2.93683e-07 -5.47371e-08 -4.02355e-08 -6.79276e-10 -2.88723e-08 -1.76611e-07 -2.60578e-07

         1  2.22169e-07
         2  2.61289e-08
         3  1.65436e-08
         4  1.75541e-09
         5   -6.538e-09
         6  6.73158e-10
         7 -3.87489e-08
         8 -5.08529e-08
         9  2.43559e-07
        10  6.72926e-08
        11  1.66184e-08
        12  -3.9367e-08
        13  9.16173e-09
        14  2.78085e-07
        15  3.40822e-09
        16  3.90538e-09
        17 -1.34373e-07
        18 -1.37175e-08
        19   5.6489e-08
        20  2.29353e-07
        21 -8.25545e-08
        22 -1.56228e-10
        23  5.83137e-09
        24  4.88698e-08
        25 -1.85165e-08
        26  -1.8381e-08
        27   2.9386e-08
        28 -1.83509e-07
        29 -1.82398e-08
        30 -2.38328e-09
        31  1.50519e-08
        32  1.37116e-08
        33  1.01363e-07
        34  1.23858e-08
        35 -5.11373e-08
        36  5.57823e-08
        37  7.35159e-08
        38   1.8679e-07
        39 -6.83719e-09
        40 -1.99747e-07
        41 -6.27067e-07
        42  4.98691e-09
        43  -1.5287e-07
        44  -2.7666e-07
        45  3.59229e-08
        46  2.00604e-08
        47  2.30963e-08
        48 -6.26769e-08
        49  6.78792e-07
        50 -4.53198e-08
        51  1.79545e-07
        52 -1.47652e-07
        53 -1.81816e-08
        54  4.38458e-08
        55 -5.40374e-08
        56  5.17987e-08
        57   3.4666e-08
        58  8.47871e-09
        59  5.83937e-08
        60 -4.09803e-08
        61 -1.28054e-09
        62  1.94546e-08
        63  4.19869e-08
        64  -4.4132e-09
        65 -1.18247e-08
        66  7.44642e-09
        67 -2.34967e-07
        68  1.07871e-07
        69 -5.88278e-09
        70 -5.92443e-09
        71 -1.87475e-07
        72   4.7096e-08
        73  -3.0531e-07
        74 -7.81999e-09
        75   3.8485e-07
        76 -6.74984e-08
        77 -1.90331e-08
        78 -5.78297e-08
        79  -5.0723e-08
        80  4.57061e-09
        81  4.28049e-08
        82 -1.29567e-08
        83 -1.87278e-08
        84  2.64086e-08
        85  4.73235e-08
        86 -2.89845e-08
        87  3.51268e-07
        88 -4.05423e-08
        89   1.5769e-08
        90  1.04164e-08
        91  3.84412e-08
        92 -6.94386e-08
        93  1.86678e-07
        94   1.5108e-08
        95  3.45605e-09
        96 -1.37048e-07
        97   3.5716e-08
        98  4.07016e-09
        99 -1.81357e-08
       100  4.11141e-07
       101 -9.60345e-07
       102  4.66011e-08
       103  3.21863e-08
       104  1.80082e-08
       105    5.949e-09
       106  1.46024e-08
       107  1.83771e-08
       108 -9.86014e-09
       109  -2.3659e-08
       110  1.07213e-08
       111  8.84674e-09
       112  2.04277e-08
       113  1.46279e-08
       114  1.16355e-08
       115  4.22177e-10
       116 -1.02181e-08
       117  5.56317e-09
       118  1.61429e-08
       119  6.80888e-09
       120 -9.16528e-09
       121  2.12728e-09
       122  3.59156e-08
       123  -2.2102e-08
       124  6.30674e-09
       125 -2.72395e-11
       126  1.67912e-08
       127  1.37453e-08
       128  8.89615e-09
       129 -5.61779e-09
       130   8.5209e-09
       131   4.1918e-09
       132  7.51927e-09
       133  2.08775e-08
       134 -5.75882e-09
       135  1.05568e-08
       136  3.14714e-08
       137 -1.41704e-08
       138 -1.53386e-08
       139 -1.36209e-08
       140 -3.32148e-09
       141  7.75749e-09
       142 -2.45714e-09
       143  1.18225e-08
       144  1.32339e-08
       145  1.71341e-08
       146  8.71372e-09
       147  4.58845e-09
       148  1.04616e-09
       149  1.93155e-08
       150  1.68566e-08
       151  1.56118e-08
       152  6.32868e-09
       153  2.65167e-08
       154  9.25579e-09
       155  1.86425e-08
       156  2.26566e-08
       157  2.11152e-08
       158  2.74024e-08
       159  2.93683e-07
       160 -5.47371e-08
       161 -4.02355e-08
       162 -6.79276e-10
       163 -2.88723e-08
       164 -1.76611e-07
       165 -2.60578e-07
