165
 -1.88112e-07 -8.50656e-09 -1.58091e-09 2.18968e-07 -1.56371e-08 1.47614e-09 -2.99682e-08 -1.26271e-07 7.9566e-07 -6.44277e-07 3.86271e-09 -2.77168e-07 5.37605e-08 -5.8734e-08 4.5442e-09 1.11034e-07 5.40323e-08 9.68166e-09 1.39998e-07 -2.80699e-08 1.32516e-08 2.18671e-07 1.425e-07 -5.75781e-09 -1.1621e-08 -1.12779e-08 3.48022e-10 2.36871e-07 -1.53766e-08 -4.5651e-09 -4.24357e-08 5.68825e-09 -8.69184e-08 -8.3635e-09 -2.3754e-08 4.15171e-08 3.18884e-07 -1.98617e-07 1.04656e-08 -1.21294e-07 -4.17731e-07 4.70931e-09 4.23159e-08 1.16463e-07 -1.47294e-08 3.1639e-07 6.14345e-07 -1.76623e-07 2.08125e-08 6.41214e-09 3.96456e-08 -2.1399e-08 -6.49329e-07 -6.6269e-08 -7.14296e-08 1.25306e-07 -9.7873e-08 1.33027e-08 -4.1094e-08 4.24435e-08 4.62898e-09 -6.41319e-09 7.5417e-09 1.99512e-08 -4.74921e-09 3.78215e-08 -4.61503e-07 2.25174e-07 -7.59071e-08 2.75395e-07 4.9906e-07 -2.10968e-08 -3.54166e-07 -2.06204e-07 6.90673e-07 9.77732e-07 -4.48149e-08 5.24788e-07 -2.48665e-08 1.08937e-07 -4.54323e-07 -2.53514e-07 -3.461e-09 -3.05493e-08 -6.62541e-08 -9.20371e-09 -6.2436e-07 -1.35537e-09 -2.9048e-09 -8.59122e-09 -9.13553e-09 1.1862e-07 -2.0333e-07 -2.91933e-08 2.55182e-07 -2.55411e-08 -4.3865e-08 1.57976e-08 -2.73887e-08 3.75777e-07 -9.29545e-07 5.17716e-08 3.60126e-09 1.55034e-08 1.04938e-08 9.4897e-10 3.97062e-09 8.89743e-09 1.12641e-08 5.58377e-09 1.35005e-09 -4.72452e-09 1.19693e-08 1.0231e-08 9.38595e-09 1.03058e-08 4.58841e-09 8.77708e-09 1.11608e-08 5.02316e-09 1.95594e-08 1.03369e-08 9.13929e-09 -7.92539e-10 6.77752e-10 1.85789e-08 1.48836e-08 -1.02187e-08 1.29608e-08 -3.06389e-09 3.25384e-09 2.40056e-09 6.17225e-09 1.36508e-08 4.03196e-09 7.68796e-09 6.7535e-09 6.4861e-09 1.64124e-08 1.56061e-08 6.55907e-09 9.10034e-09 1.92339e-08 2.92689e-09 1.36435e-08 1.55984e-08 1.29064e-08 8.79578e-09 1.10506e-08 6.56235e-09 9.08819e-09 1.35227e-08 1.82744e-08 6.7805e-09 1.46773e-09 2.70256e-09 -3.4055e-09 1.0553e-07 -1.7336e-08 -1.8811e-09 1.0709e-08 2.42114e-08 -3.28757e-08 -1.16573e-08 4.40224e-08

         1 -1.88112e-07
         2 -8.50656e-09
         3 -1.58091e-09
         4  2.18968e-07
         5 -1.56371e-08
         6  1.47614e-09
         7 -2.99682e-08
         8 -1.26271e-07
         9   7.9566e-07
        10 -6.44277e-07
        11  3.86271e-09
        12 -2.77168e-07
        13  5.37605e-08
        14  -5.8734e-08
        15   4.5442e-09
        16  1.11034e-07
        17  5.40323e-08
        18  9.68166e-09
        19  1.39998e-07
        20 -2.80699e-08
        21  1.32516e-08
        22  2.18671e-07
        23    1.425e-07
        24 -5.75781e-09
        25  -1.1621e-08
        26 -1.12779e-08
        27  3.48022e-10
        28  2.36871e-07
        29 -1.53766e-08
        30  -4.5651e-09
        31 -4.24357e-08
        32  5.68825e-09
        33 -8.69184e-08
        34  -8.3635e-09
        35  -2.3754e-08
        36  4.15171e-08
        37  3.18884e-07
        38 -1.98617e-07
        39  1.04656e-08
        40 -1.21294e-07
        41 -4.17731e-07
        42  4.70931e-09
        43  4.23159e-08
        44  1.16463e-07
        45 -1.47294e-08
        46   3.1639e-07
        47  6.14345e-07
        48 -1.76623e-07
        49  2.08125e-08
        50  6.41214e-09
        51  3.96456e-08
        52  -2.1399e-08
        53 -6.49329e-07
        54  -6.6269e-08
        55 -7.14296e-08
        56  1.25306e-07
        57  -9.7873e-08
        58  1.33027e-08
        59  -4.1094e-08
        60  4.24435e-08
        61  4.62898e-09
        62 -6.41319e-09
        63   7.5417e-09
        64  1.99512e-08
        65 -4.74921e-09
        66  3.78215e-08
        67 -4.61503e-07
        68  2.25174e-07
        69 -7.59071e-08
        70  2.75395e-07
        71   4.9906e-07
        72 -2.10968e-08
        73 -3.54166e-07
        74 -2.06204e-07
        75  6.90673e-07
        76  9.77732e-07
        77 -4.48149e-08
        78  5.24788e-07
        79 -2.48665e-08
        80  1.08937e-07
        81 -4.54323e-07
        82 -2.53514e-07
        83   -3.461e-09
        84 -3.05493e-08
        85 -6.62541e-08
        86 -9.20371e-09
        87  -6.2436e-07
        88 -1.35537e-09
        89  -2.9048e-09
        90 -8.59122e-09
        91 -9.13553e-09
        92   1.1862e-07
        93  -2.0333e-07
        94 -2.91933e-08
        95  2.55182e-07
        96 -2.55411e-08
        97  -4.3865e-08
        98  1.57976e-08
        99 -2.73887e-08
       100  3.75777e-07
       101 -9.29545e-07
       102  5.17716e-08
       103  3.60126e-09
       104  1.55034e-08
       105  1.04938e-08
       106   9.4897e-10
       107  3.97062e-09
       108  8.89743e-09
       109  1.12641e-08
       110  5.58377e-09
       111  1.35005e-09
       112 -4.72452e-09
       113  1.19693e-08
       114   1.0231e-08
       115  9.38595e-09
       116  1.03058e-08
       117  4.58841e-09
       118  8.77708e-09
       119  1.11608e-08
       120  5.02316e-09
       121  1.95594e-08
       122  1.03369e-08
       123  9.13929e-09
       124 -7.92539e-10
       125  6.77752e-10
       126  1.85789e-08
       127  1.48836e-08
       128 -1.02187e-08
       129  1.29608e-08
       130 -3.06389e-09
       131  3.25384e-09
       132  2.40056e-09
       133  6.17225e-09
       134  1.36508e-08
       135  4.03196e-09
       136  7.68796e-09
       137   6.7535e-09
       138   6.4861e-09
       139  1.64124e-08
       140  1.56061e-08
       141  6.55907e-09
       142  9.10034e-09
       143  1.92339e-08
       144  2.92689e-09
       145  1.36435e-08
       146  1.55984e-08
       147  1.29064e-08
       148  8.79578e-09
       149  1.10506e-08
       150  6.56235e-09
       151  9.08819e-09
       152  1.35227e-08
       153  1.82744e-08
       154   6.7805e-09
       155  1.46773e-09
       156  2.70256e-09
       157  -3.4055e-09
       158   1.0553e-07
       159  -1.7336e-08
       160  -1.8811e-09
       161   1.0709e-08
       162  2.42114e-08
       163 -3.28757e-08
       164 -1.16573e-08
       165  4.40224e-08
