          103  2.42162e-10
          111  2.54173e-10
          107  3.35529e-10
          105  4.74666e-10
          106   5.4415e-10
          115   6.6423e-10
          134   8.8731e-10
          155  1.08811e-09
          141  1.25622e-09
           34  1.31266e-09
           97  1.77182e-09
          113  1.80632e-09
          102  1.84191e-09
          112  1.87975e-09
          140  2.20915e-09
          120  2.21791e-09
          104  2.22318e-09
          118  2.26393e-09
          114  2.34868e-09
          137  3.13296e-09
           63  3.16934e-09
          138  3.31302e-09
          116   3.3739e-09
           98  3.40024e-09
           22  3.41132e-09
           81  3.56216e-09
          124   3.7344e-09
          153  3.79692e-09
           26  4.02353e-09
           77  4.40007e-09
          122  4.60763e-09
           69  4.73254e-09
          132  5.06725e-09
           86   5.2201e-09
           35  5.47287e-09
          151  5.51091e-09
          109  5.59736e-09
          157  5.65409e-09
          162  5.82493e-09
           60  6.21913e-09
          136  6.28567e-09
           58  6.36355e-09
          139  6.47312e-09
          147  6.66965e-09
          133   7.0809e-09
          148  7.44158e-09
           70  7.68956e-09
          119  7.82957e-09
          121  8.03148e-09
          117  8.05781e-09
          156    8.465e-09
          146  8.65507e-09
          123  8.69154e-09
          108  9.12074e-09
          125  9.50306e-09
           83  9.70347e-09
          127  9.79825e-09
          130  9.83155e-09
           55  9.84961e-09
           32  1.00418e-08
            4  1.00582e-08
           85  1.01558e-08
          128   1.0554e-08
          135  1.07299e-08
           59  1.13792e-08
           16  1.29802e-08
           25  1.35234e-08
           13  1.35803e-08
           64  1.36506e-08
          149  1.39668e-08
           65  1.39982e-08
          152  1.48047e-08
          150  1.49902e-08
           74  1.54484e-08
          110  1.58544e-08
            7  1.60193e-08
           66  1.63378e-08
           31  1.63832e-08
          131  1.65928e-08
          154  1.67666e-08
          129  1.81204e-08
          145   1.8816e-08
           30  1.91695e-08
           40  1.93739e-08
          126  1.95759e-08
           61  2.03057e-08
          161  2.08748e-08
           41  2.10913e-08
           36  2.16575e-08
           18  2.21252e-08
           99  2.28489e-08
           54  2.30411e-08
          143  2.39312e-08
           57  2.42886e-08
           80  2.44642e-08
           17  2.50484e-08
          144   2.5418e-08
           19   2.7348e-08
            2    2.891e-08
           62  2.97832e-08
           51  2.98114e-08
           50  3.02267e-08
           39   3.1201e-08
          142  3.35506e-08
           42   3.5317e-08
           11  3.60458e-08
           27  3.84925e-08
          159  3.96762e-08
           56  4.00933e-08
           29  4.14187e-08
           84  4.15477e-08
           88  4.49338e-08
           91  4.49599e-08
            3  4.59605e-08
           52  4.85556e-08
           15  4.93443e-08
           23  5.27242e-08
           82  5.33814e-08
           76   5.9851e-08
           33  6.07861e-08
          163   6.5402e-08
           49  6.87344e-08
          164  7.12461e-08
           46   7.1726e-08
           28  7.45959e-08
           14   7.8158e-08
            5  9.73014e-08
           79  9.73855e-08
           78  9.98034e-08
           12  1.01264e-07
           21  1.08619e-07
           47  1.09177e-07
            6  1.10118e-07
            9  1.11767e-07
           67  1.17557e-07
           37  1.19564e-07
           20  1.20884e-07
           45   1.2624e-07
           89   1.2982e-07
           72  1.32649e-07
           87  1.47116e-07
           94  1.47305e-07
            8   1.5967e-07
           24  1.60694e-07
           92   1.6396e-07
           48  1.69595e-07
           90  1.69609e-07
           10   1.7396e-07
           43  1.79639e-07
           53  1.94829e-07
           68  1.96578e-07
           38  2.04648e-07
          100   2.0845e-07
           96  2.54316e-07
           95   2.9053e-07
           71  3.15843e-07
          101  3.53175e-07
           44  3.58777e-07
           73  3.76957e-07
          165  4.03953e-07
           75  4.17766e-07
            1  4.20323e-07
          158  4.88215e-07
           93  4.89361e-07
          160  5.11543e-07
