165
 5.36508e-07 1.77846e-08 -7.23e-10 9.30938e-09 3.06715e-08 -1.97786e-08 -2.20766e-08 1.27716e-08 1.19473e-07 1.45838e-07 -2.89278e-09 8.23043e-08 1.16345e-08 -2.27536e-07 -1.25436e-08 4.3347e-08 5.03285e-07 -1.28755e-08 -1.55194e-09 -4.37071e-07 1.8731e-07 -1.47263e-08 -3.19981e-07 8.7009e-08 5.98171e-10 2.11293e-09 -2.0212e-09 7.95918e-07 -8.78835e-08 7.76351e-08 3.96145e-08 -1.94166e-08 7.69793e-08 9.31355e-09 -1.07122e-08 8.51001e-09 -1.67148e-07 -2.85068e-07 1.05214e-08 4.54141e-08 2.65171e-07 -1.39591e-09 9.54045e-08 1.84442e-07 -2.38339e-08 -6.08501e-07 3.10552e-07 -1.88625e-07 -9.68488e-09 -1.16886e-08 8.68363e-09 3.08959e-09 -2.32238e-07 -1.54617e-08 -3.81601e-08 4.58279e-08 1.1087e-07 1.56114e-08 3.02957e-08 -2.89631e-08 -2.6932e-09 -4.39639e-09 -1.79448e-08 1.34263e-08 -3.31336e-09 -1.82084e-08 -4.24479e-07 9.75511e-08 -8.58253e-09 5.49503e-08 3.13874e-08 3.75402e-10 1.48078e-08 7.40305e-09 -1.13677e-08 -1.74697e-08 -3.67017e-10 -1.30312e-08 -1.02478e-07 -9.27601e-08 3.37029e-07 8.56259e-08 2.31828e-08 8.71997e-11 -1.26292e-09 5.07459e-09 -2.29524e-08 -4.32825e-09 3.7142e-09 1.35496e-09 8.18753e-09 4.27665e-08 -6.98094e-08 3.27814e-08 -1.3038e-07 2.11437e-07 5.75384e-09 -2.28671e-08 -7.77209e-10 7.86389e-08 -2.57222e-07 1.47691e-08 2.2492e-08 -4.81301e-09 -6.76359e-09 -4.34576e-09 -8.68184e-09 9.78392e-10 5.93995e-09 3.68472e-09 -1.74847e-09 5.75241e-09 1.63336e-09 3.55005e-09 2.54816e-09 5.07855e-10 -2.4435e-09 -1.57825e-09 9.41653e-11 1.20099e-08 -4.36196e-09 1.87968e-09 2.02223e-09 3.97288e-09 5.00715e-10 5.18687e-09 -1.13461e-08 7.64656e-09 -3.78327e-09 1.29806e-08 3.68876e-09 1.42662e-10 -2.32373e-09 4.89521e-09 1.48628e-09 1.09162e-09 4.19098e-09 -3.20236e-09 -1.49918e-09 5.96687e-09 -7.13033e-09 8.25057e-09 1.18206e-08 1.2136e-09 -5.72882e-09 -8.50952e-10 3.95336e-09 -3.40331e-09 5.75191e-09 1.15638e-08 1.85136e-09 -2.89821e-09 3.10954e-09 3.66885e-09 -1.52513e-09 -5.06133e-09 3.24026e-09 4.79801e-09 3.78762e-09 1.01515e-08 -5.37663e-10 -2.42802e-09 2.65798e-07 3.43061e-08 -2.33452e-06

         1  5.36508e-07
         2  1.77846e-08
         3    -7.23e-10
         4  9.30938e-09
         5  3.06715e-08
         6 -1.97786e-08
         7 -2.20766e-08
         8  1.27716e-08
         9  1.19473e-07
        10  1.45838e-07
        11 -2.89278e-09
        12  8.23043e-08
        13  1.16345e-08
        14 -2.27536e-07
        15 -1.25436e-08
        16   4.3347e-08
        17  5.03285e-07
        18 -1.28755e-08
        19 -1.55194e-09
        20 -4.37071e-07
        21   1.8731e-07
        22 -1.47263e-08
        23 -3.19981e-07
        24   8.7009e-08
        25  5.98171e-10
        26  2.11293e-09
        27  -2.0212e-09
        28  7.95918e-07
        29 -8.78835e-08
        30  7.76351e-08
        31  3.96145e-08
        32 -1.94166e-08
        33  7.69793e-08
        34  9.31355e-09
        35 -1.07122e-08
        36  8.51001e-09
        37 -1.67148e-07
        38 -2.85068e-07
        39  1.05214e-08
        40  4.54141e-08
        41  2.65171e-07
        42 -1.39591e-09
        43  9.54045e-08
        44  1.84442e-07
        45 -2.38339e-08
        46 -6.08501e-07
        47  3.10552e-07
        48 -1.88625e-07
        49 -9.68488e-09
        50 -1.16886e-08
        51  8.68363e-09
        52  3.08959e-09
        53 -2.32238e-07
        54 -1.54617e-08
        55 -3.81601e-08
        56  4.58279e-08
        57   1.1087e-07
        58  1.56114e-08
        59  3.02957e-08
        60 -2.89631e-08
        61  -2.6932e-09
        62 -4.39639e-09
        63 -1.79448e-08
        64  1.34263e-08
        65 -3.31336e-09
        66 -1.82084e-08
        67 -4.24479e-07
        68  9.75511e-08
        69 -8.58253e-09
        70  5.49503e-08
        71  3.13874e-08
        72  3.75402e-10
        73  1.48078e-08
        74  7.40305e-09
        75 -1.13677e-08
        76 -1.74697e-08
        77 -3.67017e-10
        78 -1.30312e-08
        79 -1.02478e-07
        80 -9.27601e-08
        81  3.37029e-07
        82  8.56259e-08
        83  2.31828e-08
        84  8.71997e-11
        85 -1.26292e-09
        86  5.07459e-09
        87 -2.29524e-08
        88 -4.32825e-09
        89   3.7142e-09
        90  1.35496e-09
        91  8.18753e-09
        92  4.27665e-08
        93 -6.98094e-08
        94  3.27814e-08
        95  -1.3038e-07
        96  2.11437e-07
        97  5.75384e-09
        98 -2.28671e-08
        99 -7.77209e-10
       100  7.86389e-08
       101 -2.57222e-07
       102  1.47691e-08
       103   2.2492e-08
       104 -4.81301e-09
       105 -6.76359e-09
       106 -4.34576e-09
       107 -8.68184e-09
       108  9.78392e-10
       109  5.93995e-09
       110  3.68472e-09
       111 -1.74847e-09
       112  5.75241e-09
       113  1.63336e-09
       114  3.55005e-09
       115  2.54816e-09
       116  5.07855e-10
       117  -2.4435e-09
       118 -1.57825e-09
       119  9.41653e-11
       120  1.20099e-08
       121 -4.36196e-09
       122  1.87968e-09
       123  2.02223e-09
       124  3.97288e-09
       125  5.00715e-10
       126  5.18687e-09
       127 -1.13461e-08
       128  7.64656e-09
       129 -3.78327e-09
       130  1.29806e-08
       131  3.68876e-09
       132  1.42662e-10
       133 -2.32373e-09
       134  4.89521e-09
       135  1.48628e-09
       136  1.09162e-09
       137  4.19098e-09
       138 -3.20236e-09
       139 -1.49918e-09
       140  5.96687e-09
       141 -7.13033e-09
       142  8.25057e-09
       143  1.18206e-08
       144   1.2136e-09
       145 -5.72882e-09
       146 -8.50952e-10
       147  3.95336e-09
       148 -3.40331e-09
       149  5.75191e-09
       150  1.15638e-08
       151  1.85136e-09
       152 -2.89821e-09
       153  3.10954e-09
       154  3.66885e-09
       155 -1.52513e-09
       156 -5.06133e-09
       157  3.24026e-09
       158  4.79801e-09
       159  3.78762e-09
       160  1.01515e-08
       161 -5.37663e-10
       162 -2.42802e-09
       163  2.65798e-07
       164  3.43061e-08
       165 -2.33452e-06
