165
 2.01321e-07 -7.13296e-08 -9.94532e-09 -9.20219e-10 -9.76617e-08 4.96877e-08 -1.91291e-07 -1.15595e-07 1.19074e-06 1.41374e-06 -2.2193e-08 9.94824e-07 7.26968e-09 5.50958e-07 6.54944e-09 1.10028e-09 -4.78974e-08 8.61988e-09 7.34759e-08 2.29495e-06 -9.95919e-07 1.51969e-09 4.82873e-07 -1.5578e-07 2.29608e-08 -1.90575e-08 -6.91987e-09 -3.82758e-07 -2.25642e-08 3.80172e-08 -1.27991e-08 -4.3472e-08 1.06028e-07 8.19806e-09 -4.09191e-08 2.8864e-08 2.39379e-07 1.15348e-06 -4.87829e-08 -5.46306e-07 -1.92428e-06 4.45646e-08 -6.53415e-08 -8.50439e-08 1.31052e-08 -3.5499e-08 -3.09368e-08 8.33274e-08 7.72028e-07 -5.04203e-08 2.02628e-07 -1.75837e-07 -6.86737e-08 -3.47666e-08 -5.52492e-08 8.75158e-08 -8.39419e-08 5.90276e-08 -3.02795e-08 1.53144e-08 2.95588e-08 -1.05414e-08 1.23084e-07 4.70846e-08 -1.67079e-08 8.02857e-08 -1.57896e-06 5.11214e-07 -3.2469e-08 -6.11427e-09 -6.20038e-07 1.02489e-07 -1.24963e-08 -9.04797e-09 7.45385e-08 -4.57809e-07 1.19517e-09 7.35068e-08 -1.8437e-09 -6.28972e-08 6.03582e-07 -4.07792e-07 8.03636e-08 1.32279e-08 1.15756e-08 5.2708e-10 3.13342e-07 9.87202e-09 -3.00101e-09 1.45472e-08 1.28149e-08 4.17772e-08 9.93051e-07 -1.07037e-06 -5.93426e-07 1.71101e-06 -9.99208e-08 -1.2869e-08 -1.03862e-07 7.77294e-07 -1.2986e-06 1.76672e-08 -1.98054e-08 -2.24402e-08 1.91159e-09 6.2038e-09 2.81796e-08 3.82043e-08 -1.64954e-08 -1.7596e-08 -5.59767e-09 1.16334e-08 1.04746e-08 -2.99741e-09 -2.48379e-08 -1.11794e-08 -8.75895e-09 3.27834e-08 3.88953e-08 1.22349e-11 1.42175e-08 -3.53806e-08 -7.93098e-09 -1.61545e-08 3.46942e-10 -9.63793e-09 -1.15615e-08 -6.04355e-09 -2.36572e-08 -8.7021e-09 -2.43999e-08 -5.33078e-09 -9.24994e-09 -1.4279e-09 2.17459e-08 -8.21345e-08 8.53179e-09 3.26352e-09 -2.315e-09 6.95869e-09 8.17963e-09 9.88278e-09 -1.63713e-08 -1.15092e-08 -1.68496e-08 -2.32308e-08 -7.08475e-10 -1.17829e-08 -1.17483e-08 4.5815e-09 -1.40822e-08 9.50773e-09 -3.5983e-08 -1.66947e-08 -2.70906e-08 -3.892e-08 -4.15715e-08 1.68287e-07 9.81193e-09 -1.75559e-07 -1.81218e-08 3.02217e-10 -2.75067e-07 9.75725e-08 4.21228e-07

         1  2.01321e-07
         2 -7.13296e-08
         3 -9.94532e-09
         4 -9.20219e-10
         5 -9.76617e-08
         6  4.96877e-08
         7 -1.91291e-07
         8 -1.15595e-07
         9  1.19074e-06
        10  1.41374e-06
        11  -2.2193e-08
        12  9.94824e-07
        13  7.26968e-09
        14  5.50958e-07
        15  6.54944e-09
        16  1.10028e-09
        17 -4.78974e-08
        18  8.61988e-09
        19  7.34759e-08
        20  2.29495e-06
        21 -9.95919e-07
        22  1.51969e-09
        23  4.82873e-07
        24  -1.5578e-07
        25  2.29608e-08
        26 -1.90575e-08
        27 -6.91987e-09
        28 -3.82758e-07
        29 -2.25642e-08
        30  3.80172e-08
        31 -1.27991e-08
        32  -4.3472e-08
        33  1.06028e-07
        34  8.19806e-09
        35 -4.09191e-08
        36   2.8864e-08
        37  2.39379e-07
        38  1.15348e-06
        39 -4.87829e-08
        40 -5.46306e-07
        41 -1.92428e-06
        42  4.45646e-08
        43 -6.53415e-08
        44 -8.50439e-08
        45  1.31052e-08
        46  -3.5499e-08
        47 -3.09368e-08
        48  8.33274e-08
        49  7.72028e-07
        50 -5.04203e-08
        51  2.02628e-07
        52 -1.75837e-07
        53 -6.86737e-08
        54 -3.47666e-08
        55 -5.52492e-08
        56  8.75158e-08
        57 -8.39419e-08
        58  5.90276e-08
        59 -3.02795e-08
        60  1.53144e-08
        61  2.95588e-08
        62 -1.05414e-08
        63  1.23084e-07
        64  4.70846e-08
        65 -1.67079e-08
        66  8.02857e-08
        67 -1.57896e-06
        68  5.11214e-07
        69  -3.2469e-08
        70 -6.11427e-09
        71 -6.20038e-07
        72  1.02489e-07
        73 -1.24963e-08
        74 -9.04797e-09
        75  7.45385e-08
        76 -4.57809e-07
        77  1.19517e-09
        78  7.35068e-08
        79  -1.8437e-09
        80 -6.28972e-08
        81  6.03582e-07
        82 -4.07792e-07
        83  8.03636e-08
        84  1.32279e-08
        85  1.15756e-08
        86   5.2708e-10
        87  3.13342e-07
        88  9.87202e-09
        89 -3.00101e-09
        90  1.45472e-08
        91  1.28149e-08
        92  4.17772e-08
        93  9.93051e-07
        94 -1.07037e-06
        95 -5.93426e-07
        96  1.71101e-06
        97 -9.99208e-08
        98  -1.2869e-08
        99 -1.03862e-07
       100  7.77294e-07
       101  -1.2986e-06
       102  1.76672e-08
       103 -1.98054e-08
       104 -2.24402e-08
       105  1.91159e-09
       106   6.2038e-09
       107  2.81796e-08
       108  3.82043e-08
       109 -1.64954e-08
       110  -1.7596e-08
       111 -5.59767e-09
       112  1.16334e-08
       113  1.04746e-08
       114 -2.99741e-09
       115 -2.48379e-08
       116 -1.11794e-08
       117 -8.75895e-09
       118  3.27834e-08
       119  3.88953e-08
       120  1.22349e-11
       121  1.42175e-08
       122 -3.53806e-08
       123 -7.93098e-09
       124 -1.61545e-08
       125  3.46942e-10
       126 -9.63793e-09
       127 -1.15615e-08
       128 -6.04355e-09
       129 -2.36572e-08
       130  -8.7021e-09
       131 -2.43999e-08
       132 -5.33078e-09
       133 -9.24994e-09
       134  -1.4279e-09
       135  2.17459e-08
       136 -8.21345e-08
       137  8.53179e-09
       138  3.26352e-09
       139   -2.315e-09
       140  6.95869e-09
       141  8.17963e-09
       142  9.88278e-09
       143 -1.63713e-08
       144 -1.15092e-08
       145 -1.68496e-08
       146 -2.32308e-08
       147 -7.08475e-10
       148 -1.17829e-08
       149 -1.17483e-08
       150   4.5815e-09
       151 -1.40822e-08
       152  9.50773e-09
       153  -3.5983e-08
       154 -1.66947e-08
       155 -2.70906e-08
       156   -3.892e-08
       157 -4.15715e-08
       158  1.68287e-07
       159  9.81193e-09
       160 -1.75559e-07
       161 -1.81218e-08
       162  3.02217e-10
       163 -2.75067e-07
       164  9.75725e-08
       165  4.21228e-07
