165
 4.14975e-07 -1.91101e-08 -2.28778e-07 1.85187e-08 4.13807e-07 4.64569e-07 1.40428e-07 1.4266e-06 -8.07309e-07 2.30855e-07 -6.90755e-07 1.51811e-07 1.56063e-08 2.46709e-08 -5.56891e-07 2.21677e-08 1.27968e-08 7.37346e-07 2.12977e-08 1.01326e-07 2.18667e-07 -5.44853e-09 6.34962e-08 8.00257e-07 -1.09444e-08 6.97088e-09 -1.25439e-07 1.40468e-08 -5.0559e-07 -4.72089e-07 -6.42463e-10 1.42577e-08 -1.48853e-08 -1.60239e-08 -2.90174e-07 -1.91198e-07 -8.60889e-08 -3.97219e-07 -4.49273e-07 -3.68055e-08 -7.53442e-08 -5.08152e-08 6.43081e-08 1.53616e-07 1.84104e-07 7.38115e-08 4.58075e-07 1.01772e-07 3.47527e-07 2.06661e-08 2.0052e-07 7.2199e-08 -2.81135e-07 -5.834e-08 5.72965e-08 1.89642e-07 2.20535e-08 3.62654e-07 6.89393e-07 6.62616e-07 -1.68187e-08 -9.34061e-08 -2.37266e-08 3.9454e-08 1.1426e-06 5.70958e-08 -3.9642e-07 -1.89297e-06 3.65685e-08 -8.45214e-09 -2.97225e-07 -9.49724e-07 -4.74551e-07 2.54897e-09 4.89834e-07 -3.08242e-08 -2.17458e-07 1.44015e-08 2.05527e-07 3.75227e-07 -2.38021e-07 -2.57669e-07 -4.50852e-09 -9.07673e-07 1.18414e-07 1.31494e-06 2.18774e-07 -1.41374e-06 3.28363e-06 -1.35586e-06 4.52753e-08 -1.0506e-07 6.76541e-07 -2.0488e-07 1.93878e-07 -4.27905e-07 5.95227e-08 -3.74556e-08 -1.77786e-07 -5.4486e-08 1.01101e-07 -1.83423e-07 -1.23849e-07 -1.07219e-07 -6.14058e-08 -2.24647e-09 3.42777e-08 4.05955e-08 1.0003e-07 1.62295e-07 1.05878e-07 4.89659e-08 8.42252e-08 9.22998e-08 1.0175e-07 1.60686e-07 1.31489e-07 1.00211e-07 8.00581e-08 5.89204e-08 2.73084e-08 1.02481e-08 -6.43489e-09 8.33312e-08 -7.53848e-08 9.73599e-08 2.48489e-07 2.09505e-07 2.92346e-07 3.15472e-07 3.48011e-07 -7.26454e-09 -2.55544e-07 -1.64662e-07 1.78122e-07 4.28741e-08 6.51272e-08 -3.10065e-08 -1.26837e-07 -3.82864e-07 -8.79201e-09 -1.59451e-07 -1.81853e-07 -1.82359e-07 1.40332e-07 -2.64009e-08 3.51277e-07 -7.41067e-08 -1.63696e-07 -6.44375e-07 -3.09595e-07 1.67277e-08 -4.02727e-07 -1.2633e-08 -2.52914e-07 -2.94152e-08 1.57967e-07 -2.97864e-06 1.65258e-07 4.25127e-06 -1.75251e-07 2.58317e-08 -6.15876e-08 -1.52267e-07 2.59242e-06

         1  4.14975e-07
         2 -1.91101e-08
         3 -2.28778e-07
         4  1.85187e-08
         5  4.13807e-07
         6  4.64569e-07
         7  1.40428e-07
         8   1.4266e-06
         9 -8.07309e-07
        10  2.30855e-07
        11 -6.90755e-07
        12  1.51811e-07
        13  1.56063e-08
        14  2.46709e-08
        15 -5.56891e-07
        16  2.21677e-08
        17  1.27968e-08
        18  7.37346e-07
        19  2.12977e-08
        20  1.01326e-07
        21  2.18667e-07
        22 -5.44853e-09
        23  6.34962e-08
        24  8.00257e-07
        25 -1.09444e-08
        26  6.97088e-09
        27 -1.25439e-07
        28  1.40468e-08
        29  -5.0559e-07
        30 -4.72089e-07
        31 -6.42463e-10
        32  1.42577e-08
        33 -1.48853e-08
        34 -1.60239e-08
        35 -2.90174e-07
        36 -1.91198e-07
        37 -8.60889e-08
        38 -3.97219e-07
        39 -4.49273e-07
        40 -3.68055e-08
        41 -7.53442e-08
        42 -5.08152e-08
        43  6.43081e-08
        44  1.53616e-07
        45  1.84104e-07
        46  7.38115e-08
        47  4.58075e-07
        48  1.01772e-07
        49  3.47527e-07
        50  2.06661e-08
        51   2.0052e-07
        52   7.2199e-08
        53 -2.81135e-07
        54   -5.834e-08
        55  5.72965e-08
        56  1.89642e-07
        57  2.20535e-08
        58  3.62654e-07
        59  6.89393e-07
        60  6.62616e-07
        61 -1.68187e-08
        62 -9.34061e-08
        63 -2.37266e-08
        64   3.9454e-08
        65   1.1426e-06
        66  5.70958e-08
        67  -3.9642e-07
        68 -1.89297e-06
        69  3.65685e-08
        70 -8.45214e-09
        71 -2.97225e-07
        72 -9.49724e-07
        73 -4.74551e-07
        74  2.54897e-09
        75  4.89834e-07
        76 -3.08242e-08
        77 -2.17458e-07
        78  1.44015e-08
        79  2.05527e-07
        80  3.75227e-07
        81 -2.38021e-07
        82 -2.57669e-07
        83 -4.50852e-09
        84 -9.07673e-07
        85  1.18414e-07
        86  1.31494e-06
        87  2.18774e-07
        88 -1.41374e-06
        89  3.28363e-06
        90 -1.35586e-06
        91  4.52753e-08
        92  -1.0506e-07
        93  6.76541e-07
        94  -2.0488e-07
        95  1.93878e-07
        96 -4.27905e-07
        97  5.95227e-08
        98 -3.74556e-08
        99 -1.77786e-07
       100  -5.4486e-08
       101  1.01101e-07
       102 -1.83423e-07
       103 -1.23849e-07
       104 -1.07219e-07
       105 -6.14058e-08
       106 -2.24647e-09
       107  3.42777e-08
       108  4.05955e-08
       109   1.0003e-07
       110  1.62295e-07
       111  1.05878e-07
       112  4.89659e-08
       113  8.42252e-08
       114  9.22998e-08
       115   1.0175e-07
       116  1.60686e-07
       117  1.31489e-07
       118  1.00211e-07
       119  8.00581e-08
       120  5.89204e-08
       121  2.73084e-08
       122  1.02481e-08
       123 -6.43489e-09
       124  8.33312e-08
       125 -7.53848e-08
       126  9.73599e-08
       127  2.48489e-07
       128  2.09505e-07
       129  2.92346e-07
       130  3.15472e-07
       131  3.48011e-07
       132 -7.26454e-09
       133 -2.55544e-07
       134 -1.64662e-07
       135  1.78122e-07
       136  4.28741e-08
       137  6.51272e-08
       138 -3.10065e-08
       139 -1.26837e-07
       140 -3.82864e-07
       141 -8.79201e-09
       142 -1.59451e-07
       143 -1.81853e-07
       144 -1.82359e-07
       145  1.40332e-07
       146 -2.64009e-08
       147  3.51277e-07
       148 -7.41067e-08
       149 -1.63696e-07
       150 -6.44375e-07
       151 -3.09595e-07
       152  1.67277e-08
       153 -4.02727e-07
       154  -1.2633e-08
       155 -2.52914e-07
       156 -2.94152e-08
       157  1.57967e-07
       158 -2.97864e-06
       159  1.65258e-07
       160  4.25127e-06
       161 -1.75251e-07
       162  2.58317e-08
       163 -6.15876e-08
       164 -1.52267e-07
       165  2.59242e-06
