           84  1.69305e-11
           88  3.99208e-11
           34  2.29953e-10
           18  4.77318e-10
           26   6.8283e-10
          126  1.02012e-09
            3  1.42069e-09
          108   1.5325e-09
           56  1.88344e-09
           15  2.05758e-09
           62  2.06247e-09
           94  2.10153e-09
          104  2.31524e-09
           45  2.54113e-09
           61  2.71634e-09
           98  2.94779e-09
           37  3.19854e-09
          163  3.24603e-09
          160  3.57623e-09
           90  3.63738e-09
           69  3.92238e-09
           42  4.35016e-09
          152  4.51891e-09
            6   4.7532e-09
           95  5.10842e-09
            7   5.3024e-09
           14  6.50414e-09
          105  6.51612e-09
          139   7.0077e-09
          151  7.05178e-09
           36  7.31004e-09
          132  7.35042e-09
          133   7.5387e-09
          130   7.5939e-09
          145  7.73326e-09
          141  7.75539e-09
           57  7.81307e-09
          124   7.8469e-09
           31  7.92855e-09
          148  8.16294e-09
          138   8.4007e-09
           39  8.49261e-09
           64   8.8061e-09
          115  8.88858e-09
           86  8.93017e-09
          129  8.93484e-09
           27  8.99687e-09
          111  9.02756e-09
           29  9.48806e-09
          128  9.67992e-09
          118   9.8482e-09
          140  1.01509e-08
          144  1.01527e-08
          107  1.03563e-08
          119  1.04687e-08
           89  1.05119e-08
          150  1.05667e-08
          154  1.06682e-08
          131  1.11793e-08
           72  1.13044e-08
          135  1.17003e-08
          123  1.19027e-08
           30   1.1946e-08
          156  1.20444e-08
          153   1.2144e-08
          106  1.21911e-08
          110  1.23083e-08
          114  1.24801e-08
          146  1.26045e-08
           91   1.2618e-08
           25  1.27729e-08
           55  1.28766e-08
           65  1.29387e-08
          149  1.29527e-08
          134  1.29962e-08
           97  1.32183e-08
          116  1.32216e-08
          157  1.32993e-08
           92  1.35343e-08
          142  1.36527e-08
          136    1.367e-08
           58  1.40385e-08
          121  1.45986e-08
           83  1.50662e-08
          113  1.53955e-08
            2  1.56551e-08
          112  1.56756e-08
           32  1.57681e-08
          155  1.59044e-08
          127  1.59961e-08
          143  1.63046e-08
          137  1.63945e-08
          147  1.75406e-08
          120   1.8076e-08
           43  1.82437e-08
           35  1.92082e-08
           85  1.94948e-08
           93  1.99626e-08
          122  2.03693e-08
           33  2.10624e-08
           60  2.11701e-08
           99  2.15324e-08
           68  2.17354e-08
            5  2.28279e-08
          117  2.29731e-08
           46  2.41678e-08
          125  2.55978e-08
           21   2.6837e-08
          158  2.81409e-08
           44  2.95027e-08
           24  3.04294e-08
           59  3.11857e-08
          164   3.2223e-08
           79  3.28827e-08
           73  3.35215e-08
          161  3.49957e-08
          165  3.60168e-08
           74  3.67848e-08
            8  3.72261e-08
           50  4.40613e-08
          109  4.50074e-08
          159  4.81403e-08
          103  4.83928e-08
           13   5.3896e-08
           77  5.92809e-08
           54  6.06638e-08
           63   6.4999e-08
          162  7.40519e-08
           66  8.07112e-08
            1  8.20518e-08
           16  1.04198e-07
           96  1.05199e-07
           80  1.06671e-07
          102  1.09934e-07
           48  1.11032e-07
           75  1.16252e-07
           87  1.18032e-07
           11  1.32064e-07
           40  1.43838e-07
           19  1.44437e-07
           38  1.57805e-07
            9  1.66449e-07
           53  1.80596e-07
           52  1.83421e-07
            4  1.83989e-07
           67  1.97547e-07
           22  1.99424e-07
           82  2.60907e-07
           70  2.69833e-07
           51  2.90003e-07
           28  3.41339e-07
           71  3.75207e-07
           47   3.9376e-07
           81  3.95531e-07
           78  5.08415e-07
           20  5.11651e-07
           12  5.22726e-07
          100  5.42855e-07
           17  5.72228e-07
           41  6.49819e-07
           23  1.10473e-06
           49  1.16598e-06
           10  1.33998e-06
          101    1.463e-06
           76  1.51749e-06
