165
 -3.76305e-08 9.45779e-08 1.38339e-08 -1.04816e-08 6.80411e-08 8.27399e-08 -6.39073e-08 -6.96856e-09 3.55004e-07 4.93802e-07 1.18767e-07 3.74022e-07 -3.3801e-08 -5.14489e-08 -1.35883e-08 6.20208e-08 6.92631e-08 -1.1098e-08 -4.58034e-09 1.08413e-06 -5.72185e-07 -2.10631e-08 1.72922e-07 -1.31318e-07 5.91993e-09 -1.81213e-08 3.99604e-09 -7.07071e-07 1.26703e-07 -6.92451e-08 1.55117e-10 1.09756e-07 1.34961e-08 6.11331e-09 3.80444e-08 -2.11065e-09 -1.57743e-07 -3.37495e-07 -5.41203e-09 8.09721e-08 4.29899e-07 -2.26423e-10 -6.99752e-09 7.38215e-08 1.87072e-09 3.02372e-08 -7.94145e-08 2.11384e-08 -9.77631e-07 -4.28526e-08 -3.26742e-07 1.13159e-07 -1.9838e-07 -3.75673e-08 -2.40861e-08 6.73542e-08 -9.49063e-08 -2.61084e-08 -4.85271e-08 1.26803e-08 6.96711e-09 1.35075e-08 -7.38256e-09 1.29856e-08 -2.9116e-10 -1.80073e-08 -7.37713e-07 1.23419e-07 -1.76073e-08 1.28241e-07 -4.16486e-07 5.24677e-08 -2.13839e-07 -6.89427e-08 1.80176e-07 2.42821e-09 7.23997e-09 -5.75809e-08 -4.37202e-09 -1.19057e-07 3.20847e-07 -1.18682e-08 -1.79685e-07 -3.3455e-09 2.15603e-10 -7.10293e-09 -9.82142e-08 -4.00288e-08 2.80239e-08 1.35427e-08 5.47021e-10 -6.4273e-08 6.25288e-08 9.88293e-09 4.75073e-08 -2.82981e-08 -8.02861e-08 4.1059e-08 -2.15636e-10 1.97102e-09 -9.04999e-09 -3.99577e-09 -9.70081e-10 -3.13797e-09 3.3042e-08 1.59654e-08 -5.30453e-09 -1.43904e-08 -8.72551e-09 1.50208e-08 -9.28694e-09 -5.64709e-09 -1.36778e-09 -1.61737e-09 9.21534e-10 1.99231e-08 -1.11288e-08 -7.72769e-09 2.92829e-08 2.73579e-09 7.08872e-10 7.85412e-09 -2.89585e-09 1.24313e-08 -4.83761e-09 7.66111e-10 -1.50274e-08 -1.15245e-08 -1.90674e-08 3.65391e-09 -3.11008e-08 -8.70728e-10 -2.25907e-08 -1.88758e-08 -1.90664e-08 1.21068e-08 -2.48223e-08 2.66814e-09 2.61606e-08 -9.85844e-09 -8.08109e-09 -3.46468e-09 1.03152e-09 -9.11573e-09 -1.14216e-08 2.04563e-08 -3.88695e-10 8.27981e-09 -3.09094e-09 -1.00422e-08 -1.3824e-08 -8.14966e-09 6.49493e-09 -8.86997e-09 2.40112e-09 6.84319e-09 6.88353e-09 -7.05896e-08 3.43973e-08 8.68449e-08 -2.20577e-08 1.76494e-08 7.64618e-07 6.21825e-07 -8.08529e-06

         1 -3.76305e-08
         2  9.45779e-08
         3  1.38339e-08
         4 -1.04816e-08
         5  6.80411e-08
         6  8.27399e-08
         7 -6.39073e-08
         8 -6.96856e-09
         9  3.55004e-07
        10  4.93802e-07
        11  1.18767e-07
        12  3.74022e-07
        13  -3.3801e-08
        14 -5.14489e-08
        15 -1.35883e-08
        16  6.20208e-08
        17  6.92631e-08
        18  -1.1098e-08
        19 -4.58034e-09
        20  1.08413e-06
        21 -5.72185e-07
        22 -2.10631e-08
        23  1.72922e-07
        24 -1.31318e-07
        25  5.91993e-09
        26 -1.81213e-08
        27  3.99604e-09
        28 -7.07071e-07
        29  1.26703e-07
        30 -6.92451e-08
        31  1.55117e-10
        32  1.09756e-07
        33  1.34961e-08
        34  6.11331e-09
        35  3.80444e-08
        36 -2.11065e-09
        37 -1.57743e-07
        38 -3.37495e-07
        39 -5.41203e-09
        40  8.09721e-08
        41  4.29899e-07
        42 -2.26423e-10
        43 -6.99752e-09
        44  7.38215e-08
        45  1.87072e-09
        46  3.02372e-08
        47 -7.94145e-08
        48  2.11384e-08
        49 -9.77631e-07
        50 -4.28526e-08
        51 -3.26742e-07
        52  1.13159e-07
        53  -1.9838e-07
        54 -3.75673e-08
        55 -2.40861e-08
        56  6.73542e-08
        57 -9.49063e-08
        58 -2.61084e-08
        59 -4.85271e-08
        60  1.26803e-08
        61  6.96711e-09
        62  1.35075e-08
        63 -7.38256e-09
        64  1.29856e-08
        65  -2.9116e-10
        66 -1.80073e-08
        67 -7.37713e-07
        68  1.23419e-07
        69 -1.76073e-08
        70  1.28241e-07
        71 -4.16486e-07
        72  5.24677e-08
        73 -2.13839e-07
        74 -6.89427e-08
        75  1.80176e-07
        76  2.42821e-09
        77  7.23997e-09
        78 -5.75809e-08
        79 -4.37202e-09
        80 -1.19057e-07
        81  3.20847e-07
        82 -1.18682e-08
        83 -1.79685e-07
        84  -3.3455e-09
        85  2.15603e-10
        86 -7.10293e-09
        87 -9.82142e-08
        88 -4.00288e-08
        89  2.80239e-08
        90  1.35427e-08
        91  5.47021e-10
        92  -6.4273e-08
        93  6.25288e-08
        94  9.88293e-09
        95  4.75073e-08
        96 -2.82981e-08
        97 -8.02861e-08
        98   4.1059e-08
        99 -2.15636e-10
       100  1.97102e-09
       101 -9.04999e-09
       102 -3.99577e-09
       103 -9.70081e-10
       104 -3.13797e-09
       105   3.3042e-08
       106  1.59654e-08
       107 -5.30453e-09
       108 -1.43904e-08
       109 -8.72551e-09
       110  1.50208e-08
       111 -9.28694e-09
       112 -5.64709e-09
       113 -1.36778e-09
       114 -1.61737e-09
       115  9.21534e-10
       116  1.99231e-08
       117 -1.11288e-08
       118 -7.72769e-09
       119  2.92829e-08
       120  2.73579e-09
       121  7.08872e-10
       122  7.85412e-09
       123 -2.89585e-09
       124  1.24313e-08
       125 -4.83761e-09
       126  7.66111e-10
       127 -1.50274e-08
       128 -1.15245e-08
       129 -1.90674e-08
       130  3.65391e-09
       131 -3.11008e-08
       132 -8.70728e-10
       133 -2.25907e-08
       134 -1.88758e-08
       135 -1.90664e-08
       136  1.21068e-08
       137 -2.48223e-08
       138  2.66814e-09
       139  2.61606e-08
       140 -9.85844e-09
       141 -8.08109e-09
       142 -3.46468e-09
       143  1.03152e-09
       144 -9.11573e-09
       145 -1.14216e-08
       146  2.04563e-08
       147 -3.88695e-10
       148  8.27981e-09
       149 -3.09094e-09
       150 -1.00422e-08
       151  -1.3824e-08
       152 -8.14966e-09
       153  6.49493e-09
       154 -8.86997e-09
       155  2.40112e-09
       156  6.84319e-09
       157  6.88353e-09
       158 -7.05896e-08
       159  3.43973e-08
       160  8.68449e-08
       161 -2.20577e-08
       162  1.76494e-08
       163  7.64618e-07
       164  6.21825e-07
       165 -8.08529e-06
