165
 4.27841e-07 7.44579e-08 -5.40309e-09 1.59246e-08 -5.43786e-07 -7.78777e-07 1.02891e-07 9.21969e-07 -5.97506e-07 3.26877e-07 -2.9923e-07 1.23831e-07 1.42753e-08 7.92812e-08 8.16361e-07 1.86321e-08 -2.8066e-08 1.37548e-07 2.19893e-08 7.93454e-08 3.26578e-07 -5.36031e-09 1.47167e-07 1.89019e-06 -1.56497e-08 8.63438e-08 2.3573e-07 8.1592e-08 1.45449e-07 1.10032e-07 -6.16346e-09 2.41234e-08 -4.01356e-08 -1.49158e-09 -1.01986e-07 -1.19471e-07 -2.03028e-08 -1.96128e-07 3.84716e-07 -2.5036e-08 -3.78217e-09 -5.23778e-07 -9.92717e-08 -1.51733e-07 2.24186e-07 1.89204e-07 4.27509e-07 -2.66677e-07 4.84956e-07 -2.05919e-08 6.79315e-08 -1.94404e-07 -1.83197e-07 -5.75482e-08 1.60103e-07 2.60332e-07 2.03004e-08 -8.84247e-08 -1.6538e-07 -2.19159e-07 7.21691e-08 1.99986e-07 -2.36283e-09 -8.93366e-09 1.01024e-07 1.29702e-08 1.43774e-07 5.24187e-07 5.9882e-09 -1.1894e-08 -6.16474e-07 1.45686e-08 -5.0882e-07 -2.72388e-07 5.36625e-07 -3.63475e-08 1.55919e-07 -1.32139e-07 2.47548e-07 -3.0279e-07 -2.83469e-07 -1.77571e-07 -4.43985e-08 -1.89524e-07 3.51068e-08 3.28603e-07 2.00462e-07 -5.46285e-07 8.41712e-07 6.13967e-08 -3.83519e-07 7.07211e-08 -4.86448e-07 9.93863e-08 2.83501e-07 -2.45903e-07 -5.77192e-08 -3.37316e-08 2.37856e-08 -1.58717e-07 5.01417e-07 -9.39782e-09 9.27778e-09 8.05199e-08 8.39656e-08 5.8204e-08 5.45148e-08 9.15954e-08 1.82429e-07 2.4094e-07 1.10902e-07 6.13272e-08 6.48201e-08 5.81088e-08 3.16629e-08 -1.36158e-09 -1.95207e-08 -1.75509e-08 2.5892e-09 8.22858e-09 1.51689e-08 1.02147e-08 1.6543e-08 2.74593e-07 -5.58053e-08 -8.96492e-08 -9.93429e-08 -3.33542e-08 -5.14578e-08 -7.05725e-09 2.46881e-08 4.78267e-08 1.31191e-08 1.43013e-07 3.13689e-08 1.3604e-08 1.05897e-07 7.8477e-08 -9.03995e-08 -1.65619e-07 -1.86939e-07 2.4394e-07 3.30863e-08 -1.23363e-07 -1.38843e-07 -1.93355e-07 -1.44922e-07 -4.51593e-09 5.46272e-10 -2.34955e-07 -7.9266e-08 -1.01219e-07 -1.36899e-07 1.45164e-07 7.58266e-08 1.55336e-08 2.03163e-10 -6.15366e-07 -2.25605e-06 1.93249e-06 -1.41042e-08 5.1395e-08 1.78224e-07 -2.66793e-07 2.60898e-07

         1  4.27841e-07
         2  7.44579e-08
         3 -5.40309e-09
         4  1.59246e-08
         5 -5.43786e-07
         6 -7.78777e-07
         7  1.02891e-07
         8  9.21969e-07
         9 -5.97506e-07
        10  3.26877e-07
        11  -2.9923e-07
        12  1.23831e-07
        13  1.42753e-08
        14  7.92812e-08
        15  8.16361e-07
        16  1.86321e-08
        17  -2.8066e-08
        18  1.37548e-07
        19  2.19893e-08
        20  7.93454e-08
        21  3.26578e-07
        22 -5.36031e-09
        23  1.47167e-07
        24  1.89019e-06
        25 -1.56497e-08
        26  8.63438e-08
        27   2.3573e-07
        28   8.1592e-08
        29  1.45449e-07
        30  1.10032e-07
        31 -6.16346e-09
        32  2.41234e-08
        33 -4.01356e-08
        34 -1.49158e-09
        35 -1.01986e-07
        36 -1.19471e-07
        37 -2.03028e-08
        38 -1.96128e-07
        39  3.84716e-07
        40  -2.5036e-08
        41 -3.78217e-09
        42 -5.23778e-07
        43 -9.92717e-08
        44 -1.51733e-07
        45  2.24186e-07
        46  1.89204e-07
        47  4.27509e-07
        48 -2.66677e-07
        49  4.84956e-07
        50 -2.05919e-08
        51  6.79315e-08
        52 -1.94404e-07
        53 -1.83197e-07
        54 -5.75482e-08
        55  1.60103e-07
        56  2.60332e-07
        57  2.03004e-08
        58 -8.84247e-08
        59  -1.6538e-07
        60 -2.19159e-07
        61  7.21691e-08
        62  1.99986e-07
        63 -2.36283e-09
        64 -8.93366e-09
        65  1.01024e-07
        66  1.29702e-08
        67  1.43774e-07
        68  5.24187e-07
        69   5.9882e-09
        70  -1.1894e-08
        71 -6.16474e-07
        72  1.45686e-08
        73  -5.0882e-07
        74 -2.72388e-07
        75  5.36625e-07
        76 -3.63475e-08
        77  1.55919e-07
        78 -1.32139e-07
        79  2.47548e-07
        80  -3.0279e-07
        81 -2.83469e-07
        82 -1.77571e-07
        83 -4.43985e-08
        84 -1.89524e-07
        85  3.51068e-08
        86  3.28603e-07
        87  2.00462e-07
        88 -5.46285e-07
        89  8.41712e-07
        90  6.13967e-08
        91 -3.83519e-07
        92  7.07211e-08
        93 -4.86448e-07
        94  9.93863e-08
        95  2.83501e-07
        96 -2.45903e-07
        97 -5.77192e-08
        98 -3.37316e-08
        99  2.37856e-08
       100 -1.58717e-07
       101  5.01417e-07
       102 -9.39782e-09
       103  9.27778e-09
       104  8.05199e-08
       105  8.39656e-08
       106   5.8204e-08
       107  5.45148e-08
       108  9.15954e-08
       109  1.82429e-07
       110   2.4094e-07
       111  1.10902e-07
       112  6.13272e-08
       113  6.48201e-08
       114  5.81088e-08
       115  3.16629e-08
       116 -1.36158e-09
       117 -1.95207e-08
       118 -1.75509e-08
       119   2.5892e-09
       120  8.22858e-09
       121  1.51689e-08
       122  1.02147e-08
       123   1.6543e-08
       124  2.74593e-07
       125 -5.58053e-08
       126 -8.96492e-08
       127 -9.93429e-08
       128 -3.33542e-08
       129 -5.14578e-08
       130 -7.05725e-09
       131  2.46881e-08
       132  4.78267e-08
       133  1.31191e-08
       134  1.43013e-07
       135  3.13689e-08
       136   1.3604e-08
       137  1.05897e-07
       138   7.8477e-08
       139 -9.03995e-08
       140 -1.65619e-07
       141 -1.86939e-07
       142   2.4394e-07
       143  3.30863e-08
       144 -1.23363e-07
       145 -1.38843e-07
       146 -1.93355e-07
       147 -1.44922e-07
       148 -4.51593e-09
       149  5.46272e-10
       150 -2.34955e-07
       151  -7.9266e-08
       152 -1.01219e-07
       153 -1.36899e-07
       154  1.45164e-07
       155  7.58266e-08
       156  1.55336e-08
       157  2.03163e-10
       158 -6.15366e-07
       159 -2.25605e-06
       160  1.93249e-06
       161 -1.41042e-08
       162   5.1395e-08
       163  1.78224e-07
       164 -2.66793e-07
       165  2.60898e-07
