          119  2.23324e-11
          117  6.74249e-11
           15  1.56258e-10
           70  1.70438e-10
           60   2.6413e-10
          107  3.15109e-10
          150  4.06957e-10
           59  4.46162e-10
          118  6.03894e-10
           69  7.54705e-10
          161  8.59955e-10
           77  1.04305e-09
          133  1.42692e-09
          151  1.44188e-09
          144  1.48666e-09
          146  1.53436e-09
          145  1.76973e-09
          153  1.93034e-09
           34  2.14538e-09
          160  2.18582e-09
          113  2.33694e-09
          109   2.4632e-09
           43  2.56318e-09
           61  2.57065e-09
           22  2.68578e-09
           65  2.70678e-09
          148  2.73703e-09
          127  2.96652e-09
           97   3.4905e-09
          149   3.8402e-09
          147  3.91113e-09
            4   4.0874e-09
          111  4.11437e-09
          124  4.13223e-09
          129  4.34845e-09
          112  4.37643e-09
          108  4.63417e-09
          132  4.63656e-09
          152  4.81729e-09
          114  4.92621e-09
          123  4.99122e-09
          134   5.2215e-09
           99  5.32314e-09
          131  5.36288e-09
           16  5.48846e-09
           64  5.59121e-09
          130  5.64763e-09
          120  5.69761e-09
           25  5.86423e-09
          156  6.07834e-09
          154  6.29634e-09
          122  6.33873e-09
           90  6.35077e-09
          155  6.37846e-09
           76  6.41443e-09
          121  6.63458e-09
          135  6.63676e-09
          143  6.68661e-09
          125  6.82447e-09
          141  6.92519e-09
           27  7.28605e-09
          137  7.38162e-09
          157  7.46393e-09
           57  7.51408e-09
           62  7.52411e-09
           11   7.5402e-09
           86  7.57658e-09
           89  7.74867e-09
           42  7.92345e-09
           66  7.93042e-09
          106  7.94268e-09
          136  8.52172e-09
           45  8.52493e-09
           91  8.79426e-09
          116  9.10076e-09
          115  9.20004e-09
          139  9.40496e-09
          162  9.52645e-09
          138  9.73162e-09
          126  9.94457e-09
          110  1.02217e-08
           18  1.07246e-08
           44  1.08666e-08
            7   1.1108e-08
          140   1.1827e-08
          142  1.20289e-08
            2  1.23257e-08
          104  1.25663e-08
           78  1.26416e-08
           31  1.34513e-08
           63  1.34771e-08
          128  1.35697e-08
           88  1.38771e-08
           58  1.44834e-08
           32  1.46246e-08
           84  1.59102e-08
          105  1.70372e-08
           13  1.73244e-08
           50  1.75129e-08
          103  1.78746e-08
          102  2.14059e-08
           26  2.20805e-08
            6  2.23407e-08
           74  2.27481e-08
          164  2.28329e-08
           36  2.31269e-08
           98  2.35573e-08
            5  2.47528e-08
           72  2.65879e-08
            3  2.68349e-08
           83   2.7493e-08
            8  2.77812e-08
           80  2.78941e-08
           24  2.84947e-08
           52  2.92913e-08
            1  3.03109e-08
           51  3.31911e-08
           79  3.44914e-08
           39  3.45609e-08
           35  3.68748e-08
           54  4.04693e-08
           46  4.05691e-08
           19  4.31883e-08
           29  4.33702e-08
           55  4.95175e-08
           85  5.22669e-08
           73   5.7024e-08
           23  5.73022e-08
           33  6.06772e-08
           21  6.78414e-08
           75  6.98825e-08
           56  7.21552e-08
           30  7.25287e-08
            9  7.83336e-08
          158  7.83848e-08
           82  8.15189e-08
           40  9.05242e-08
           14  9.45613e-08
           92   9.6839e-08
           95  1.03355e-07
           68  1.04321e-07
           17   1.1431e-07
           20  1.17686e-07
           47  1.18577e-07
           94   1.2485e-07
           81   1.3095e-07
           71  1.32293e-07
          163  1.35545e-07
          159  1.37558e-07
           48  1.54191e-07
           49  1.61278e-07
           12   1.7899e-07
           93  1.86713e-07
           37  1.96712e-07
           67   2.0278e-07
           10   2.1958e-07
          100  2.36607e-07
           53   3.7294e-07
           28  3.96963e-07
          101  3.98461e-07
           41  3.99324e-07
           96  4.55341e-07
           87  5.24942e-07
          165  6.32198e-07
           38  6.97754e-07
