165
 5.30253e-08 -1.02683e-10 -3.42095e-08 8.7485e-08 8.45163e-09 -5.83499e-08 4.81359e-08 1.05603e-06 -5.59824e-07 -2.8495e-07 -2.01552e-08 -1.91368e-07 3.66253e-08 -2.98244e-07 -2.78351e-08 4.8281e-08 -1.23714e-07 -1.28076e-07 3.77754e-08 -6.8677e-07 9.05714e-08 9.42326e-08 1.85136e-07 -1.35875e-07 3.69295e-09 -2.55784e-08 -2.67694e-07 -4.66706e-07 8.39077e-08 -8.61064e-09 -9.3641e-09 -1.73639e-07 -8.17956e-08 6.10913e-09 2.11782e-07 1.44832e-07 -5.74629e-08 -2.80324e-07 -2.40482e-08 -8.27731e-09 -9.98018e-08 -9.64916e-08 6.01589e-08 1.53617e-07 -3.82145e-08 1.30421e-06 -5.37566e-07 3.04408e-07 7.90117e-07 -2.98111e-08 1.26112e-07 -1.40466e-07 1.2811e-07 -5.103e-10 -1.56253e-07 -1.32692e-07 1.24095e-08 -4.54718e-08 -4.42835e-08 -4.37695e-08 -1.59369e-08 8.40586e-08 1.42079e-08 -9.33842e-09 -5.45849e-08 1.78163e-08 -2.9443e-07 -1.32609e-07 -5.4748e-09 1.31154e-07 1.48678e-07 -2.47952e-07 1.78381e-08 -1.25206e-07 -5.34709e-08 -2.65188e-07 -3.2669e-07 -8.75799e-08 1.25257e-07 -2.43321e-07 2.73281e-09 -5.00473e-08 1.22954e-08 4.76968e-08 4.34062e-08 -1.86353e-07 3.21609e-07 1.42552e-07 -3.25754e-07 2.0347e-07 1.56741e-08 2.35876e-09 -1.25309e-07 2.37864e-07 -7.48604e-07 7.16056e-07 2.81852e-08 -3.95694e-08 3.73463e-08 -2.75134e-07 6.08229e-07 2.83207e-09 1.05435e-08 -6.59179e-09 -7.92845e-09 -8.938e-09 3.51354e-09 1.67806e-09 1.38914e-08 3.67884e-08 1.6318e-08 1.37917e-08 6.99594e-09 5.7269e-09 1.27681e-08 1.06352e-08 1.78914e-09 -4.44819e-09 6.19259e-09 2.82628e-08 5.12397e-09 2.57956e-08 2.67825e-08 8.78629e-08 3.24404e-08 -1.29374e-08 3.36254e-08 9.18887e-09 1.92109e-08 6.46531e-09 1.27838e-08 3.27229e-08 7.31631e-09 2.33933e-08 8.09112e-09 9.90816e-09 -3.77225e-08 -8.59131e-08 -6.26816e-08 -7.3238e-08 -7.21151e-08 -3.32105e-08 -6.55733e-08 4.08539e-09 -3.85416e-08 -3.78832e-08 -5.69553e-08 -5.6627e-08 -6.45681e-08 -8.52942e-08 -8.57258e-08 -4.17505e-08 -3.50753e-08 -2.8589e-08 -1.11009e-08 -1.50114e-09 2.46061e-08 -1.68384e-06 5.96197e-07 1.7203e-07 1.32313e-07 -3.41035e-08 5.10914e-08 1.66718e-08 1.58322e-07

         1  5.30253e-08
         2 -1.02683e-10
         3 -3.42095e-08
         4   8.7485e-08
         5  8.45163e-09
         6 -5.83499e-08
         7  4.81359e-08
         8  1.05603e-06
         9 -5.59824e-07
        10  -2.8495e-07
        11 -2.01552e-08
        12 -1.91368e-07
        13  3.66253e-08
        14 -2.98244e-07
        15 -2.78351e-08
        16   4.8281e-08
        17 -1.23714e-07
        18 -1.28076e-07
        19  3.77754e-08
        20  -6.8677e-07
        21  9.05714e-08
        22  9.42326e-08
        23  1.85136e-07
        24 -1.35875e-07
        25  3.69295e-09
        26 -2.55784e-08
        27 -2.67694e-07
        28 -4.66706e-07
        29  8.39077e-08
        30 -8.61064e-09
        31  -9.3641e-09
        32 -1.73639e-07
        33 -8.17956e-08
        34  6.10913e-09
        35  2.11782e-07
        36  1.44832e-07
        37 -5.74629e-08
        38 -2.80324e-07
        39 -2.40482e-08
        40 -8.27731e-09
        41 -9.98018e-08
        42 -9.64916e-08
        43  6.01589e-08
        44  1.53617e-07
        45 -3.82145e-08
        46  1.30421e-06
        47 -5.37566e-07
        48  3.04408e-07
        49  7.90117e-07
        50 -2.98111e-08
        51  1.26112e-07
        52 -1.40466e-07
        53   1.2811e-07
        54   -5.103e-10
        55 -1.56253e-07
        56 -1.32692e-07
        57  1.24095e-08
        58 -4.54718e-08
        59 -4.42835e-08
        60 -4.37695e-08
        61 -1.59369e-08
        62  8.40586e-08
        63  1.42079e-08
        64 -9.33842e-09
        65 -5.45849e-08
        66  1.78163e-08
        67  -2.9443e-07
        68 -1.32609e-07
        69  -5.4748e-09
        70  1.31154e-07
        71  1.48678e-07
        72 -2.47952e-07
        73  1.78381e-08
        74 -1.25206e-07
        75 -5.34709e-08
        76 -2.65188e-07
        77  -3.2669e-07
        78 -8.75799e-08
        79  1.25257e-07
        80 -2.43321e-07
        81  2.73281e-09
        82 -5.00473e-08
        83  1.22954e-08
        84  4.76968e-08
        85  4.34062e-08
        86 -1.86353e-07
        87  3.21609e-07
        88  1.42552e-07
        89 -3.25754e-07
        90   2.0347e-07
        91  1.56741e-08
        92  2.35876e-09
        93 -1.25309e-07
        94  2.37864e-07
        95 -7.48604e-07
        96  7.16056e-07
        97  2.81852e-08
        98 -3.95694e-08
        99  3.73463e-08
       100 -2.75134e-07
       101  6.08229e-07
       102  2.83207e-09
       103  1.05435e-08
       104 -6.59179e-09
       105 -7.92845e-09
       106   -8.938e-09
       107  3.51354e-09
       108  1.67806e-09
       109  1.38914e-08
       110  3.67884e-08
       111   1.6318e-08
       112  1.37917e-08
       113  6.99594e-09
       114   5.7269e-09
       115  1.27681e-08
       116  1.06352e-08
       117  1.78914e-09
       118 -4.44819e-09
       119  6.19259e-09
       120  2.82628e-08
       121  5.12397e-09
       122  2.57956e-08
       123  2.67825e-08
       124  8.78629e-08
       125  3.24404e-08
       126 -1.29374e-08
       127  3.36254e-08
       128  9.18887e-09
       129  1.92109e-08
       130  6.46531e-09
       131  1.27838e-08
       132  3.27229e-08
       133  7.31631e-09
       134  2.33933e-08
       135  8.09112e-09
       136  9.90816e-09
       137 -3.77225e-08
       138 -8.59131e-08
       139 -6.26816e-08
       140  -7.3238e-08
       141 -7.21151e-08
       142 -3.32105e-08
       143 -6.55733e-08
       144  4.08539e-09
       145 -3.85416e-08
       146 -3.78832e-08
       147 -5.69553e-08
       148  -5.6627e-08
       149 -6.45681e-08
       150 -8.52942e-08
       151 -8.57258e-08
       152 -4.17505e-08
       153 -3.50753e-08
       154  -2.8589e-08
       155 -1.11009e-08
       156 -1.50114e-09
       157  2.46061e-08
       158 -1.68384e-06
       159  5.96197e-07
       160   1.7203e-07
       161  1.32313e-07
       162 -3.41035e-08
       163  5.10914e-08
       164  1.66718e-08
       165  1.58322e-07
