            2  1.02683e-10
           54    5.103e-10
          156  1.50114e-09
          108  1.67806e-09
          117  1.78914e-09
           92  2.35876e-09
           81  2.73281e-09
          102  2.83207e-09
          107  3.51354e-09
           25  3.69295e-09
          144  4.08539e-09
          118  4.44819e-09
          121  5.12397e-09
           69   5.4748e-09
          114   5.7269e-09
           34  6.10913e-09
          119  6.19259e-09
          130  6.46531e-09
          104  6.59179e-09
          113  6.99594e-09
          133  7.31631e-09
          105  7.92845e-09
          135  8.09112e-09
           40  8.27731e-09
            5  8.45163e-09
           30  8.61064e-09
          106    8.938e-09
          128  9.18887e-09
           64  9.33842e-09
           31   9.3641e-09
          136  9.90816e-09
          103  1.05435e-08
          116  1.06352e-08
          155  1.11009e-08
           83  1.22954e-08
           57  1.24095e-08
          115  1.27681e-08
          131  1.27838e-08
          126  1.29374e-08
          112  1.37917e-08
          109  1.38914e-08
           63  1.42079e-08
           91  1.56741e-08
           61  1.59369e-08
          111   1.6318e-08
          164  1.66718e-08
           66  1.78163e-08
           73  1.78381e-08
          129  1.92109e-08
           11  2.01552e-08
          134  2.33933e-08
           39  2.40482e-08
          157  2.46061e-08
           26  2.55784e-08
          122  2.57956e-08
          123  2.67825e-08
           15  2.78351e-08
           97  2.81852e-08
          120  2.82628e-08
          154   2.8589e-08
           50  2.98111e-08
          125  3.24404e-08
          132  3.27229e-08
          142  3.32105e-08
          127  3.36254e-08
          162  3.41035e-08
            3  3.42095e-08
          153  3.50753e-08
           13  3.66253e-08
          110  3.67884e-08
           99  3.73463e-08
          137  3.77225e-08
           19  3.77754e-08
          146  3.78832e-08
           45  3.82145e-08
          145  3.85416e-08
           98  3.95694e-08
          152  4.17505e-08
           85  4.34062e-08
           60  4.37695e-08
           59  4.42835e-08
           58  4.54718e-08
           84  4.76968e-08
            7  4.81359e-08
           16   4.8281e-08
           82  5.00473e-08
          163  5.10914e-08
            1  5.30253e-08
           75  5.34709e-08
           65  5.45849e-08
          148   5.6627e-08
          147  5.69553e-08
           37  5.74629e-08
            6  5.83499e-08
           43  6.01589e-08
          139  6.26816e-08
          149  6.45681e-08
          143  6.55733e-08
          141  7.21151e-08
          140   7.3238e-08
           33  8.17956e-08
           29  8.39077e-08
           62  8.40586e-08
          150  8.52942e-08
          151  8.57258e-08
          138  8.59131e-08
            4   8.7485e-08
           78  8.75799e-08
          124  8.78629e-08
           21  9.05714e-08
           22  9.42326e-08
           42  9.64916e-08
           41  9.98018e-08
           17  1.23714e-07
           74  1.25206e-07
           79  1.25257e-07
           93  1.25309e-07
           51  1.26112e-07
           18  1.28076e-07
           53   1.2811e-07
           70  1.31154e-07
          161  1.32313e-07
           68  1.32609e-07
           56  1.32692e-07
           24  1.35875e-07
           52  1.40466e-07
           88  1.42552e-07
           36  1.44832e-07
           71  1.48678e-07
           44  1.53617e-07
           55  1.56253e-07
          165  1.58322e-07
          160   1.7203e-07
           32  1.73639e-07
           23  1.85136e-07
           86  1.86353e-07
           12  1.91368e-07
           90   2.0347e-07
           35  2.11782e-07
           94  2.37864e-07
           80  2.43321e-07
           72  2.47952e-07
           76  2.65188e-07
           27  2.67694e-07
          100  2.75134e-07
           38  2.80324e-07
           10   2.8495e-07
           67   2.9443e-07
           14  2.98244e-07
           48  3.04408e-07
           87  3.21609e-07
           89  3.25754e-07
           77   3.2669e-07
           28  4.66706e-07
           47  5.37566e-07
            9  5.59824e-07
          159  5.96197e-07
          101  6.08229e-07
           20   6.8677e-07
           96  7.16056e-07
           95  7.48604e-07
           49  7.90117e-07
            8  1.05603e-06
           46  1.30421e-06
          158  1.68384e-06
