          112  2.35173e-10
          113  3.40953e-10
          122  7.87437e-10
           82  1.40717e-09
           61   1.8215e-09
          119  1.82294e-09
          157  2.49582e-09
          127  2.58547e-09
           90  2.72195e-09
           31  2.80625e-09
          121  2.85047e-09
           66  2.88184e-09
           14  3.07796e-09
          108  3.12854e-09
          137  3.27528e-09
           64  3.30983e-09
          145  3.31844e-09
          106  3.51543e-09
           34  3.81075e-09
          136  4.27547e-09
          116   4.5992e-09
          148  4.83241e-09
          130  5.07473e-09
          133  5.14104e-09
           29  5.37203e-09
           36  5.72713e-09
          114  6.52551e-09
          124  7.29771e-09
           99  7.61492e-09
          107  7.62995e-09
          123  8.09221e-09
          129  8.17991e-09
          131  8.19847e-09
          125  8.26593e-09
           18  8.46276e-09
          154  8.50314e-09
          110  8.55353e-09
          144  8.91539e-09
          155   9.4689e-09
          132  9.72238e-09
          126  9.73156e-09
          103  9.90299e-09
           65  1.03267e-08
          156  1.04623e-08
          141  1.05931e-08
          117  1.09441e-08
          153  1.10588e-08
            3  1.17073e-08
          128  1.19537e-08
            7  1.20308e-08
          120  1.24064e-08
          115  1.26262e-08
          134  1.28691e-08
          140  1.30665e-08
          118   1.3199e-08
          149  1.45945e-08
            5  1.48277e-08
          105  1.48567e-08
          104   1.5792e-08
          142  1.59277e-08
           41   1.7455e-08
           50   1.7548e-08
          152  1.79282e-08
          139  1.87016e-08
          135  1.88952e-08
           58  1.89016e-08
          111  1.91757e-08
          146  1.93566e-08
          147  2.02434e-08
          109   2.0869e-08
          151  2.09755e-08
           26  2.19047e-08
           92  2.19884e-08
           59  2.25181e-08
           35  2.25618e-08
           25  2.29672e-08
           39  2.32445e-08
          164  2.55017e-08
          150  2.57995e-08
           40    2.769e-08
           43  2.78656e-08
          163  2.80268e-08
          138  2.91977e-08
            6  3.01058e-08
           27  3.16625e-08
           77  3.37696e-08
           42  3.41513e-08
           86  3.42057e-08
           55  3.43425e-08
          143  3.56946e-08
           15  3.59369e-08
           84  3.61385e-08
          102  3.67862e-08
            2   4.0087e-08
          161  4.11573e-08
           85  4.26605e-08
           72   4.3158e-08
           24  4.42152e-08
          162  4.44339e-08
           98   4.6727e-08
           69  4.72311e-08
           63   5.2782e-08
           13  5.35604e-08
           60  5.69184e-08
           62  5.80246e-08
           32  6.01487e-08
           57  6.16967e-08
           83  6.47598e-08
           97  6.93622e-08
           45  7.39235e-08
           23    7.796e-08
           20  7.83102e-08
           21  7.93123e-08
           30  8.01685e-08
           28  9.10559e-08
          160   9.3462e-08
           33  9.94036e-08
           68  1.01442e-07
           54  1.01558e-07
           48  1.07056e-07
           16  1.09925e-07
           91  1.10295e-07
           44  1.18264e-07
           37  1.19188e-07
           95  1.19925e-07
           19  1.20807e-07
           78   1.2241e-07
           11  1.25482e-07
           46  1.26641e-07
           52  1.35462e-07
           79  1.39406e-07
           38  1.42654e-07
           80  1.47908e-07
          100  1.53262e-07
           56  1.53607e-07
            1  1.72693e-07
            8  1.88278e-07
          165  1.90174e-07
           93  2.00498e-07
           51  2.04985e-07
           22  2.11775e-07
           96   2.1255e-07
           88   2.2048e-07
            4  2.20906e-07
           71  2.21737e-07
           89  2.27215e-07
           94  2.48524e-07
           47  2.56623e-07
           70  2.57684e-07
           73  2.58625e-07
           17   2.6339e-07
          159  2.69244e-07
           12  2.81479e-07
            9  3.52841e-07
           67  3.73188e-07
           74  4.35442e-07
           76    4.778e-07
           87  5.03757e-07
           81  5.19875e-07
           10  5.86985e-07
          101  6.65812e-07
           49  7.17266e-07
           53  7.37889e-07
           75  7.51588e-07
          158  7.63073e-07
