165
 6.11611e-08 -1.02124e-08 -1.57897e-07 8.36914e-08 -1.03451e-07 -3.87397e-07 -2.73057e-08 7.82129e-07 4.16609e-07 8.45742e-09 8.57721e-08 -5.08335e-08 3.14172e-08 5.99464e-07 2.86844e-08 4.54735e-08 -5.41872e-07 2.20756e-08 3.20338e-08 -4.79838e-07 9.15866e-08 8.9615e-08 1.7118e-07 -5.74788e-08 1.85472e-08 6.27781e-09 -6.42016e-08 -4.08808e-07 1.49705e-07 1.29836e-07 -3.01714e-08 -1.61952e-07 -8.77631e-08 -2.91342e-09 -3.49184e-08 -4.19163e-08 -9.67794e-08 -2.8861e-07 -1.35715e-08 5.5219e-08 3.47835e-07 -1.20282e-07 2.57765e-08 1.31755e-07 2.76964e-08 -2.03665e-06 1.57938e-06 -1.18075e-06 1.43753e-07 -3.74205e-08 -3.62979e-08 -1.44178e-07 1.4116e-07 3.84645e-08 -3.39101e-08 -2.60983e-08 -4.95618e-08 1.74299e-08 6.27663e-08 5.16357e-08 3.00637e-08 9.81627e-08 5.47194e-09 9.27003e-08 1.24634e-07 4.08387e-08 -3.85782e-07 5.51286e-08 -4.60456e-09 1.257e-07 5.4507e-07 -1.86482e-07 -6.25421e-08 -2.50278e-08 1.25031e-07 -7.49323e-07 1.64139e-07 -7.02557e-08 1.8519e-07 -2.76876e-07 9.29817e-07 2.66361e-07 5.92776e-08 -1.89777e-07 1.02394e-07 -5.86467e-08 7.17042e-07 2.42925e-08 3.81841e-08 5.80636e-08 6.29755e-09 1.57482e-09 4.53074e-07 -4.19434e-07 -2.33371e-07 1.34305e-06 -7.491e-08 -6.77433e-08 2.76573e-08 -4.22083e-07 6.96038e-07 -1.94719e-08 1.81937e-08 -2.52621e-08 -1.13823e-08 -5.42118e-09 -5.045e-09 -1.2225e-08 -2.71413e-08 -1.54944e-08 -3.18583e-08 -6.47837e-09 -1.76753e-08 -2.00564e-08 -2.04708e-08 -3.87812e-09 -9.84696e-09 -1.20056e-08 -3.32934e-09 -1.89028e-09 3.27507e-10 -2.94544e-08 -3.98366e-08 -2.27599e-08 3.04464e-08 -2.97579e-08 -5.53926e-08 4.57536e-08 -5.13874e-08 -1.33727e-09 -2.17452e-08 -2.57125e-08 -2.31712e-08 -6.36495e-08 -5.53602e-08 -5.97711e-08 -5.11545e-08 -4.01134e-08 -2.15329e-08 -1.83481e-08 -9.89285e-09 -5.72359e-08 -7.61786e-08 -1.64611e-08 -7.06326e-09 -6.53975e-08 -1.91885e-08 -3.40894e-08 -3.53526e-08 -3.62919e-09 -3.86878e-08 -5.23119e-08 -3.40899e-08 2.52247e-08 3.25982e-08 -6.50389e-08 -4.78497e-08 -5.45492e-07 6.17342e-08 6.7465e-08 -1.47904e-07 -7.60061e-10 2.47966e-08 3.35122e-08 -2.96368e-07

         1  6.11611e-08
         2 -1.02124e-08
         3 -1.57897e-07
         4  8.36914e-08
         5 -1.03451e-07
         6 -3.87397e-07
         7 -2.73057e-08
         8  7.82129e-07
         9  4.16609e-07
        10  8.45742e-09
        11  8.57721e-08
        12 -5.08335e-08
        13  3.14172e-08
        14  5.99464e-07
        15  2.86844e-08
        16  4.54735e-08
        17 -5.41872e-07
        18  2.20756e-08
        19  3.20338e-08
        20 -4.79838e-07
        21  9.15866e-08
        22   8.9615e-08
        23   1.7118e-07
        24 -5.74788e-08
        25  1.85472e-08
        26  6.27781e-09
        27 -6.42016e-08
        28 -4.08808e-07
        29  1.49705e-07
        30  1.29836e-07
        31 -3.01714e-08
        32 -1.61952e-07
        33 -8.77631e-08
        34 -2.91342e-09
        35 -3.49184e-08
        36 -4.19163e-08
        37 -9.67794e-08
        38  -2.8861e-07
        39 -1.35715e-08
        40   5.5219e-08
        41  3.47835e-07
        42 -1.20282e-07
        43  2.57765e-08
        44  1.31755e-07
        45  2.76964e-08
        46 -2.03665e-06
        47  1.57938e-06
        48 -1.18075e-06
        49  1.43753e-07
        50 -3.74205e-08
        51 -3.62979e-08
        52 -1.44178e-07
        53   1.4116e-07
        54  3.84645e-08
        55 -3.39101e-08
        56 -2.60983e-08
        57 -4.95618e-08
        58  1.74299e-08
        59  6.27663e-08
        60  5.16357e-08
        61  3.00637e-08
        62  9.81627e-08
        63  5.47194e-09
        64  9.27003e-08
        65  1.24634e-07
        66  4.08387e-08
        67 -3.85782e-07
        68  5.51286e-08
        69 -4.60456e-09
        70    1.257e-07
        71   5.4507e-07
        72 -1.86482e-07
        73 -6.25421e-08
        74 -2.50278e-08
        75  1.25031e-07
        76 -7.49323e-07
        77  1.64139e-07
        78 -7.02557e-08
        79   1.8519e-07
        80 -2.76876e-07
        81  9.29817e-07
        82  2.66361e-07
        83  5.92776e-08
        84 -1.89777e-07
        85  1.02394e-07
        86 -5.86467e-08
        87  7.17042e-07
        88  2.42925e-08
        89  3.81841e-08
        90  5.80636e-08
        91  6.29755e-09
        92  1.57482e-09
        93  4.53074e-07
        94 -4.19434e-07
        95 -2.33371e-07
        96  1.34305e-06
        97   -7.491e-08
        98 -6.77433e-08
        99  2.76573e-08
       100 -4.22083e-07
       101  6.96038e-07
       102 -1.94719e-08
       103  1.81937e-08
       104 -2.52621e-08
       105 -1.13823e-08
       106 -5.42118e-09
       107   -5.045e-09
       108  -1.2225e-08
       109 -2.71413e-08
       110 -1.54944e-08
       111 -3.18583e-08
       112 -6.47837e-09
       113 -1.76753e-08
       114 -2.00564e-08
       115 -2.04708e-08
       116 -3.87812e-09
       117 -9.84696e-09
       118 -1.20056e-08
       119 -3.32934e-09
       120 -1.89028e-09
       121  3.27507e-10
       122 -2.94544e-08
       123 -3.98366e-08
       124 -2.27599e-08
       125  3.04464e-08
       126 -2.97579e-08
       127 -5.53926e-08
       128  4.57536e-08
       129 -5.13874e-08
       130 -1.33727e-09
       131 -2.17452e-08
       132 -2.57125e-08
       133 -2.31712e-08
       134 -6.36495e-08
       135 -5.53602e-08
       136 -5.97711e-08
       137 -5.11545e-08
       138 -4.01134e-08
       139 -2.15329e-08
       140 -1.83481e-08
       141 -9.89285e-09
       142 -5.72359e-08
       143 -7.61786e-08
       144 -1.64611e-08
       145 -7.06326e-09
       146 -6.53975e-08
       147 -1.91885e-08
       148 -3.40894e-08
       149 -3.53526e-08
       150 -3.62919e-09
       151 -3.86878e-08
       152 -5.23119e-08
       153 -3.40899e-08
       154  2.52247e-08
       155  3.25982e-08
       156 -6.50389e-08
       157 -4.78497e-08
       158 -5.45492e-07
       159  6.17342e-08
       160   6.7465e-08
       161 -1.47904e-07
       162 -7.60061e-10
       163  2.47966e-08
       164  3.35122e-08
       165 -2.96368e-07
