165
 1.66141e-07 -6.08569e-08 -2.24062e-07 -3.02066e-09 -1.55622e-07 -2.27196e-07 1.56318e-08 -3.12171e-06 -2.51457e-07 4.75031e-07 -3.87744e-07 3.15424e-07 1.68663e-08 2.06266e-07 -8.02653e-07 5.26359e-09 -1.22428e-07 -2.85394e-08 8.51748e-08 -1.23913e-06 -1.47021e-06 7.44239e-10 3.26389e-07 1.0522e-06 -5.67497e-08 -2.47114e-07 -1.13888e-06 2.23646e-07 2.21703e-07 3.13922e-07 -5.8217e-08 -1.17848e-06 -2.69333e-07 -3.56011e-08 -3.40995e-08 2.72965e-08 -1.21307e-07 -5.49678e-07 2.45344e-07 7.42547e-08 2.66526e-07 -9.77091e-07 1.97417e-08 -7.88297e-08 -1.01284e-06 4.47339e-08 4.51223e-07 1.51431e-07 2.01113e-07 2.02767e-07 2.40883e-07 2.58089e-07 -5.19087e-07 -4.2689e-08 1.55238e-07 3.22375e-07 6.63936e-09 -8.37351e-08 7.67113e-09 -9.40973e-09 -1.76033e-07 -1.12955e-07 -1.04723e-08 -4.34245e-08 -6.03661e-07 3.79502e-09 7.89848e-08 2.85993e-07 8.61054e-09 -2.55326e-09 -1.65903e-07 -5.01404e-07 -1.47527e-07 -3.56202e-07 1.86077e-07 5.36715e-09 -5.0281e-07 -8.8491e-08 -5.54932e-08 -4.26446e-07 4.34749e-08 -4.21378e-08 -9.04226e-08 -2.34833e-07 -2.50026e-08 -6.04884e-08 -3.34407e-07 1.98617e-06 -2.22406e-06 -5.67357e-08 9.21999e-07 -1.27288e-07 -6.97289e-08 -1.83383e-08 6.79139e-08 -2.16228e-07 -1.75816e-07 -3.07648e-07 -3.37034e-07 -2.21449e-07 1.16885e-07 -1.6683e-07 -6.98501e-08 -1.06726e-07 -1.07998e-07 -3.4065e-08 -8.05986e-08 -6.88255e-08 -6.00469e-08 4.46121e-08 3.34603e-08 3.39407e-09 4.43634e-08 1.25397e-07 1.32677e-07 1.76249e-07 1.45362e-07 7.87616e-08 2.01339e-08 1.01433e-07 3.2211e-08 9.95271e-08 1.35355e-07 2.03522e-07 2.03178e-07 1.04605e-07 1.14693e-07 3.50889e-08 5.9214e-08 7.88061e-08 1.26883e-07 -3.4288e-08 -7.25155e-08 -1.48512e-07 1.05647e-07 -6.0214e-09 1.08652e-07 -5.08971e-07 -4.2702e-07 -7.32961e-08 -4.77426e-07 7.45099e-09 -4.62782e-07 -2.06819e-07 -1.15651e-08 2.79889e-07 5.17003e-07 -1.31908e-07 3.45448e-07 2.41764e-07 3.78782e-08 8.38714e-08 -1.05963e-07 4.47939e-08 -1.85491e-07 -6.3208e-08 5.5148e-08 -7.12901e-07 4.5939e-06 1.50242e-07 6.88157e-07 9.89279e-11 5.08896e-07 5.9332e-07 -4.15784e-06

         1  1.66141e-07
         2 -6.08569e-08
         3 -2.24062e-07
         4 -3.02066e-09
         5 -1.55622e-07
         6 -2.27196e-07
         7  1.56318e-08
         8 -3.12171e-06
         9 -2.51457e-07
        10  4.75031e-07
        11 -3.87744e-07
        12  3.15424e-07
        13  1.68663e-08
        14  2.06266e-07
        15 -8.02653e-07
        16  5.26359e-09
        17 -1.22428e-07
        18 -2.85394e-08
        19  8.51748e-08
        20 -1.23913e-06
        21 -1.47021e-06
        22  7.44239e-10
        23  3.26389e-07
        24   1.0522e-06
        25 -5.67497e-08
        26 -2.47114e-07
        27 -1.13888e-06
        28  2.23646e-07
        29  2.21703e-07
        30  3.13922e-07
        31  -5.8217e-08
        32 -1.17848e-06
        33 -2.69333e-07
        34 -3.56011e-08
        35 -3.40995e-08
        36  2.72965e-08
        37 -1.21307e-07
        38 -5.49678e-07
        39  2.45344e-07
        40  7.42547e-08
        41  2.66526e-07
        42 -9.77091e-07
        43  1.97417e-08
        44 -7.88297e-08
        45 -1.01284e-06
        46  4.47339e-08
        47  4.51223e-07
        48  1.51431e-07
        49  2.01113e-07
        50  2.02767e-07
        51  2.40883e-07
        52  2.58089e-07
        53 -5.19087e-07
        54  -4.2689e-08
        55  1.55238e-07
        56  3.22375e-07
        57  6.63936e-09
        58 -8.37351e-08
        59  7.67113e-09
        60 -9.40973e-09
        61 -1.76033e-07
        62 -1.12955e-07
        63 -1.04723e-08
        64 -4.34245e-08
        65 -6.03661e-07
        66  3.79502e-09
        67  7.89848e-08
        68  2.85993e-07
        69  8.61054e-09
        70 -2.55326e-09
        71 -1.65903e-07
        72 -5.01404e-07
        73 -1.47527e-07
        74 -3.56202e-07
        75  1.86077e-07
        76  5.36715e-09
        77  -5.0281e-07
        78  -8.8491e-08
        79 -5.54932e-08
        80 -4.26446e-07
        81  4.34749e-08
        82 -4.21378e-08
        83 -9.04226e-08
        84 -2.34833e-07
        85 -2.50026e-08
        86 -6.04884e-08
        87 -3.34407e-07
        88  1.98617e-06
        89 -2.22406e-06
        90 -5.67357e-08
        91  9.21999e-07
        92 -1.27288e-07
        93 -6.97289e-08
        94 -1.83383e-08
        95  6.79139e-08
        96 -2.16228e-07
        97 -1.75816e-07
        98 -3.07648e-07
        99 -3.37034e-07
       100 -2.21449e-07
       101  1.16885e-07
       102  -1.6683e-07
       103 -6.98501e-08
       104 -1.06726e-07
       105 -1.07998e-07
       106  -3.4065e-08
       107 -8.05986e-08
       108 -6.88255e-08
       109 -6.00469e-08
       110  4.46121e-08
       111  3.34603e-08
       112  3.39407e-09
       113  4.43634e-08
       114  1.25397e-07
       115  1.32677e-07
       116  1.76249e-07
       117  1.45362e-07
       118  7.87616e-08
       119  2.01339e-08
       120  1.01433e-07
       121   3.2211e-08
       122  9.95271e-08
       123  1.35355e-07
       124  2.03522e-07
       125  2.03178e-07
       126  1.04605e-07
       127  1.14693e-07
       128  3.50889e-08
       129   5.9214e-08
       130  7.88061e-08
       131  1.26883e-07
       132  -3.4288e-08
       133 -7.25155e-08
       134 -1.48512e-07
       135  1.05647e-07
       136  -6.0214e-09
       137  1.08652e-07
       138 -5.08971e-07
       139  -4.2702e-07
       140 -7.32961e-08
       141 -4.77426e-07
       142  7.45099e-09
       143 -4.62782e-07
       144 -2.06819e-07
       145 -1.15651e-08
       146  2.79889e-07
       147  5.17003e-07
       148 -1.31908e-07
       149  3.45448e-07
       150  2.41764e-07
       151  3.78782e-08
       152  8.38714e-08
       153 -1.05963e-07
       154  4.47939e-08
       155 -1.85491e-07
       156  -6.3208e-08
       157   5.5148e-08
       158 -7.12901e-07
       159   4.5939e-06
       160  1.50242e-07
       161  6.88157e-07
       162  9.89279e-11
       163  5.08896e-07
       164   5.9332e-07
       165 -4.15784e-06
