165
 -1.68261e-07 -7.09424e-09 -2.72755e-08 2.09154e-07 2.31926e-08 7.786e-08 4.72313e-09 -1.08172e-07 -2.4563e-07 -4.4399e-07 2.89835e-08 -1.80632e-07 5.33706e-08 5.36531e-09 4.35551e-07 1.08858e-07 4.31604e-07 2.90959e-07 1.68393e-07 -1.76123e-07 -5.41176e-07 2.20666e-07 -4.66175e-07 -1.59245e-07 -8.85349e-09 -2.85693e-08 -1.85124e-07 8.56661e-08 2.76087e-08 6.04113e-08 2.89511e-09 7.9775e-08 4.59275e-08 6.13035e-10 -3.30742e-08 -6.10819e-08 -8.57518e-08 -8.85801e-08 6.28178e-08 -2.60721e-08 -1.25653e-07 -4.209e-08 3.19323e-08 6.34087e-08 -8.79174e-09 1.48278e-07 2.69593e-07 -2.63879e-07 4.79125e-07 1.85268e-08 2.00966e-07 -6.22901e-08 -1.1267e-07 -1.80758e-08 2.81883e-08 4.61668e-08 5.29403e-08 6.06951e-08 4.55149e-08 7.36812e-08 1.12136e-08 -1.35703e-08 -1.81638e-08 -1.72196e-09 -3.14857e-07 -5.69923e-09 4.65006e-07 -1.44147e-07 4.44835e-08 2.92822e-07 -8.68031e-08 -4.23078e-08 -2.34783e-07 5.88988e-08 6.31573e-07 9.64096e-07 -4.61622e-08 4.74251e-07 -1.04838e-07 7.23034e-08 -1.3134e-08 -3.94479e-08 3.26229e-08 8.50299e-09 6.00523e-09 -2.65933e-08 5.13072e-08 -2.23862e-07 1.44855e-08 2.08761e-07 -2.94464e-08 1.23963e-08 1.10575e-07 -8.92017e-09 -1.07341e-07 3.53896e-07 -1.50703e-08 8.60591e-09 9.88557e-09 4.15941e-07 -1.14958e-06 8.81115e-08 2.31352e-08 6.98889e-09 -1.25234e-09 -4.32914e-09 -3.64201e-09 2.34941e-09 -5.15343e-09 -1.41899e-08 -8.5746e-09 1.08568e-09 3.04844e-09 1.00654e-09 -4.51178e-10 -2.44395e-10 9.60999e-09 7.96034e-09 1.50737e-08 3.2794e-09 1.40943e-08 1.11978e-08 6.34867e-09 8.22458e-09 3.8718e-09 2.29922e-08 -1.86857e-08 -1.28976e-08 2.56546e-09 -1.04575e-08 -1.09857e-08 9.16729e-09 1.2309e-08 -2.34925e-08 -2.39687e-08 4.61024e-09 -4.21896e-09 1.86141e-08 8.97612e-08 4.07615e-08 3.28782e-08 3.69232e-08 3.66215e-08 1.97775e-08 2.71873e-08 1.54287e-08 -5.00461e-09 3.18822e-09 8.10725e-09 -1.52078e-08 6.33783e-09 -6.58265e-09 1.77662e-09 -6.25761e-09 1.78697e-09 7.2783e-09 4.58886e-09 -2.44018e-07 -4.76216e-07 -7.03644e-08 9.4126e-09 -1.60976e-08 -1.57184e-08 2.45569e-09 3.35196e-08

         1 -1.68261e-07
         2 -7.09424e-09
         3 -2.72755e-08
         4  2.09154e-07
         5  2.31926e-08
         6    7.786e-08
         7  4.72313e-09
         8 -1.08172e-07
         9  -2.4563e-07
        10  -4.4399e-07
        11  2.89835e-08
        12 -1.80632e-07
        13  5.33706e-08
        14  5.36531e-09
        15  4.35551e-07
        16  1.08858e-07
        17  4.31604e-07
        18  2.90959e-07
        19  1.68393e-07
        20 -1.76123e-07
        21 -5.41176e-07
        22  2.20666e-07
        23 -4.66175e-07
        24 -1.59245e-07
        25 -8.85349e-09
        26 -2.85693e-08
        27 -1.85124e-07
        28  8.56661e-08
        29  2.76087e-08
        30  6.04113e-08
        31  2.89511e-09
        32   7.9775e-08
        33  4.59275e-08
        34  6.13035e-10
        35 -3.30742e-08
        36 -6.10819e-08
        37 -8.57518e-08
        38 -8.85801e-08
        39  6.28178e-08
        40 -2.60721e-08
        41 -1.25653e-07
        42   -4.209e-08
        43  3.19323e-08
        44  6.34087e-08
        45 -8.79174e-09
        46  1.48278e-07
        47  2.69593e-07
        48 -2.63879e-07
        49  4.79125e-07
        50  1.85268e-08
        51  2.00966e-07
        52 -6.22901e-08
        53  -1.1267e-07
        54 -1.80758e-08
        55  2.81883e-08
        56  4.61668e-08
        57  5.29403e-08
        58  6.06951e-08
        59  4.55149e-08
        60  7.36812e-08
        61  1.12136e-08
        62 -1.35703e-08
        63 -1.81638e-08
        64 -1.72196e-09
        65 -3.14857e-07
        66 -5.69923e-09
        67  4.65006e-07
        68 -1.44147e-07
        69  4.44835e-08
        70  2.92822e-07
        71 -8.68031e-08
        72 -4.23078e-08
        73 -2.34783e-07
        74  5.88988e-08
        75  6.31573e-07
        76  9.64096e-07
        77 -4.61622e-08
        78  4.74251e-07
        79 -1.04838e-07
        80  7.23034e-08
        81  -1.3134e-08
        82 -3.94479e-08
        83  3.26229e-08
        84  8.50299e-09
        85  6.00523e-09
        86 -2.65933e-08
        87  5.13072e-08
        88 -2.23862e-07
        89  1.44855e-08
        90  2.08761e-07
        91 -2.94464e-08
        92  1.23963e-08
        93  1.10575e-07
        94 -8.92017e-09
        95 -1.07341e-07
        96  3.53896e-07
        97 -1.50703e-08
        98  8.60591e-09
        99  9.88557e-09
       100  4.15941e-07
       101 -1.14958e-06
       102  8.81115e-08
       103  2.31352e-08
       104  6.98889e-09
       105 -1.25234e-09
       106 -4.32914e-09
       107 -3.64201e-09
       108  2.34941e-09
       109 -5.15343e-09
       110 -1.41899e-08
       111  -8.5746e-09
       112  1.08568e-09
       113  3.04844e-09
       114  1.00654e-09
       115 -4.51178e-10
       116 -2.44395e-10
       117  9.60999e-09
       118  7.96034e-09
       119  1.50737e-08
       120   3.2794e-09
       121  1.40943e-08
       122  1.11978e-08
       123  6.34867e-09
       124  8.22458e-09
       125   3.8718e-09
       126  2.29922e-08
       127 -1.86857e-08
       128 -1.28976e-08
       129  2.56546e-09
       130 -1.04575e-08
       131 -1.09857e-08
       132  9.16729e-09
       133   1.2309e-08
       134 -2.34925e-08
       135 -2.39687e-08
       136  4.61024e-09
       137 -4.21896e-09
       138  1.86141e-08
       139  8.97612e-08
       140  4.07615e-08
       141  3.28782e-08
       142  3.69232e-08
       143  3.66215e-08
       144  1.97775e-08
       145  2.71873e-08
       146  1.54287e-08
       147 -5.00461e-09
       148  3.18822e-09
       149  8.10725e-09
       150 -1.52078e-08
       151  6.33783e-09
       152 -6.58265e-09
       153  1.77662e-09
       154 -6.25761e-09
       155  1.78697e-09
       156   7.2783e-09
       157  4.58886e-09
       158 -2.44018e-07
       159 -4.76216e-07
       160 -7.03644e-08
       161   9.4126e-09
       162 -1.60976e-08
       163 -1.57184e-08
       164  2.45569e-09
       165  3.35196e-08
