165
 7.41778e-08 -3.78581e-08 -2.08984e-08 8.04583e-08 -1.0784e-08 -8.19981e-09 -5.75183e-08 -3.84036e-07 3.37688e-07 -1.00402e-06 -1.07357e-07 -5.64743e-07 2.60356e-08 9.08974e-07 2.46649e-07 4.25985e-08 -4.13755e-07 1.25001e-07 2.71848e-08 -3.06427e-06 6.22821e-07 8.58505e-08 8.16546e-07 -5.61542e-09 -6.12787e-08 -2.44417e-08 9.351e-08 -1.34622e-06 -2.71878e-08 -2.56612e-07 -1.06533e-08 -2.24884e-07 -5.18193e-08 -4.07035e-08 -2.12943e-07 -9.98937e-08 -4.37173e-07 -9.91517e-07 -1.60361e-07 1.72102e-08 -2.68653e-08 4.5467e-08 -3.0734e-07 -7.37627e-07 5.7957e-07 -4.08904e-06 2.35567e-06 -1.71545e-06 6.01247e-07 -3.55029e-08 1.7079e-07 -2.63082e-07 2.63406e-07 2.8252e-10 1.94421e-07 4.15929e-08 -2.82148e-07 -3.033e-08 -3.53772e-08 7.16751e-08 8.89065e-09 1.24247e-08 -1.3137e-08 2.35621e-08 -9.69397e-09 -2.82547e-08 -8.89064e-07 2.43198e-07 -1.5327e-09 1.20773e-07 1.03062e-07 -1.19648e-07 4.5516e-07 -1.81456e-07 -7.1672e-07 -2.97111e-06 -1.57127e-07 -7.73836e-07 2.36276e-06 5.02768e-07 -3.10281e-06 -5.08856e-07 1.27453e-07 -1.34301e-07 -2.79254e-07 1.93751e-09 -1.43858e-06 -3.34434e-07 5.37816e-07 -2.14038e-07 -1.12626e-07 4.05206e-07 -1.59159e-06 1.10856e-06 -9.99828e-07 -1.95769e-08 2.58151e-07 -2.26514e-07 -1.67532e-07 1.84989e-06 -3.14034e-06 3.48905e-08 -1.00397e-07 1.3403e-07 3.14883e-08 6.84182e-10 -6.31513e-09 -8.23012e-09 4.45901e-08 2.13803e-08 6.81423e-08 1.72443e-10 4.46894e-08 5.11269e-08 3.4206e-08 9.74462e-09 3.11832e-08 4.066e-08 2.99918e-08 3.37199e-08 6.60258e-08 2.89558e-08 3.5987e-08 -1.81733e-08 6.58734e-08 5.93168e-08 8.34001e-08 8.03673e-08 9.31834e-08 1.25898e-07 7.42721e-08 5.32021e-08 1.12549e-07 6.86992e-08 1.54204e-07 9.83585e-08 6.62819e-08 4.00403e-08 -6.66081e-08 -1.60109e-08 1.85059e-09 7.00737e-08 4.41836e-08 1.84575e-08 -1.36618e-08 -4.14831e-08 4.82269e-09 1.90439e-08 6.01964e-08 1.36382e-07 5.88634e-08 5.97813e-08 1.42231e-07 7.48772e-08 4.4353e-08 9.12139e-08 6.33416e-08 1.76119e-06 4.73676e-07 2.24248e-10 -4.07136e-08 3.02207e-08 5.4466e-08 2.77734e-08 -5.2537e-07

         1  7.41778e-08
         2 -3.78581e-08
         3 -2.08984e-08
         4  8.04583e-08
         5  -1.0784e-08
         6 -8.19981e-09
         7 -5.75183e-08
         8 -3.84036e-07
         9  3.37688e-07
        10 -1.00402e-06
        11 -1.07357e-07
        12 -5.64743e-07
        13  2.60356e-08
        14  9.08974e-07
        15  2.46649e-07
        16  4.25985e-08
        17 -4.13755e-07
        18  1.25001e-07
        19  2.71848e-08
        20 -3.06427e-06
        21  6.22821e-07
        22  8.58505e-08
        23  8.16546e-07
        24 -5.61542e-09
        25 -6.12787e-08
        26 -2.44417e-08
        27    9.351e-08
        28 -1.34622e-06
        29 -2.71878e-08
        30 -2.56612e-07
        31 -1.06533e-08
        32 -2.24884e-07
        33 -5.18193e-08
        34 -4.07035e-08
        35 -2.12943e-07
        36 -9.98937e-08
        37 -4.37173e-07
        38 -9.91517e-07
        39 -1.60361e-07
        40  1.72102e-08
        41 -2.68653e-08
        42   4.5467e-08
        43  -3.0734e-07
        44 -7.37627e-07
        45   5.7957e-07
        46 -4.08904e-06
        47  2.35567e-06
        48 -1.71545e-06
        49  6.01247e-07
        50 -3.55029e-08
        51   1.7079e-07
        52 -2.63082e-07
        53  2.63406e-07
        54   2.8252e-10
        55  1.94421e-07
        56  4.15929e-08
        57 -2.82148e-07
        58   -3.033e-08
        59 -3.53772e-08
        60  7.16751e-08
        61  8.89065e-09
        62  1.24247e-08
        63  -1.3137e-08
        64  2.35621e-08
        65 -9.69397e-09
        66 -2.82547e-08
        67 -8.89064e-07
        68  2.43198e-07
        69  -1.5327e-09
        70  1.20773e-07
        71  1.03062e-07
        72 -1.19648e-07
        73   4.5516e-07
        74 -1.81456e-07
        75  -7.1672e-07
        76 -2.97111e-06
        77 -1.57127e-07
        78 -7.73836e-07
        79  2.36276e-06
        80  5.02768e-07
        81 -3.10281e-06
        82 -5.08856e-07
        83  1.27453e-07
        84 -1.34301e-07
        85 -2.79254e-07
        86  1.93751e-09
        87 -1.43858e-06
        88 -3.34434e-07
        89  5.37816e-07
        90 -2.14038e-07
        91 -1.12626e-07
        92  4.05206e-07
        93 -1.59159e-06
        94  1.10856e-06
        95 -9.99828e-07
        96 -1.95769e-08
        97  2.58151e-07
        98 -2.26514e-07
        99 -1.67532e-07
       100  1.84989e-06
       101 -3.14034e-06
       102  3.48905e-08
       103 -1.00397e-07
       104   1.3403e-07
       105  3.14883e-08
       106  6.84182e-10
       107 -6.31513e-09
       108 -8.23012e-09
       109  4.45901e-08
       110  2.13803e-08
       111  6.81423e-08
       112  1.72443e-10
       113  4.46894e-08
       114  5.11269e-08
       115   3.4206e-08
       116  9.74462e-09
       117  3.11832e-08
       118    4.066e-08
       119  2.99918e-08
       120  3.37199e-08
       121  6.60258e-08
       122  2.89558e-08
       123   3.5987e-08
       124 -1.81733e-08
       125  6.58734e-08
       126  5.93168e-08
       127  8.34001e-08
       128  8.03673e-08
       129  9.31834e-08
       130  1.25898e-07
       131  7.42721e-08
       132  5.32021e-08
       133  1.12549e-07
       134  6.86992e-08
       135  1.54204e-07
       136  9.83585e-08
       137  6.62819e-08
       138  4.00403e-08
       139 -6.66081e-08
       140 -1.60109e-08
       141  1.85059e-09
       142  7.00737e-08
       143  4.41836e-08
       144  1.84575e-08
       145 -1.36618e-08
       146 -4.14831e-08
       147  4.82269e-09
       148  1.90439e-08
       149  6.01964e-08
       150  1.36382e-07
       151  5.88634e-08
       152  5.97813e-08
       153  1.42231e-07
       154  7.48772e-08
       155   4.4353e-08
       156  9.12139e-08
       157  6.33416e-08
       158  1.76119e-06
       159  4.73676e-07
       160  2.24248e-10
       161 -4.07136e-08
       162  3.02207e-08
       163   5.4466e-08
       164  2.77734e-08
       165  -5.2537e-07
