           98  5.69818e-11
          118  1.45381e-10
           61  1.97174e-10
          160  2.46523e-10
           25  3.99733e-10
           86  4.01635e-10
          117  4.06292e-10
          107   4.5177e-10
           59  4.61334e-10
           14  4.98387e-10
           42  6.09663e-10
          105   6.3463e-10
          143  6.82226e-10
           85   7.1664e-10
          152  7.41357e-10
            7  7.43132e-10
          106  8.63851e-10
          151  8.66279e-10
          122  8.99584e-10
          127  1.04151e-09
          133  1.05715e-09
          144  1.07143e-09
          126  1.08987e-09
          115  1.09395e-09
          142  1.10624e-09
          145  1.12765e-09
          130  1.20398e-09
           33  1.22144e-09
          119  1.23137e-09
          132  1.24989e-09
           63  1.29575e-09
           65  1.34193e-09
          125  1.34956e-09
           91  1.38539e-09
          140  1.38703e-09
          123   1.4837e-09
           57  1.49885e-09
          159  1.57136e-09
          129  1.60844e-09
           27  1.64641e-09
          139  1.66804e-09
          124   1.7771e-09
           62  1.89744e-09
           39  1.95754e-09
          131  2.16636e-09
           21  2.18466e-09
          138  2.19582e-09
          116  2.20879e-09
           58  2.21659e-09
          121   2.3988e-09
           60  2.40283e-09
           18  2.54007e-09
          156  2.55777e-09
          128  2.55998e-09
          120  2.57741e-09
          114  2.57932e-09
          155  2.59521e-09
           36  2.64628e-09
          150  2.71351e-09
          108  2.75474e-09
          146  2.76239e-09
          161  2.77293e-09
          136  2.85582e-09
           34  2.86957e-09
           15  2.93719e-09
           31  2.94801e-09
          134  3.14394e-09
          149  3.22558e-09
           26  3.28735e-09
          141  3.31322e-09
          135  3.35595e-09
          137  3.54555e-09
            3  3.57957e-09
          154  3.64552e-09
          109  3.83759e-09
           84  3.88585e-09
          153  3.98584e-09
          162   4.1244e-09
           55  4.13234e-09
          113  4.29129e-09
           30  4.38682e-09
          147  4.50067e-09
          148  4.61378e-09
          110  4.61554e-09
           45  4.72491e-09
          157  5.03329e-09
           90  5.09588e-09
           29    5.599e-09
           99  5.61515e-09
           11   5.9478e-09
          111  5.97561e-09
           24  5.99549e-09
           72  6.19074e-09
           50  7.09371e-09
            6  7.14908e-09
           64   7.4268e-09
           35   8.0812e-09
           56  8.10914e-09
           54  8.48232e-09
            5  9.82307e-09
          112  1.04075e-08
           12  1.11801e-08
            9  1.14232e-08
            8  1.16303e-08
          104  1.21996e-08
           87  1.32494e-08
           32  1.32504e-08
           77  1.37517e-08
          158  1.67514e-08
           69  1.70252e-08
           46   1.7047e-08
          103  1.78883e-08
           43  1.80656e-08
          102  1.86535e-08
           48  2.12765e-08
           92  2.39977e-08
            2  2.48724e-08
           66  2.65316e-08
           93  2.69036e-08
           73  2.71666e-08
           89  2.77554e-08
           52  2.93575e-08
           37  3.07253e-08
          100  3.15173e-08
           83  3.30651e-08
           88  3.30653e-08
           97   3.3308e-08
           28  3.48176e-08
           44  3.93803e-08
          163  4.67985e-08
           13  4.69254e-08
           94  4.79795e-08
           51  4.95339e-08
           17  5.58529e-08
           53   5.8598e-08
           16  6.05689e-08
          164  6.53334e-08
           10  6.72298e-08
           20  6.72927e-08
            1  6.84926e-08
           38  7.31236e-08
           40  7.39726e-08
           74  7.55298e-08
          101  8.68054e-08
           68  9.35006e-08
           78  1.02703e-07
           47  1.06312e-07
            4  1.07121e-07
           75   1.1325e-07
           82  1.41085e-07
           76  1.47309e-07
           22  1.47758e-07
           79  1.48307e-07
           19  1.59475e-07
           49  1.69717e-07
           70  1.75593e-07
           71  1.77881e-07
           80  1.91164e-07
           96   2.0287e-07
           95  2.27946e-07
           67  2.54455e-07
           23  2.90283e-07
          165   3.0161e-07
           41  3.03138e-07
           81  5.74849e-07
