165
 -1.53297e-06 -2.41757e-08 -2.91251e-08 3.41911e-08 -1.58603e-07 -5.10269e-08 1.92974e-07 -3.39011e-07 -1.09954e-06 1.0256e-06 -2.92012e-07 7.01879e-07 -3.97711e-08 8.31158e-09 3.43817e-08 7.19756e-08 3.70429e-07 -5.07439e-08 -3.11005e-09 1.74183e-07 -4.37263e-08 -4.17879e-09 -4.65069e-07 1.37348e-07 -5.55872e-08 -1.05886e-07 1.03775e-08 5.56625e-07 -1.51875e-07 5.13501e-09 2.5459e-08 -8.44659e-08 1.80969e-07 -3.67842e-08 -1.17586e-07 -1.41448e-08 -2.50062e-07 -6.66006e-07 3.60817e-08 -6.70291e-08 1.64734e-07 -9.97426e-09 -1.12143e-07 -1.52213e-07 -2.0142e-08 1.00926e-07 -1.45718e-07 4.06518e-08 -5.01931e-07 -6.6351e-08 -1.76329e-07 2.52205e-08 -2.3704e-07 -5.23511e-08 -4.92465e-08 4.65954e-08 -3.64753e-08 6.77796e-08 -8.31033e-09 -3.47914e-08 1.43879e-08 -1.46344e-08 -4.25772e-09 5.29327e-08 1.84401e-08 1.18577e-07 2.30815e-07 8.18064e-08 2.30094e-09 6.44112e-08 -6.52335e-07 1.34142e-07 4.25635e-07 3.4161e-08 -3.77269e-07 5.98311e-08 -6.01697e-08 5.73106e-08 1.31061e-07 6.69117e-08 -3.21138e-08 -2.07658e-07 1.18214e-07 1.71015e-09 5.2922e-08 -1.84386e-08 5.82644e-09 1.00684e-07 -5.92487e-08 -4.58322e-08 -4.29965e-08 6.54416e-10 -1.17273e-07 -2.24821e-08 -9.27587e-09 -1.02783e-07 3.39807e-08 -7.87179e-08 -4.63743e-08 1.75352e-08 -6.86972e-08 -1.84131e-09 -3.40221e-08 -3.86639e-08 -1.31757e-08 1.60569e-08 2.83949e-08 3.58856e-09 -4.4561e-09 1.056e-08 2.16102e-08 2.62e-08 3.3134e-08 3.36096e-09 6.3157e-09 4.7117e-08 3.84412e-08 2.29496e-08 -7.2818e-09 -1.32671e-09 -8.10091e-09 -5.11184e-08 3.14442e-08 2.53325e-08 -6.86821e-09 1.0928e-08 9.75141e-09 -3.7465e-09 -1.85865e-09 -7.242e-09 -9.75062e-09 2.30756e-08 1.00721e-08 4.24429e-09 4.73694e-08 7.10699e-09 2.41402e-08 3.28533e-09 -3.1147e-08 -3.63048e-09 4.53346e-08 1.59598e-08 7.11389e-08 3.92262e-08 3.60204e-08 3.8745e-08 1.59562e-08 4.65905e-08 5.45984e-09 3.33862e-08 -3.1856e-08 2.85024e-08 -5.27439e-09 3.98228e-09 2.27956e-08 1.17548e-08 -4.7765e-09 1.88131e-07 -1.527e-07 3.62297e-07 1.02739e-08 4.83056e-09 3.69041e-08 1.65863e-07 -2.76574e-07

         1 -1.53297e-06
         2 -2.41757e-08
         3 -2.91251e-08
         4  3.41911e-08
         5 -1.58603e-07
         6 -5.10269e-08
         7  1.92974e-07
         8 -3.39011e-07
         9 -1.09954e-06
        10   1.0256e-06
        11 -2.92012e-07
        12  7.01879e-07
        13 -3.97711e-08
        14  8.31158e-09
        15  3.43817e-08
        16  7.19756e-08
        17  3.70429e-07
        18 -5.07439e-08
        19 -3.11005e-09
        20  1.74183e-07
        21 -4.37263e-08
        22 -4.17879e-09
        23 -4.65069e-07
        24  1.37348e-07
        25 -5.55872e-08
        26 -1.05886e-07
        27  1.03775e-08
        28  5.56625e-07
        29 -1.51875e-07
        30  5.13501e-09
        31   2.5459e-08
        32 -8.44659e-08
        33  1.80969e-07
        34 -3.67842e-08
        35 -1.17586e-07
        36 -1.41448e-08
        37 -2.50062e-07
        38 -6.66006e-07
        39  3.60817e-08
        40 -6.70291e-08
        41  1.64734e-07
        42 -9.97426e-09
        43 -1.12143e-07
        44 -1.52213e-07
        45  -2.0142e-08
        46  1.00926e-07
        47 -1.45718e-07
        48  4.06518e-08
        49 -5.01931e-07
        50  -6.6351e-08
        51 -1.76329e-07
        52  2.52205e-08
        53  -2.3704e-07
        54 -5.23511e-08
        55 -4.92465e-08
        56  4.65954e-08
        57 -3.64753e-08
        58  6.77796e-08
        59 -8.31033e-09
        60 -3.47914e-08
        61  1.43879e-08
        62 -1.46344e-08
        63 -4.25772e-09
        64  5.29327e-08
        65  1.84401e-08
        66  1.18577e-07
        67  2.30815e-07
        68  8.18064e-08
        69  2.30094e-09
        70  6.44112e-08
        71 -6.52335e-07
        72  1.34142e-07
        73  4.25635e-07
        74   3.4161e-08
        75 -3.77269e-07
        76  5.98311e-08
        77 -6.01697e-08
        78  5.73106e-08
        79  1.31061e-07
        80  6.69117e-08
        81 -3.21138e-08
        82 -2.07658e-07
        83  1.18214e-07
        84  1.71015e-09
        85   5.2922e-08
        86 -1.84386e-08
        87  5.82644e-09
        88  1.00684e-07
        89 -5.92487e-08
        90 -4.58322e-08
        91 -4.29965e-08
        92  6.54416e-10
        93 -1.17273e-07
        94 -2.24821e-08
        95 -9.27587e-09
        96 -1.02783e-07
        97  3.39807e-08
        98 -7.87179e-08
        99 -4.63743e-08
       100  1.75352e-08
       101 -6.86972e-08
       102 -1.84131e-09
       103 -3.40221e-08
       104 -3.86639e-08
       105 -1.31757e-08
       106  1.60569e-08
       107  2.83949e-08
       108  3.58856e-09
       109  -4.4561e-09
       110    1.056e-08
       111  2.16102e-08
       112     2.62e-08
       113   3.3134e-08
       114  3.36096e-09
       115   6.3157e-09
       116   4.7117e-08
       117  3.84412e-08
       118  2.29496e-08
       119  -7.2818e-09
       120 -1.32671e-09
       121 -8.10091e-09
       122 -5.11184e-08
       123  3.14442e-08
       124  2.53325e-08
       125 -6.86821e-09
       126   1.0928e-08
       127  9.75141e-09
       128  -3.7465e-09
       129 -1.85865e-09
       130   -7.242e-09
       131 -9.75062e-09
       132  2.30756e-08
       133  1.00721e-08
       134  4.24429e-09
       135  4.73694e-08
       136  7.10699e-09
       137  2.41402e-08
       138  3.28533e-09
       139  -3.1147e-08
       140 -3.63048e-09
       141  4.53346e-08
       142  1.59598e-08
       143  7.11389e-08
       144  3.92262e-08
       145  3.60204e-08
       146   3.8745e-08
       147  1.59562e-08
       148  4.65905e-08
       149  5.45984e-09
       150  3.33862e-08
       151  -3.1856e-08
       152  2.85024e-08
       153 -5.27439e-09
       154  3.98228e-09
       155  2.27956e-08
       156  1.17548e-08
       157  -4.7765e-09
       158  1.88131e-07
       159   -1.527e-07
       160  3.62297e-07
       161  1.02739e-08
       162  4.83056e-09
       163  3.69041e-08
       164  1.65863e-07
       165 -2.76574e-07
