           92  6.54416e-10
          120  1.32671e-09
           84  1.71015e-09
          102  1.84131e-09
          129  1.85865e-09
           69  2.30094e-09
           19  3.11005e-09
          138  3.28533e-09
          114  3.36096e-09
          108  3.58856e-09
          140  3.63048e-09
          128   3.7465e-09
          154  3.98228e-09
           22  4.17879e-09
          134  4.24429e-09
           63  4.25772e-09
          109   4.4561e-09
          157   4.7765e-09
          162  4.83056e-09
           30  5.13501e-09
          153  5.27439e-09
          149  5.45984e-09
           87  5.82644e-09
          115   6.3157e-09
          125  6.86821e-09
          136  7.10699e-09
          130    7.242e-09
          119   7.2818e-09
          121  8.10091e-09
           59  8.31033e-09
           14  8.31158e-09
           95  9.27587e-09
          131  9.75062e-09
          127  9.75141e-09
           42  9.97426e-09
          133  1.00721e-08
          161  1.02739e-08
           27  1.03775e-08
          110    1.056e-08
          126   1.0928e-08
          156  1.17548e-08
          105  1.31757e-08
           36  1.41448e-08
           61  1.43879e-08
           62  1.46344e-08
          147  1.59562e-08
          142  1.59598e-08
          106  1.60569e-08
          100  1.75352e-08
           86  1.84386e-08
           65  1.84401e-08
           45   2.0142e-08
          111  2.16102e-08
           94  2.24821e-08
          155  2.27956e-08
          118  2.29496e-08
          132  2.30756e-08
          137  2.41402e-08
            2  2.41757e-08
           52  2.52205e-08
          124  2.53325e-08
           31   2.5459e-08
          112     2.62e-08
          107  2.83949e-08
          152  2.85024e-08
            3  2.91251e-08
          139   3.1147e-08
          123  3.14442e-08
          151   3.1856e-08
           81  3.21138e-08
          113   3.3134e-08
          150  3.33862e-08
           97  3.39807e-08
          103  3.40221e-08
           74   3.4161e-08
            4  3.41911e-08
           15  3.43817e-08
           60  3.47914e-08
          145  3.60204e-08
           39  3.60817e-08
           57  3.64753e-08
           34  3.67842e-08
          163  3.69041e-08
          117  3.84412e-08
          104  3.86639e-08
          146   3.8745e-08
          144  3.92262e-08
           13  3.97711e-08
           48  4.06518e-08
           91  4.29965e-08
           21  4.37263e-08
          141  4.53346e-08
           90  4.58322e-08
           99  4.63743e-08
          148  4.65905e-08
           56  4.65954e-08
          116   4.7117e-08
          135  4.73694e-08
           55  4.92465e-08
           18  5.07439e-08
            6  5.10269e-08
          122  5.11184e-08
           54  5.23511e-08
           85   5.2922e-08
           64  5.29327e-08
           25  5.55872e-08
           78  5.73106e-08
           89  5.92487e-08
           76  5.98311e-08
           77  6.01697e-08
           70  6.44112e-08
           50   6.6351e-08
           80  6.69117e-08
           40  6.70291e-08
           58  6.77796e-08
          101  6.86972e-08
          143  7.11389e-08
           16  7.19756e-08
           98  7.87179e-08
           68  8.18064e-08
           32  8.44659e-08
           88  1.00684e-07
           46  1.00926e-07
           96  1.02783e-07
           26  1.05886e-07
           43  1.12143e-07
           93  1.17273e-07
           35  1.17586e-07
           83  1.18214e-07
           66  1.18577e-07
           79  1.31061e-07
           72  1.34142e-07
           24  1.37348e-07
           47  1.45718e-07
           29  1.51875e-07
           44  1.52213e-07
          159    1.527e-07
            5  1.58603e-07
           41  1.64734e-07
          164  1.65863e-07
           20  1.74183e-07
           51  1.76329e-07
           33  1.80969e-07
          158  1.88131e-07
            7  1.92974e-07
           82  2.07658e-07
           67  2.30815e-07
           53   2.3704e-07
           37  2.50062e-07
          165  2.76574e-07
           11  2.92012e-07
            8  3.39011e-07
          160  3.62297e-07
           17  3.70429e-07
           75  3.77269e-07
           73  4.25635e-07
           23  4.65069e-07
           49  5.01931e-07
           28  5.56625e-07
           71  6.52335e-07
           38  6.66006e-07
           12  7.01879e-07
           10   1.0256e-06
            9  1.09954e-06
            1  1.53297e-06
