165
 5.74186e-08 1.60626e-09 -3.6628e-09 8.49077e-08 1.01802e-08 6.52347e-09 -8.3576e-10 1.51976e-08 1.52783e-08 -2.30837e-07 3.22141e-09 -1.67382e-07 3.33299e-08 2.48711e-07 1.12296e-07 4.64502e-08 1.95545e-08 3.56472e-08 3.46781e-08 -6.77991e-07 1.33586e-07 9.17527e-08 2.86294e-07 -1.0923e-08 9.07065e-09 9.39716e-09 2.51765e-09 -4.97536e-07 5.99522e-08 -2.29461e-08 -1.94658e-08 1.42224e-08 -1.77812e-08 -3.42089e-09 1.97574e-08 4.02023e-09 -8.39766e-08 -2.65497e-07 -5.03117e-09 -4.21939e-08 -1.00183e-07 1.22267e-08 3.50021e-08 1.13232e-07 -3.81476e-09 -9.41478e-07 9.00813e-07 -5.35917e-07 2.6263e-07 -4.41225e-09 5.13429e-08 -6.39117e-08 1.47725e-07 1.91723e-08 1.52326e-08 -1.37588e-10 -4.2186e-10 -4.95874e-09 1.27923e-08 -1.06794e-10 5.95875e-09 2.61154e-09 4.57341e-09 4.12968e-08 -5.03963e-09 1.84926e-08 -2.97301e-07 6.44497e-08 -5.03968e-09 1.28342e-07 2.27097e-07 3.87016e-09 7.00959e-08 2.35019e-08 -1.02542e-07 -1.70427e-07 4.07599e-09 8.70896e-09 1.32837e-08 -7.33311e-08 3.82236e-07 -2.03869e-08 3.70738e-08 3.76469e-09 7.27738e-08 -9.95559e-09 4.06433e-07 3.78971e-08 -4.97463e-08 1.11314e-08 -1.31547e-08 -6.40409e-08 3.62596e-07 -2.49427e-07 -2.26938e-07 7.69485e-07 -2.4273e-08 -5.71763e-08 2.02925e-08 -3.1492e-07 5.72033e-07 -2.28564e-08 -8.81084e-10 -1.99916e-08 -1.55431e-08 -1.32109e-08 -1.05906e-08 -1.1211e-08 -7.97915e-09 -1.38903e-08 -1.91725e-08 -9.81419e-09 -1.46691e-08 -1.64133e-08 -1.88273e-08 -1.27796e-08 -9.66045e-09 -8.93627e-09 -5.5071e-09 -2.86187e-09 5.16786e-09 -8.16966e-09 -1.48777e-08 -1.59485e-08 9.99237e-09 -1.91912e-08 -2.7461e-08 1.13265e-08 -3.74111e-08 -1.10566e-08 -1.79569e-08 -6.54796e-09 -1.18718e-08 -1.93973e-08 -1.82194e-09 -2.89915e-08 -1.72512e-08 -1.31656e-08 -2.50123e-08 -1.8872e-08 -2.01868e-08 -1.97571e-08 -1.78928e-08 -1.25246e-08 -1.17986e-08 -1.79481e-08 -2.12156e-08 -1.60701e-08 -8.67086e-09 -1.44319e-08 -7.4381e-09 -1.1439e-08 -1.79673e-08 -1.19105e-08 -1.11467e-08 -1.9367e-08 -3.28053e-08 3.31009e-08 -8.32585e-08 -6.36822e-08 -2.6767e-09 -2.49941e-08 1.55527e-08 3.1368e-08 -2.08867e-08

         1  5.74186e-08
         2  1.60626e-09
         3  -3.6628e-09
         4  8.49077e-08
         5  1.01802e-08
         6  6.52347e-09
         7  -8.3576e-10
         8  1.51976e-08
         9  1.52783e-08
        10 -2.30837e-07
        11  3.22141e-09
        12 -1.67382e-07
        13  3.33299e-08
        14  2.48711e-07
        15  1.12296e-07
        16  4.64502e-08
        17  1.95545e-08
        18  3.56472e-08
        19  3.46781e-08
        20 -6.77991e-07
        21  1.33586e-07
        22  9.17527e-08
        23  2.86294e-07
        24  -1.0923e-08
        25  9.07065e-09
        26  9.39716e-09
        27  2.51765e-09
        28 -4.97536e-07
        29  5.99522e-08
        30 -2.29461e-08
        31 -1.94658e-08
        32  1.42224e-08
        33 -1.77812e-08
        34 -3.42089e-09
        35  1.97574e-08
        36  4.02023e-09
        37 -8.39766e-08
        38 -2.65497e-07
        39 -5.03117e-09
        40 -4.21939e-08
        41 -1.00183e-07
        42  1.22267e-08
        43  3.50021e-08
        44  1.13232e-07
        45 -3.81476e-09
        46 -9.41478e-07
        47  9.00813e-07
        48 -5.35917e-07
        49   2.6263e-07
        50 -4.41225e-09
        51  5.13429e-08
        52 -6.39117e-08
        53  1.47725e-07
        54  1.91723e-08
        55  1.52326e-08
        56 -1.37588e-10
        57  -4.2186e-10
        58 -4.95874e-09
        59  1.27923e-08
        60 -1.06794e-10
        61  5.95875e-09
        62  2.61154e-09
        63  4.57341e-09
        64  4.12968e-08
        65 -5.03963e-09
        66  1.84926e-08
        67 -2.97301e-07
        68  6.44497e-08
        69 -5.03968e-09
        70  1.28342e-07
        71  2.27097e-07
        72  3.87016e-09
        73  7.00959e-08
        74  2.35019e-08
        75 -1.02542e-07
        76 -1.70427e-07
        77  4.07599e-09
        78  8.70896e-09
        79  1.32837e-08
        80 -7.33311e-08
        81  3.82236e-07
        82 -2.03869e-08
        83  3.70738e-08
        84  3.76469e-09
        85  7.27738e-08
        86 -9.95559e-09
        87  4.06433e-07
        88  3.78971e-08
        89 -4.97463e-08
        90  1.11314e-08
        91 -1.31547e-08
        92 -6.40409e-08
        93  3.62596e-07
        94 -2.49427e-07
        95 -2.26938e-07
        96  7.69485e-07
        97  -2.4273e-08
        98 -5.71763e-08
        99  2.02925e-08
       100  -3.1492e-07
       101  5.72033e-07
       102 -2.28564e-08
       103 -8.81084e-10
       104 -1.99916e-08
       105 -1.55431e-08
       106 -1.32109e-08
       107 -1.05906e-08
       108  -1.1211e-08
       109 -7.97915e-09
       110 -1.38903e-08
       111 -1.91725e-08
       112 -9.81419e-09
       113 -1.46691e-08
       114 -1.64133e-08
       115 -1.88273e-08
       116 -1.27796e-08
       117 -9.66045e-09
       118 -8.93627e-09
       119  -5.5071e-09
       120 -2.86187e-09
       121  5.16786e-09
       122 -8.16966e-09
       123 -1.48777e-08
       124 -1.59485e-08
       125  9.99237e-09
       126 -1.91912e-08
       127  -2.7461e-08
       128  1.13265e-08
       129 -3.74111e-08
       130 -1.10566e-08
       131 -1.79569e-08
       132 -6.54796e-09
       133 -1.18718e-08
       134 -1.93973e-08
       135 -1.82194e-09
       136 -2.89915e-08
       137 -1.72512e-08
       138 -1.31656e-08
       139 -2.50123e-08
       140  -1.8872e-08
       141 -2.01868e-08
       142 -1.97571e-08
       143 -1.78928e-08
       144 -1.25246e-08
       145 -1.17986e-08
       146 -1.79481e-08
       147 -2.12156e-08
       148 -1.60701e-08
       149 -8.67086e-09
       150 -1.44319e-08
       151  -7.4381e-09
       152  -1.1439e-08
       153 -1.79673e-08
       154 -1.19105e-08
       155 -1.11467e-08
       156  -1.9367e-08
       157 -3.28053e-08
       158  3.31009e-08
       159 -8.32585e-08
       160 -6.36822e-08
       161  -2.6767e-09
       162 -2.49941e-08
       163  1.55527e-08
       164   3.1368e-08
       165 -2.08867e-08
