165
 7.25065e-07 6.8522e-08 -1.94191e-07 -4.36879e-08 7.49432e-08 -5.79841e-08 -3.50474e-09 -1.03251e-07 9.66755e-09 1.13225e-06 -1.48349e-07 1.02451e-06 -3.75177e-07 -2.85841e-07 7.79988e-08 9.09129e-08 -6.3207e-07 -5.00776e-08 6.502e-09 -1.31143e-06 3.92019e-07 4.18396e-08 1.3056e-06 -1.186e-07 -1.24573e-08 -1.10823e-07 -2.14208e-07 9.22647e-08 -2.25223e-07 -1.33113e-07 -2.5192e-08 3.39977e-07 6.2304e-08 -4.72459e-08 1.036e-08 7.46561e-08 -4.95765e-07 -8.94946e-07 -3.43421e-08 2.64665e-07 1.27136e-06 3.47147e-08 -1.84887e-07 -2.21136e-07 1.621e-07 -2.82891e-07 -3.6694e-07 8.98803e-09 1.31984e-07 -3.17044e-08 -2.12933e-08 -5.57116e-08 -5.65558e-08 -6.26585e-09 -3.94241e-08 8.56258e-08 -4.70701e-07 1.68366e-08 -1.52771e-07 7.72795e-08 -3.17137e-08 3.6739e-08 4.89401e-08 4.23229e-08 3.39124e-07 5.79201e-08 3.13053e-08 4.16312e-08 1.23859e-09 2.20549e-07 -5.77998e-07 7.87523e-08 3.25423e-07 -2.51831e-08 -3.36557e-07 -1.00067e-07 4.52494e-08 3.50401e-08 6.32309e-08 -3.12761e-07 3.4404e-07 -3.10696e-07 -1.89339e-07 7.84673e-08 -7.71005e-08 3.88446e-08 -3.3193e-07 -1.49087e-07 -4.77284e-07 3.33353e-07 -1.95939e-08 -1.48244e-07 -2.585e-07 4.84831e-08 9.95817e-08 -1.48415e-07 7.54161e-08 1.53511e-08 1.60135e-08 1.00919e-07 3.4225e-08 1.05236e-08 4.5958e-08 -1.56481e-08 9.16856e-09 3.21488e-08 4.47443e-08 3.3289e-08 1.99019e-08 7.17604e-08 1.82264e-08 -1.72675e-08 -2.1332e-08 -3.4932e-08 -1.53824e-08 2.70147e-08 1.99287e-08 5.62536e-08 7.81702e-08 2.59641e-08 -5.64068e-08 -4.2384e-08 3.21079e-08 3.12775e-08 5.09219e-08 3.77008e-09 4.86365e-08 1.50405e-08 -5.58965e-09 2.29147e-08 6.26472e-09 -4.92213e-09 9.48905e-08 -3.98211e-08 -1.34644e-07 -7.92666e-08 1.03182e-07 -4.41059e-08 -7.41237e-08 -6.09835e-08 -1.03923e-09 -9.85478e-09 7.22581e-08 -4.53647e-09 4.36098e-08 -4.95457e-08 -1.4085e-07 2.82389e-08 -9.62223e-08 -1.23507e-07 -2.8559e-08 2.54487e-08 -1.69415e-08 -9.0423e-08 -5.10692e-10 -4.24541e-08 3.99522e-08 -1.27071e-06 -4.23035e-07 -1.71672e-06 -1.95199e-07 -5.50559e-08 4.16961e-06 3.51726e-06 -4.54028e-05

         1  7.25065e-07
         2   6.8522e-08
         3 -1.94191e-07
         4 -4.36879e-08
         5  7.49432e-08
         6 -5.79841e-08
         7 -3.50474e-09
         8 -1.03251e-07
         9  9.66755e-09
        10  1.13225e-06
        11 -1.48349e-07
        12  1.02451e-06
        13 -3.75177e-07
        14 -2.85841e-07
        15  7.79988e-08
        16  9.09129e-08
        17  -6.3207e-07
        18 -5.00776e-08
        19    6.502e-09
        20 -1.31143e-06
        21  3.92019e-07
        22  4.18396e-08
        23   1.3056e-06
        24   -1.186e-07
        25 -1.24573e-08
        26 -1.10823e-07
        27 -2.14208e-07
        28  9.22647e-08
        29 -2.25223e-07
        30 -1.33113e-07
        31  -2.5192e-08
        32  3.39977e-07
        33   6.2304e-08
        34 -4.72459e-08
        35    1.036e-08
        36  7.46561e-08
        37 -4.95765e-07
        38 -8.94946e-07
        39 -3.43421e-08
        40  2.64665e-07
        41  1.27136e-06
        42  3.47147e-08
        43 -1.84887e-07
        44 -2.21136e-07
        45    1.621e-07
        46 -2.82891e-07
        47  -3.6694e-07
        48  8.98803e-09
        49  1.31984e-07
        50 -3.17044e-08
        51 -2.12933e-08
        52 -5.57116e-08
        53 -5.65558e-08
        54 -6.26585e-09
        55 -3.94241e-08
        56  8.56258e-08
        57 -4.70701e-07
        58  1.68366e-08
        59 -1.52771e-07
        60  7.72795e-08
        61 -3.17137e-08
        62   3.6739e-08
        63  4.89401e-08
        64  4.23229e-08
        65  3.39124e-07
        66  5.79201e-08
        67  3.13053e-08
        68  4.16312e-08
        69  1.23859e-09
        70  2.20549e-07
        71 -5.77998e-07
        72  7.87523e-08
        73  3.25423e-07
        74 -2.51831e-08
        75 -3.36557e-07
        76 -1.00067e-07
        77  4.52494e-08
        78  3.50401e-08
        79  6.32309e-08
        80 -3.12761e-07
        81   3.4404e-07
        82 -3.10696e-07
        83 -1.89339e-07
        84  7.84673e-08
        85 -7.71005e-08
        86  3.88446e-08
        87  -3.3193e-07
        88 -1.49087e-07
        89 -4.77284e-07
        90  3.33353e-07
        91 -1.95939e-08
        92 -1.48244e-07
        93   -2.585e-07
        94  4.84831e-08
        95  9.95817e-08
        96 -1.48415e-07
        97  7.54161e-08
        98  1.53511e-08
        99  1.60135e-08
       100  1.00919e-07
       101   3.4225e-08
       102  1.05236e-08
       103   4.5958e-08
       104 -1.56481e-08
       105  9.16856e-09
       106  3.21488e-08
       107  4.47443e-08
       108   3.3289e-08
       109  1.99019e-08
       110  7.17604e-08
       111  1.82264e-08
       112 -1.72675e-08
       113  -2.1332e-08
       114  -3.4932e-08
       115 -1.53824e-08
       116  2.70147e-08
       117  1.99287e-08
       118  5.62536e-08
       119  7.81702e-08
       120  2.59641e-08
       121 -5.64068e-08
       122  -4.2384e-08
       123  3.21079e-08
       124  3.12775e-08
       125  5.09219e-08
       126  3.77008e-09
       127  4.86365e-08
       128  1.50405e-08
       129 -5.58965e-09
       130  2.29147e-08
       131  6.26472e-09
       132 -4.92213e-09
       133  9.48905e-08
       134 -3.98211e-08
       135 -1.34644e-07
       136 -7.92666e-08
       137  1.03182e-07
       138 -4.41059e-08
       139 -7.41237e-08
       140 -6.09835e-08
       141 -1.03923e-09
       142 -9.85478e-09
       143  7.22581e-08
       144 -4.53647e-09
       145  4.36098e-08
       146 -4.95457e-08
       147  -1.4085e-07
       148  2.82389e-08
       149 -9.62223e-08
       150 -1.23507e-07
       151  -2.8559e-08
       152  2.54487e-08
       153 -1.69415e-08
       154  -9.0423e-08
       155 -5.10692e-10
       156 -4.24541e-08
       157  3.99522e-08
       158 -1.27071e-06
       159 -4.23035e-07
       160 -1.71672e-06
       161 -1.95199e-07
       162 -5.50559e-08
       163  4.16961e-06
       164  3.51726e-06
       165 -4.54028e-05
