          155  5.10692e-10
          141  1.03923e-09
           69  1.23859e-09
            7  3.50474e-09
          126  3.77008e-09
          144  4.53647e-09
          132  4.92213e-09
          129  5.58965e-09
          131  6.26472e-09
           54  6.26585e-09
           19    6.502e-09
           48  8.98803e-09
          105  9.16856e-09
            9  9.66755e-09
          142  9.85478e-09
           35    1.036e-08
          102  1.05236e-08
           25  1.24573e-08
          128  1.50405e-08
           98  1.53511e-08
          115  1.53824e-08
          104  1.56481e-08
           99  1.60135e-08
           58  1.68366e-08
          153  1.69415e-08
          112  1.72675e-08
          111  1.82264e-08
           91  1.95939e-08
          109  1.99019e-08
          117  1.99287e-08
           51  2.12933e-08
          113   2.1332e-08
          130  2.29147e-08
           74  2.51831e-08
           31   2.5192e-08
          152  2.54487e-08
          120  2.59641e-08
          116  2.70147e-08
          148  2.82389e-08
          151   2.8559e-08
          124  3.12775e-08
           67  3.13053e-08
           50  3.17044e-08
           61  3.17137e-08
          123  3.21079e-08
          106  3.21488e-08
          108   3.3289e-08
          101   3.4225e-08
           39  3.43421e-08
           42  3.47147e-08
          114   3.4932e-08
           78  3.50401e-08
           62   3.6739e-08
           86  3.88446e-08
           55  3.94241e-08
          134  3.98211e-08
          157  3.99522e-08
           68  4.16312e-08
           22  4.18396e-08
           64  4.23229e-08
          122   4.2384e-08
          156  4.24541e-08
          145  4.36098e-08
            4  4.36879e-08
          138  4.41059e-08
          107  4.47443e-08
           77  4.52494e-08
          103   4.5958e-08
           34  4.72459e-08
           94  4.84831e-08
          127  4.86365e-08
           63  4.89401e-08
          146  4.95457e-08
           18  5.00776e-08
          125  5.09219e-08
          162  5.50559e-08
           52  5.57116e-08
          118  5.62536e-08
          121  5.64068e-08
           53  5.65558e-08
           66  5.79201e-08
            6  5.79841e-08
          140  6.09835e-08
           33   6.2304e-08
           79  6.32309e-08
            2   6.8522e-08
          110  7.17604e-08
          143  7.22581e-08
          139  7.41237e-08
           36  7.46561e-08
            5  7.49432e-08
           97  7.54161e-08
           85  7.71005e-08
           60  7.72795e-08
           15  7.79988e-08
          119  7.81702e-08
           84  7.84673e-08
           72  7.87523e-08
          136  7.92666e-08
           56  8.56258e-08
          154   9.0423e-08
           16  9.09129e-08
           28  9.22647e-08
          133  9.48905e-08
          149  9.62223e-08
           95  9.95817e-08
           76  1.00067e-07
          100  1.00919e-07
          137  1.03182e-07
            8  1.03251e-07
           26  1.10823e-07
           24    1.186e-07
          150  1.23507e-07
           49  1.31984e-07
           30  1.33113e-07
          135  1.34644e-07
          147   1.4085e-07
           92  1.48244e-07
           11  1.48349e-07
           96  1.48415e-07
           88  1.49087e-07
           59  1.52771e-07
           45    1.621e-07
           43  1.84887e-07
           83  1.89339e-07
            3  1.94191e-07
          161  1.95199e-07
           27  2.14208e-07
           70  2.20549e-07
           44  2.21136e-07
           29  2.25223e-07
           93    2.585e-07
           40  2.64665e-07
           46  2.82891e-07
           14  2.85841e-07
           82  3.10696e-07
           80  3.12761e-07
           73  3.25423e-07
           87   3.3193e-07
           90  3.33353e-07
           75  3.36557e-07
           65  3.39124e-07
           32  3.39977e-07
           81   3.4404e-07
           47   3.6694e-07
           13  3.75177e-07
           21  3.92019e-07
          159  4.23035e-07
           57  4.70701e-07
           89  4.77284e-07
           37  4.95765e-07
           71  5.77998e-07
           17   6.3207e-07
            1  7.25065e-07
           38  8.94946e-07
           12  1.02451e-06
           10  1.13225e-06
          158  1.27071e-06
           41  1.27136e-06
           23   1.3056e-06
           20  1.31143e-06
          160  1.71672e-06
          164  3.51726e-06
          163  4.16961e-06
          165  4.54028e-05
