165
 4.51679e-07 2.35089e-09 -9.16036e-09 9.23407e-09 -9.23199e-09 -7.58459e-08 4.98789e-08 -1.29408e-07 -4.03855e-07 4.43367e-07 -2.02549e-08 2.68813e-07 1.39221e-08 7.07654e-10 4.95358e-08 1.2754e-08 5.24584e-07 -8.93446e-08 2.88096e-08 3.78032e-07 -2.52457e-07 -2.93254e-09 -2.76852e-08 -6.47219e-08 -9.64867e-09 1.20207e-08 -3.15966e-09 7.57333e-07 -1.03267e-07 1.11536e-07 1.41219e-07 -5.48209e-08 2.82775e-07 2.64472e-08 -1.18323e-08 6.77897e-08 9.16986e-07 6.8387e-07 -4.44457e-08 9.42915e-09 3.64604e-07 -5.35751e-10 -6.0406e-07 -1.40395e-06 2.0563e-07 -2.34403e-07 -3.75222e-07 4.91123e-07 1.78004e-07 -1.42509e-08 5.87137e-08 -3.57851e-08 -2.89662e-07 2.66552e-08 -4.40855e-08 3.97803e-08 3.22615e-07 1.63675e-08 9.72861e-08 -1.2332e-07 2.84532e-08 -2.87339e-09 3.28546e-08 -7.72654e-08 1.51005e-08 -1.05458e-07 1.33609e-06 -1.83279e-07 3.43257e-08 -4.79934e-09 -4.58577e-07 7.37744e-08 -1.66058e-06 -1.08442e-07 1.82692e-06 1.12468e-07 3.38743e-08 -4.40833e-07 -1.61191e-07 2.36017e-08 -2.7262e-07 -1.86882e-07 -2.81681e-09 -1.72483e-09 -1.48687e-08 1.63356e-08 -1.94801e-07 -1.04159e-07 9.36042e-08 1.50921e-09 -1.74213e-08 -7.45051e-07 2.09957e-06 -6.29686e-07 -7.60478e-07 4.12664e-07 -3.90066e-08 -1.14694e-08 3.80754e-08 2.79002e-07 -7.68682e-07 2.2594e-08 5.33866e-09 8.87755e-09 7.00186e-09 -1.18323e-08 -3.51947e-08 -2.30209e-08 -1.97949e-08 2.70537e-08 -2.05901e-08 2.3197e-11 -7.48623e-09 -1.47035e-08 -3.23571e-09 -7.7049e-09 -4.37074e-09 -1.14329e-08 -1.88389e-08 -1.01979e-08 -5.45122e-08 -2.20959e-09 -3.31438e-10 6.03791e-08 -3.2693e-08 2.38787e-09 3.80323e-09 1.01233e-09 1.02253e-08 2.89211e-08 2.63439e-09 6.02245e-09 -1.69908e-08 2.56507e-08 3.05927e-08 2.34008e-08 6.42825e-09 9.62321e-09 -1.13768e-08 3.76034e-08 2.97572e-08 -1.26421e-08 1.37143e-08 8.51059e-09 -5.50447e-09 7.56682e-11 1.80875e-08 -8.37244e-09 1.9853e-08 2.08989e-08 1.29625e-08 2.92046e-09 3.41595e-09 -8.10807e-09 1.64349e-08 -4.33505e-09 1.79918e-08 3.89337e-07 -8.7353e-09 2.93863e-08 1.36567e-08 5.71315e-08 7.27376e-07 -2.2773e-07 -5.46152e-06

         1  4.51679e-07
         2  2.35089e-09
         3 -9.16036e-09
         4  9.23407e-09
         5 -9.23199e-09
         6 -7.58459e-08
         7  4.98789e-08
         8 -1.29408e-07
         9 -4.03855e-07
        10  4.43367e-07
        11 -2.02549e-08
        12  2.68813e-07
        13  1.39221e-08
        14  7.07654e-10
        15  4.95358e-08
        16   1.2754e-08
        17  5.24584e-07
        18 -8.93446e-08
        19  2.88096e-08
        20  3.78032e-07
        21 -2.52457e-07
        22 -2.93254e-09
        23 -2.76852e-08
        24 -6.47219e-08
        25 -9.64867e-09
        26  1.20207e-08
        27 -3.15966e-09
        28  7.57333e-07
        29 -1.03267e-07
        30  1.11536e-07
        31  1.41219e-07
        32 -5.48209e-08
        33  2.82775e-07
        34  2.64472e-08
        35 -1.18323e-08
        36  6.77897e-08
        37  9.16986e-07
        38   6.8387e-07
        39 -4.44457e-08
        40  9.42915e-09
        41  3.64604e-07
        42 -5.35751e-10
        43  -6.0406e-07
        44 -1.40395e-06
        45   2.0563e-07
        46 -2.34403e-07
        47 -3.75222e-07
        48  4.91123e-07
        49  1.78004e-07
        50 -1.42509e-08
        51  5.87137e-08
        52 -3.57851e-08
        53 -2.89662e-07
        54  2.66552e-08
        55 -4.40855e-08
        56  3.97803e-08
        57  3.22615e-07
        58  1.63675e-08
        59  9.72861e-08
        60  -1.2332e-07
        61  2.84532e-08
        62 -2.87339e-09
        63  3.28546e-08
        64 -7.72654e-08
        65  1.51005e-08
        66 -1.05458e-07
        67  1.33609e-06
        68 -1.83279e-07
        69  3.43257e-08
        70 -4.79934e-09
        71 -4.58577e-07
        72  7.37744e-08
        73 -1.66058e-06
        74 -1.08442e-07
        75  1.82692e-06
        76  1.12468e-07
        77  3.38743e-08
        78 -4.40833e-07
        79 -1.61191e-07
        80  2.36017e-08
        81  -2.7262e-07
        82 -1.86882e-07
        83 -2.81681e-09
        84 -1.72483e-09
        85 -1.48687e-08
        86  1.63356e-08
        87 -1.94801e-07
        88 -1.04159e-07
        89  9.36042e-08
        90  1.50921e-09
        91 -1.74213e-08
        92 -7.45051e-07
        93  2.09957e-06
        94 -6.29686e-07
        95 -7.60478e-07
        96  4.12664e-07
        97 -3.90066e-08
        98 -1.14694e-08
        99  3.80754e-08
       100  2.79002e-07
       101 -7.68682e-07
       102   2.2594e-08
       103  5.33866e-09
       104  8.87755e-09
       105  7.00186e-09
       106 -1.18323e-08
       107 -3.51947e-08
       108 -2.30209e-08
       109 -1.97949e-08
       110  2.70537e-08
       111 -2.05901e-08
       112   2.3197e-11
       113 -7.48623e-09
       114 -1.47035e-08
       115 -3.23571e-09
       116  -7.7049e-09
       117 -4.37074e-09
       118 -1.14329e-08
       119 -1.88389e-08
       120 -1.01979e-08
       121 -5.45122e-08
       122 -2.20959e-09
       123 -3.31438e-10
       124  6.03791e-08
       125  -3.2693e-08
       126  2.38787e-09
       127  3.80323e-09
       128  1.01233e-09
       129  1.02253e-08
       130  2.89211e-08
       131  2.63439e-09
       132  6.02245e-09
       133 -1.69908e-08
       134  2.56507e-08
       135  3.05927e-08
       136  2.34008e-08
       137  6.42825e-09
       138  9.62321e-09
       139 -1.13768e-08
       140  3.76034e-08
       141  2.97572e-08
       142 -1.26421e-08
       143  1.37143e-08
       144  8.51059e-09
       145 -5.50447e-09
       146  7.56682e-11
       147  1.80875e-08
       148 -8.37244e-09
       149   1.9853e-08
       150  2.08989e-08
       151  1.29625e-08
       152  2.92046e-09
       153  3.41595e-09
       154 -8.10807e-09
       155  1.64349e-08
       156 -4.33505e-09
       157  1.79918e-08
       158  3.89337e-07
       159  -8.7353e-09
       160  2.93863e-08
       161  1.36567e-08
       162  5.71315e-08
       163  7.27376e-07
       164  -2.2773e-07
       165 -5.46152e-06
