          112   2.3197e-11
          146  7.56682e-11
          123  3.31438e-10
           42  5.35751e-10
           14  7.07654e-10
          128  1.01233e-09
           90  1.50921e-09
           84  1.72483e-09
          122  2.20959e-09
            2  2.35089e-09
          126  2.38787e-09
          131  2.63439e-09
           83  2.81681e-09
           62  2.87339e-09
          152  2.92046e-09
           22  2.93254e-09
           27  3.15966e-09
          115  3.23571e-09
          153  3.41595e-09
          127  3.80323e-09
          156  4.33505e-09
          117  4.37074e-09
           70  4.79934e-09
          103  5.33866e-09
          145  5.50447e-09
          132  6.02245e-09
          137  6.42825e-09
          105  7.00186e-09
          113  7.48623e-09
          116   7.7049e-09
          154  8.10807e-09
          148  8.37244e-09
          144  8.51059e-09
          159   8.7353e-09
          104  8.87755e-09
            3  9.16036e-09
            5  9.23199e-09
            4  9.23407e-09
           40  9.42915e-09
          138  9.62321e-09
           25  9.64867e-09
          120  1.01979e-08
          129  1.02253e-08
          139  1.13768e-08
          118  1.14329e-08
           98  1.14694e-08
           35  1.18323e-08
          106  1.18323e-08
           26  1.20207e-08
          142  1.26421e-08
           16   1.2754e-08
          151  1.29625e-08
          161  1.36567e-08
          143  1.37143e-08
           13  1.39221e-08
           50  1.42509e-08
          114  1.47035e-08
           85  1.48687e-08
           65  1.51005e-08
           86  1.63356e-08
           58  1.63675e-08
          155  1.64349e-08
          133  1.69908e-08
           91  1.74213e-08
          157  1.79918e-08
          147  1.80875e-08
          119  1.88389e-08
          109  1.97949e-08
          149   1.9853e-08
           11  2.02549e-08
          111  2.05901e-08
          150  2.08989e-08
          102   2.2594e-08
          108  2.30209e-08
          136  2.34008e-08
           80  2.36017e-08
          134  2.56507e-08
           34  2.64472e-08
           54  2.66552e-08
          110  2.70537e-08
           23  2.76852e-08
           61  2.84532e-08
           19  2.88096e-08
          130  2.89211e-08
          160  2.93863e-08
          141  2.97572e-08
          135  3.05927e-08
          125   3.2693e-08
           63  3.28546e-08
           77  3.38743e-08
           69  3.43257e-08
          107  3.51947e-08
           52  3.57851e-08
          140  3.76034e-08
           99  3.80754e-08
           97  3.90066e-08
           56  3.97803e-08
           55  4.40855e-08
           39  4.44457e-08
           15  4.95358e-08
            7  4.98789e-08
          121  5.45122e-08
           32  5.48209e-08
          162  5.71315e-08
           51  5.87137e-08
          124  6.03791e-08
           24  6.47219e-08
           36  6.77897e-08
           72  7.37744e-08
            6  7.58459e-08
           64  7.72654e-08
           18  8.93446e-08
           89  9.36042e-08
           59  9.72861e-08
           29  1.03267e-07
           88  1.04159e-07
           66  1.05458e-07
           74  1.08442e-07
           30  1.11536e-07
           76  1.12468e-07
           60   1.2332e-07
            8  1.29408e-07
           31  1.41219e-07
           79  1.61191e-07
           49  1.78004e-07
           68  1.83279e-07
           82  1.86882e-07
           87  1.94801e-07
           45   2.0563e-07
          164   2.2773e-07
           46  2.34403e-07
           21  2.52457e-07
           12  2.68813e-07
           81   2.7262e-07
          100  2.79002e-07
           33  2.82775e-07
           53  2.89662e-07
           57  3.22615e-07
           41  3.64604e-07
           47  3.75222e-07
           20  3.78032e-07
          158  3.89337e-07
            9  4.03855e-07
           96  4.12664e-07
           78  4.40833e-07
           10  4.43367e-07
            1  4.51679e-07
           71  4.58577e-07
           48  4.91123e-07
           17  5.24584e-07
           43   6.0406e-07
           94  6.29686e-07
           38   6.8387e-07
          163  7.27376e-07
           92  7.45051e-07
           28  7.57333e-07
           95  7.60478e-07
          101  7.68682e-07
           37  9.16986e-07
           67  1.33609e-06
           44  1.40395e-06
           73  1.66058e-06
           75  1.82692e-06
           93  2.09957e-06
          165  5.46152e-06
