165
 1.18988e-07 -1.73828e-07 -5.28857e-08 6.99718e-08 -1.42882e-07 7.69259e-08 -1.46625e-07 -3.44481e-08 1.90463e-06 -9.00557e-08 -3.41851e-08 1.80548e-07 1.16542e-08 -3.08187e-07 2.07589e-08 3.60758e-08 2.37949e-06 7.92198e-09 8.77227e-09 -1.30603e-06 1.89365e-07 6.96149e-08 4.77625e-07 -4.07324e-08 -2.18904e-08 -1.14008e-07 7.96838e-08 -7.45906e-07 -5.30722e-08 5.8175e-08 1.5258e-08 -5.97705e-08 1.64585e-07 -6.78709e-09 -6.72877e-08 1.24284e-07 -4.95979e-07 -1.02589e-06 1.15273e-07 -1.42345e-07 -2.5012e-07 5.57688e-09 -4.52945e-07 -9.22224e-07 1.6969e-07 9.04045e-08 1.56768e-07 -1.48297e-07 -6.349e-08 5.40052e-09 -4.96163e-08 4.61962e-08 -5.25007e-07 -8.30218e-08 -8.16644e-08 1.20149e-07 -9.29862e-08 -3.837e-08 -1.30497e-08 5.05014e-08 -4.40218e-09 5.34501e-09 1.25601e-09 -3.65711e-08 1.45744e-08 -1.9992e-08 -1.51071e-06 3.62738e-07 -2.74245e-08 1.01511e-07 -3.82167e-07 1.60237e-08 1.53582e-06 2.46154e-07 -2.59566e-06 -2.33727e-07 1.40426e-08 -1.77309e-07 7.86312e-07 4.5744e-07 -2.76339e-06 -1.2249e-06 7.00545e-08 2.42527e-08 -1.91905e-07 4.51224e-08 -9.94573e-07 3.29536e-08 -1.00561e-08 -2.15528e-08 -1.72768e-08 -6.40112e-07 2.2324e-06 -3.24139e-07 -1.86365e-06 6.02805e-08 2.27655e-07 2.95748e-08 6.89242e-08 -5.55869e-07 1.58347e-06 -1.21054e-07 -1.77221e-07 5.72105e-08 9.29766e-09 -2.97801e-09 -2.18968e-09 -5.95803e-09 1.27633e-08 -6.48631e-08 6.09307e-08 -2.57692e-08 1.50158e-08 8.87626e-09 -5.66446e-09 -3.97129e-08 -3.12274e-08 1.10759e-08 -1.6191e-08 9.82647e-09 -2.48436e-09 -8.83615e-09 3.32212e-09 -2.23205e-08 -3.94618e-08 -2.02231e-08 3.68672e-09 -6.58452e-08 3.27373e-08 -4.50633e-08 -8.5008e-09 -9.11214e-09 -3.3505e-09 1.57929e-08 -4.3519e-08 1.31449e-09 -2.86168e-08 -1.62283e-08 -4.61068e-09 -3.04361e-09 5.387e-09 -3.57191e-09 -1.98554e-08 -2.61791e-08 -2.47043e-08 -1.73273e-08 -3.60205e-08 -1.9322e-08 -2.1796e-08 -1.19153e-08 -2.56768e-08 -4.25607e-09 -6.14015e-09 -1.48001e-08 -5.13984e-09 -1.16026e-09 3.63573e-09 -4.70212e-07 -6.38434e-08 7.50321e-08 9.12669e-09 6.78837e-08 -3.01002e-07 1.34849e-07 -3.00403e-08

         1  1.18988e-07
         2 -1.73828e-07
         3 -5.28857e-08
         4  6.99718e-08
         5 -1.42882e-07
         6  7.69259e-08
         7 -1.46625e-07
         8 -3.44481e-08
         9  1.90463e-06
        10 -9.00557e-08
        11 -3.41851e-08
        12  1.80548e-07
        13  1.16542e-08
        14 -3.08187e-07
        15  2.07589e-08
        16  3.60758e-08
        17  2.37949e-06
        18  7.92198e-09
        19  8.77227e-09
        20 -1.30603e-06
        21  1.89365e-07
        22  6.96149e-08
        23  4.77625e-07
        24 -4.07324e-08
        25 -2.18904e-08
        26 -1.14008e-07
        27  7.96838e-08
        28 -7.45906e-07
        29 -5.30722e-08
        30   5.8175e-08
        31   1.5258e-08
        32 -5.97705e-08
        33  1.64585e-07
        34 -6.78709e-09
        35 -6.72877e-08
        36  1.24284e-07
        37 -4.95979e-07
        38 -1.02589e-06
        39  1.15273e-07
        40 -1.42345e-07
        41  -2.5012e-07
        42  5.57688e-09
        43 -4.52945e-07
        44 -9.22224e-07
        45   1.6969e-07
        46  9.04045e-08
        47  1.56768e-07
        48 -1.48297e-07
        49   -6.349e-08
        50  5.40052e-09
        51 -4.96163e-08
        52  4.61962e-08
        53 -5.25007e-07
        54 -8.30218e-08
        55 -8.16644e-08
        56  1.20149e-07
        57 -9.29862e-08
        58   -3.837e-08
        59 -1.30497e-08
        60  5.05014e-08
        61 -4.40218e-09
        62  5.34501e-09
        63  1.25601e-09
        64 -3.65711e-08
        65  1.45744e-08
        66  -1.9992e-08
        67 -1.51071e-06
        68  3.62738e-07
        69 -2.74245e-08
        70  1.01511e-07
        71 -3.82167e-07
        72  1.60237e-08
        73  1.53582e-06
        74  2.46154e-07
        75 -2.59566e-06
        76 -2.33727e-07
        77  1.40426e-08
        78 -1.77309e-07
        79  7.86312e-07
        80   4.5744e-07
        81 -2.76339e-06
        82  -1.2249e-06
        83  7.00545e-08
        84  2.42527e-08
        85 -1.91905e-07
        86  4.51224e-08
        87 -9.94573e-07
        88  3.29536e-08
        89 -1.00561e-08
        90 -2.15528e-08
        91 -1.72768e-08
        92 -6.40112e-07
        93   2.2324e-06
        94 -3.24139e-07
        95 -1.86365e-06
        96  6.02805e-08
        97  2.27655e-07
        98  2.95748e-08
        99  6.89242e-08
       100 -5.55869e-07
       101  1.58347e-06
       102 -1.21054e-07
       103 -1.77221e-07
       104  5.72105e-08
       105  9.29766e-09
       106 -2.97801e-09
       107 -2.18968e-09
       108 -5.95803e-09
       109  1.27633e-08
       110 -6.48631e-08
       111  6.09307e-08
       112 -2.57692e-08
       113  1.50158e-08
       114  8.87626e-09
       115 -5.66446e-09
       116 -3.97129e-08
       117 -3.12274e-08
       118  1.10759e-08
       119  -1.6191e-08
       120  9.82647e-09
       121 -2.48436e-09
       122 -8.83615e-09
       123  3.32212e-09
       124 -2.23205e-08
       125 -3.94618e-08
       126 -2.02231e-08
       127  3.68672e-09
       128 -6.58452e-08
       129  3.27373e-08
       130 -4.50633e-08
       131  -8.5008e-09
       132 -9.11214e-09
       133  -3.3505e-09
       134  1.57929e-08
       135  -4.3519e-08
       136  1.31449e-09
       137 -2.86168e-08
       138 -1.62283e-08
       139 -4.61068e-09
       140 -3.04361e-09
       141    5.387e-09
       142 -3.57191e-09
       143 -1.98554e-08
       144 -2.61791e-08
       145 -2.47043e-08
       146 -1.73273e-08
       147 -3.60205e-08
       148  -1.9322e-08
       149  -2.1796e-08
       150 -1.19153e-08
       151 -2.56768e-08
       152 -4.25607e-09
       153 -6.14015e-09
       154 -1.48001e-08
       155 -5.13984e-09
       156 -1.16026e-09
       157  3.63573e-09
       158 -4.70212e-07
       159 -6.38434e-08
       160  7.50321e-08
       161  9.12669e-09
       162  6.78837e-08
       163 -3.01002e-07
       164  1.34849e-07
       165 -3.00403e-08
