165
 -2.47982e-08 1.38135e-07 -1.17368e-08 -3.60248e-08 6.55501e-07 -2.1095e-07 -1.06444e-06 -7.54169e-08 6.75492e-07 -3.71096e-08 5.19018e-08 -8.59077e-07 -1.77089e-07 -1.84016e-07 -3.87727e-10 -8.62458e-08 3.38233e-07 -1.00063e-08 4.9868e-09 -2.14729e-07 7.1914e-08 -2.68245e-08 -4.96707e-07 4.39463e-08 1.76155e-07 3.82594e-07 -7.24743e-08 8.54972e-09 2.20322e-07 -1.50583e-07 3.21635e-07 1.48809e-07 -4.00931e-07 1.88001e-07 9.61254e-08 -1.1457e-07 3.64052e-07 4.43977e-07 -2.57402e-08 -1.84927e-07 -1.07235e-06 3.0667e-09 3.54758e-08 -5.39877e-08 9.97731e-09 -1.03216e-07 -1.24654e-07 -2.28775e-08 -1.54775e-07 -3.66533e-08 6.22708e-07 -5.71111e-07 4.74462e-07 -3.75805e-08 -1.00067e-07 1.42456e-07 -1.85797e-07 -2.59317e-08 4.29291e-08 -1.03373e-08 1.43757e-08 -3.96974e-09 -9.15831e-08 3.65507e-08 9.28193e-09 -5.39068e-08 2.63832e-07 -1.37791e-07 5.17795e-07 -7.82832e-08 -6.91668e-07 4.20335e-08 -5.16093e-07 -9.57737e-08 9.09702e-07 -5.90019e-07 1.54517e-08 -3.21553e-07 1.13732e-06 -9.0214e-08 5.64747e-07 -1.91107e-07 -1.54943e-07 9.06407e-09 1.75033e-07 -2.39993e-08 7.07268e-07 2.17262e-08 2.05893e-08 -2.31477e-08 1.90253e-08 7.64338e-08 2.97723e-08 2.0763e-07 3.76562e-07 1.84467e-07 1.2085e-07 -2.958e-07 2.49579e-07 -1.07461e-06 -1.23655e-06 1.69818e-07 1.15424e-08 1.69779e-07 -1.06705e-07 7.69808e-08 -7.3976e-08 1.6306e-07 -3.54136e-08 -1.95514e-08 1.6442e-07 -1.48406e-07 1.02396e-07 -4.56633e-09 7.66143e-08 1.73289e-08 -4.83733e-08 1.12199e-07 -1.66796e-08 1.38671e-08 -1.44446e-09 -3.71832e-09 -9.13616e-09 7.66415e-09 4.3627e-08 2.03725e-08 -1.19864e-08 3.09502e-08 -4.37962e-09 1.80766e-08 2.78547e-08 1.03689e-08 -1.2945e-08 -1.13922e-08 2.45575e-08 3.20095e-08 1.18858e-08 3.32057e-08 1.93437e-08 3.32036e-08 4.19828e-08 1.03538e-08 2.85589e-08 1.77856e-08 2.23812e-08 2.15804e-08 2.75424e-08 1.6864e-08 1.81225e-08 1.46161e-08 4.55193e-08 1.84079e-08 4.31546e-08 5.11021e-09 5.64359e-08 3.02285e-08 3.33944e-08 6.5909e-08 1.36273e-08 3.58815e-08 -1.27678e-08 4.83913e-09 1.62274e-06 -2.16512e-07 -6.19637e-06

         1 -2.47982e-08
         2  1.38135e-07
         3 -1.17368e-08
         4 -3.60248e-08
         5  6.55501e-07
         6  -2.1095e-07
         7 -1.06444e-06
         8 -7.54169e-08
         9  6.75492e-07
        10 -3.71096e-08
        11  5.19018e-08
        12 -8.59077e-07
        13 -1.77089e-07
        14 -1.84016e-07
        15 -3.87727e-10
        16 -8.62458e-08
        17  3.38233e-07
        18 -1.00063e-08
        19   4.9868e-09
        20 -2.14729e-07
        21   7.1914e-08
        22 -2.68245e-08
        23 -4.96707e-07
        24  4.39463e-08
        25  1.76155e-07
        26  3.82594e-07
        27 -7.24743e-08
        28  8.54972e-09
        29  2.20322e-07
        30 -1.50583e-07
        31  3.21635e-07
        32  1.48809e-07
        33 -4.00931e-07
        34  1.88001e-07
        35  9.61254e-08
        36  -1.1457e-07
        37  3.64052e-07
        38  4.43977e-07
        39 -2.57402e-08
        40 -1.84927e-07
        41 -1.07235e-06
        42   3.0667e-09
        43  3.54758e-08
        44 -5.39877e-08
        45  9.97731e-09
        46 -1.03216e-07
        47 -1.24654e-07
        48 -2.28775e-08
        49 -1.54775e-07
        50 -3.66533e-08
        51  6.22708e-07
        52 -5.71111e-07
        53  4.74462e-07
        54 -3.75805e-08
        55 -1.00067e-07
        56  1.42456e-07
        57 -1.85797e-07
        58 -2.59317e-08
        59  4.29291e-08
        60 -1.03373e-08
        61  1.43757e-08
        62 -3.96974e-09
        63 -9.15831e-08
        64  3.65507e-08
        65  9.28193e-09
        66 -5.39068e-08
        67  2.63832e-07
        68 -1.37791e-07
        69  5.17795e-07
        70 -7.82832e-08
        71 -6.91668e-07
        72  4.20335e-08
        73 -5.16093e-07
        74 -9.57737e-08
        75  9.09702e-07
        76 -5.90019e-07
        77  1.54517e-08
        78 -3.21553e-07
        79  1.13732e-06
        80  -9.0214e-08
        81  5.64747e-07
        82 -1.91107e-07
        83 -1.54943e-07
        84  9.06407e-09
        85  1.75033e-07
        86 -2.39993e-08
        87  7.07268e-07
        88  2.17262e-08
        89  2.05893e-08
        90 -2.31477e-08
        91  1.90253e-08
        92  7.64338e-08
        93  2.97723e-08
        94   2.0763e-07
        95  3.76562e-07
        96  1.84467e-07
        97   1.2085e-07
        98   -2.958e-07
        99  2.49579e-07
       100 -1.07461e-06
       101 -1.23655e-06
       102  1.69818e-07
       103  1.15424e-08
       104  1.69779e-07
       105 -1.06705e-07
       106  7.69808e-08
       107  -7.3976e-08
       108   1.6306e-07
       109 -3.54136e-08
       110 -1.95514e-08
       111   1.6442e-07
       112 -1.48406e-07
       113  1.02396e-07
       114 -4.56633e-09
       115  7.66143e-08
       116  1.73289e-08
       117 -4.83733e-08
       118  1.12199e-07
       119 -1.66796e-08
       120  1.38671e-08
       121 -1.44446e-09
       122 -3.71832e-09
       123 -9.13616e-09
       124  7.66415e-09
       125   4.3627e-08
       126  2.03725e-08
       127 -1.19864e-08
       128  3.09502e-08
       129 -4.37962e-09
       130  1.80766e-08
       131  2.78547e-08
       132  1.03689e-08
       133  -1.2945e-08
       134 -1.13922e-08
       135  2.45575e-08
       136  3.20095e-08
       137  1.18858e-08
       138  3.32057e-08
       139  1.93437e-08
       140  3.32036e-08
       141  4.19828e-08
       142  1.03538e-08
       143  2.85589e-08
       144  1.77856e-08
       145  2.23812e-08
       146  2.15804e-08
       147  2.75424e-08
       148   1.6864e-08
       149  1.81225e-08
       150  1.46161e-08
       151  4.55193e-08
       152  1.84079e-08
       153  4.31546e-08
       154  5.11021e-09
       155  5.64359e-08
       156  3.02285e-08
       157  3.33944e-08
       158   6.5909e-08
       159  1.36273e-08
       160  3.58815e-08
       161 -1.27678e-08
       162  4.83913e-09
       163  1.62274e-06
       164 -2.16512e-07
       165 -6.19637e-06
