165
 4.27671e-07 -9.42958e-08 -5.32533e-07 1.00648e-08 -3.2633e-07 -4.93367e-07 -2.04266e-08 3.73373e-07 1.60147e-07 2.39483e-07 -1.92994e-07 1.62673e-07 1.36752e-08 4.22962e-08 -2.85416e-07 1.31455e-08 6.39932e-08 -2.34292e-07 2.7156e-08 1.13429e-07 -4.55314e-07 -3.35535e-09 -5.80791e-07 -2.08699e-06 -5.08474e-10 -7.84186e-08 -3.03622e-07 8.39006e-08 5.46304e-08 6.12519e-08 -2.77571e-08 -3.72032e-07 -1.50929e-07 -2.30781e-08 -5.60222e-07 -3.53004e-07 1.79836e-08 -7.71041e-08 2.3214e-07 2.16554e-08 4.98583e-08 -4.35771e-07 7.01534e-08 1.5983e-07 1.9824e-07 4.76016e-08 2.04521e-07 -9.42673e-09 2.11828e-08 1.49106e-08 3.39364e-08 3.33502e-08 -2.3961e-07 -4.13174e-08 -2.62571e-07 -1.45854e-07 5.17622e-08 4.92301e-08 1.91781e-07 1.54115e-07 1.39097e-07 4.24533e-08 9.87865e-09 -7.6551e-09 -3.68955e-08 -1.05256e-08 9.76488e-08 -7.62585e-07 4.91163e-09 -6.81727e-09 6.19285e-09 -4.36869e-07 -5.71767e-07 7.78565e-07 6.62177e-07 4.00163e-08 1.45698e-07 -5.82158e-08 -5.95602e-08 -6.64035e-07 -1.52233e-07 -1.13916e-07 -4.06167e-08 2.08476e-07 2.13136e-08 2.77918e-07 -2.81769e-08 -8.31519e-07 -7.48262e-08 6.56149e-07 5.93142e-07 2.63354e-07 -7.17058e-07 3.16973e-07 1.65568e-07 7.22946e-08 -1.82312e-08 -1.02784e-08 -2.0959e-08 -2.27327e-07 5.20326e-07 -8.56667e-08 -4.72894e-08 -1.76573e-08 -9.81604e-09 -6.12361e-09 -6.62147e-09 -2.69885e-09 -7.55455e-08 -1.08772e-07 -8.58693e-08 -4.7962e-08 -4.29375e-08 -5.74587e-08 -5.35024e-08 -6.72762e-08 -4.74958e-08 -3.65457e-08 -1.42118e-08 -2.10045e-08 2.10351e-09 1.56297e-08 -1.42726e-08 -2.29175e-08 7.48596e-08 -4.53402e-08 5.45687e-08 -1.14338e-08 -5.43758e-08 -5.26334e-08 -2.67077e-08 -4.1431e-08 7.29525e-08 7.92693e-09 5.69969e-08 9.04457e-09 -1.98841e-07 -5.65672e-08 -3.87842e-08 -2.15666e-07 -3.17344e-08 1.22564e-07 1.75033e-07 4.9842e-08 1.63514e-08 4.06708e-08 -3.64996e-08 -2.49477e-09 1.38138e-08 -1.22028e-07 -2.35708e-08 2.81503e-08 5.61631e-08 -1.62119e-08 5.15108e-08 3.10483e-08 -4.73321e-09 9.98715e-08 1.91857e-06 -1.06441e-06 -2.06722e-08 5.78332e-08 3.25606e-07 1.63699e-07 -2.76963e-06

         1  4.27671e-07
         2 -9.42958e-08
         3 -5.32533e-07
         4  1.00648e-08
         5  -3.2633e-07
         6 -4.93367e-07
         7 -2.04266e-08
         8  3.73373e-07
         9  1.60147e-07
        10  2.39483e-07
        11 -1.92994e-07
        12  1.62673e-07
        13  1.36752e-08
        14  4.22962e-08
        15 -2.85416e-07
        16  1.31455e-08
        17  6.39932e-08
        18 -2.34292e-07
        19   2.7156e-08
        20  1.13429e-07
        21 -4.55314e-07
        22 -3.35535e-09
        23 -5.80791e-07
        24 -2.08699e-06
        25 -5.08474e-10
        26 -7.84186e-08
        27 -3.03622e-07
        28  8.39006e-08
        29  5.46304e-08
        30  6.12519e-08
        31 -2.77571e-08
        32 -3.72032e-07
        33 -1.50929e-07
        34 -2.30781e-08
        35 -5.60222e-07
        36 -3.53004e-07
        37  1.79836e-08
        38 -7.71041e-08
        39   2.3214e-07
        40  2.16554e-08
        41  4.98583e-08
        42 -4.35771e-07
        43  7.01534e-08
        44   1.5983e-07
        45   1.9824e-07
        46  4.76016e-08
        47  2.04521e-07
        48 -9.42673e-09
        49  2.11828e-08
        50  1.49106e-08
        51  3.39364e-08
        52  3.33502e-08
        53  -2.3961e-07
        54 -4.13174e-08
        55 -2.62571e-07
        56 -1.45854e-07
        57  5.17622e-08
        58  4.92301e-08
        59  1.91781e-07
        60  1.54115e-07
        61  1.39097e-07
        62  4.24533e-08
        63  9.87865e-09
        64  -7.6551e-09
        65 -3.68955e-08
        66 -1.05256e-08
        67  9.76488e-08
        68 -7.62585e-07
        69  4.91163e-09
        70 -6.81727e-09
        71  6.19285e-09
        72 -4.36869e-07
        73 -5.71767e-07
        74  7.78565e-07
        75  6.62177e-07
        76  4.00163e-08
        77  1.45698e-07
        78 -5.82158e-08
        79 -5.95602e-08
        80 -6.64035e-07
        81 -1.52233e-07
        82 -1.13916e-07
        83 -4.06167e-08
        84  2.08476e-07
        85  2.13136e-08
        86  2.77918e-07
        87 -2.81769e-08
        88 -8.31519e-07
        89 -7.48262e-08
        90  6.56149e-07
        91  5.93142e-07
        92  2.63354e-07
        93 -7.17058e-07
        94  3.16973e-07
        95  1.65568e-07
        96  7.22946e-08
        97 -1.82312e-08
        98 -1.02784e-08
        99  -2.0959e-08
       100 -2.27327e-07
       101  5.20326e-07
       102 -8.56667e-08
       103 -4.72894e-08
       104 -1.76573e-08
       105 -9.81604e-09
       106 -6.12361e-09
       107 -6.62147e-09
       108 -2.69885e-09
       109 -7.55455e-08
       110 -1.08772e-07
       111 -8.58693e-08
       112  -4.7962e-08
       113 -4.29375e-08
       114 -5.74587e-08
       115 -5.35024e-08
       116 -6.72762e-08
       117 -4.74958e-08
       118 -3.65457e-08
       119 -1.42118e-08
       120 -2.10045e-08
       121  2.10351e-09
       122  1.56297e-08
       123 -1.42726e-08
       124 -2.29175e-08
       125  7.48596e-08
       126 -4.53402e-08
       127  5.45687e-08
       128 -1.14338e-08
       129 -5.43758e-08
       130 -5.26334e-08
       131 -2.67077e-08
       132  -4.1431e-08
       133  7.29525e-08
       134  7.92693e-09
       135  5.69969e-08
       136  9.04457e-09
       137 -1.98841e-07
       138 -5.65672e-08
       139 -3.87842e-08
       140 -2.15666e-07
       141 -3.17344e-08
       142  1.22564e-07
       143  1.75033e-07
       144   4.9842e-08
       145  1.63514e-08
       146  4.06708e-08
       147 -3.64996e-08
       148 -2.49477e-09
       149  1.38138e-08
       150 -1.22028e-07
       151 -2.35708e-08
       152  2.81503e-08
       153  5.61631e-08
       154 -1.62119e-08
       155  5.15108e-08
       156  3.10483e-08
       157 -4.73321e-09
       158  9.98715e-08
       159  1.91857e-06
       160 -1.06441e-06
       161 -2.06722e-08
       162  5.78332e-08
       163  3.25606e-07
       164  1.63699e-07
       165 -2.76963e-06
