165
 3.65827e-07 4.5658e-08 -3.65792e-08 2.79495e-08 8.82516e-08 3.51114e-08 1.34574e-07 1.49607e-07 -8.12747e-07 4.56742e-07 4.20178e-09 2.94982e-07 8.011e-09 -1.32269e-07 7.37255e-08 1.72558e-08 -1.09764e-07 8.84565e-08 2.45813e-08 5.87495e-07 -1.11073e-07 -1.46031e-08 -2.00479e-07 3.73067e-08 -1.23551e-09 2.91597e-08 9.95649e-09 5.62666e-08 2.02569e-09 -3.34795e-08 -2.43772e-09 4.93837e-08 -4.10312e-08 4.67454e-09 3.17761e-08 -3.18699e-08 3.33553e-09 -1.33375e-07 6.39565e-09 -9.76721e-10 -3.81964e-08 4.3156e-08 5.14353e-08 1.04236e-07 -3.413e-08 1.48404e-07 2.47691e-07 -2.95823e-07 3.0664e-07 -5.51987e-10 1.09691e-07 -4.97895e-08 -2.5125e-07 -4.34992e-08 -2.35421e-08 5.4299e-08 1.95551e-08 1.6422e-08 -1.05644e-08 -1.04644e-08 -2.2487e-08 7.40008e-09 3.59524e-09 4.5279e-09 -3.94714e-09 5.14863e-09 2.85065e-07 -6.54953e-08 6.40405e-09 -7.60282e-08 -1.35551e-07 -1.85177e-08 -7.47051e-07 -3.84874e-08 7.77682e-07 2.78654e-08 9.9072e-08 9.40516e-09 1.07802e-07 9.21887e-08 -3.43222e-07 -1.89718e-07 -1.02107e-08 2.91246e-08 2.87647e-08 -4.01632e-09 3.63427e-07 1.25586e-07 -9.47077e-08 9.06756e-09 -2.41737e-08 -1.14793e-07 3.70856e-07 -1.62355e-07 1.09803e-07 -1.3756e-07 -5.52242e-12 7.39432e-09 -3.05586e-08 1.22583e-07 -1.46748e-07 -1.58537e-09 -1.67594e-08 1.1777e-08 3.70575e-09 5.02268e-09 8.10252e-09 1.19909e-08 -1.69371e-08 6.64069e-09 -3.98012e-09 -2.41789e-09 5.11207e-09 7.38487e-09 8.4937e-09 1.42603e-08 1.72343e-08 8.9424e-09 1.52115e-08 1.17778e-09 -7.47703e-10 9.26559e-09 1.87052e-09 -2.62866e-09 1.34506e-08 1.93839e-08 -8.33626e-09 1.1939e-08 -1.31267e-08 1.2143e-08 2.80723e-09 3.32016e-09 5.97715e-09 -1.97061e-08 -1.58059e-09 -2.49027e-09 -1.6224e-09 -1.80196e-08 -8.11496e-09 -5.75362e-09 -1.44476e-08 -1.76066e-09 -1.2145e-10 7.00665e-09 -6.94581e-09 -1.59572e-08 -3.84231e-08 -1.25832e-08 -1.42938e-08 -7.03962e-09 -5.07696e-09 -5.39745e-09 1.3675e-08 2.20782e-08 7.81166e-09 2.43965e-09 -5.7719e-09 -5.12209e-07 -2.15862e-07 2.74847e-07 8.24547e-09 -5.14777e-09 7.81899e-08 -3.77795e-08 6.19036e-08

         1  3.65827e-07
         2   4.5658e-08
         3 -3.65792e-08
         4  2.79495e-08
         5  8.82516e-08
         6  3.51114e-08
         7  1.34574e-07
         8  1.49607e-07
         9 -8.12747e-07
        10  4.56742e-07
        11  4.20178e-09
        12  2.94982e-07
        13    8.011e-09
        14 -1.32269e-07
        15  7.37255e-08
        16  1.72558e-08
        17 -1.09764e-07
        18  8.84565e-08
        19  2.45813e-08
        20  5.87495e-07
        21 -1.11073e-07
        22 -1.46031e-08
        23 -2.00479e-07
        24  3.73067e-08
        25 -1.23551e-09
        26  2.91597e-08
        27  9.95649e-09
        28  5.62666e-08
        29  2.02569e-09
        30 -3.34795e-08
        31 -2.43772e-09
        32  4.93837e-08
        33 -4.10312e-08
        34  4.67454e-09
        35  3.17761e-08
        36 -3.18699e-08
        37  3.33553e-09
        38 -1.33375e-07
        39  6.39565e-09
        40 -9.76721e-10
        41 -3.81964e-08
        42   4.3156e-08
        43  5.14353e-08
        44  1.04236e-07
        45   -3.413e-08
        46  1.48404e-07
        47  2.47691e-07
        48 -2.95823e-07
        49   3.0664e-07
        50 -5.51987e-10
        51  1.09691e-07
        52 -4.97895e-08
        53  -2.5125e-07
        54 -4.34992e-08
        55 -2.35421e-08
        56   5.4299e-08
        57  1.95551e-08
        58   1.6422e-08
        59 -1.05644e-08
        60 -1.04644e-08
        61  -2.2487e-08
        62  7.40008e-09
        63  3.59524e-09
        64   4.5279e-09
        65 -3.94714e-09
        66  5.14863e-09
        67  2.85065e-07
        68 -6.54953e-08
        69  6.40405e-09
        70 -7.60282e-08
        71 -1.35551e-07
        72 -1.85177e-08
        73 -7.47051e-07
        74 -3.84874e-08
        75  7.77682e-07
        76  2.78654e-08
        77   9.9072e-08
        78  9.40516e-09
        79  1.07802e-07
        80  9.21887e-08
        81 -3.43222e-07
        82 -1.89718e-07
        83 -1.02107e-08
        84  2.91246e-08
        85  2.87647e-08
        86 -4.01632e-09
        87  3.63427e-07
        88  1.25586e-07
        89 -9.47077e-08
        90  9.06756e-09
        91 -2.41737e-08
        92 -1.14793e-07
        93  3.70856e-07
        94 -1.62355e-07
        95  1.09803e-07
        96  -1.3756e-07
        97 -5.52242e-12
        98  7.39432e-09
        99 -3.05586e-08
       100  1.22583e-07
       101 -1.46748e-07
       102 -1.58537e-09
       103 -1.67594e-08
       104   1.1777e-08
       105  3.70575e-09
       106  5.02268e-09
       107  8.10252e-09
       108  1.19909e-08
       109 -1.69371e-08
       110  6.64069e-09
       111 -3.98012e-09
       112 -2.41789e-09
       113  5.11207e-09
       114  7.38487e-09
       115   8.4937e-09
       116  1.42603e-08
       117  1.72343e-08
       118   8.9424e-09
       119  1.52115e-08
       120  1.17778e-09
       121 -7.47703e-10
       122  9.26559e-09
       123  1.87052e-09
       124 -2.62866e-09
       125  1.34506e-08
       126  1.93839e-08
       127 -8.33626e-09
       128   1.1939e-08
       129 -1.31267e-08
       130   1.2143e-08
       131  2.80723e-09
       132  3.32016e-09
       133  5.97715e-09
       134 -1.97061e-08
       135 -1.58059e-09
       136 -2.49027e-09
       137  -1.6224e-09
       138 -1.80196e-08
       139 -8.11496e-09
       140 -5.75362e-09
       141 -1.44476e-08
       142 -1.76066e-09
       143  -1.2145e-10
       144  7.00665e-09
       145 -6.94581e-09
       146 -1.59572e-08
       147 -3.84231e-08
       148 -1.25832e-08
       149 -1.42938e-08
       150 -7.03962e-09
       151 -5.07696e-09
       152 -5.39745e-09
       153   1.3675e-08
       154  2.20782e-08
       155  7.81166e-09
       156  2.43965e-09
       157  -5.7719e-09
       158 -5.12209e-07
       159 -2.15862e-07
       160  2.74847e-07
       161  8.24547e-09
       162 -5.14777e-09
       163  7.81899e-08
       164 -3.77795e-08
       165  6.19036e-08
