           95   3.5328e-11
          149  1.08864e-09
           69  1.64668e-09
           94  2.46065e-09
          161   3.0384e-09
          139  3.77721e-09
          129  4.12453e-09
           21  6.43739e-09
           87  7.16492e-09
           25  7.50486e-09
           96  7.65935e-09
          115  8.58624e-09
          136  1.05347e-08
           76  1.08729e-08
          162  1.08913e-08
          121  1.21913e-08
           19  1.31624e-08
           16  1.36736e-08
           83  1.37519e-08
           92  1.40489e-08
          108  1.74527e-08
          109  1.99202e-08
           90  2.01095e-08
          113  2.04119e-08
          131  2.09174e-08
          100  2.09677e-08
           35  2.10607e-08
          110  2.11691e-08
           14  2.14034e-08
           85  2.18486e-08
           12  2.36291e-08
           93  2.43927e-08
          111  2.61412e-08
          145  2.71258e-08
           63  2.73827e-08
           82  2.79824e-08
           53  2.83168e-08
          112  2.98043e-08
          153  3.05343e-08
           31  3.08512e-08
          114  3.13198e-08
          118  3.29727e-08
           66  3.30089e-08
           13  3.34104e-08
          134  3.42477e-08
          156  3.63823e-08
          123  3.66241e-08
           50  3.69292e-08
          122  3.88483e-08
           34  4.01879e-08
           98   4.0603e-08
          157  4.27073e-08
          116  4.31836e-08
           58  4.66944e-08
          141  4.69185e-08
          155  4.69474e-08
          133   4.7777e-08
           64  4.85175e-08
          146  4.86364e-08
           22  4.93014e-08
           59  4.98394e-08
          117  5.07785e-08
          126  5.12895e-08
           37  5.13719e-08
            4  5.20373e-08
            5  5.65632e-08
           40  5.70587e-08
           61  5.75204e-08
           54  5.86192e-08
           51  6.11067e-08
           71  6.17724e-08
          107  6.17985e-08
          130  6.30019e-08
           84  6.46488e-08
          125  6.48254e-08
          132  6.81516e-08
           57  6.96881e-08
          106  6.99127e-08
           97  7.06596e-08
          148  7.07626e-08
          119  7.16625e-08
          140  7.43428e-08
          154  7.47641e-08
          147  7.85273e-08
           36  7.91924e-08
          103  7.94007e-08
            3  8.18013e-08
          105  8.38889e-08
           20  8.60277e-08
           99  8.76874e-08
          128  8.90219e-08
            7  8.91499e-08
           75   9.1079e-08
          138  9.11515e-08
          124  9.11529e-08
           10  9.42793e-08
           78  9.48164e-08
           52  9.64575e-08
           62  9.81729e-08
          101  9.82359e-08
          143  9.99533e-08
          150  1.05699e-07
           73  1.06355e-07
            2  1.07996e-07
           60   1.0835e-07
           33  1.12729e-07
           67  1.13067e-07
           29  1.18034e-07
           28  1.21141e-07
           48  1.24899e-07
           26  1.31772e-07
          104  1.36181e-07
           77  1.42087e-07
           32   1.4224e-07
          135  1.44371e-07
           38  1.45052e-07
          151  1.45741e-07
           79  1.46225e-07
           15  1.52503e-07
          137  1.54926e-07
           70  1.58105e-07
          144  1.67104e-07
          152  1.67435e-07
          120  1.78357e-07
           17  1.81678e-07
          142   1.8375e-07
          102  1.95097e-07
           86  1.95228e-07
          127  2.01283e-07
            6  2.15772e-07
           41  2.23384e-07
           23   2.2931e-07
           49  2.32487e-07
           91  2.51463e-07
           72  2.59524e-07
           74  2.67326e-07
           56  2.70547e-07
           55  2.91605e-07
           46  2.92312e-07
           47  2.95433e-07
           43  3.05507e-07
            8    3.192e-07
           30  3.20715e-07
           27  3.59666e-07
           39  4.07988e-07
           24  4.28704e-07
          158  4.32856e-07
            9  4.87359e-07
           42  4.95976e-07
          164  5.11807e-07
           81  6.04828e-07
           80  6.10429e-07
           68   6.1739e-07
          163  6.33126e-07
           65  6.34042e-07
           44  6.61608e-07
           89  6.88326e-07
           45  7.49703e-07
           11  9.06977e-07
           88  9.77277e-07
          160  9.96934e-07
            1  1.02695e-06
           18  1.02912e-06
          159  3.02856e-06
          165  5.93048e-06
